INFO - 2024-08-25 01:28:39 --> CSRF token verified.
INFO - 2024-08-25 00:09:01 --> Session: Class initialized using 'CodeIgniter\Session\Handlers\DatabaseHandler' driver.
INFO - 2024-08-25 00:24:45 --> Session: Class initialized using 'CodeIgniter\Session\Handlers\DatabaseHandler' driver.
INFO - 2024-08-25 01:10:26 --> Session: Class initialized using 'CodeIgniter\Session\Handlers\DatabaseHandler' driver.
INFO - 2024-08-25 01:14:03 --> Session: Class initialized using 'CodeIgniter\Session\Handlers\DatabaseHandler' driver.
INFO - 2024-08-25 01:24:35 --> Session: Class initialized using 'CodeIgniter\Session\Handlers\DatabaseHandler' driver.
INFO - 2024-08-25 01:31:15 --> Session: Class initialized using 'CodeIgniter\Session\Handlers\DatabaseHandler' driver.
INFO - 2024-08-25 01:41:29 --> Session: Class initialized using 'CodeIgniter\Session\Handlers\DatabaseHandler' driver.
INFO - 2024-08-25 01:54:51 --> Session: Class initialized using 'CodeIgniter\Session\Handlers\DatabaseHandler' driver.
INFO - 2024-08-25 02:09:52 --> Session: Class initialized using 'CodeIgniter\Session\Handlers\DatabaseHandler' driver.
INFO - 2024-08-25 03:42:32 --> Session: Class initialized using 'CodeIgniter\Session\Handlers\DatabaseHandler' driver.
INFO - 2024-08-25 03:42:35 --> Session: Class initialized using 'CodeIgniter\Session\Handlers\DatabaseHandler' driver.
INFO - 2024-08-25 06:42:35 --> CSRF token verified.
INFO - 2024-08-25 04:11:29 --> Session: Class initialized using 'CodeIgniter\Session\Handlers\DatabaseHandler' driver.
INFO - 2024-08-25 04:11:31 --> Session: Class initialized using 'CodeIgniter\Session\Handlers\DatabaseHandler' driver.
INFO - 2024-08-25 07:11:31 --> CSRF token verified.
INFO - 2024-08-25 04:31:22 --> Session: Class initialized using 'CodeIgniter\Session\Handlers\DatabaseHandler' driver.
INFO - 2024-08-25 04:38:34 --> Session: Class initialized using 'CodeIgniter\Session\Handlers\DatabaseHandler' driver.
INFO - 2024-08-25 04:45:32 --> Session: Class initialized using 'CodeIgniter\Session\Handlers\DatabaseHandler' driver.
INFO - 2024-08-25 04:45:32 --> Session: Class initialized using 'CodeIgniter\Session\Handlers\DatabaseHandler' driver.
INFO - 2024-08-25 07:45:32 --> CSRF token verified.
INFO - 2024-08-25 04:45:36 --> Session: Class initialized using 'CodeIgniter\Session\Handlers\DatabaseHandler' driver.
WARNING - 2024-08-25 07:45:36 --> [DEPRECATED] strtotime(): Passing null to parameter #1 ($datetime) of type string is deprecated in APPPATH/Common.php on line 1317.
 1 APPPATH/Common.php(1317): strtotime(null)
 2 APPPATH/Views/admin/membership/users.php(136): timeAgo(null)
 3 SYSTEMPATH/View/View.php(226): include('/home/impexall/seller.impexally.com/app/Views/admin/membership/users.php')
 4 SYSTEMPATH/View/View.php(229): CodeIgniter\View\View->CodeIgniter\View\{closure}()
 5 SYSTEMPATH/Common.php(1188): CodeIgniter\View\View->render('admin/membership/users', [], true)
 6 APPPATH/Controllers/MembershipController.php(33): view('admin/membership/users')
 7 SYSTEMPATH/CodeIgniter.php(918): App\Controllers\MembershipController->users()
 8 SYSTEMPATH/CodeIgniter.php(493): CodeIgniter\CodeIgniter->runController(Object(App\Controllers\MembershipController))
 9 SYSTEMPATH/CodeIgniter.php(352): CodeIgniter\CodeIgniter->handleRequest(null, Object(Config\Cache), false)
10 FCPATH/index.php(95): CodeIgniter\CodeIgniter->run()
WARNING - 2024-08-25 07:45:36 --> [DEPRECATED] strtotime(): Passing null to parameter #1 ($datetime) of type string is deprecated in APPPATH/Common.php on line 1317.
 1 APPPATH/Common.php(1317): strtotime(null)
 2 APPPATH/Views/admin/membership/users.php(136): timeAgo(null)
 3 SYSTEMPATH/View/View.php(226): include('/home/impexall/seller.impexally.com/app/Views/admin/membership/users.php')
 4 SYSTEMPATH/View/View.php(229): CodeIgniter\View\View->CodeIgniter\View\{closure}()
 5 SYSTEMPATH/Common.php(1188): CodeIgniter\View\View->render('admin/membership/users', [], true)
 6 APPPATH/Controllers/MembershipController.php(33): view('admin/membership/users')
 7 SYSTEMPATH/CodeIgniter.php(918): App\Controllers\MembershipController->users()
 8 SYSTEMPATH/CodeIgniter.php(493): CodeIgniter\CodeIgniter->runController(Object(App\Controllers\MembershipController))
 9 SYSTEMPATH/CodeIgniter.php(352): CodeIgniter\CodeIgniter->handleRequest(null, Object(Config\Cache), false)
10 FCPATH/index.php(95): CodeIgniter\CodeIgniter->run()
WARNING - 2024-08-25 07:45:36 --> [DEPRECATED] strtotime(): Passing null to parameter #1 ($datetime) of type string is deprecated in APPPATH/Common.php on line 1317.
 1 APPPATH/Common.php(1317): strtotime(null)
 2 APPPATH/Views/admin/membership/users.php(136): timeAgo(null)
 3 SYSTEMPATH/View/View.php(226): include('/home/impexall/seller.impexally.com/app/Views/admin/membership/users.php')
 4 SYSTEMPATH/View/View.php(229): CodeIgniter\View\View->CodeIgniter\View\{closure}()
 5 SYSTEMPATH/Common.php(1188): CodeIgniter\View\View->render('admin/membership/users', [], true)
 6 APPPATH/Controllers/MembershipController.php(33): view('admin/membership/users')
 7 SYSTEMPATH/CodeIgniter.php(918): App\Controllers\MembershipController->users()
 8 SYSTEMPATH/CodeIgniter.php(493): CodeIgniter\CodeIgniter->runController(Object(App\Controllers\MembershipController))
 9 SYSTEMPATH/CodeIgniter.php(352): CodeIgniter\CodeIgniter->handleRequest(null, Object(Config\Cache), false)
10 FCPATH/index.php(95): CodeIgniter\CodeIgniter->run()
WARNING - 2024-08-25 07:45:36 --> [DEPRECATED] strtotime(): Passing null to parameter #1 ($datetime) of type string is deprecated in APPPATH/Common.php on line 1317.
 1 APPPATH/Common.php(1317): strtotime(null)
 2 APPPATH/Views/admin/membership/users.php(136): timeAgo(null)
 3 SYSTEMPATH/View/View.php(226): include('/home/impexall/seller.impexally.com/app/Views/admin/membership/users.php')
 4 SYSTEMPATH/View/View.php(229): CodeIgniter\View\View->CodeIgniter\View\{closure}()
 5 SYSTEMPATH/Common.php(1188): CodeIgniter\View\View->render('admin/membership/users', [], true)
 6 APPPATH/Controllers/MembershipController.php(33): view('admin/membership/users')
 7 SYSTEMPATH/CodeIgniter.php(918): App\Controllers\MembershipController->users()
 8 SYSTEMPATH/CodeIgniter.php(493): CodeIgniter\CodeIgniter->runController(Object(App\Controllers\MembershipController))
 9 SYSTEMPATH/CodeIgniter.php(352): CodeIgniter\CodeIgniter->handleRequest(null, Object(Config\Cache), false)
10 FCPATH/index.php(95): CodeIgniter\CodeIgniter->run()
WARNING - 2024-08-25 07:45:36 --> [DEPRECATED] strtotime(): Passing null to parameter #1 ($datetime) of type string is deprecated in APPPATH/Common.php on line 1317.
 1 APPPATH/Common.php(1317): strtotime(null)
 2 APPPATH/Views/admin/membership/users.php(136): timeAgo(null)
 3 SYSTEMPATH/View/View.php(226): include('/home/impexall/seller.impexally.com/app/Views/admin/membership/users.php')
 4 SYSTEMPATH/View/View.php(229): CodeIgniter\View\View->CodeIgniter\View\{closure}()
 5 SYSTEMPATH/Common.php(1188): CodeIgniter\View\View->render('admin/membership/users', [], true)
 6 APPPATH/Controllers/MembershipController.php(33): view('admin/membership/users')
 7 SYSTEMPATH/CodeIgniter.php(918): App\Controllers\MembershipController->users()
 8 SYSTEMPATH/CodeIgniter.php(493): CodeIgniter\CodeIgniter->runController(Object(App\Controllers\MembershipController))
 9 SYSTEMPATH/CodeIgniter.php(352): CodeIgniter\CodeIgniter->handleRequest(null, Object(Config\Cache), false)
10 FCPATH/index.php(95): CodeIgniter\CodeIgniter->run()
WARNING - 2024-08-25 07:45:36 --> [DEPRECATED] strtotime(): Passing null to parameter #1 ($datetime) of type string is deprecated in APPPATH/Common.php on line 1317.
 1 APPPATH/Common.php(1317): strtotime(null)
 2 APPPATH/Views/admin/membership/users.php(136): timeAgo(null)
 3 SYSTEMPATH/View/View.php(226): include('/home/impexall/seller.impexally.com/app/Views/admin/membership/users.php')
 4 SYSTEMPATH/View/View.php(229): CodeIgniter\View\View->CodeIgniter\View\{closure}()
 5 SYSTEMPATH/Common.php(1188): CodeIgniter\View\View->render('admin/membership/users', [], true)
 6 APPPATH/Controllers/MembershipController.php(33): view('admin/membership/users')
 7 SYSTEMPATH/CodeIgniter.php(918): App\Controllers\MembershipController->users()
 8 SYSTEMPATH/CodeIgniter.php(493): CodeIgniter\CodeIgniter->runController(Object(App\Controllers\MembershipController))
 9 SYSTEMPATH/CodeIgniter.php(352): CodeIgniter\CodeIgniter->handleRequest(null, Object(Config\Cache), false)
10 FCPATH/index.php(95): CodeIgniter\CodeIgniter->run()
WARNING - 2024-08-25 07:45:36 --> [DEPRECATED] strtotime(): Passing null to parameter #1 ($datetime) of type string is deprecated in APPPATH/Common.php on line 1317.
 1 APPPATH/Common.php(1317): strtotime(null)
 2 APPPATH/Views/admin/membership/users.php(136): timeAgo(null)
 3 SYSTEMPATH/View/View.php(226): include('/home/impexall/seller.impexally.com/app/Views/admin/membership/users.php')
 4 SYSTEMPATH/View/View.php(229): CodeIgniter\View\View->CodeIgniter\View\{closure}()
 5 SYSTEMPATH/Common.php(1188): CodeIgniter\View\View->render('admin/membership/users', [], true)
 6 APPPATH/Controllers/MembershipController.php(33): view('admin/membership/users')
 7 SYSTEMPATH/CodeIgniter.php(918): App\Controllers\MembershipController->users()
 8 SYSTEMPATH/CodeIgniter.php(493): CodeIgniter\CodeIgniter->runController(Object(App\Controllers\MembershipController))
 9 SYSTEMPATH/CodeIgniter.php(352): CodeIgniter\CodeIgniter->handleRequest(null, Object(Config\Cache), false)
10 FCPATH/index.php(95): CodeIgniter\CodeIgniter->run()
WARNING - 2024-08-25 07:45:36 --> [DEPRECATED] strtotime(): Passing null to parameter #1 ($datetime) of type string is deprecated in APPPATH/Common.php on line 1317.
 1 APPPATH/Common.php(1317): strtotime(null)
 2 APPPATH/Views/admin/membership/users.php(136): timeAgo(null)
 3 SYSTEMPATH/View/View.php(226): include('/home/impexall/seller.impexally.com/app/Views/admin/membership/users.php')
 4 SYSTEMPATH/View/View.php(229): CodeIgniter\View\View->CodeIgniter\View\{closure}()
 5 SYSTEMPATH/Common.php(1188): CodeIgniter\View\View->render('admin/membership/users', [], true)
 6 APPPATH/Controllers/MembershipController.php(33): view('admin/membership/users')
 7 SYSTEMPATH/CodeIgniter.php(918): App\Controllers\MembershipController->users()
 8 SYSTEMPATH/CodeIgniter.php(493): CodeIgniter\CodeIgniter->runController(Object(App\Controllers\MembershipController))
 9 SYSTEMPATH/CodeIgniter.php(352): CodeIgniter\CodeIgniter->handleRequest(null, Object(Config\Cache), false)
10 FCPATH/index.php(95): CodeIgniter\CodeIgniter->run()
WARNING - 2024-08-25 07:45:36 --> [DEPRECATED] strtotime(): Passing null to parameter #1 ($datetime) of type string is deprecated in APPPATH/Common.php on line 1317.
 1 APPPATH/Common.php(1317): strtotime(null)
 2 APPPATH/Views/admin/membership/users.php(136): timeAgo(null)
 3 SYSTEMPATH/View/View.php(226): include('/home/impexall/seller.impexally.com/app/Views/admin/membership/users.php')
 4 SYSTEMPATH/View/View.php(229): CodeIgniter\View\View->CodeIgniter\View\{closure}()
 5 SYSTEMPATH/Common.php(1188): CodeIgniter\View\View->render('admin/membership/users', [], true)
 6 APPPATH/Controllers/MembershipController.php(33): view('admin/membership/users')
 7 SYSTEMPATH/CodeIgniter.php(918): App\Controllers\MembershipController->users()
 8 SYSTEMPATH/CodeIgniter.php(493): CodeIgniter\CodeIgniter->runController(Object(App\Controllers\MembershipController))
 9 SYSTEMPATH/CodeIgniter.php(352): CodeIgniter\CodeIgniter->handleRequest(null, Object(Config\Cache), false)
10 FCPATH/index.php(95): CodeIgniter\CodeIgniter->run()
WARNING - 2024-08-25 07:45:36 --> [DEPRECATED] strtotime(): Passing null to parameter #1 ($datetime) of type string is deprecated in APPPATH/Common.php on line 1317.
 1 APPPATH/Common.php(1317): strtotime(null)
 2 APPPATH/Views/admin/membership/users.php(136): timeAgo(null)
 3 SYSTEMPATH/View/View.php(226): include('/home/impexall/seller.impexally.com/app/Views/admin/membership/users.php')
 4 SYSTEMPATH/View/View.php(229): CodeIgniter\View\View->CodeIgniter\View\{closure}()
 5 SYSTEMPATH/Common.php(1188): CodeIgniter\View\View->render('admin/membership/users', [], true)
 6 APPPATH/Controllers/MembershipController.php(33): view('admin/membership/users')
 7 SYSTEMPATH/CodeIgniter.php(918): App\Controllers\MembershipController->users()
 8 SYSTEMPATH/CodeIgniter.php(493): CodeIgniter\CodeIgniter->runController(Object(App\Controllers\MembershipController))
 9 SYSTEMPATH/CodeIgniter.php(352): CodeIgniter\CodeIgniter->handleRequest(null, Object(Config\Cache), false)
10 FCPATH/index.php(95): CodeIgniter\CodeIgniter->run()
WARNING - 2024-08-25 07:45:36 --> [DEPRECATED] strtotime(): Passing null to parameter #1 ($datetime) of type string is deprecated in APPPATH/Common.php on line 1317.
 1 APPPATH/Common.php(1317): strtotime(null)
 2 APPPATH/Views/admin/membership/users.php(136): timeAgo(null)
 3 SYSTEMPATH/View/View.php(226): include('/home/impexall/seller.impexally.com/app/Views/admin/membership/users.php')
 4 SYSTEMPATH/View/View.php(229): CodeIgniter\View\View->CodeIgniter\View\{closure}()
 5 SYSTEMPATH/Common.php(1188): CodeIgniter\View\View->render('admin/membership/users', [], true)
 6 APPPATH/Controllers/MembershipController.php(33): view('admin/membership/users')
 7 SYSTEMPATH/CodeIgniter.php(918): App\Controllers\MembershipController->users()
 8 SYSTEMPATH/CodeIgniter.php(493): CodeIgniter\CodeIgniter->runController(Object(App\Controllers\MembershipController))
 9 SYSTEMPATH/CodeIgniter.php(352): CodeIgniter\CodeIgniter->handleRequest(null, Object(Config\Cache), false)
10 FCPATH/index.php(95): CodeIgniter\CodeIgniter->run()
INFO - 2024-08-25 04:45:36 --> Session: Class initialized using 'CodeIgniter\Session\Handlers\DatabaseHandler' driver.
INFO - 2024-08-25 07:45:36 --> CSRF token verified.
INFO - 2024-08-25 04:45:58 --> Session: Class initialized using 'CodeIgniter\Session\Handlers\DatabaseHandler' driver.
WARNING - 2024-08-25 07:45:58 --> [DEPRECATED] strtotime(): Passing null to parameter #1 ($datetime) of type string is deprecated in APPPATH/Common.php on line 1317.
 1 APPPATH/Common.php(1317): strtotime(null)
 2 APPPATH/Views/admin/membership/users.php(136): timeAgo(null)
 3 SYSTEMPATH/View/View.php(226): include('/home/impexall/seller.impexally.com/app/Views/admin/membership/users.php')
 4 SYSTEMPATH/View/View.php(229): CodeIgniter\View\View->CodeIgniter\View\{closure}()
 5 SYSTEMPATH/Common.php(1188): CodeIgniter\View\View->render('admin/membership/users', [], true)
 6 APPPATH/Controllers/MembershipController.php(33): view('admin/membership/users')
 7 SYSTEMPATH/CodeIgniter.php(918): App\Controllers\MembershipController->users()
 8 SYSTEMPATH/CodeIgniter.php(493): CodeIgniter\CodeIgniter->runController(Object(App\Controllers\MembershipController))
 9 SYSTEMPATH/CodeIgniter.php(352): CodeIgniter\CodeIgniter->handleRequest(null, Object(Config\Cache), false)
10 FCPATH/index.php(95): CodeIgniter\CodeIgniter->run()
WARNING - 2024-08-25 07:45:58 --> [DEPRECATED] strtotime(): Passing null to parameter #1 ($datetime) of type string is deprecated in APPPATH/Common.php on line 1317.
 1 APPPATH/Common.php(1317): strtotime(null)
 2 APPPATH/Views/admin/membership/users.php(136): timeAgo(null)
 3 SYSTEMPATH/View/View.php(226): include('/home/impexall/seller.impexally.com/app/Views/admin/membership/users.php')
 4 SYSTEMPATH/View/View.php(229): CodeIgniter\View\View->CodeIgniter\View\{closure}()
 5 SYSTEMPATH/Common.php(1188): CodeIgniter\View\View->render('admin/membership/users', [], true)
 6 APPPATH/Controllers/MembershipController.php(33): view('admin/membership/users')
 7 SYSTEMPATH/CodeIgniter.php(918): App\Controllers\MembershipController->users()
 8 SYSTEMPATH/CodeIgniter.php(493): CodeIgniter\CodeIgniter->runController(Object(App\Controllers\MembershipController))
 9 SYSTEMPATH/CodeIgniter.php(352): CodeIgniter\CodeIgniter->handleRequest(null, Object(Config\Cache), false)
10 FCPATH/index.php(95): CodeIgniter\CodeIgniter->run()
WARNING - 2024-08-25 07:45:58 --> [DEPRECATED] strtotime(): Passing null to parameter #1 ($datetime) of type string is deprecated in APPPATH/Common.php on line 1317.
 1 APPPATH/Common.php(1317): strtotime(null)
 2 APPPATH/Views/admin/membership/users.php(136): timeAgo(null)
 3 SYSTEMPATH/View/View.php(226): include('/home/impexall/seller.impexally.com/app/Views/admin/membership/users.php')
 4 SYSTEMPATH/View/View.php(229): CodeIgniter\View\View->CodeIgniter\View\{closure}()
 5 SYSTEMPATH/Common.php(1188): CodeIgniter\View\View->render('admin/membership/users', [], true)
 6 APPPATH/Controllers/MembershipController.php(33): view('admin/membership/users')
 7 SYSTEMPATH/CodeIgniter.php(918): App\Controllers\MembershipController->users()
 8 SYSTEMPATH/CodeIgniter.php(493): CodeIgniter\CodeIgniter->runController(Object(App\Controllers\MembershipController))
 9 SYSTEMPATH/CodeIgniter.php(352): CodeIgniter\CodeIgniter->handleRequest(null, Object(Config\Cache), false)
10 FCPATH/index.php(95): CodeIgniter\CodeIgniter->run()
WARNING - 2024-08-25 07:45:58 --> [DEPRECATED] strtotime(): Passing null to parameter #1 ($datetime) of type string is deprecated in APPPATH/Common.php on line 1317.
 1 APPPATH/Common.php(1317): strtotime(null)
 2 APPPATH/Views/admin/membership/users.php(136): timeAgo(null)
 3 SYSTEMPATH/View/View.php(226): include('/home/impexall/seller.impexally.com/app/Views/admin/membership/users.php')
 4 SYSTEMPATH/View/View.php(229): CodeIgniter\View\View->CodeIgniter\View\{closure}()
 5 SYSTEMPATH/Common.php(1188): CodeIgniter\View\View->render('admin/membership/users', [], true)
 6 APPPATH/Controllers/MembershipController.php(33): view('admin/membership/users')
 7 SYSTEMPATH/CodeIgniter.php(918): App\Controllers\MembershipController->users()
 8 SYSTEMPATH/CodeIgniter.php(493): CodeIgniter\CodeIgniter->runController(Object(App\Controllers\MembershipController))
 9 SYSTEMPATH/CodeIgniter.php(352): CodeIgniter\CodeIgniter->handleRequest(null, Object(Config\Cache), false)
10 FCPATH/index.php(95): CodeIgniter\CodeIgniter->run()
WARNING - 2024-08-25 07:45:58 --> [DEPRECATED] strtotime(): Passing null to parameter #1 ($datetime) of type string is deprecated in APPPATH/Common.php on line 1317.
 1 APPPATH/Common.php(1317): strtotime(null)
 2 APPPATH/Views/admin/membership/users.php(136): timeAgo(null)
 3 SYSTEMPATH/View/View.php(226): include('/home/impexall/seller.impexally.com/app/Views/admin/membership/users.php')
 4 SYSTEMPATH/View/View.php(229): CodeIgniter\View\View->CodeIgniter\View\{closure}()
 5 SYSTEMPATH/Common.php(1188): CodeIgniter\View\View->render('admin/membership/users', [], true)
 6 APPPATH/Controllers/MembershipController.php(33): view('admin/membership/users')
 7 SYSTEMPATH/CodeIgniter.php(918): App\Controllers\MembershipController->users()
 8 SYSTEMPATH/CodeIgniter.php(493): CodeIgniter\CodeIgniter->runController(Object(App\Controllers\MembershipController))
 9 SYSTEMPATH/CodeIgniter.php(352): CodeIgniter\CodeIgniter->handleRequest(null, Object(Config\Cache), false)
10 FCPATH/index.php(95): CodeIgniter\CodeIgniter->run()
WARNING - 2024-08-25 07:45:58 --> [DEPRECATED] strtotime(): Passing null to parameter #1 ($datetime) of type string is deprecated in APPPATH/Common.php on line 1317.
 1 APPPATH/Common.php(1317): strtotime(null)
 2 APPPATH/Views/admin/membership/users.php(136): timeAgo(null)
 3 SYSTEMPATH/View/View.php(226): include('/home/impexall/seller.impexally.com/app/Views/admin/membership/users.php')
 4 SYSTEMPATH/View/View.php(229): CodeIgniter\View\View->CodeIgniter\View\{closure}()
 5 SYSTEMPATH/Common.php(1188): CodeIgniter\View\View->render('admin/membership/users', [], true)
 6 APPPATH/Controllers/MembershipController.php(33): view('admin/membership/users')
 7 SYSTEMPATH/CodeIgniter.php(918): App\Controllers\MembershipController->users()
 8 SYSTEMPATH/CodeIgniter.php(493): CodeIgniter\CodeIgniter->runController(Object(App\Controllers\MembershipController))
 9 SYSTEMPATH/CodeIgniter.php(352): CodeIgniter\CodeIgniter->handleRequest(null, Object(Config\Cache), false)
10 FCPATH/index.php(95): CodeIgniter\CodeIgniter->run()
WARNING - 2024-08-25 07:45:58 --> [DEPRECATED] strtotime(): Passing null to parameter #1 ($datetime) of type string is deprecated in APPPATH/Common.php on line 1317.
 1 APPPATH/Common.php(1317): strtotime(null)
 2 APPPATH/Views/admin/membership/users.php(136): timeAgo(null)
 3 SYSTEMPATH/View/View.php(226): include('/home/impexall/seller.impexally.com/app/Views/admin/membership/users.php')
 4 SYSTEMPATH/View/View.php(229): CodeIgniter\View\View->CodeIgniter\View\{closure}()
 5 SYSTEMPATH/Common.php(1188): CodeIgniter\View\View->render('admin/membership/users', [], true)
 6 APPPATH/Controllers/MembershipController.php(33): view('admin/membership/users')
 7 SYSTEMPATH/CodeIgniter.php(918): App\Controllers\MembershipController->users()
 8 SYSTEMPATH/CodeIgniter.php(493): CodeIgniter\CodeIgniter->runController(Object(App\Controllers\MembershipController))
 9 SYSTEMPATH/CodeIgniter.php(352): CodeIgniter\CodeIgniter->handleRequest(null, Object(Config\Cache), false)
10 FCPATH/index.php(95): CodeIgniter\CodeIgniter->run()
WARNING - 2024-08-25 07:45:58 --> [DEPRECATED] strtotime(): Passing null to parameter #1 ($datetime) of type string is deprecated in APPPATH/Common.php on line 1317.
 1 APPPATH/Common.php(1317): strtotime(null)
 2 APPPATH/Views/admin/membership/users.php(136): timeAgo(null)
 3 SYSTEMPATH/View/View.php(226): include('/home/impexall/seller.impexally.com/app/Views/admin/membership/users.php')
 4 SYSTEMPATH/View/View.php(229): CodeIgniter\View\View->CodeIgniter\View\{closure}()
 5 SYSTEMPATH/Common.php(1188): CodeIgniter\View\View->render('admin/membership/users', [], true)
 6 APPPATH/Controllers/MembershipController.php(33): view('admin/membership/users')
 7 SYSTEMPATH/CodeIgniter.php(918): App\Controllers\MembershipController->users()
 8 SYSTEMPATH/CodeIgniter.php(493): CodeIgniter\CodeIgniter->runController(Object(App\Controllers\MembershipController))
 9 SYSTEMPATH/CodeIgniter.php(352): CodeIgniter\CodeIgniter->handleRequest(null, Object(Config\Cache), false)
10 FCPATH/index.php(95): CodeIgniter\CodeIgniter->run()
WARNING - 2024-08-25 07:45:58 --> [DEPRECATED] strtotime(): Passing null to parameter #1 ($datetime) of type string is deprecated in APPPATH/Common.php on line 1317.
 1 APPPATH/Common.php(1317): strtotime(null)
 2 APPPATH/Views/admin/membership/users.php(136): timeAgo(null)
 3 SYSTEMPATH/View/View.php(226): include('/home/impexall/seller.impexally.com/app/Views/admin/membership/users.php')
 4 SYSTEMPATH/View/View.php(229): CodeIgniter\View\View->CodeIgniter\View\{closure}()
 5 SYSTEMPATH/Common.php(1188): CodeIgniter\View\View->render('admin/membership/users', [], true)
 6 APPPATH/Controllers/MembershipController.php(33): view('admin/membership/users')
 7 SYSTEMPATH/CodeIgniter.php(918): App\Controllers\MembershipController->users()
 8 SYSTEMPATH/CodeIgniter.php(493): CodeIgniter\CodeIgniter->runController(Object(App\Controllers\MembershipController))
 9 SYSTEMPATH/CodeIgniter.php(352): CodeIgniter\CodeIgniter->handleRequest(null, Object(Config\Cache), false)
10 FCPATH/index.php(95): CodeIgniter\CodeIgniter->run()
WARNING - 2024-08-25 07:45:58 --> [DEPRECATED] strtotime(): Passing null to parameter #1 ($datetime) of type string is deprecated in APPPATH/Common.php on line 1317.
 1 APPPATH/Common.php(1317): strtotime(null)
 2 APPPATH/Views/admin/membership/users.php(136): timeAgo(null)
 3 SYSTEMPATH/View/View.php(226): include('/home/impexall/seller.impexally.com/app/Views/admin/membership/users.php')
 4 SYSTEMPATH/View/View.php(229): CodeIgniter\View\View->CodeIgniter\View\{closure}()
 5 SYSTEMPATH/Common.php(1188): CodeIgniter\View\View->render('admin/membership/users', [], true)
 6 APPPATH/Controllers/MembershipController.php(33): view('admin/membership/users')
 7 SYSTEMPATH/CodeIgniter.php(918): App\Controllers\MembershipController->users()
 8 SYSTEMPATH/CodeIgniter.php(493): CodeIgniter\CodeIgniter->runController(Object(App\Controllers\MembershipController))
 9 SYSTEMPATH/CodeIgniter.php(352): CodeIgniter\CodeIgniter->handleRequest(null, Object(Config\Cache), false)
10 FCPATH/index.php(95): CodeIgniter\CodeIgniter->run()
WARNING - 2024-08-25 07:45:58 --> [DEPRECATED] strtotime(): Passing null to parameter #1 ($datetime) of type string is deprecated in APPPATH/Common.php on line 1317.
 1 APPPATH/Common.php(1317): strtotime(null)
 2 APPPATH/Views/admin/membership/users.php(136): timeAgo(null)
 3 SYSTEMPATH/View/View.php(226): include('/home/impexall/seller.impexally.com/app/Views/admin/membership/users.php')
 4 SYSTEMPATH/View/View.php(229): CodeIgniter\View\View->CodeIgniter\View\{closure}()
 5 SYSTEMPATH/Common.php(1188): CodeIgniter\View\View->render('admin/membership/users', [], true)
 6 APPPATH/Controllers/MembershipController.php(33): view('admin/membership/users')
 7 SYSTEMPATH/CodeIgniter.php(918): App\Controllers\MembershipController->users()
 8 SYSTEMPATH/CodeIgniter.php(493): CodeIgniter\CodeIgniter->runController(Object(App\Controllers\MembershipController))
 9 SYSTEMPATH/CodeIgniter.php(352): CodeIgniter\CodeIgniter->handleRequest(null, Object(Config\Cache), false)
10 FCPATH/index.php(95): CodeIgniter\CodeIgniter->run()
INFO - 2024-08-25 04:45:58 --> Session: Class initialized using 'CodeIgniter\Session\Handlers\DatabaseHandler' driver.
INFO - 2024-08-25 07:45:58 --> CSRF token verified.
INFO - 2024-08-25 04:46:02 --> Session: Class initialized using 'CodeIgniter\Session\Handlers\DatabaseHandler' driver.
INFO - 2024-08-25 04:46:03 --> Session: Class initialized using 'CodeIgniter\Session\Handlers\DatabaseHandler' driver.
INFO - 2024-08-25 07:46:03 --> CSRF token verified.
INFO - 2024-08-25 04:46:12 --> Session: Class initialized using 'CodeIgniter\Session\Handlers\DatabaseHandler' driver.
INFO - 2024-08-25 04:46:12 --> Session: Class initialized using 'CodeIgniter\Session\Handlers\DatabaseHandler' driver.
INFO - 2024-08-25 07:46:12 --> CSRF token verified.
INFO - 2024-08-25 04:46:26 --> Session: Class initialized using 'CodeIgniter\Session\Handlers\DatabaseHandler' driver.
INFO - 2024-08-25 04:46:27 --> Session: Class initialized using 'CodeIgniter\Session\Handlers\DatabaseHandler' driver.
INFO - 2024-08-25 04:46:27 --> Session: Class initialized using 'CodeIgniter\Session\Handlers\DatabaseHandler' driver.
INFO - 2024-08-25 07:46:27 --> CSRF token verified.
INFO - 2024-08-25 04:46:29 --> Session: Class initialized using 'CodeIgniter\Session\Handlers\DatabaseHandler' driver.
INFO - 2024-08-25 04:46:30 --> Session: Class initialized using 'CodeIgniter\Session\Handlers\DatabaseHandler' driver.
INFO - 2024-08-25 04:46:44 --> Session: Class initialized using 'CodeIgniter\Session\Handlers\DatabaseHandler' driver.
INFO - 2024-08-25 04:46:44 --> Session: Class initialized using 'CodeIgniter\Session\Handlers\DatabaseHandler' driver.
INFO - 2024-08-25 07:46:45 --> CSRF token verified.
INFO - 2024-08-25 04:47:00 --> Session: Class initialized using 'CodeIgniter\Session\Handlers\DatabaseHandler' driver.
INFO - 2024-08-25 04:47:01 --> Session: Class initialized using 'CodeIgniter\Session\Handlers\DatabaseHandler' driver.
INFO - 2024-08-25 04:47:01 --> Session: Class initialized using 'CodeIgniter\Session\Handlers\DatabaseHandler' driver.
INFO - 2024-08-25 07:47:01 --> CSRF token verified.
INFO - 2024-08-25 04:54:57 --> Session: Class initialized using 'CodeIgniter\Session\Handlers\DatabaseHandler' driver.
INFO - 2024-08-25 05:07:48 --> Session: Class initialized using 'CodeIgniter\Session\Handlers\DatabaseHandler' driver.
INFO - 2024-08-25 05:27:36 --> Session: Class initialized using 'CodeIgniter\Session\Handlers\DatabaseHandler' driver.
INFO - 2024-08-25 05:28:33 --> Session: Class initialized using 'CodeIgniter\Session\Handlers\DatabaseHandler' driver.
INFO - 2024-08-25 05:28:33 --> Session: Class initialized using 'CodeIgniter\Session\Handlers\DatabaseHandler' driver.
INFO - 2024-08-25 08:28:33 --> CSRF token verified.
INFO - 2024-08-25 05:34:57 --> Session: Class initialized using 'CodeIgniter\Session\Handlers\DatabaseHandler' driver.
INFO - 2024-08-25 05:39:59 --> Session: Class initialized using 'CodeIgniter\Session\Handlers\DatabaseHandler' driver.
INFO - 2024-08-25 05:39:59 --> Session: Class initialized using 'CodeIgniter\Session\Handlers\DatabaseHandler' driver.
INFO - 2024-08-25 08:39:59 --> CSRF token verified.
INFO - 2024-08-25 05:40:02 --> Session: Class initialized using 'CodeIgniter\Session\Handlers\DatabaseHandler' driver.
INFO - 2024-08-25 05:40:03 --> Session: Class initialized using 'CodeIgniter\Session\Handlers\DatabaseHandler' driver.
INFO - 2024-08-25 08:40:03 --> CSRF token verified.
INFO - 2024-08-25 05:40:10 --> Session: Class initialized using 'CodeIgniter\Session\Handlers\DatabaseHandler' driver.
INFO - 2024-08-25 05:40:10 --> Session: Class initialized using 'CodeIgniter\Session\Handlers\DatabaseHandler' driver.
INFO - 2024-08-25 05:40:11 --> Session: Class initialized using 'CodeIgniter\Session\Handlers\DatabaseHandler' driver.
INFO - 2024-08-25 08:40:11 --> CSRF token verified.
INFO - 2024-08-25 05:40:18 --> Session: Class initialized using 'CodeIgniter\Session\Handlers\DatabaseHandler' driver.
INFO - 2024-08-25 05:40:18 --> Session: Class initialized using 'CodeIgniter\Session\Handlers\DatabaseHandler' driver.
INFO - 2024-08-25 08:40:18 --> CSRF token verified.
INFO - 2024-08-25 05:40:21 --> Session: Class initialized using 'CodeIgniter\Session\Handlers\DatabaseHandler' driver.
INFO - 2024-08-25 05:40:22 --> Session: Class initialized using 'CodeIgniter\Session\Handlers\DatabaseHandler' driver.
INFO - 2024-08-25 08:40:22 --> CSRF token verified.
INFO - 2024-08-25 05:53:34 --> Session: Class initialized using 'CodeIgniter\Session\Handlers\DatabaseHandler' driver.
INFO - 2024-08-25 05:53:34 --> Session: Class initialized using 'CodeIgniter\Session\Handlers\DatabaseHandler' driver.
INFO - 2024-08-25 08:53:34 --> CSRF token verified.
INFO - 2024-08-25 05:53:37 --> Session: Class initialized using 'CodeIgniter\Session\Handlers\DatabaseHandler' driver.
INFO - 2024-08-25 05:53:37 --> Session: Class initialized using 'CodeIgniter\Session\Handlers\DatabaseHandler' driver.
INFO - 2024-08-25 08:53:37 --> CSRF token verified.
INFO - 2024-08-25 05:54:21 --> Session: Class initialized using 'CodeIgniter\Session\Handlers\DatabaseHandler' driver.
INFO - 2024-08-25 05:54:22 --> Session: Class initialized using 'CodeIgniter\Session\Handlers\DatabaseHandler' driver.
INFO - 2024-08-25 08:54:22 --> CSRF token verified.
INFO - 2024-08-25 05:54:28 --> Session: Class initialized using 'CodeIgniter\Session\Handlers\DatabaseHandler' driver.
INFO - 2024-08-25 05:54:29 --> Session: Class initialized using 'CodeIgniter\Session\Handlers\DatabaseHandler' driver.
INFO - 2024-08-25 05:54:29 --> Session: Class initialized using 'CodeIgniter\Session\Handlers\DatabaseHandler' driver.
INFO - 2024-08-25 08:54:29 --> CSRF token verified.
INFO - 2024-08-25 05:54:31 --> Session: Class initialized using 'CodeIgniter\Session\Handlers\DatabaseHandler' driver.
INFO - 2024-08-25 05:54:32 --> Session: Class initialized using 'CodeIgniter\Session\Handlers\DatabaseHandler' driver.
INFO - 2024-08-25 05:55:41 --> Session: Class initialized using 'CodeIgniter\Session\Handlers\DatabaseHandler' driver.
INFO - 2024-08-25 05:55:42 --> Session: Class initialized using 'CodeIgniter\Session\Handlers\DatabaseHandler' driver.
INFO - 2024-08-25 08:55:42 --> CSRF token verified.
INFO - 2024-08-25 05:57:38 --> Session: Class initialized using 'CodeIgniter\Session\Handlers\DatabaseHandler' driver.
INFO - 2024-08-25 05:57:38 --> Session: Class initialized using 'CodeIgniter\Session\Handlers\DatabaseHandler' driver.
INFO - 2024-08-25 08:57:38 --> CSRF token verified.
INFO - 2024-08-25 05:57:53 --> Session: Class initialized using 'CodeIgniter\Session\Handlers\DatabaseHandler' driver.
INFO - 2024-08-25 05:57:53 --> Session: Class initialized using 'CodeIgniter\Session\Handlers\DatabaseHandler' driver.
INFO - 2024-08-25 08:57:53 --> CSRF token verified.
INFO - 2024-08-25 06:17:56 --> Session: Class initialized using 'CodeIgniter\Session\Handlers\DatabaseHandler' driver.
INFO - 2024-08-25 06:42:24 --> Session: Class initialized using 'CodeIgniter\Session\Handlers\DatabaseHandler' driver.
INFO - 2024-08-25 06:46:51 --> Session: Class initialized using 'CodeIgniter\Session\Handlers\DatabaseHandler' driver.
INFO - 2024-08-25 07:43:27 --> Session: Class initialized using 'CodeIgniter\Session\Handlers\DatabaseHandler' driver.
INFO - 2024-08-25 07:44:33 --> Session: Class initialized using 'CodeIgniter\Session\Handlers\DatabaseHandler' driver.
INFO - 2024-08-25 07:56:38 --> Session: Class initialized using 'CodeIgniter\Session\Handlers\DatabaseHandler' driver.
INFO - 2024-08-25 08:07:41 --> Session: Class initialized using 'CodeIgniter\Session\Handlers\DatabaseHandler' driver.
INFO - 2024-08-25 08:54:16 --> Session: Class initialized using 'CodeIgniter\Session\Handlers\DatabaseHandler' driver.
INFO - 2024-08-25 08:57:47 --> Session: Class initialized using 'CodeIgniter\Session\Handlers\DatabaseHandler' driver.
INFO - 2024-08-25 08:57:47 --> Session: Class initialized using 'CodeIgniter\Session\Handlers\DatabaseHandler' driver.
INFO - 2024-08-25 11:57:47 --> CSRF token verified.
INFO - 2024-08-25 08:57:57 --> Session: Class initialized using 'CodeIgniter\Session\Handlers\DatabaseHandler' driver.
INFO - 2024-08-25 08:57:57 --> Session: Class initialized using 'CodeIgniter\Session\Handlers\DatabaseHandler' driver.
INFO - 2024-08-25 11:57:57 --> CSRF token verified.
INFO - 2024-08-25 08:58:04 --> Session: Class initialized using 'CodeIgniter\Session\Handlers\DatabaseHandler' driver.
INFO - 2024-08-25 08:58:05 --> Session: Class initialized using 'CodeIgniter\Session\Handlers\DatabaseHandler' driver.
INFO - 2024-08-25 11:58:05 --> CSRF token verified.
INFO - 2024-08-25 09:18:10 --> Session: Class initialized using 'CodeIgniter\Session\Handlers\DatabaseHandler' driver.
INFO - 2024-08-25 09:27:51 --> Session: Class initialized using 'CodeIgniter\Session\Handlers\DatabaseHandler' driver.
INFO - 2024-08-25 09:27:54 --> Session: Class initialized using 'CodeIgniter\Session\Handlers\DatabaseHandler' driver.
INFO - 2024-08-25 12:27:54 --> CSRF token verified.
INFO - 2024-08-25 09:32:01 --> Session: Class initialized using 'CodeIgniter\Session\Handlers\DatabaseHandler' driver.
INFO - 2024-08-25 09:47:34 --> Session: Class initialized using 'CodeIgniter\Session\Handlers\DatabaseHandler' driver.
INFO - 2024-08-25 10:50:19 --> Session: Class initialized using 'CodeIgniter\Session\Handlers\DatabaseHandler' driver.
INFO - 2024-08-25 11:16:25 --> Session: Class initialized using 'CodeIgniter\Session\Handlers\DatabaseHandler' driver.
INFO - 2024-08-25 11:41:37 --> Session: Class initialized using 'CodeIgniter\Session\Handlers\DatabaseHandler' driver.
INFO - 2024-08-25 11:41:38 --> Session: Class initialized using 'CodeIgniter\Session\Handlers\DatabaseHandler' driver.
INFO - 2024-08-25 14:41:38 --> CSRF token verified.
INFO - 2024-08-25 11:41:48 --> Session: Class initialized using 'CodeIgniter\Session\Handlers\DatabaseHandler' driver.
INFO - 2024-08-25 11:41:49 --> Session: Class initialized using 'CodeIgniter\Session\Handlers\DatabaseHandler' driver.
INFO - 2024-08-25 11:41:49 --> Session: Class initialized using 'CodeIgniter\Session\Handlers\DatabaseHandler' driver.
INFO - 2024-08-25 14:41:49 --> CSRF token verified.
INFO - 2024-08-25 11:42:03 --> Session: Class initialized using 'CodeIgniter\Session\Handlers\DatabaseHandler' driver.
INFO - 2024-08-25 11:42:04 --> Session: Class initialized using 'CodeIgniter\Session\Handlers\DatabaseHandler' driver.
INFO - 2024-08-25 14:42:04 --> CSRF token verified.
INFO - 2024-08-25 11:42:07 --> Session: Class initialized using 'CodeIgniter\Session\Handlers\DatabaseHandler' driver.
INFO - 2024-08-25 11:42:07 --> Session: Class initialized using 'CodeIgniter\Session\Handlers\DatabaseHandler' driver.
INFO - 2024-08-25 11:42:08 --> Session: Class initialized using 'CodeIgniter\Session\Handlers\DatabaseHandler' driver.
INFO - 2024-08-25 14:42:08 --> CSRF token verified.
INFO - 2024-08-25 11:43:49 --> Session: Class initialized using 'CodeIgniter\Session\Handlers\DatabaseHandler' driver.
INFO - 2024-08-25 11:55:39 --> Session: Class initialized using 'CodeIgniter\Session\Handlers\DatabaseHandler' driver.
INFO - 2024-08-25 12:50:42 --> Session: Class initialized using 'CodeIgniter\Session\Handlers\DatabaseHandler' driver.
INFO - 2024-08-25 12:50:47 --> Session: Class initialized using 'CodeIgniter\Session\Handlers\DatabaseHandler' driver.
INFO - 2024-08-25 15:50:47 --> CSRF token verified.
INFO - 2024-08-25 12:53:21 --> Session: Class initialized using 'CodeIgniter\Session\Handlers\DatabaseHandler' driver.
INFO - 2024-08-25 13:11:27 --> Session: Class initialized using 'CodeIgniter\Session\Handlers\DatabaseHandler' driver.
INFO - 2024-08-25 14:31:08 --> Session: Class initialized using 'CodeIgniter\Session\Handlers\DatabaseHandler' driver.
INFO - 2024-08-25 15:11:22 --> Session: Class initialized using 'CodeIgniter\Session\Handlers\DatabaseHandler' driver.
INFO - 2024-08-25 15:52:33 --> Session: Class initialized using 'CodeIgniter\Session\Handlers\DatabaseHandler' driver.
INFO - 2024-08-25 16:27:57 --> Session: Class initialized using 'CodeIgniter\Session\Handlers\DatabaseHandler' driver.
INFO - 2024-08-25 16:32:43 --> Session: Class initialized using 'CodeIgniter\Session\Handlers\DatabaseHandler' driver.
INFO - 2024-08-25 17:04:30 --> Session: Class initialized using 'CodeIgniter\Session\Handlers\DatabaseHandler' driver.
INFO - 2024-08-25 17:19:21 --> Session: Class initialized using 'CodeIgniter\Session\Handlers\DatabaseHandler' driver.
INFO - 2024-08-25 17:32:49 --> Session: Class initialized using 'CodeIgniter\Session\Handlers\DatabaseHandler' driver.
INFO - 2024-08-25 17:36:20 --> Session: Class initialized using 'CodeIgniter\Session\Handlers\DatabaseHandler' driver.
INFO - 2024-08-25 20:36:20 --> CSRF token verified.
INFO - 2024-08-25 17:56:59 --> Session: Class initialized using 'CodeIgniter\Session\Handlers\DatabaseHandler' driver.
INFO - 2024-08-25 17:57:01 --> Session: Class initialized using 'CodeIgniter\Session\Handlers\DatabaseHandler' driver.
INFO - 2024-08-25 20:57:01 --> CSRF token verified.
INFO - 2024-08-25 18:02:32 --> Session: Class initialized using 'CodeIgniter\Session\Handlers\DatabaseHandler' driver.
INFO - 2024-08-25 18:05:02 --> Session: Class initialized using 'CodeIgniter\Session\Handlers\DatabaseHandler' driver.
INFO - 2024-08-25 18:52:09 --> Session: Class initialized using 'CodeIgniter\Session\Handlers\DatabaseHandler' driver.
INFO - 2024-08-25 19:01:28 --> Session: Class initialized using 'CodeIgniter\Session\Handlers\DatabaseHandler' driver.
INFO - 2024-08-25 19:01:31 --> Session: Class initialized using 'CodeIgniter\Session\Handlers\DatabaseHandler' driver.
INFO - 2024-08-25 19:02:22 --> Session: Class initialized using 'CodeIgniter\Session\Handlers\DatabaseHandler' driver.
INFO - 2024-08-25 19:23:20 --> Session: Class initialized using 'CodeIgniter\Session\Handlers\DatabaseHandler' driver.
INFO - 2024-08-25 19:32:03 --> Session: Class initialized using 'CodeIgniter\Session\Handlers\DatabaseHandler' driver.
INFO - 2024-08-25 19:32:03 --> Session: Class initialized using 'CodeIgniter\Session\Handlers\DatabaseHandler' driver.
INFO - 2024-08-25 22:32:03 --> CSRF token verified.
INFO - 2024-08-25 19:32:07 --> Session: Class initialized using 'CodeIgniter\Session\Handlers\DatabaseHandler' driver.
INFO - 2024-08-25 19:32:07 --> Session: Class initialized using 'CodeIgniter\Session\Handlers\DatabaseHandler' driver.
INFO - 2024-08-25 22:32:07 --> CSRF token verified.
INFO - 2024-08-25 19:40:23 --> Session: Class initialized using 'CodeIgniter\Session\Handlers\DatabaseHandler' driver.
INFO - 2024-08-25 19:42:44 --> Session: Class initialized using 'CodeIgniter\Session\Handlers\DatabaseHandler' driver.
INFO - 2024-08-25 19:57:57 --> Session: Class initialized using 'CodeIgniter\Session\Handlers\DatabaseHandler' driver.
INFO - 2024-08-25 20:14:45 --> Session: Class initialized using 'CodeIgniter\Session\Handlers\DatabaseHandler' driver.
INFO - 2024-08-25 20:27:02 --> Session: Class initialized using 'CodeIgniter\Session\Handlers\DatabaseHandler' driver.
INFO - 2024-08-25 20:33:34 --> Session: Class initialized using 'CodeIgniter\Session\Handlers\DatabaseHandler' driver.
INFO - 2024-08-25 21:11:36 --> Session: Class initialized using 'CodeIgniter\Session\Handlers\DatabaseHandler' driver.
INFO - 2024-08-25 21:11:44 --> Session: Class initialized using 'CodeIgniter\Session\Handlers\DatabaseHandler' driver.
INFO - 2024-08-25 21:23:59 --> Session: Class initialized using 'CodeIgniter\Session\Handlers\DatabaseHandler' driver.
INFO - 2024-08-25 21:29:44 --> Session: Class initialized using 'CodeIgniter\Session\Handlers\DatabaseHandler' driver.
INFO - 2024-08-25 21:31:54 --> Session: Class initialized using 'CodeIgniter\Session\Handlers\DatabaseHandler' driver.
INFO - 2024-08-25 21:58:57 --> Session: Class initialized using 'CodeIgniter\Session\Handlers\DatabaseHandler' driver.
INFO - 2024-08-25 22:13:11 --> Session: Class initialized using 'CodeIgniter\Session\Handlers\DatabaseHandler' driver.
INFO - 2024-08-25 22:30:02 --> Session: Class initialized using 'CodeIgniter\Session\Handlers\DatabaseHandler' driver.
INFO - 2024-08-25 22:49:26 --> Session: Class initialized using 'CodeIgniter\Session\Handlers\DatabaseHandler' driver.
INFO - 2024-08-25 23:05:26 --> Session: Class initialized using 'CodeIgniter\Session\Handlers\DatabaseHandler' driver.
INFO - 2024-08-25 23:32:28 --> Session: Class initialized using 'CodeIgniter\Session\Handlers\DatabaseHandler' driver.
INFO - 2024-08-25 23:46:10 --> Session: Class initialized using 'CodeIgniter\Session\Handlers\DatabaseHandler' driver.
INFO - 2024-08-25 23:52:51 --> Session: Class initialized using 'CodeIgniter\Session\Handlers\DatabaseHandler' driver.
