INFO - 2024-05-15 01:38:39 --> Session: Class initialized using 'CodeIgniter\Session\Handlers\DatabaseHandler' driver.
INFO - 2024-05-15 01:38:40 --> Session: Class initialized using 'CodeIgniter\Session\Handlers\DatabaseHandler' driver.
INFO - 2024-05-15 01:38:42 --> Session: Class initialized using 'CodeIgniter\Session\Handlers\DatabaseHandler' driver.
INFO - 2024-05-15 04:38:42 --> CSRF token verified.
INFO - 2024-05-15 01:38:46 --> Session: Class initialized using 'CodeIgniter\Session\Handlers\DatabaseHandler' driver.
INFO - 2024-05-15 01:38:47 --> Session: Class initialized using 'CodeIgniter\Session\Handlers\DatabaseHandler' driver.
INFO - 2024-05-15 04:38:47 --> CSRF token verified.
INFO - 2024-05-15 01:38:53 --> Session: Class initialized using 'CodeIgniter\Session\Handlers\DatabaseHandler' driver.
INFO - 2024-05-15 01:38:54 --> Session: Class initialized using 'CodeIgniter\Session\Handlers\DatabaseHandler' driver.
INFO - 2024-05-15 04:38:54 --> CSRF token verified.
INFO - 2024-05-15 01:39:04 --> Session: Class initialized using 'CodeIgniter\Session\Handlers\DatabaseHandler' driver.
INFO - 2024-05-15 01:39:04 --> Session: Class initialized using 'CodeIgniter\Session\Handlers\DatabaseHandler' driver.
INFO - 2024-05-15 04:39:04 --> CSRF token verified.
INFO - 2024-05-15 01:43:38 --> Session: Class initialized using 'CodeIgniter\Session\Handlers\DatabaseHandler' driver.
INFO - 2024-05-15 01:43:38 --> Session: Class initialized using 'CodeIgniter\Session\Handlers\DatabaseHandler' driver.
INFO - 2024-05-15 04:43:38 --> CSRF token verified.
INFO - 2024-05-15 01:43:46 --> Session: Class initialized using 'CodeIgniter\Session\Handlers\DatabaseHandler' driver.
INFO - 2024-05-15 01:43:47 --> Session: Class initialized using 'CodeIgniter\Session\Handlers\DatabaseHandler' driver.
INFO - 2024-05-15 04:43:47 --> CSRF token verified.
INFO - 2024-05-15 01:44:01 --> Session: Class initialized using 'CodeIgniter\Session\Handlers\DatabaseHandler' driver.
INFO - 2024-05-15 01:44:03 --> Session: Class initialized using 'CodeIgniter\Session\Handlers\DatabaseHandler' driver.
INFO - 2024-05-15 04:44:03 --> CSRF token verified.
INFO - 2024-05-15 01:44:28 --> Session: Class initialized using 'CodeIgniter\Session\Handlers\DatabaseHandler' driver.
INFO - 2024-05-15 01:44:28 --> Session: Class initialized using 'CodeIgniter\Session\Handlers\DatabaseHandler' driver.
INFO - 2024-05-15 01:44:29 --> Session: Class initialized using 'CodeIgniter\Session\Handlers\DatabaseHandler' driver.
INFO - 2024-05-15 04:44:29 --> CSRF token verified.
INFO - 2024-05-15 01:44:35 --> Session: Class initialized using 'CodeIgniter\Session\Handlers\DatabaseHandler' driver.
INFO - 2024-05-15 01:44:35 --> Session: Class initialized using 'CodeIgniter\Session\Handlers\DatabaseHandler' driver.
INFO - 2024-05-15 04:44:35 --> CSRF token verified.
INFO - 2024-05-15 01:44:51 --> Session: Class initialized using 'CodeIgniter\Session\Handlers\DatabaseHandler' driver.
INFO - 2024-05-15 01:44:52 --> Session: Class initialized using 'CodeIgniter\Session\Handlers\DatabaseHandler' driver.
INFO - 2024-05-15 04:44:52 --> CSRF token verified.
INFO - 2024-05-15 01:45:10 --> Session: Class initialized using 'CodeIgniter\Session\Handlers\DatabaseHandler' driver.
INFO - 2024-05-15 01:45:10 --> Session: Class initialized using 'CodeIgniter\Session\Handlers\DatabaseHandler' driver.
INFO - 2024-05-15 04:45:10 --> CSRF token verified.
INFO - 2024-05-15 01:45:29 --> Session: Class initialized using 'CodeIgniter\Session\Handlers\DatabaseHandler' driver.
INFO - 2024-05-15 04:45:29 --> CSRF token verified.
INFO - 2024-05-15 01:46:31 --> Session: Class initialized using 'CodeIgniter\Session\Handlers\DatabaseHandler' driver.
INFO - 2024-05-15 01:46:31 --> Session: Class initialized using 'CodeIgniter\Session\Handlers\DatabaseHandler' driver.
INFO - 2024-05-15 04:46:31 --> CSRF token verified.
INFO - 2024-05-15 02:19:37 --> Session: Class initialized using 'CodeIgniter\Session\Handlers\DatabaseHandler' driver.
INFO - 2024-05-15 02:19:38 --> Session: Class initialized using 'CodeIgniter\Session\Handlers\DatabaseHandler' driver.
INFO - 2024-05-15 05:19:38 --> CSRF token verified.
INFO - 2024-05-15 02:19:52 --> Session: Class initialized using 'CodeIgniter\Session\Handlers\DatabaseHandler' driver.
INFO - 2024-05-15 02:19:53 --> Session: Class initialized using 'CodeIgniter\Session\Handlers\DatabaseHandler' driver.
INFO - 2024-05-15 05:19:53 --> CSRF token verified.
INFO - 2024-05-15 02:20:07 --> Session: Class initialized using 'CodeIgniter\Session\Handlers\DatabaseHandler' driver.
INFO - 2024-05-15 05:20:07 --> CSRF token verified.
INFO - 2024-05-15 02:29:03 --> Session: Class initialized using 'CodeIgniter\Session\Handlers\DatabaseHandler' driver.
INFO - 2024-05-15 02:29:03 --> Session: Class initialized using 'CodeIgniter\Session\Handlers\DatabaseHandler' driver.
INFO - 2024-05-15 05:29:03 --> CSRF token verified.
INFO - 2024-05-15 02:29:06 --> Session: Class initialized using 'CodeIgniter\Session\Handlers\DatabaseHandler' driver.
INFO - 2024-05-15 02:29:07 --> Session: Class initialized using 'CodeIgniter\Session\Handlers\DatabaseHandler' driver.
INFO - 2024-05-15 05:29:07 --> CSRF token verified.
INFO - 2024-05-15 02:29:21 --> Session: Class initialized using 'CodeIgniter\Session\Handlers\DatabaseHandler' driver.
INFO - 2024-05-15 05:29:21 --> CSRF token verified.
INFO - 2024-05-15 02:42:19 --> Session: Class initialized using 'CodeIgniter\Session\Handlers\DatabaseHandler' driver.
INFO - 2024-05-15 02:42:20 --> Session: Class initialized using 'CodeIgniter\Session\Handlers\DatabaseHandler' driver.
INFO - 2024-05-15 05:42:20 --> CSRF token verified.
INFO - 2024-05-15 02:42:24 --> Session: Class initialized using 'CodeIgniter\Session\Handlers\DatabaseHandler' driver.
INFO - 2024-05-15 05:42:24 --> CSRF token verified.
INFO - 2024-05-15 02:42:24 --> Session: Class initialized using 'CodeIgniter\Session\Handlers\DatabaseHandler' driver.
INFO - 2024-05-15 02:42:25 --> Session: Class initialized using 'CodeIgniter\Session\Handlers\DatabaseHandler' driver.
INFO - 2024-05-15 05:42:25 --> CSRF token verified.
INFO - 2024-05-15 02:42:28 --> Session: Class initialized using 'CodeIgniter\Session\Handlers\DatabaseHandler' driver.
INFO - 2024-05-15 05:42:28 --> CSRF token verified.
INFO - 2024-05-15 02:42:28 --> Session: Class initialized using 'CodeIgniter\Session\Handlers\DatabaseHandler' driver.
INFO - 2024-05-15 02:42:28 --> Session: Class initialized using 'CodeIgniter\Session\Handlers\DatabaseHandler' driver.
INFO - 2024-05-15 05:42:28 --> CSRF token verified.
INFO - 2024-05-15 02:42:31 --> Session: Class initialized using 'CodeIgniter\Session\Handlers\DatabaseHandler' driver.
INFO - 2024-05-15 05:42:31 --> CSRF token verified.
INFO - 2024-05-15 02:42:31 --> Session: Class initialized using 'CodeIgniter\Session\Handlers\DatabaseHandler' driver.
INFO - 2024-05-15 02:42:32 --> Session: Class initialized using 'CodeIgniter\Session\Handlers\DatabaseHandler' driver.
INFO - 2024-05-15 05:42:32 --> CSRF token verified.
INFO - 2024-05-15 02:42:35 --> Session: Class initialized using 'CodeIgniter\Session\Handlers\DatabaseHandler' driver.
INFO - 2024-05-15 05:42:35 --> CSRF token verified.
INFO - 2024-05-15 02:42:35 --> Session: Class initialized using 'CodeIgniter\Session\Handlers\DatabaseHandler' driver.
INFO - 2024-05-15 02:42:36 --> Session: Class initialized using 'CodeIgniter\Session\Handlers\DatabaseHandler' driver.
INFO - 2024-05-15 05:42:36 --> CSRF token verified.
INFO - 2024-05-15 02:42:40 --> Session: Class initialized using 'CodeIgniter\Session\Handlers\DatabaseHandler' driver.
INFO - 2024-05-15 02:42:40 --> Session: Class initialized using 'CodeIgniter\Session\Handlers\DatabaseHandler' driver.
INFO - 2024-05-15 05:42:40 --> CSRF token verified.
INFO - 2024-05-15 02:42:50 --> Session: Class initialized using 'CodeIgniter\Session\Handlers\DatabaseHandler' driver.
INFO - 2024-05-15 05:42:50 --> CSRF token verified.
INFO - 2024-05-15 02:42:50 --> Session: Class initialized using 'CodeIgniter\Session\Handlers\DatabaseHandler' driver.
INFO - 2024-05-15 05:42:50 --> CSRF token verified.
CRITICAL - 2024-05-15 05:42:50 --> Attempt to read property "level" on null
in APPPATH/Models/CategoryModel.php on line 675.
 1 APPPATH/Models/CategoryModel.php(675): CodeIgniter\Debug\Exceptions->errorHandler()
 2 APPPATH/Controllers/CategoryController.php(184): App\Models\CategoryModel->importCsvItem()
 3 SYSTEMPATH/CodeIgniter.php(918): App\Controllers\CategoryController->importCsvItemPost()
 4 SYSTEMPATH/CodeIgniter.php(493): CodeIgniter\CodeIgniter->runController()
 5 SYSTEMPATH/CodeIgniter.php(352): CodeIgniter\CodeIgniter->handleRequest()
 6 FCPATH/index.php(95): CodeIgniter\CodeIgniter->run()
INFO - 2024-05-15 02:42:50 --> Session: Class initialized using 'CodeIgniter\Session\Handlers\DatabaseHandler' driver.
INFO - 2024-05-15 05:42:50 --> CSRF token verified.
CRITICAL - 2024-05-15 05:42:50 --> Attempt to read property "level" on null
in APPPATH/Models/CategoryModel.php on line 675.
 1 APPPATH/Models/CategoryModel.php(675): CodeIgniter\Debug\Exceptions->errorHandler()
 2 APPPATH/Controllers/CategoryController.php(184): App\Models\CategoryModel->importCsvItem()
 3 SYSTEMPATH/CodeIgniter.php(918): App\Controllers\CategoryController->importCsvItemPost()
 4 SYSTEMPATH/CodeIgniter.php(493): CodeIgniter\CodeIgniter->runController()
 5 SYSTEMPATH/CodeIgniter.php(352): CodeIgniter\CodeIgniter->handleRequest()
 6 FCPATH/index.php(95): CodeIgniter\CodeIgniter->run()
INFO - 2024-05-15 02:42:51 --> Session: Class initialized using 'CodeIgniter\Session\Handlers\DatabaseHandler' driver.
INFO - 2024-05-15 05:42:51 --> CSRF token verified.
CRITICAL - 2024-05-15 05:42:51 --> Attempt to read property "level" on null
in APPPATH/Models/CategoryModel.php on line 675.
 1 APPPATH/Models/CategoryModel.php(675): CodeIgniter\Debug\Exceptions->errorHandler()
 2 APPPATH/Controllers/CategoryController.php(184): App\Models\CategoryModel->importCsvItem()
 3 SYSTEMPATH/CodeIgniter.php(918): App\Controllers\CategoryController->importCsvItemPost()
 4 SYSTEMPATH/CodeIgniter.php(493): CodeIgniter\CodeIgniter->runController()
 5 SYSTEMPATH/CodeIgniter.php(352): CodeIgniter\CodeIgniter->handleRequest()
 6 FCPATH/index.php(95): CodeIgniter\CodeIgniter->run()
INFO - 2024-05-15 02:42:51 --> Session: Class initialized using 'CodeIgniter\Session\Handlers\DatabaseHandler' driver.
INFO - 2024-05-15 05:42:51 --> CSRF token verified.
CRITICAL - 2024-05-15 05:42:51 --> Attempt to read property "level" on null
in APPPATH/Models/CategoryModel.php on line 675.
 1 APPPATH/Models/CategoryModel.php(675): CodeIgniter\Debug\Exceptions->errorHandler()
 2 APPPATH/Controllers/CategoryController.php(184): App\Models\CategoryModel->importCsvItem()
 3 SYSTEMPATH/CodeIgniter.php(918): App\Controllers\CategoryController->importCsvItemPost()
 4 SYSTEMPATH/CodeIgniter.php(493): CodeIgniter\CodeIgniter->runController()
 5 SYSTEMPATH/CodeIgniter.php(352): CodeIgniter\CodeIgniter->handleRequest()
 6 FCPATH/index.php(95): CodeIgniter\CodeIgniter->run()
INFO - 2024-05-15 02:42:51 --> Session: Class initialized using 'CodeIgniter\Session\Handlers\DatabaseHandler' driver.
INFO - 2024-05-15 05:42:51 --> CSRF token verified.
CRITICAL - 2024-05-15 05:42:51 --> Attempt to read property "level" on null
in APPPATH/Models/CategoryModel.php on line 675.
 1 APPPATH/Models/CategoryModel.php(675): CodeIgniter\Debug\Exceptions->errorHandler()
 2 APPPATH/Controllers/CategoryController.php(184): App\Models\CategoryModel->importCsvItem()
 3 SYSTEMPATH/CodeIgniter.php(918): App\Controllers\CategoryController->importCsvItemPost()
 4 SYSTEMPATH/CodeIgniter.php(493): CodeIgniter\CodeIgniter->runController()
 5 SYSTEMPATH/CodeIgniter.php(352): CodeIgniter\CodeIgniter->handleRequest()
 6 FCPATH/index.php(95): CodeIgniter\CodeIgniter->run()
INFO - 2024-05-15 02:42:51 --> Session: Class initialized using 'CodeIgniter\Session\Handlers\DatabaseHandler' driver.
INFO - 2024-05-15 05:42:51 --> CSRF token verified.
CRITICAL - 2024-05-15 05:42:51 --> Attempt to read property "level" on null
in APPPATH/Models/CategoryModel.php on line 675.
 1 APPPATH/Models/CategoryModel.php(675): CodeIgniter\Debug\Exceptions->errorHandler()
 2 APPPATH/Controllers/CategoryController.php(184): App\Models\CategoryModel->importCsvItem()
 3 SYSTEMPATH/CodeIgniter.php(918): App\Controllers\CategoryController->importCsvItemPost()
 4 SYSTEMPATH/CodeIgniter.php(493): CodeIgniter\CodeIgniter->runController()
 5 SYSTEMPATH/CodeIgniter.php(352): CodeIgniter\CodeIgniter->handleRequest()
 6 FCPATH/index.php(95): CodeIgniter\CodeIgniter->run()
INFO - 2024-05-15 02:42:52 --> Session: Class initialized using 'CodeIgniter\Session\Handlers\DatabaseHandler' driver.
INFO - 2024-05-15 05:42:52 --> CSRF token verified.
CRITICAL - 2024-05-15 05:42:52 --> Attempt to read property "level" on null
in APPPATH/Models/CategoryModel.php on line 675.
 1 APPPATH/Models/CategoryModel.php(675): CodeIgniter\Debug\Exceptions->errorHandler()
 2 APPPATH/Controllers/CategoryController.php(184): App\Models\CategoryModel->importCsvItem()
 3 SYSTEMPATH/CodeIgniter.php(918): App\Controllers\CategoryController->importCsvItemPost()
 4 SYSTEMPATH/CodeIgniter.php(493): CodeIgniter\CodeIgniter->runController()
 5 SYSTEMPATH/CodeIgniter.php(352): CodeIgniter\CodeIgniter->handleRequest()
 6 FCPATH/index.php(95): CodeIgniter\CodeIgniter->run()
INFO - 2024-05-15 02:42:52 --> Session: Class initialized using 'CodeIgniter\Session\Handlers\DatabaseHandler' driver.
INFO - 2024-05-15 05:42:52 --> CSRF token verified.
CRITICAL - 2024-05-15 05:42:52 --> Attempt to read property "level" on null
in APPPATH/Models/CategoryModel.php on line 675.
 1 APPPATH/Models/CategoryModel.php(675): CodeIgniter\Debug\Exceptions->errorHandler()
 2 APPPATH/Controllers/CategoryController.php(184): App\Models\CategoryModel->importCsvItem()
 3 SYSTEMPATH/CodeIgniter.php(918): App\Controllers\CategoryController->importCsvItemPost()
 4 SYSTEMPATH/CodeIgniter.php(493): CodeIgniter\CodeIgniter->runController()
 5 SYSTEMPATH/CodeIgniter.php(352): CodeIgniter\CodeIgniter->handleRequest()
 6 FCPATH/index.php(95): CodeIgniter\CodeIgniter->run()
INFO - 2024-05-15 02:42:52 --> Session: Class initialized using 'CodeIgniter\Session\Handlers\DatabaseHandler' driver.
INFO - 2024-05-15 05:42:52 --> CSRF token verified.
CRITICAL - 2024-05-15 05:42:52 --> Attempt to read property "level" on null
in APPPATH/Models/CategoryModel.php on line 675.
 1 APPPATH/Models/CategoryModel.php(675): CodeIgniter\Debug\Exceptions->errorHandler()
 2 APPPATH/Controllers/CategoryController.php(184): App\Models\CategoryModel->importCsvItem()
 3 SYSTEMPATH/CodeIgniter.php(918): App\Controllers\CategoryController->importCsvItemPost()
 4 SYSTEMPATH/CodeIgniter.php(493): CodeIgniter\CodeIgniter->runController()
 5 SYSTEMPATH/CodeIgniter.php(352): CodeIgniter\CodeIgniter->handleRequest()
 6 FCPATH/index.php(95): CodeIgniter\CodeIgniter->run()
INFO - 2024-05-15 02:42:53 --> Session: Class initialized using 'CodeIgniter\Session\Handlers\DatabaseHandler' driver.
INFO - 2024-05-15 05:42:53 --> CSRF token verified.
CRITICAL - 2024-05-15 05:42:53 --> Attempt to read property "level" on null
in APPPATH/Models/CategoryModel.php on line 675.
 1 APPPATH/Models/CategoryModel.php(675): CodeIgniter\Debug\Exceptions->errorHandler()
 2 APPPATH/Controllers/CategoryController.php(184): App\Models\CategoryModel->importCsvItem()
 3 SYSTEMPATH/CodeIgniter.php(918): App\Controllers\CategoryController->importCsvItemPost()
 4 SYSTEMPATH/CodeIgniter.php(493): CodeIgniter\CodeIgniter->runController()
 5 SYSTEMPATH/CodeIgniter.php(352): CodeIgniter\CodeIgniter->handleRequest()
 6 FCPATH/index.php(95): CodeIgniter\CodeIgniter->run()
INFO - 2024-05-15 02:42:53 --> Session: Class initialized using 'CodeIgniter\Session\Handlers\DatabaseHandler' driver.
INFO - 2024-05-15 05:42:53 --> CSRF token verified.
CRITICAL - 2024-05-15 05:42:53 --> Attempt to read property "level" on null
in APPPATH/Models/CategoryModel.php on line 675.
 1 APPPATH/Models/CategoryModel.php(675): CodeIgniter\Debug\Exceptions->errorHandler()
 2 APPPATH/Controllers/CategoryController.php(184): App\Models\CategoryModel->importCsvItem()
 3 SYSTEMPATH/CodeIgniter.php(918): App\Controllers\CategoryController->importCsvItemPost()
 4 SYSTEMPATH/CodeIgniter.php(493): CodeIgniter\CodeIgniter->runController()
 5 SYSTEMPATH/CodeIgniter.php(352): CodeIgniter\CodeIgniter->handleRequest()
 6 FCPATH/index.php(95): CodeIgniter\CodeIgniter->run()
INFO - 2024-05-15 02:42:53 --> Session: Class initialized using 'CodeIgniter\Session\Handlers\DatabaseHandler' driver.
INFO - 2024-05-15 05:42:53 --> CSRF token verified.
CRITICAL - 2024-05-15 05:42:53 --> Attempt to read property "level" on null
in APPPATH/Models/CategoryModel.php on line 675.
 1 APPPATH/Models/CategoryModel.php(675): CodeIgniter\Debug\Exceptions->errorHandler()
 2 APPPATH/Controllers/CategoryController.php(184): App\Models\CategoryModel->importCsvItem()
 3 SYSTEMPATH/CodeIgniter.php(918): App\Controllers\CategoryController->importCsvItemPost()
 4 SYSTEMPATH/CodeIgniter.php(493): CodeIgniter\CodeIgniter->runController()
 5 SYSTEMPATH/CodeIgniter.php(352): CodeIgniter\CodeIgniter->handleRequest()
 6 FCPATH/index.php(95): CodeIgniter\CodeIgniter->run()
INFO - 2024-05-15 02:42:53 --> Session: Class initialized using 'CodeIgniter\Session\Handlers\DatabaseHandler' driver.
INFO - 2024-05-15 05:42:53 --> CSRF token verified.
CRITICAL - 2024-05-15 05:42:53 --> Attempt to read property "level" on null
in APPPATH/Models/CategoryModel.php on line 675.
 1 APPPATH/Models/CategoryModel.php(675): CodeIgniter\Debug\Exceptions->errorHandler()
 2 APPPATH/Controllers/CategoryController.php(184): App\Models\CategoryModel->importCsvItem()
 3 SYSTEMPATH/CodeIgniter.php(918): App\Controllers\CategoryController->importCsvItemPost()
 4 SYSTEMPATH/CodeIgniter.php(493): CodeIgniter\CodeIgniter->runController()
 5 SYSTEMPATH/CodeIgniter.php(352): CodeIgniter\CodeIgniter->handleRequest()
 6 FCPATH/index.php(95): CodeIgniter\CodeIgniter->run()
INFO - 2024-05-15 02:42:54 --> Session: Class initialized using 'CodeIgniter\Session\Handlers\DatabaseHandler' driver.
INFO - 2024-05-15 05:42:54 --> CSRF token verified.
INFO - 2024-05-15 02:42:54 --> Session: Class initialized using 'CodeIgniter\Session\Handlers\DatabaseHandler' driver.
INFO - 2024-05-15 05:42:54 --> CSRF token verified.
INFO - 2024-05-15 02:42:54 --> Session: Class initialized using 'CodeIgniter\Session\Handlers\DatabaseHandler' driver.
INFO - 2024-05-15 05:42:54 --> CSRF token verified.
INFO - 2024-05-15 02:42:55 --> Session: Class initialized using 'CodeIgniter\Session\Handlers\DatabaseHandler' driver.
INFO - 2024-05-15 05:42:55 --> CSRF token verified.
INFO - 2024-05-15 02:42:55 --> Session: Class initialized using 'CodeIgniter\Session\Handlers\DatabaseHandler' driver.
INFO - 2024-05-15 05:42:55 --> CSRF token verified.
INFO - 2024-05-15 02:42:55 --> Session: Class initialized using 'CodeIgniter\Session\Handlers\DatabaseHandler' driver.
INFO - 2024-05-15 05:42:55 --> CSRF token verified.
INFO - 2024-05-15 02:42:55 --> Session: Class initialized using 'CodeIgniter\Session\Handlers\DatabaseHandler' driver.
INFO - 2024-05-15 05:42:55 --> CSRF token verified.
INFO - 2024-05-15 02:42:56 --> Session: Class initialized using 'CodeIgniter\Session\Handlers\DatabaseHandler' driver.
INFO - 2024-05-15 05:42:56 --> CSRF token verified.
INFO - 2024-05-15 02:42:56 --> Session: Class initialized using 'CodeIgniter\Session\Handlers\DatabaseHandler' driver.
INFO - 2024-05-15 05:42:56 --> CSRF token verified.
INFO - 2024-05-15 02:42:56 --> Session: Class initialized using 'CodeIgniter\Session\Handlers\DatabaseHandler' driver.
INFO - 2024-05-15 05:42:56 --> CSRF token verified.
INFO - 2024-05-15 02:42:56 --> Session: Class initialized using 'CodeIgniter\Session\Handlers\DatabaseHandler' driver.
INFO - 2024-05-15 05:42:56 --> CSRF token verified.
INFO - 2024-05-15 02:42:57 --> Session: Class initialized using 'CodeIgniter\Session\Handlers\DatabaseHandler' driver.
INFO - 2024-05-15 05:42:57 --> CSRF token verified.
INFO - 2024-05-15 02:42:57 --> Session: Class initialized using 'CodeIgniter\Session\Handlers\DatabaseHandler' driver.
INFO - 2024-05-15 05:42:57 --> CSRF token verified.
INFO - 2024-05-15 02:42:57 --> Session: Class initialized using 'CodeIgniter\Session\Handlers\DatabaseHandler' driver.
INFO - 2024-05-15 05:42:57 --> CSRF token verified.
INFO - 2024-05-15 02:42:58 --> Session: Class initialized using 'CodeIgniter\Session\Handlers\DatabaseHandler' driver.
INFO - 2024-05-15 05:42:58 --> CSRF token verified.
INFO - 2024-05-15 02:42:58 --> Session: Class initialized using 'CodeIgniter\Session\Handlers\DatabaseHandler' driver.
INFO - 2024-05-15 05:42:58 --> CSRF token verified.
INFO - 2024-05-15 02:42:58 --> Session: Class initialized using 'CodeIgniter\Session\Handlers\DatabaseHandler' driver.
INFO - 2024-05-15 05:42:58 --> CSRF token verified.
INFO - 2024-05-15 02:42:58 --> Session: Class initialized using 'CodeIgniter\Session\Handlers\DatabaseHandler' driver.
INFO - 2024-05-15 05:42:58 --> CSRF token verified.
INFO - 2024-05-15 02:42:59 --> Session: Class initialized using 'CodeIgniter\Session\Handlers\DatabaseHandler' driver.
INFO - 2024-05-15 05:42:59 --> CSRF token verified.
INFO - 2024-05-15 02:42:59 --> Session: Class initialized using 'CodeIgniter\Session\Handlers\DatabaseHandler' driver.
INFO - 2024-05-15 05:42:59 --> CSRF token verified.
INFO - 2024-05-15 02:42:59 --> Session: Class initialized using 'CodeIgniter\Session\Handlers\DatabaseHandler' driver.
INFO - 2024-05-15 05:42:59 --> CSRF token verified.
INFO - 2024-05-15 02:42:59 --> Session: Class initialized using 'CodeIgniter\Session\Handlers\DatabaseHandler' driver.
INFO - 2024-05-15 05:42:59 --> CSRF token verified.
INFO - 2024-05-15 02:43:00 --> Session: Class initialized using 'CodeIgniter\Session\Handlers\DatabaseHandler' driver.
INFO - 2024-05-15 05:43:00 --> CSRF token verified.
INFO - 2024-05-15 02:43:00 --> Session: Class initialized using 'CodeIgniter\Session\Handlers\DatabaseHandler' driver.
INFO - 2024-05-15 05:43:00 --> CSRF token verified.
INFO - 2024-05-15 02:43:00 --> Session: Class initialized using 'CodeIgniter\Session\Handlers\DatabaseHandler' driver.
INFO - 2024-05-15 05:43:00 --> CSRF token verified.
INFO - 2024-05-15 02:45:39 --> Session: Class initialized using 'CodeIgniter\Session\Handlers\DatabaseHandler' driver.
INFO - 2024-05-15 05:45:39 --> CSRF token verified.
INFO - 2024-05-15 02:45:39 --> Session: Class initialized using 'CodeIgniter\Session\Handlers\DatabaseHandler' driver.
INFO - 2024-05-15 05:45:39 --> CSRF token verified.
ERROR - 2024-05-15 05:45:39 --> mysqli_sql_exception: Duplicate entry '1' for key 'categories.PRIMARY' in /home/impexall/seller.impexally.com/system/Database/MySQLi/Connection.php:306
Stack trace:
#0 /home/impexall/seller.impexally.com/system/Database/MySQLi/Connection.php(306): mysqli->query()
#1 /home/impexall/seller.impexally.com/system/Database/BaseConnection.php(692): CodeIgniter\Database\MySQLi\Connection->execute()
#2 /home/impexall/seller.impexally.com/system/Database/BaseConnection.php(606): CodeIgniter\Database\BaseConnection->simpleQuery()
#3 /home/impexall/seller.impexally.com/system/Database/BaseBuilder.php(2308): CodeIgniter\Database\BaseConnection->query()
#4 /home/impexall/seller.impexally.com/app/Models/CategoryModel.php(654): CodeIgniter\Database\BaseBuilder->insert()
#5 /home/impexall/seller.impexally.com/app/Controllers/CategoryController.php(184): App\Models\CategoryModel->importCsvItem()
#6 /home/impexall/seller.impexally.com/system/CodeIgniter.php(918): App\Controllers\CategoryController->importCsvItemPost()
#7 /home/impexall/seller.impexally.com/system/CodeIgniter.php(493): CodeIgniter\CodeIgniter->runController()
#8 /home/impexall/seller.impexally.com/system/CodeIgniter.php(352): CodeIgniter\CodeIgniter->handleRequest()
#9 /home/impexall/seller.impexally.com/index.php(95): CodeIgniter\CodeIgniter->run()
#10 {main}
CRITICAL - 2024-05-15 05:45:39 --> Duplicate entry '1' for key 'categories.PRIMARY'
in SYSTEMPATH/Database/BaseConnection.php on line 646.
 1 SYSTEMPATH/Database/BaseBuilder.php(2308): CodeIgniter\Database\BaseConnection->query()
 2 APPPATH/Models/CategoryModel.php(654): CodeIgniter\Database\BaseBuilder->insert()
 3 APPPATH/Controllers/CategoryController.php(184): App\Models\CategoryModel->importCsvItem()
 4 SYSTEMPATH/CodeIgniter.php(918): App\Controllers\CategoryController->importCsvItemPost()
 5 SYSTEMPATH/CodeIgniter.php(493): CodeIgniter\CodeIgniter->runController()
 6 SYSTEMPATH/CodeIgniter.php(352): CodeIgniter\CodeIgniter->handleRequest()
 7 FCPATH/index.php(95): CodeIgniter\CodeIgniter->run()
INFO - 2024-05-15 02:45:40 --> Session: Class initialized using 'CodeIgniter\Session\Handlers\DatabaseHandler' driver.
INFO - 2024-05-15 05:45:40 --> CSRF token verified.
ERROR - 2024-05-15 05:45:40 --> mysqli_sql_exception: Duplicate entry '2' for key 'categories.PRIMARY' in /home/impexall/seller.impexally.com/system/Database/MySQLi/Connection.php:306
Stack trace:
#0 /home/impexall/seller.impexally.com/system/Database/MySQLi/Connection.php(306): mysqli->query()
#1 /home/impexall/seller.impexally.com/system/Database/BaseConnection.php(692): CodeIgniter\Database\MySQLi\Connection->execute()
#2 /home/impexall/seller.impexally.com/system/Database/BaseConnection.php(606): CodeIgniter\Database\BaseConnection->simpleQuery()
#3 /home/impexall/seller.impexally.com/system/Database/BaseBuilder.php(2308): CodeIgniter\Database\BaseConnection->query()
#4 /home/impexall/seller.impexally.com/app/Models/CategoryModel.php(654): CodeIgniter\Database\BaseBuilder->insert()
#5 /home/impexall/seller.impexally.com/app/Controllers/CategoryController.php(184): App\Models\CategoryModel->importCsvItem()
#6 /home/impexall/seller.impexally.com/system/CodeIgniter.php(918): App\Controllers\CategoryController->importCsvItemPost()
#7 /home/impexall/seller.impexally.com/system/CodeIgniter.php(493): CodeIgniter\CodeIgniter->runController()
#8 /home/impexall/seller.impexally.com/system/CodeIgniter.php(352): CodeIgniter\CodeIgniter->handleRequest()
#9 /home/impexall/seller.impexally.com/index.php(95): CodeIgniter\CodeIgniter->run()
#10 {main}
CRITICAL - 2024-05-15 05:45:40 --> Duplicate entry '2' for key 'categories.PRIMARY'
in SYSTEMPATH/Database/BaseConnection.php on line 646.
 1 SYSTEMPATH/Database/BaseBuilder.php(2308): CodeIgniter\Database\BaseConnection->query()
 2 APPPATH/Models/CategoryModel.php(654): CodeIgniter\Database\BaseBuilder->insert()
 3 APPPATH/Controllers/CategoryController.php(184): App\Models\CategoryModel->importCsvItem()
 4 SYSTEMPATH/CodeIgniter.php(918): App\Controllers\CategoryController->importCsvItemPost()
 5 SYSTEMPATH/CodeIgniter.php(493): CodeIgniter\CodeIgniter->runController()
 6 SYSTEMPATH/CodeIgniter.php(352): CodeIgniter\CodeIgniter->handleRequest()
 7 FCPATH/index.php(95): CodeIgniter\CodeIgniter->run()
INFO - 2024-05-15 02:45:40 --> Session: Class initialized using 'CodeIgniter\Session\Handlers\DatabaseHandler' driver.
INFO - 2024-05-15 05:45:40 --> CSRF token verified.
ERROR - 2024-05-15 05:45:40 --> mysqli_sql_exception: Duplicate entry '3' for key 'categories.PRIMARY' in /home/impexall/seller.impexally.com/system/Database/MySQLi/Connection.php:306
Stack trace:
#0 /home/impexall/seller.impexally.com/system/Database/MySQLi/Connection.php(306): mysqli->query()
#1 /home/impexall/seller.impexally.com/system/Database/BaseConnection.php(692): CodeIgniter\Database\MySQLi\Connection->execute()
#2 /home/impexall/seller.impexally.com/system/Database/BaseConnection.php(606): CodeIgniter\Database\BaseConnection->simpleQuery()
#3 /home/impexall/seller.impexally.com/system/Database/BaseBuilder.php(2308): CodeIgniter\Database\BaseConnection->query()
#4 /home/impexall/seller.impexally.com/app/Models/CategoryModel.php(654): CodeIgniter\Database\BaseBuilder->insert()
#5 /home/impexall/seller.impexally.com/app/Controllers/CategoryController.php(184): App\Models\CategoryModel->importCsvItem()
#6 /home/impexall/seller.impexally.com/system/CodeIgniter.php(918): App\Controllers\CategoryController->importCsvItemPost()
#7 /home/impexall/seller.impexally.com/system/CodeIgniter.php(493): CodeIgniter\CodeIgniter->runController()
#8 /home/impexall/seller.impexally.com/system/CodeIgniter.php(352): CodeIgniter\CodeIgniter->handleRequest()
#9 /home/impexall/seller.impexally.com/index.php(95): CodeIgniter\CodeIgniter->run()
#10 {main}
CRITICAL - 2024-05-15 05:45:40 --> Duplicate entry '3' for key 'categories.PRIMARY'
in SYSTEMPATH/Database/BaseConnection.php on line 646.
 1 SYSTEMPATH/Database/BaseBuilder.php(2308): CodeIgniter\Database\BaseConnection->query()
 2 APPPATH/Models/CategoryModel.php(654): CodeIgniter\Database\BaseBuilder->insert()
 3 APPPATH/Controllers/CategoryController.php(184): App\Models\CategoryModel->importCsvItem()
 4 SYSTEMPATH/CodeIgniter.php(918): App\Controllers\CategoryController->importCsvItemPost()
 5 SYSTEMPATH/CodeIgniter.php(493): CodeIgniter\CodeIgniter->runController()
 6 SYSTEMPATH/CodeIgniter.php(352): CodeIgniter\CodeIgniter->handleRequest()
 7 FCPATH/index.php(95): CodeIgniter\CodeIgniter->run()
INFO - 2024-05-15 02:45:40 --> Session: Class initialized using 'CodeIgniter\Session\Handlers\DatabaseHandler' driver.
INFO - 2024-05-15 05:45:40 --> CSRF token verified.
ERROR - 2024-05-15 05:45:40 --> mysqli_sql_exception: Duplicate entry '4' for key 'categories.PRIMARY' in /home/impexall/seller.impexally.com/system/Database/MySQLi/Connection.php:306
Stack trace:
#0 /home/impexall/seller.impexally.com/system/Database/MySQLi/Connection.php(306): mysqli->query()
#1 /home/impexall/seller.impexally.com/system/Database/BaseConnection.php(692): CodeIgniter\Database\MySQLi\Connection->execute()
#2 /home/impexall/seller.impexally.com/system/Database/BaseConnection.php(606): CodeIgniter\Database\BaseConnection->simpleQuery()
#3 /home/impexall/seller.impexally.com/system/Database/BaseBuilder.php(2308): CodeIgniter\Database\BaseConnection->query()
#4 /home/impexall/seller.impexally.com/app/Models/CategoryModel.php(654): CodeIgniter\Database\BaseBuilder->insert()
#5 /home/impexall/seller.impexally.com/app/Controllers/CategoryController.php(184): App\Models\CategoryModel->importCsvItem()
#6 /home/impexall/seller.impexally.com/system/CodeIgniter.php(918): App\Controllers\CategoryController->importCsvItemPost()
#7 /home/impexall/seller.impexally.com/system/CodeIgniter.php(493): CodeIgniter\CodeIgniter->runController()
#8 /home/impexall/seller.impexally.com/system/CodeIgniter.php(352): CodeIgniter\CodeIgniter->handleRequest()
#9 /home/impexall/seller.impexally.com/index.php(95): CodeIgniter\CodeIgniter->run()
#10 {main}
CRITICAL - 2024-05-15 05:45:40 --> Duplicate entry '4' for key 'categories.PRIMARY'
in SYSTEMPATH/Database/BaseConnection.php on line 646.
 1 SYSTEMPATH/Database/BaseBuilder.php(2308): CodeIgniter\Database\BaseConnection->query()
 2 APPPATH/Models/CategoryModel.php(654): CodeIgniter\Database\BaseBuilder->insert()
 3 APPPATH/Controllers/CategoryController.php(184): App\Models\CategoryModel->importCsvItem()
 4 SYSTEMPATH/CodeIgniter.php(918): App\Controllers\CategoryController->importCsvItemPost()
 5 SYSTEMPATH/CodeIgniter.php(493): CodeIgniter\CodeIgniter->runController()
 6 SYSTEMPATH/CodeIgniter.php(352): CodeIgniter\CodeIgniter->handleRequest()
 7 FCPATH/index.php(95): CodeIgniter\CodeIgniter->run()
INFO - 2024-05-15 02:45:40 --> Session: Class initialized using 'CodeIgniter\Session\Handlers\DatabaseHandler' driver.
INFO - 2024-05-15 05:45:40 --> CSRF token verified.
ERROR - 2024-05-15 05:45:40 --> mysqli_sql_exception: Duplicate entry '5' for key 'categories.PRIMARY' in /home/impexall/seller.impexally.com/system/Database/MySQLi/Connection.php:306
Stack trace:
#0 /home/impexall/seller.impexally.com/system/Database/MySQLi/Connection.php(306): mysqli->query()
#1 /home/impexall/seller.impexally.com/system/Database/BaseConnection.php(692): CodeIgniter\Database\MySQLi\Connection->execute()
#2 /home/impexall/seller.impexally.com/system/Database/BaseConnection.php(606): CodeIgniter\Database\BaseConnection->simpleQuery()
#3 /home/impexall/seller.impexally.com/system/Database/BaseBuilder.php(2308): CodeIgniter\Database\BaseConnection->query()
#4 /home/impexall/seller.impexally.com/app/Models/CategoryModel.php(654): CodeIgniter\Database\BaseBuilder->insert()
#5 /home/impexall/seller.impexally.com/app/Controllers/CategoryController.php(184): App\Models\CategoryModel->importCsvItem()
#6 /home/impexall/seller.impexally.com/system/CodeIgniter.php(918): App\Controllers\CategoryController->importCsvItemPost()
#7 /home/impexall/seller.impexally.com/system/CodeIgniter.php(493): CodeIgniter\CodeIgniter->runController()
#8 /home/impexall/seller.impexally.com/system/CodeIgniter.php(352): CodeIgniter\CodeIgniter->handleRequest()
#9 /home/impexall/seller.impexally.com/index.php(95): CodeIgniter\CodeIgniter->run()
#10 {main}
CRITICAL - 2024-05-15 05:45:40 --> Duplicate entry '5' for key 'categories.PRIMARY'
in SYSTEMPATH/Database/BaseConnection.php on line 646.
 1 SYSTEMPATH/Database/BaseBuilder.php(2308): CodeIgniter\Database\BaseConnection->query()
 2 APPPATH/Models/CategoryModel.php(654): CodeIgniter\Database\BaseBuilder->insert()
 3 APPPATH/Controllers/CategoryController.php(184): App\Models\CategoryModel->importCsvItem()
 4 SYSTEMPATH/CodeIgniter.php(918): App\Controllers\CategoryController->importCsvItemPost()
 5 SYSTEMPATH/CodeIgniter.php(493): CodeIgniter\CodeIgniter->runController()
 6 SYSTEMPATH/CodeIgniter.php(352): CodeIgniter\CodeIgniter->handleRequest()
 7 FCPATH/index.php(95): CodeIgniter\CodeIgniter->run()
INFO - 2024-05-15 02:45:41 --> Session: Class initialized using 'CodeIgniter\Session\Handlers\DatabaseHandler' driver.
INFO - 2024-05-15 05:45:41 --> CSRF token verified.
ERROR - 2024-05-15 05:45:41 --> mysqli_sql_exception: Duplicate entry '6' for key 'categories.PRIMARY' in /home/impexall/seller.impexally.com/system/Database/MySQLi/Connection.php:306
Stack trace:
#0 /home/impexall/seller.impexally.com/system/Database/MySQLi/Connection.php(306): mysqli->query()
#1 /home/impexall/seller.impexally.com/system/Database/BaseConnection.php(692): CodeIgniter\Database\MySQLi\Connection->execute()
#2 /home/impexall/seller.impexally.com/system/Database/BaseConnection.php(606): CodeIgniter\Database\BaseConnection->simpleQuery()
#3 /home/impexall/seller.impexally.com/system/Database/BaseBuilder.php(2308): CodeIgniter\Database\BaseConnection->query()
#4 /home/impexall/seller.impexally.com/app/Models/CategoryModel.php(654): CodeIgniter\Database\BaseBuilder->insert()
#5 /home/impexall/seller.impexally.com/app/Controllers/CategoryController.php(184): App\Models\CategoryModel->importCsvItem()
#6 /home/impexall/seller.impexally.com/system/CodeIgniter.php(918): App\Controllers\CategoryController->importCsvItemPost()
#7 /home/impexall/seller.impexally.com/system/CodeIgniter.php(493): CodeIgniter\CodeIgniter->runController()
#8 /home/impexall/seller.impexally.com/system/CodeIgniter.php(352): CodeIgniter\CodeIgniter->handleRequest()
#9 /home/impexall/seller.impexally.com/index.php(95): CodeIgniter\CodeIgniter->run()
#10 {main}
CRITICAL - 2024-05-15 05:45:41 --> Duplicate entry '6' for key 'categories.PRIMARY'
in SYSTEMPATH/Database/BaseConnection.php on line 646.
 1 SYSTEMPATH/Database/BaseBuilder.php(2308): CodeIgniter\Database\BaseConnection->query()
 2 APPPATH/Models/CategoryModel.php(654): CodeIgniter\Database\BaseBuilder->insert()
 3 APPPATH/Controllers/CategoryController.php(184): App\Models\CategoryModel->importCsvItem()
 4 SYSTEMPATH/CodeIgniter.php(918): App\Controllers\CategoryController->importCsvItemPost()
 5 SYSTEMPATH/CodeIgniter.php(493): CodeIgniter\CodeIgniter->runController()
 6 SYSTEMPATH/CodeIgniter.php(352): CodeIgniter\CodeIgniter->handleRequest()
 7 FCPATH/index.php(95): CodeIgniter\CodeIgniter->run()
INFO - 2024-05-15 02:45:41 --> Session: Class initialized using 'CodeIgniter\Session\Handlers\DatabaseHandler' driver.
INFO - 2024-05-15 05:45:41 --> CSRF token verified.
ERROR - 2024-05-15 05:45:41 --> mysqli_sql_exception: Duplicate entry '7' for key 'categories.PRIMARY' in /home/impexall/seller.impexally.com/system/Database/MySQLi/Connection.php:306
Stack trace:
#0 /home/impexall/seller.impexally.com/system/Database/MySQLi/Connection.php(306): mysqli->query()
#1 /home/impexall/seller.impexally.com/system/Database/BaseConnection.php(692): CodeIgniter\Database\MySQLi\Connection->execute()
#2 /home/impexall/seller.impexally.com/system/Database/BaseConnection.php(606): CodeIgniter\Database\BaseConnection->simpleQuery()
#3 /home/impexall/seller.impexally.com/system/Database/BaseBuilder.php(2308): CodeIgniter\Database\BaseConnection->query()
#4 /home/impexall/seller.impexally.com/app/Models/CategoryModel.php(654): CodeIgniter\Database\BaseBuilder->insert()
#5 /home/impexall/seller.impexally.com/app/Controllers/CategoryController.php(184): App\Models\CategoryModel->importCsvItem()
#6 /home/impexall/seller.impexally.com/system/CodeIgniter.php(918): App\Controllers\CategoryController->importCsvItemPost()
#7 /home/impexall/seller.impexally.com/system/CodeIgniter.php(493): CodeIgniter\CodeIgniter->runController()
#8 /home/impexall/seller.impexally.com/system/CodeIgniter.php(352): CodeIgniter\CodeIgniter->handleRequest()
#9 /home/impexall/seller.impexally.com/index.php(95): CodeIgniter\CodeIgniter->run()
#10 {main}
CRITICAL - 2024-05-15 05:45:41 --> Duplicate entry '7' for key 'categories.PRIMARY'
in SYSTEMPATH/Database/BaseConnection.php on line 646.
 1 SYSTEMPATH/Database/BaseBuilder.php(2308): CodeIgniter\Database\BaseConnection->query()
 2 APPPATH/Models/CategoryModel.php(654): CodeIgniter\Database\BaseBuilder->insert()
 3 APPPATH/Controllers/CategoryController.php(184): App\Models\CategoryModel->importCsvItem()
 4 SYSTEMPATH/CodeIgniter.php(918): App\Controllers\CategoryController->importCsvItemPost()
 5 SYSTEMPATH/CodeIgniter.php(493): CodeIgniter\CodeIgniter->runController()
 6 SYSTEMPATH/CodeIgniter.php(352): CodeIgniter\CodeIgniter->handleRequest()
 7 FCPATH/index.php(95): CodeIgniter\CodeIgniter->run()
INFO - 2024-05-15 02:45:41 --> Session: Class initialized using 'CodeIgniter\Session\Handlers\DatabaseHandler' driver.
INFO - 2024-05-15 05:45:41 --> CSRF token verified.
ERROR - 2024-05-15 05:45:41 --> mysqli_sql_exception: Duplicate entry '8' for key 'categories.PRIMARY' in /home/impexall/seller.impexally.com/system/Database/MySQLi/Connection.php:306
Stack trace:
#0 /home/impexall/seller.impexally.com/system/Database/MySQLi/Connection.php(306): mysqli->query()
#1 /home/impexall/seller.impexally.com/system/Database/BaseConnection.php(692): CodeIgniter\Database\MySQLi\Connection->execute()
#2 /home/impexall/seller.impexally.com/system/Database/BaseConnection.php(606): CodeIgniter\Database\BaseConnection->simpleQuery()
#3 /home/impexall/seller.impexally.com/system/Database/BaseBuilder.php(2308): CodeIgniter\Database\BaseConnection->query()
#4 /home/impexall/seller.impexally.com/app/Models/CategoryModel.php(654): CodeIgniter\Database\BaseBuilder->insert()
#5 /home/impexall/seller.impexally.com/app/Controllers/CategoryController.php(184): App\Models\CategoryModel->importCsvItem()
#6 /home/impexall/seller.impexally.com/system/CodeIgniter.php(918): App\Controllers\CategoryController->importCsvItemPost()
#7 /home/impexall/seller.impexally.com/system/CodeIgniter.php(493): CodeIgniter\CodeIgniter->runController()
#8 /home/impexall/seller.impexally.com/system/CodeIgniter.php(352): CodeIgniter\CodeIgniter->handleRequest()
#9 /home/impexall/seller.impexally.com/index.php(95): CodeIgniter\CodeIgniter->run()
#10 {main}
CRITICAL - 2024-05-15 05:45:41 --> Duplicate entry '8' for key 'categories.PRIMARY'
in SYSTEMPATH/Database/BaseConnection.php on line 646.
 1 SYSTEMPATH/Database/BaseBuilder.php(2308): CodeIgniter\Database\BaseConnection->query()
 2 APPPATH/Models/CategoryModel.php(654): CodeIgniter\Database\BaseBuilder->insert()
 3 APPPATH/Controllers/CategoryController.php(184): App\Models\CategoryModel->importCsvItem()
 4 SYSTEMPATH/CodeIgniter.php(918): App\Controllers\CategoryController->importCsvItemPost()
 5 SYSTEMPATH/CodeIgniter.php(493): CodeIgniter\CodeIgniter->runController()
 6 SYSTEMPATH/CodeIgniter.php(352): CodeIgniter\CodeIgniter->handleRequest()
 7 FCPATH/index.php(95): CodeIgniter\CodeIgniter->run()
INFO - 2024-05-15 02:45:42 --> Session: Class initialized using 'CodeIgniter\Session\Handlers\DatabaseHandler' driver.
INFO - 2024-05-15 05:45:42 --> CSRF token verified.
ERROR - 2024-05-15 05:45:42 --> mysqli_sql_exception: Duplicate entry '9' for key 'categories.PRIMARY' in /home/impexall/seller.impexally.com/system/Database/MySQLi/Connection.php:306
Stack trace:
#0 /home/impexall/seller.impexally.com/system/Database/MySQLi/Connection.php(306): mysqli->query()
#1 /home/impexall/seller.impexally.com/system/Database/BaseConnection.php(692): CodeIgniter\Database\MySQLi\Connection->execute()
#2 /home/impexall/seller.impexally.com/system/Database/BaseConnection.php(606): CodeIgniter\Database\BaseConnection->simpleQuery()
#3 /home/impexall/seller.impexally.com/system/Database/BaseBuilder.php(2308): CodeIgniter\Database\BaseConnection->query()
#4 /home/impexall/seller.impexally.com/app/Models/CategoryModel.php(654): CodeIgniter\Database\BaseBuilder->insert()
#5 /home/impexall/seller.impexally.com/app/Controllers/CategoryController.php(184): App\Models\CategoryModel->importCsvItem()
#6 /home/impexall/seller.impexally.com/system/CodeIgniter.php(918): App\Controllers\CategoryController->importCsvItemPost()
#7 /home/impexall/seller.impexally.com/system/CodeIgniter.php(493): CodeIgniter\CodeIgniter->runController()
#8 /home/impexall/seller.impexally.com/system/CodeIgniter.php(352): CodeIgniter\CodeIgniter->handleRequest()
#9 /home/impexall/seller.impexally.com/index.php(95): CodeIgniter\CodeIgniter->run()
#10 {main}
CRITICAL - 2024-05-15 05:45:42 --> Duplicate entry '9' for key 'categories.PRIMARY'
in SYSTEMPATH/Database/BaseConnection.php on line 646.
 1 SYSTEMPATH/Database/BaseBuilder.php(2308): CodeIgniter\Database\BaseConnection->query()
 2 APPPATH/Models/CategoryModel.php(654): CodeIgniter\Database\BaseBuilder->insert()
 3 APPPATH/Controllers/CategoryController.php(184): App\Models\CategoryModel->importCsvItem()
 4 SYSTEMPATH/CodeIgniter.php(918): App\Controllers\CategoryController->importCsvItemPost()
 5 SYSTEMPATH/CodeIgniter.php(493): CodeIgniter\CodeIgniter->runController()
 6 SYSTEMPATH/CodeIgniter.php(352): CodeIgniter\CodeIgniter->handleRequest()
 7 FCPATH/index.php(95): CodeIgniter\CodeIgniter->run()
INFO - 2024-05-15 02:45:42 --> Session: Class initialized using 'CodeIgniter\Session\Handlers\DatabaseHandler' driver.
INFO - 2024-05-15 05:45:42 --> CSRF token verified.
ERROR - 2024-05-15 05:45:42 --> mysqli_sql_exception: Duplicate entry '10' for key 'categories.PRIMARY' in /home/impexall/seller.impexally.com/system/Database/MySQLi/Connection.php:306
Stack trace:
#0 /home/impexall/seller.impexally.com/system/Database/MySQLi/Connection.php(306): mysqli->query()
#1 /home/impexall/seller.impexally.com/system/Database/BaseConnection.php(692): CodeIgniter\Database\MySQLi\Connection->execute()
#2 /home/impexall/seller.impexally.com/system/Database/BaseConnection.php(606): CodeIgniter\Database\BaseConnection->simpleQuery()
#3 /home/impexall/seller.impexally.com/system/Database/BaseBuilder.php(2308): CodeIgniter\Database\BaseConnection->query()
#4 /home/impexall/seller.impexally.com/app/Models/CategoryModel.php(654): CodeIgniter\Database\BaseBuilder->insert()
#5 /home/impexall/seller.impexally.com/app/Controllers/CategoryController.php(184): App\Models\CategoryModel->importCsvItem()
#6 /home/impexall/seller.impexally.com/system/CodeIgniter.php(918): App\Controllers\CategoryController->importCsvItemPost()
#7 /home/impexall/seller.impexally.com/system/CodeIgniter.php(493): CodeIgniter\CodeIgniter->runController()
#8 /home/impexall/seller.impexally.com/system/CodeIgniter.php(352): CodeIgniter\CodeIgniter->handleRequest()
#9 /home/impexall/seller.impexally.com/index.php(95): CodeIgniter\CodeIgniter->run()
#10 {main}
CRITICAL - 2024-05-15 05:45:42 --> Duplicate entry '10' for key 'categories.PRIMARY'
in SYSTEMPATH/Database/BaseConnection.php on line 646.
 1 SYSTEMPATH/Database/BaseBuilder.php(2308): CodeIgniter\Database\BaseConnection->query()
 2 APPPATH/Models/CategoryModel.php(654): CodeIgniter\Database\BaseBuilder->insert()
 3 APPPATH/Controllers/CategoryController.php(184): App\Models\CategoryModel->importCsvItem()
 4 SYSTEMPATH/CodeIgniter.php(918): App\Controllers\CategoryController->importCsvItemPost()
 5 SYSTEMPATH/CodeIgniter.php(493): CodeIgniter\CodeIgniter->runController()
 6 SYSTEMPATH/CodeIgniter.php(352): CodeIgniter\CodeIgniter->handleRequest()
 7 FCPATH/index.php(95): CodeIgniter\CodeIgniter->run()
INFO - 2024-05-15 02:45:42 --> Session: Class initialized using 'CodeIgniter\Session\Handlers\DatabaseHandler' driver.
INFO - 2024-05-15 05:45:42 --> CSRF token verified.
ERROR - 2024-05-15 05:45:42 --> mysqli_sql_exception: Duplicate entry '11' for key 'categories.PRIMARY' in /home/impexall/seller.impexally.com/system/Database/MySQLi/Connection.php:306
Stack trace:
#0 /home/impexall/seller.impexally.com/system/Database/MySQLi/Connection.php(306): mysqli->query()
#1 /home/impexall/seller.impexally.com/system/Database/BaseConnection.php(692): CodeIgniter\Database\MySQLi\Connection->execute()
#2 /home/impexall/seller.impexally.com/system/Database/BaseConnection.php(606): CodeIgniter\Database\BaseConnection->simpleQuery()
#3 /home/impexall/seller.impexally.com/system/Database/BaseBuilder.php(2308): CodeIgniter\Database\BaseConnection->query()
#4 /home/impexall/seller.impexally.com/app/Models/CategoryModel.php(654): CodeIgniter\Database\BaseBuilder->insert()
#5 /home/impexall/seller.impexally.com/app/Controllers/CategoryController.php(184): App\Models\CategoryModel->importCsvItem()
#6 /home/impexall/seller.impexally.com/system/CodeIgniter.php(918): App\Controllers\CategoryController->importCsvItemPost()
#7 /home/impexall/seller.impexally.com/system/CodeIgniter.php(493): CodeIgniter\CodeIgniter->runController()
#8 /home/impexall/seller.impexally.com/system/CodeIgniter.php(352): CodeIgniter\CodeIgniter->handleRequest()
#9 /home/impexall/seller.impexally.com/index.php(95): CodeIgniter\CodeIgniter->run()
#10 {main}
CRITICAL - 2024-05-15 05:45:42 --> Duplicate entry '11' for key 'categories.PRIMARY'
in SYSTEMPATH/Database/BaseConnection.php on line 646.
 1 SYSTEMPATH/Database/BaseBuilder.php(2308): CodeIgniter\Database\BaseConnection->query()
 2 APPPATH/Models/CategoryModel.php(654): CodeIgniter\Database\BaseBuilder->insert()
 3 APPPATH/Controllers/CategoryController.php(184): App\Models\CategoryModel->importCsvItem()
 4 SYSTEMPATH/CodeIgniter.php(918): App\Controllers\CategoryController->importCsvItemPost()
 5 SYSTEMPATH/CodeIgniter.php(493): CodeIgniter\CodeIgniter->runController()
 6 SYSTEMPATH/CodeIgniter.php(352): CodeIgniter\CodeIgniter->handleRequest()
 7 FCPATH/index.php(95): CodeIgniter\CodeIgniter->run()
INFO - 2024-05-15 02:45:42 --> Session: Class initialized using 'CodeIgniter\Session\Handlers\DatabaseHandler' driver.
INFO - 2024-05-15 05:45:42 --> CSRF token verified.
ERROR - 2024-05-15 05:45:42 --> mysqli_sql_exception: Duplicate entry '12' for key 'categories.PRIMARY' in /home/impexall/seller.impexally.com/system/Database/MySQLi/Connection.php:306
Stack trace:
#0 /home/impexall/seller.impexally.com/system/Database/MySQLi/Connection.php(306): mysqli->query()
#1 /home/impexall/seller.impexally.com/system/Database/BaseConnection.php(692): CodeIgniter\Database\MySQLi\Connection->execute()
#2 /home/impexall/seller.impexally.com/system/Database/BaseConnection.php(606): CodeIgniter\Database\BaseConnection->simpleQuery()
#3 /home/impexall/seller.impexally.com/system/Database/BaseBuilder.php(2308): CodeIgniter\Database\BaseConnection->query()
#4 /home/impexall/seller.impexally.com/app/Models/CategoryModel.php(654): CodeIgniter\Database\BaseBuilder->insert()
#5 /home/impexall/seller.impexally.com/app/Controllers/CategoryController.php(184): App\Models\CategoryModel->importCsvItem()
#6 /home/impexall/seller.impexally.com/system/CodeIgniter.php(918): App\Controllers\CategoryController->importCsvItemPost()
#7 /home/impexall/seller.impexally.com/system/CodeIgniter.php(493): CodeIgniter\CodeIgniter->runController()
#8 /home/impexall/seller.impexally.com/system/CodeIgniter.php(352): CodeIgniter\CodeIgniter->handleRequest()
#9 /home/impexall/seller.impexally.com/index.php(95): CodeIgniter\CodeIgniter->run()
#10 {main}
CRITICAL - 2024-05-15 05:45:42 --> Duplicate entry '12' for key 'categories.PRIMARY'
in SYSTEMPATH/Database/BaseConnection.php on line 646.
 1 SYSTEMPATH/Database/BaseBuilder.php(2308): CodeIgniter\Database\BaseConnection->query()
 2 APPPATH/Models/CategoryModel.php(654): CodeIgniter\Database\BaseBuilder->insert()
 3 APPPATH/Controllers/CategoryController.php(184): App\Models\CategoryModel->importCsvItem()
 4 SYSTEMPATH/CodeIgniter.php(918): App\Controllers\CategoryController->importCsvItemPost()
 5 SYSTEMPATH/CodeIgniter.php(493): CodeIgniter\CodeIgniter->runController()
 6 SYSTEMPATH/CodeIgniter.php(352): CodeIgniter\CodeIgniter->handleRequest()
 7 FCPATH/index.php(95): CodeIgniter\CodeIgniter->run()
INFO - 2024-05-15 02:45:43 --> Session: Class initialized using 'CodeIgniter\Session\Handlers\DatabaseHandler' driver.
INFO - 2024-05-15 05:45:43 --> CSRF token verified.
ERROR - 2024-05-15 05:45:43 --> mysqli_sql_exception: Duplicate entry '13' for key 'categories.PRIMARY' in /home/impexall/seller.impexally.com/system/Database/MySQLi/Connection.php:306
Stack trace:
#0 /home/impexall/seller.impexally.com/system/Database/MySQLi/Connection.php(306): mysqli->query()
#1 /home/impexall/seller.impexally.com/system/Database/BaseConnection.php(692): CodeIgniter\Database\MySQLi\Connection->execute()
#2 /home/impexall/seller.impexally.com/system/Database/BaseConnection.php(606): CodeIgniter\Database\BaseConnection->simpleQuery()
#3 /home/impexall/seller.impexally.com/system/Database/BaseBuilder.php(2308): CodeIgniter\Database\BaseConnection->query()
#4 /home/impexall/seller.impexally.com/app/Models/CategoryModel.php(654): CodeIgniter\Database\BaseBuilder->insert()
#5 /home/impexall/seller.impexally.com/app/Controllers/CategoryController.php(184): App\Models\CategoryModel->importCsvItem()
#6 /home/impexall/seller.impexally.com/system/CodeIgniter.php(918): App\Controllers\CategoryController->importCsvItemPost()
#7 /home/impexall/seller.impexally.com/system/CodeIgniter.php(493): CodeIgniter\CodeIgniter->runController()
#8 /home/impexall/seller.impexally.com/system/CodeIgniter.php(352): CodeIgniter\CodeIgniter->handleRequest()
#9 /home/impexall/seller.impexally.com/index.php(95): CodeIgniter\CodeIgniter->run()
#10 {main}
CRITICAL - 2024-05-15 05:45:43 --> Duplicate entry '13' for key 'categories.PRIMARY'
in SYSTEMPATH/Database/BaseConnection.php on line 646.
 1 SYSTEMPATH/Database/BaseBuilder.php(2308): CodeIgniter\Database\BaseConnection->query()
 2 APPPATH/Models/CategoryModel.php(654): CodeIgniter\Database\BaseBuilder->insert()
 3 APPPATH/Controllers/CategoryController.php(184): App\Models\CategoryModel->importCsvItem()
 4 SYSTEMPATH/CodeIgniter.php(918): App\Controllers\CategoryController->importCsvItemPost()
 5 SYSTEMPATH/CodeIgniter.php(493): CodeIgniter\CodeIgniter->runController()
 6 SYSTEMPATH/CodeIgniter.php(352): CodeIgniter\CodeIgniter->handleRequest()
 7 FCPATH/index.php(95): CodeIgniter\CodeIgniter->run()
INFO - 2024-05-15 02:45:43 --> Session: Class initialized using 'CodeIgniter\Session\Handlers\DatabaseHandler' driver.
INFO - 2024-05-15 05:45:43 --> CSRF token verified.
INFO - 2024-05-15 02:45:43 --> Session: Class initialized using 'CodeIgniter\Session\Handlers\DatabaseHandler' driver.
INFO - 2024-05-15 05:45:43 --> CSRF token verified.
INFO - 2024-05-15 02:45:43 --> Session: Class initialized using 'CodeIgniter\Session\Handlers\DatabaseHandler' driver.
INFO - 2024-05-15 05:45:43 --> CSRF token verified.
INFO - 2024-05-15 02:45:44 --> Session: Class initialized using 'CodeIgniter\Session\Handlers\DatabaseHandler' driver.
INFO - 2024-05-15 05:45:44 --> CSRF token verified.
INFO - 2024-05-15 02:45:44 --> Session: Class initialized using 'CodeIgniter\Session\Handlers\DatabaseHandler' driver.
INFO - 2024-05-15 05:45:44 --> CSRF token verified.
INFO - 2024-05-15 02:45:44 --> Session: Class initialized using 'CodeIgniter\Session\Handlers\DatabaseHandler' driver.
INFO - 2024-05-15 05:45:44 --> CSRF token verified.
INFO - 2024-05-15 02:45:45 --> Session: Class initialized using 'CodeIgniter\Session\Handlers\DatabaseHandler' driver.
INFO - 2024-05-15 05:45:45 --> CSRF token verified.
INFO - 2024-05-15 02:45:45 --> Session: Class initialized using 'CodeIgniter\Session\Handlers\DatabaseHandler' driver.
INFO - 2024-05-15 05:45:45 --> CSRF token verified.
INFO - 2024-05-15 02:45:45 --> Session: Class initialized using 'CodeIgniter\Session\Handlers\DatabaseHandler' driver.
INFO - 2024-05-15 05:45:45 --> CSRF token verified.
INFO - 2024-05-15 02:45:45 --> Session: Class initialized using 'CodeIgniter\Session\Handlers\DatabaseHandler' driver.
INFO - 2024-05-15 05:45:45 --> CSRF token verified.
INFO - 2024-05-15 02:45:46 --> Session: Class initialized using 'CodeIgniter\Session\Handlers\DatabaseHandler' driver.
INFO - 2024-05-15 05:45:46 --> CSRF token verified.
INFO - 2024-05-15 02:45:46 --> Session: Class initialized using 'CodeIgniter\Session\Handlers\DatabaseHandler' driver.
INFO - 2024-05-15 05:45:46 --> CSRF token verified.
INFO - 2024-05-15 02:45:46 --> Session: Class initialized using 'CodeIgniter\Session\Handlers\DatabaseHandler' driver.
INFO - 2024-05-15 05:45:46 --> CSRF token verified.
INFO - 2024-05-15 02:45:46 --> Session: Class initialized using 'CodeIgniter\Session\Handlers\DatabaseHandler' driver.
INFO - 2024-05-15 05:45:46 --> CSRF token verified.
INFO - 2024-05-15 02:45:47 --> Session: Class initialized using 'CodeIgniter\Session\Handlers\DatabaseHandler' driver.
INFO - 2024-05-15 05:45:47 --> CSRF token verified.
INFO - 2024-05-15 02:45:47 --> Session: Class initialized using 'CodeIgniter\Session\Handlers\DatabaseHandler' driver.
INFO - 2024-05-15 05:45:47 --> CSRF token verified.
INFO - 2024-05-15 02:45:47 --> Session: Class initialized using 'CodeIgniter\Session\Handlers\DatabaseHandler' driver.
INFO - 2024-05-15 05:45:47 --> CSRF token verified.
INFO - 2024-05-15 02:45:48 --> Session: Class initialized using 'CodeIgniter\Session\Handlers\DatabaseHandler' driver.
INFO - 2024-05-15 05:45:48 --> CSRF token verified.
INFO - 2024-05-15 02:45:48 --> Session: Class initialized using 'CodeIgniter\Session\Handlers\DatabaseHandler' driver.
INFO - 2024-05-15 05:45:48 --> CSRF token verified.
INFO - 2024-05-15 02:45:48 --> Session: Class initialized using 'CodeIgniter\Session\Handlers\DatabaseHandler' driver.
INFO - 2024-05-15 05:45:48 --> CSRF token verified.
INFO - 2024-05-15 02:45:48 --> Session: Class initialized using 'CodeIgniter\Session\Handlers\DatabaseHandler' driver.
INFO - 2024-05-15 05:45:48 --> CSRF token verified.
INFO - 2024-05-15 02:45:49 --> Session: Class initialized using 'CodeIgniter\Session\Handlers\DatabaseHandler' driver.
INFO - 2024-05-15 05:45:49 --> CSRF token verified.
INFO - 2024-05-15 02:45:49 --> Session: Class initialized using 'CodeIgniter\Session\Handlers\DatabaseHandler' driver.
INFO - 2024-05-15 05:45:49 --> CSRF token verified.
INFO - 2024-05-15 02:45:49 --> Session: Class initialized using 'CodeIgniter\Session\Handlers\DatabaseHandler' driver.
INFO - 2024-05-15 05:45:49 --> CSRF token verified.
INFO - 2024-05-15 02:45:50 --> Session: Class initialized using 'CodeIgniter\Session\Handlers\DatabaseHandler' driver.
INFO - 2024-05-15 05:45:50 --> CSRF token verified.
INFO - 2024-05-15 02:46:10 --> Session: Class initialized using 'CodeIgniter\Session\Handlers\DatabaseHandler' driver.
INFO - 2024-05-15 02:46:10 --> Session: Class initialized using 'CodeIgniter\Session\Handlers\DatabaseHandler' driver.
INFO - 2024-05-15 05:46:10 --> CSRF token verified.
INFO - 2024-05-15 02:46:20 --> Session: Class initialized using 'CodeIgniter\Session\Handlers\DatabaseHandler' driver.
INFO - 2024-05-15 02:46:20 --> Session: Class initialized using 'CodeIgniter\Session\Handlers\DatabaseHandler' driver.
INFO - 2024-05-15 05:46:20 --> CSRF token verified.
INFO - 2024-05-15 02:46:31 --> Session: Class initialized using 'CodeIgniter\Session\Handlers\DatabaseHandler' driver.
INFO - 2024-05-15 02:46:31 --> Session: Class initialized using 'CodeIgniter\Session\Handlers\DatabaseHandler' driver.
INFO - 2024-05-15 05:46:31 --> CSRF token verified.
INFO - 2024-05-15 02:46:40 --> Session: Class initialized using 'CodeIgniter\Session\Handlers\DatabaseHandler' driver.
INFO - 2024-05-15 02:46:40 --> Session: Class initialized using 'CodeIgniter\Session\Handlers\DatabaseHandler' driver.
INFO - 2024-05-15 05:46:40 --> CSRF token verified.
INFO - 2024-05-15 02:46:52 --> Session: Class initialized using 'CodeIgniter\Session\Handlers\DatabaseHandler' driver.
INFO - 2024-05-15 05:46:52 --> CSRF token verified.
INFO - 2024-05-15 02:46:52 --> Session: Class initialized using 'CodeIgniter\Session\Handlers\DatabaseHandler' driver.
INFO - 2024-05-15 02:46:53 --> Session: Class initialized using 'CodeIgniter\Session\Handlers\DatabaseHandler' driver.
INFO - 2024-05-15 05:46:53 --> CSRF token verified.
INFO - 2024-05-15 02:46:55 --> Session: Class initialized using 'CodeIgniter\Session\Handlers\DatabaseHandler' driver.
INFO - 2024-05-15 05:46:55 --> CSRF token verified.
INFO - 2024-05-15 02:46:56 --> Session: Class initialized using 'CodeIgniter\Session\Handlers\DatabaseHandler' driver.
INFO - 2024-05-15 02:46:56 --> Session: Class initialized using 'CodeIgniter\Session\Handlers\DatabaseHandler' driver.
INFO - 2024-05-15 05:46:56 --> CSRF token verified.
INFO - 2024-05-15 02:47:01 --> Session: Class initialized using 'CodeIgniter\Session\Handlers\DatabaseHandler' driver.
INFO - 2024-05-15 05:47:01 --> CSRF token verified.
INFO - 2024-05-15 02:47:01 --> Session: Class initialized using 'CodeIgniter\Session\Handlers\DatabaseHandler' driver.
INFO - 2024-05-15 02:47:01 --> Session: Class initialized using 'CodeIgniter\Session\Handlers\DatabaseHandler' driver.
INFO - 2024-05-15 05:47:01 --> CSRF token verified.
INFO - 2024-05-15 02:47:05 --> Session: Class initialized using 'CodeIgniter\Session\Handlers\DatabaseHandler' driver.
INFO - 2024-05-15 05:47:05 --> CSRF token verified.
INFO - 2024-05-15 02:47:05 --> Session: Class initialized using 'CodeIgniter\Session\Handlers\DatabaseHandler' driver.
INFO - 2024-05-15 02:47:05 --> Session: Class initialized using 'CodeIgniter\Session\Handlers\DatabaseHandler' driver.
INFO - 2024-05-15 05:47:05 --> CSRF token verified.
INFO - 2024-05-15 02:47:08 --> Session: Class initialized using 'CodeIgniter\Session\Handlers\DatabaseHandler' driver.
INFO - 2024-05-15 05:47:08 --> CSRF token verified.
INFO - 2024-05-15 02:47:08 --> Session: Class initialized using 'CodeIgniter\Session\Handlers\DatabaseHandler' driver.
INFO - 2024-05-15 02:47:08 --> Session: Class initialized using 'CodeIgniter\Session\Handlers\DatabaseHandler' driver.
INFO - 2024-05-15 05:47:08 --> CSRF token verified.
INFO - 2024-05-15 02:47:11 --> Session: Class initialized using 'CodeIgniter\Session\Handlers\DatabaseHandler' driver.
INFO - 2024-05-15 05:47:11 --> CSRF token verified.
INFO - 2024-05-15 02:47:11 --> Session: Class initialized using 'CodeIgniter\Session\Handlers\DatabaseHandler' driver.
INFO - 2024-05-15 02:47:11 --> Session: Class initialized using 'CodeIgniter\Session\Handlers\DatabaseHandler' driver.
INFO - 2024-05-15 05:47:11 --> CSRF token verified.
INFO - 2024-05-15 02:47:13 --> Session: Class initialized using 'CodeIgniter\Session\Handlers\DatabaseHandler' driver.
INFO - 2024-05-15 05:47:13 --> CSRF token verified.
INFO - 2024-05-15 02:47:14 --> Session: Class initialized using 'CodeIgniter\Session\Handlers\DatabaseHandler' driver.
INFO - 2024-05-15 02:47:14 --> Session: Class initialized using 'CodeIgniter\Session\Handlers\DatabaseHandler' driver.
INFO - 2024-05-15 05:47:14 --> CSRF token verified.
INFO - 2024-05-15 02:47:16 --> Session: Class initialized using 'CodeIgniter\Session\Handlers\DatabaseHandler' driver.
INFO - 2024-05-15 05:47:16 --> CSRF token verified.
INFO - 2024-05-15 02:47:16 --> Session: Class initialized using 'CodeIgniter\Session\Handlers\DatabaseHandler' driver.
INFO - 2024-05-15 02:47:16 --> Session: Class initialized using 'CodeIgniter\Session\Handlers\DatabaseHandler' driver.
INFO - 2024-05-15 05:47:16 --> CSRF token verified.
INFO - 2024-05-15 02:47:19 --> Session: Class initialized using 'CodeIgniter\Session\Handlers\DatabaseHandler' driver.
INFO - 2024-05-15 05:47:19 --> CSRF token verified.
INFO - 2024-05-15 02:47:19 --> Session: Class initialized using 'CodeIgniter\Session\Handlers\DatabaseHandler' driver.
INFO - 2024-05-15 02:47:19 --> Session: Class initialized using 'CodeIgniter\Session\Handlers\DatabaseHandler' driver.
INFO - 2024-05-15 05:47:19 --> CSRF token verified.
INFO - 2024-05-15 02:47:25 --> Session: Class initialized using 'CodeIgniter\Session\Handlers\DatabaseHandler' driver.
INFO - 2024-05-15 05:47:25 --> CSRF token verified.
INFO - 2024-05-15 02:47:25 --> Session: Class initialized using 'CodeIgniter\Session\Handlers\DatabaseHandler' driver.
INFO - 2024-05-15 02:47:26 --> Session: Class initialized using 'CodeIgniter\Session\Handlers\DatabaseHandler' driver.
INFO - 2024-05-15 05:47:26 --> CSRF token verified.
INFO - 2024-05-15 02:47:28 --> Session: Class initialized using 'CodeIgniter\Session\Handlers\DatabaseHandler' driver.
INFO - 2024-05-15 05:47:28 --> CSRF token verified.
INFO - 2024-05-15 02:47:28 --> Session: Class initialized using 'CodeIgniter\Session\Handlers\DatabaseHandler' driver.
INFO - 2024-05-15 02:47:29 --> Session: Class initialized using 'CodeIgniter\Session\Handlers\DatabaseHandler' driver.
INFO - 2024-05-15 05:47:29 --> CSRF token verified.
INFO - 2024-05-15 02:47:31 --> Session: Class initialized using 'CodeIgniter\Session\Handlers\DatabaseHandler' driver.
INFO - 2024-05-15 05:47:31 --> CSRF token verified.
INFO - 2024-05-15 02:47:31 --> Session: Class initialized using 'CodeIgniter\Session\Handlers\DatabaseHandler' driver.
INFO - 2024-05-15 02:47:31 --> Session: Class initialized using 'CodeIgniter\Session\Handlers\DatabaseHandler' driver.
INFO - 2024-05-15 05:47:31 --> CSRF token verified.
INFO - 2024-05-15 02:47:33 --> Session: Class initialized using 'CodeIgniter\Session\Handlers\DatabaseHandler' driver.
INFO - 2024-05-15 05:47:33 --> CSRF token verified.
INFO - 2024-05-15 02:47:34 --> Session: Class initialized using 'CodeIgniter\Session\Handlers\DatabaseHandler' driver.
INFO - 2024-05-15 02:47:34 --> Session: Class initialized using 'CodeIgniter\Session\Handlers\DatabaseHandler' driver.
INFO - 2024-05-15 05:47:34 --> CSRF token verified.
INFO - 2024-05-15 02:47:37 --> Session: Class initialized using 'CodeIgniter\Session\Handlers\DatabaseHandler' driver.
INFO - 2024-05-15 05:47:37 --> CSRF token verified.
INFO - 2024-05-15 02:47:37 --> Session: Class initialized using 'CodeIgniter\Session\Handlers\DatabaseHandler' driver.
INFO - 2024-05-15 02:47:37 --> Session: Class initialized using 'CodeIgniter\Session\Handlers\DatabaseHandler' driver.
INFO - 2024-05-15 05:47:37 --> CSRF token verified.
INFO - 2024-05-15 02:47:39 --> Session: Class initialized using 'CodeIgniter\Session\Handlers\DatabaseHandler' driver.
INFO - 2024-05-15 02:47:39 --> Session: Class initialized using 'CodeIgniter\Session\Handlers\DatabaseHandler' driver.
INFO - 2024-05-15 05:47:39 --> CSRF token verified.
INFO - 2024-05-15 02:47:47 --> Session: Class initialized using 'CodeIgniter\Session\Handlers\DatabaseHandler' driver.
INFO - 2024-05-15 05:47:47 --> CSRF token verified.
INFO - 2024-05-15 02:47:47 --> Session: Class initialized using 'CodeIgniter\Session\Handlers\DatabaseHandler' driver.
INFO - 2024-05-15 02:47:48 --> Session: Class initialized using 'CodeIgniter\Session\Handlers\DatabaseHandler' driver.
INFO - 2024-05-15 05:47:48 --> CSRF token verified.
INFO - 2024-05-15 02:47:50 --> Session: Class initialized using 'CodeIgniter\Session\Handlers\DatabaseHandler' driver.
INFO - 2024-05-15 05:47:50 --> CSRF token verified.
INFO - 2024-05-15 02:47:50 --> Session: Class initialized using 'CodeIgniter\Session\Handlers\DatabaseHandler' driver.
INFO - 2024-05-15 02:47:51 --> Session: Class initialized using 'CodeIgniter\Session\Handlers\DatabaseHandler' driver.
INFO - 2024-05-15 05:47:51 --> CSRF token verified.
INFO - 2024-05-15 02:47:53 --> Session: Class initialized using 'CodeIgniter\Session\Handlers\DatabaseHandler' driver.
INFO - 2024-05-15 05:47:53 --> CSRF token verified.
INFO - 2024-05-15 02:47:54 --> Session: Class initialized using 'CodeIgniter\Session\Handlers\DatabaseHandler' driver.
INFO - 2024-05-15 02:47:54 --> Session: Class initialized using 'CodeIgniter\Session\Handlers\DatabaseHandler' driver.
INFO - 2024-05-15 05:47:54 --> CSRF token verified.
INFO - 2024-05-15 02:47:56 --> Session: Class initialized using 'CodeIgniter\Session\Handlers\DatabaseHandler' driver.
INFO - 2024-05-15 05:47:56 --> CSRF token verified.
INFO - 2024-05-15 02:47:57 --> Session: Class initialized using 'CodeIgniter\Session\Handlers\DatabaseHandler' driver.
INFO - 2024-05-15 02:47:57 --> Session: Class initialized using 'CodeIgniter\Session\Handlers\DatabaseHandler' driver.
INFO - 2024-05-15 05:47:57 --> CSRF token verified.
INFO - 2024-05-15 02:48:00 --> Session: Class initialized using 'CodeIgniter\Session\Handlers\DatabaseHandler' driver.
INFO - 2024-05-15 05:48:00 --> CSRF token verified.
INFO - 2024-05-15 02:48:01 --> Session: Class initialized using 'CodeIgniter\Session\Handlers\DatabaseHandler' driver.
INFO - 2024-05-15 02:48:01 --> Session: Class initialized using 'CodeIgniter\Session\Handlers\DatabaseHandler' driver.
INFO - 2024-05-15 05:48:01 --> CSRF token verified.
INFO - 2024-05-15 02:48:04 --> Session: Class initialized using 'CodeIgniter\Session\Handlers\DatabaseHandler' driver.
INFO - 2024-05-15 05:48:04 --> CSRF token verified.
INFO - 2024-05-15 02:48:05 --> Session: Class initialized using 'CodeIgniter\Session\Handlers\DatabaseHandler' driver.
INFO - 2024-05-15 02:48:05 --> Session: Class initialized using 'CodeIgniter\Session\Handlers\DatabaseHandler' driver.
INFO - 2024-05-15 05:48:05 --> CSRF token verified.
INFO - 2024-05-15 02:48:07 --> Session: Class initialized using 'CodeIgniter\Session\Handlers\DatabaseHandler' driver.
INFO - 2024-05-15 05:48:07 --> CSRF token verified.
INFO - 2024-05-15 02:48:07 --> Session: Class initialized using 'CodeIgniter\Session\Handlers\DatabaseHandler' driver.
INFO - 2024-05-15 02:48:08 --> Session: Class initialized using 'CodeIgniter\Session\Handlers\DatabaseHandler' driver.
INFO - 2024-05-15 05:48:08 --> CSRF token verified.
INFO - 2024-05-15 02:48:10 --> Session: Class initialized using 'CodeIgniter\Session\Handlers\DatabaseHandler' driver.
INFO - 2024-05-15 05:48:10 --> CSRF token verified.
INFO - 2024-05-15 02:48:10 --> Session: Class initialized using 'CodeIgniter\Session\Handlers\DatabaseHandler' driver.
INFO - 2024-05-15 02:48:10 --> Session: Class initialized using 'CodeIgniter\Session\Handlers\DatabaseHandler' driver.
INFO - 2024-05-15 05:48:10 --> CSRF token verified.
INFO - 2024-05-15 02:48:12 --> Session: Class initialized using 'CodeIgniter\Session\Handlers\DatabaseHandler' driver.
INFO - 2024-05-15 05:48:12 --> CSRF token verified.
INFO - 2024-05-15 02:48:13 --> Session: Class initialized using 'CodeIgniter\Session\Handlers\DatabaseHandler' driver.
INFO - 2024-05-15 02:48:13 --> Session: Class initialized using 'CodeIgniter\Session\Handlers\DatabaseHandler' driver.
INFO - 2024-05-15 05:48:13 --> CSRF token verified.
INFO - 2024-05-15 02:48:16 --> Session: Class initialized using 'CodeIgniter\Session\Handlers\DatabaseHandler' driver.
INFO - 2024-05-15 05:48:16 --> CSRF token verified.
INFO - 2024-05-15 02:48:17 --> Session: Class initialized using 'CodeIgniter\Session\Handlers\DatabaseHandler' driver.
INFO - 2024-05-15 02:48:17 --> Session: Class initialized using 'CodeIgniter\Session\Handlers\DatabaseHandler' driver.
INFO - 2024-05-15 05:48:17 --> CSRF token verified.
INFO - 2024-05-15 02:48:19 --> Session: Class initialized using 'CodeIgniter\Session\Handlers\DatabaseHandler' driver.
INFO - 2024-05-15 05:48:19 --> CSRF token verified.
INFO - 2024-05-15 02:48:19 --> Session: Class initialized using 'CodeIgniter\Session\Handlers\DatabaseHandler' driver.
INFO - 2024-05-15 02:48:20 --> Session: Class initialized using 'CodeIgniter\Session\Handlers\DatabaseHandler' driver.
INFO - 2024-05-15 05:48:20 --> CSRF token verified.
INFO - 2024-05-15 02:48:26 --> Session: Class initialized using 'CodeIgniter\Session\Handlers\DatabaseHandler' driver.
INFO - 2024-05-15 02:48:26 --> Session: Class initialized using 'CodeIgniter\Session\Handlers\DatabaseHandler' driver.
INFO - 2024-05-15 05:48:27 --> CSRF token verified.
INFO - 2024-05-15 02:48:29 --> Session: Class initialized using 'CodeIgniter\Session\Handlers\DatabaseHandler' driver.
INFO - 2024-05-15 02:48:30 --> Session: Class initialized using 'CodeIgniter\Session\Handlers\DatabaseHandler' driver.
INFO - 2024-05-15 05:48:30 --> CSRF token verified.
INFO - 2024-05-15 02:48:46 --> Session: Class initialized using 'CodeIgniter\Session\Handlers\DatabaseHandler' driver.
INFO - 2024-05-15 02:48:46 --> Session: Class initialized using 'CodeIgniter\Session\Handlers\DatabaseHandler' driver.
INFO - 2024-05-15 05:48:46 --> CSRF token verified.
INFO - 2024-05-15 02:48:54 --> Session: Class initialized using 'CodeIgniter\Session\Handlers\DatabaseHandler' driver.
INFO - 2024-05-15 02:48:54 --> Session: Class initialized using 'CodeIgniter\Session\Handlers\DatabaseHandler' driver.
INFO - 2024-05-15 05:48:54 --> CSRF token verified.
INFO - 2024-05-15 02:48:57 --> Session: Class initialized using 'CodeIgniter\Session\Handlers\DatabaseHandler' driver.
INFO - 2024-05-15 02:48:57 --> Session: Class initialized using 'CodeIgniter\Session\Handlers\DatabaseHandler' driver.
INFO - 2024-05-15 05:48:57 --> CSRF token verified.
INFO - 2024-05-15 02:49:35 --> Session: Class initialized using 'CodeIgniter\Session\Handlers\DatabaseHandler' driver.
INFO - 2024-05-15 05:49:35 --> CSRF token verified.
INFO - 2024-05-15 02:49:35 --> Session: Class initialized using 'CodeIgniter\Session\Handlers\DatabaseHandler' driver.
INFO - 2024-05-15 02:49:35 --> Session: Class initialized using 'CodeIgniter\Session\Handlers\DatabaseHandler' driver.
INFO - 2024-05-15 05:49:35 --> CSRF token verified.
INFO - 2024-05-15 02:49:37 --> Session: Class initialized using 'CodeIgniter\Session\Handlers\DatabaseHandler' driver.
INFO - 2024-05-15 02:49:38 --> Session: Class initialized using 'CodeIgniter\Session\Handlers\DatabaseHandler' driver.
INFO - 2024-05-15 05:49:38 --> CSRF token verified.
INFO - 2024-05-15 02:50:05 --> Session: Class initialized using 'CodeIgniter\Session\Handlers\DatabaseHandler' driver.
INFO - 2024-05-15 02:50:05 --> Session: Class initialized using 'CodeIgniter\Session\Handlers\DatabaseHandler' driver.
INFO - 2024-05-15 05:50:05 --> CSRF token verified.
INFO - 2024-05-15 02:50:29 --> Session: Class initialized using 'CodeIgniter\Session\Handlers\DatabaseHandler' driver.
INFO - 2024-05-15 05:50:29 --> CSRF token verified.
INFO - 2024-05-15 02:50:29 --> Session: Class initialized using 'CodeIgniter\Session\Handlers\DatabaseHandler' driver.
INFO - 2024-05-15 02:50:30 --> Session: Class initialized using 'CodeIgniter\Session\Handlers\DatabaseHandler' driver.
INFO - 2024-05-15 05:50:30 --> CSRF token verified.
INFO - 2024-05-15 02:50:46 --> Session: Class initialized using 'CodeIgniter\Session\Handlers\DatabaseHandler' driver.
INFO - 2024-05-15 05:50:46 --> CSRF token verified.
INFO - 2024-05-15 02:50:46 --> Session: Class initialized using 'CodeIgniter\Session\Handlers\DatabaseHandler' driver.
INFO - 2024-05-15 02:50:47 --> Session: Class initialized using 'CodeIgniter\Session\Handlers\DatabaseHandler' driver.
INFO - 2024-05-15 05:50:47 --> CSRF token verified.
INFO - 2024-05-15 02:51:05 --> Session: Class initialized using 'CodeIgniter\Session\Handlers\DatabaseHandler' driver.
INFO - 2024-05-15 05:51:05 --> CSRF token verified.
INFO - 2024-05-15 02:51:05 --> Session: Class initialized using 'CodeIgniter\Session\Handlers\DatabaseHandler' driver.
INFO - 2024-05-15 02:51:06 --> Session: Class initialized using 'CodeIgniter\Session\Handlers\DatabaseHandler' driver.
INFO - 2024-05-15 05:51:06 --> CSRF token verified.
INFO - 2024-05-15 02:51:30 --> Session: Class initialized using 'CodeIgniter\Session\Handlers\DatabaseHandler' driver.
INFO - 2024-05-15 05:51:30 --> CSRF token verified.
INFO - 2024-05-15 02:51:31 --> Session: Class initialized using 'CodeIgniter\Session\Handlers\DatabaseHandler' driver.
INFO - 2024-05-15 02:51:31 --> Session: Class initialized using 'CodeIgniter\Session\Handlers\DatabaseHandler' driver.
INFO - 2024-05-15 05:51:31 --> CSRF token verified.
INFO - 2024-05-15 02:51:55 --> Session: Class initialized using 'CodeIgniter\Session\Handlers\DatabaseHandler' driver.
INFO - 2024-05-15 05:51:55 --> CSRF token verified.
INFO - 2024-05-15 02:51:55 --> Session: Class initialized using 'CodeIgniter\Session\Handlers\DatabaseHandler' driver.
INFO - 2024-05-15 02:51:56 --> Session: Class initialized using 'CodeIgniter\Session\Handlers\DatabaseHandler' driver.
INFO - 2024-05-15 05:51:56 --> CSRF token verified.
INFO - 2024-05-15 02:51:57 --> Session: Class initialized using 'CodeIgniter\Session\Handlers\DatabaseHandler' driver.
INFO - 2024-05-15 02:51:58 --> Session: Class initialized using 'CodeIgniter\Session\Handlers\DatabaseHandler' driver.
INFO - 2024-05-15 05:51:58 --> CSRF token verified.
INFO - 2024-05-15 02:52:04 --> Session: Class initialized using 'CodeIgniter\Session\Handlers\DatabaseHandler' driver.
INFO - 2024-05-15 02:52:04 --> Session: Class initialized using 'CodeIgniter\Session\Handlers\DatabaseHandler' driver.
INFO - 2024-05-15 05:52:04 --> CSRF token verified.
INFO - 2024-05-15 02:52:10 --> Session: Class initialized using 'CodeIgniter\Session\Handlers\DatabaseHandler' driver.
INFO - 2024-05-15 02:52:10 --> Session: Class initialized using 'CodeIgniter\Session\Handlers\DatabaseHandler' driver.
INFO - 2024-05-15 05:52:10 --> CSRF token verified.
INFO - 2024-05-15 02:52:12 --> Session: Class initialized using 'CodeIgniter\Session\Handlers\DatabaseHandler' driver.
INFO - 2024-05-15 02:52:12 --> Session: Class initialized using 'CodeIgniter\Session\Handlers\DatabaseHandler' driver.
INFO - 2024-05-15 05:52:12 --> CSRF token verified.
INFO - 2024-05-15 02:52:14 --> Session: Class initialized using 'CodeIgniter\Session\Handlers\DatabaseHandler' driver.
INFO - 2024-05-15 02:52:14 --> Session: Class initialized using 'CodeIgniter\Session\Handlers\DatabaseHandler' driver.
INFO - 2024-05-15 05:52:14 --> CSRF token verified.
INFO - 2024-05-15 02:52:15 --> Session: Class initialized using 'CodeIgniter\Session\Handlers\DatabaseHandler' driver.
INFO - 2024-05-15 02:52:16 --> Session: Class initialized using 'CodeIgniter\Session\Handlers\DatabaseHandler' driver.
INFO - 2024-05-15 05:52:16 --> CSRF token verified.
INFO - 2024-05-15 02:52:17 --> Session: Class initialized using 'CodeIgniter\Session\Handlers\DatabaseHandler' driver.
INFO - 2024-05-15 02:52:17 --> Session: Class initialized using 'CodeIgniter\Session\Handlers\DatabaseHandler' driver.
INFO - 2024-05-15 05:52:17 --> CSRF token verified.
INFO - 2024-05-15 02:52:18 --> Session: Class initialized using 'CodeIgniter\Session\Handlers\DatabaseHandler' driver.
INFO - 2024-05-15 02:52:19 --> Session: Class initialized using 'CodeIgniter\Session\Handlers\DatabaseHandler' driver.
INFO - 2024-05-15 05:52:19 --> CSRF token verified.
INFO - 2024-05-15 02:52:31 --> Session: Class initialized using 'CodeIgniter\Session\Handlers\DatabaseHandler' driver.
INFO - 2024-05-15 02:52:31 --> Session: Class initialized using 'CodeIgniter\Session\Handlers\DatabaseHandler' driver.
INFO - 2024-05-15 05:52:31 --> CSRF token verified.
INFO - 2024-05-15 02:52:51 --> Session: Class initialized using 'CodeIgniter\Session\Handlers\DatabaseHandler' driver.
INFO - 2024-05-15 05:52:51 --> CSRF token verified.
INFO - 2024-05-15 02:52:51 --> Session: Class initialized using 'CodeIgniter\Session\Handlers\DatabaseHandler' driver.
INFO - 2024-05-15 02:52:51 --> Session: Class initialized using 'CodeIgniter\Session\Handlers\DatabaseHandler' driver.
INFO - 2024-05-15 05:52:51 --> CSRF token verified.
INFO - 2024-05-15 02:52:53 --> Session: Class initialized using 'CodeIgniter\Session\Handlers\DatabaseHandler' driver.
INFO - 2024-05-15 02:52:53 --> Session: Class initialized using 'CodeIgniter\Session\Handlers\DatabaseHandler' driver.
INFO - 2024-05-15 05:52:53 --> CSRF token verified.
INFO - 2024-05-15 02:53:00 --> Session: Class initialized using 'CodeIgniter\Session\Handlers\DatabaseHandler' driver.
INFO - 2024-05-15 02:53:01 --> Session: Class initialized using 'CodeIgniter\Session\Handlers\DatabaseHandler' driver.
INFO - 2024-05-15 05:53:01 --> CSRF token verified.
INFO - 2024-05-15 02:53:17 --> Session: Class initialized using 'CodeIgniter\Session\Handlers\DatabaseHandler' driver.
INFO - 2024-05-15 05:53:17 --> CSRF token verified.
INFO - 2024-05-15 02:53:17 --> Session: Class initialized using 'CodeIgniter\Session\Handlers\DatabaseHandler' driver.
INFO - 2024-05-15 02:53:18 --> Session: Class initialized using 'CodeIgniter\Session\Handlers\DatabaseHandler' driver.
INFO - 2024-05-15 05:53:18 --> CSRF token verified.
INFO - 2024-05-15 02:53:39 --> Session: Class initialized using 'CodeIgniter\Session\Handlers\DatabaseHandler' driver.
INFO - 2024-05-15 05:53:39 --> CSRF token verified.
INFO - 2024-05-15 02:53:39 --> Session: Class initialized using 'CodeIgniter\Session\Handlers\DatabaseHandler' driver.
INFO - 2024-05-15 02:53:40 --> Session: Class initialized using 'CodeIgniter\Session\Handlers\DatabaseHandler' driver.
INFO - 2024-05-15 05:53:40 --> CSRF token verified.
INFO - 2024-05-15 02:53:58 --> Session: Class initialized using 'CodeIgniter\Session\Handlers\DatabaseHandler' driver.
INFO - 2024-05-15 05:53:58 --> CSRF token verified.
INFO - 2024-05-15 02:53:59 --> Session: Class initialized using 'CodeIgniter\Session\Handlers\DatabaseHandler' driver.
INFO - 2024-05-15 02:53:59 --> Session: Class initialized using 'CodeIgniter\Session\Handlers\DatabaseHandler' driver.
INFO - 2024-05-15 05:53:59 --> CSRF token verified.
INFO - 2024-05-15 02:54:16 --> Session: Class initialized using 'CodeIgniter\Session\Handlers\DatabaseHandler' driver.
INFO - 2024-05-15 05:54:16 --> CSRF token verified.
INFO - 2024-05-15 02:54:17 --> Session: Class initialized using 'CodeIgniter\Session\Handlers\DatabaseHandler' driver.
INFO - 2024-05-15 02:54:17 --> Session: Class initialized using 'CodeIgniter\Session\Handlers\DatabaseHandler' driver.
INFO - 2024-05-15 05:54:17 --> CSRF token verified.
INFO - 2024-05-15 02:54:36 --> Session: Class initialized using 'CodeIgniter\Session\Handlers\DatabaseHandler' driver.
INFO - 2024-05-15 05:54:36 --> CSRF token verified.
INFO - 2024-05-15 02:54:36 --> Session: Class initialized using 'CodeIgniter\Session\Handlers\DatabaseHandler' driver.
INFO - 2024-05-15 02:54:37 --> Session: Class initialized using 'CodeIgniter\Session\Handlers\DatabaseHandler' driver.
INFO - 2024-05-15 05:54:37 --> CSRF token verified.
INFO - 2024-05-15 02:54:56 --> Session: Class initialized using 'CodeIgniter\Session\Handlers\DatabaseHandler' driver.
INFO - 2024-05-15 05:54:56 --> CSRF token verified.
INFO - 2024-05-15 02:54:56 --> Session: Class initialized using 'CodeIgniter\Session\Handlers\DatabaseHandler' driver.
INFO - 2024-05-15 02:54:56 --> Session: Class initialized using 'CodeIgniter\Session\Handlers\DatabaseHandler' driver.
INFO - 2024-05-15 05:54:56 --> CSRF token verified.
INFO - 2024-05-15 02:55:01 --> Session: Class initialized using 'CodeIgniter\Session\Handlers\DatabaseHandler' driver.
INFO - 2024-05-15 02:55:01 --> Session: Class initialized using 'CodeIgniter\Session\Handlers\DatabaseHandler' driver.
INFO - 2024-05-15 05:55:01 --> CSRF token verified.
INFO - 2024-05-15 02:55:09 --> Session: Class initialized using 'CodeIgniter\Session\Handlers\DatabaseHandler' driver.
INFO - 2024-05-15 02:55:10 --> Session: Class initialized using 'CodeIgniter\Session\Handlers\DatabaseHandler' driver.
INFO - 2024-05-15 05:55:10 --> CSRF token verified.
INFO - 2024-05-15 02:55:32 --> Session: Class initialized using 'CodeIgniter\Session\Handlers\DatabaseHandler' driver.
INFO - 2024-05-15 02:55:33 --> Session: Class initialized using 'CodeIgniter\Session\Handlers\DatabaseHandler' driver.
INFO - 2024-05-15 05:55:33 --> CSRF token verified.
INFO - 2024-05-15 02:55:40 --> Session: Class initialized using 'CodeIgniter\Session\Handlers\DatabaseHandler' driver.
INFO - 2024-05-15 02:55:40 --> Session: Class initialized using 'CodeIgniter\Session\Handlers\DatabaseHandler' driver.
INFO - 2024-05-15 05:55:40 --> CSRF token verified.
INFO - 2024-05-15 02:55:47 --> Session: Class initialized using 'CodeIgniter\Session\Handlers\DatabaseHandler' driver.
INFO - 2024-05-15 02:55:48 --> Session: Class initialized using 'CodeIgniter\Session\Handlers\DatabaseHandler' driver.
INFO - 2024-05-15 05:55:48 --> CSRF token verified.
INFO - 2024-05-15 02:55:51 --> Session: Class initialized using 'CodeIgniter\Session\Handlers\DatabaseHandler' driver.
INFO - 2024-05-15 02:55:51 --> Session: Class initialized using 'CodeIgniter\Session\Handlers\DatabaseHandler' driver.
INFO - 2024-05-15 05:55:51 --> CSRF token verified.
INFO - 2024-05-15 02:56:08 --> Session: Class initialized using 'CodeIgniter\Session\Handlers\DatabaseHandler' driver.
INFO - 2024-05-15 02:56:09 --> Session: Class initialized using 'CodeIgniter\Session\Handlers\DatabaseHandler' driver.
INFO - 2024-05-15 05:56:09 --> CSRF token verified.
INFO - 2024-05-15 02:56:13 --> Session: Class initialized using 'CodeIgniter\Session\Handlers\DatabaseHandler' driver.
INFO - 2024-05-15 02:56:13 --> Session: Class initialized using 'CodeIgniter\Session\Handlers\DatabaseHandler' driver.
INFO - 2024-05-15 05:56:13 --> CSRF token verified.
INFO - 2024-05-15 02:56:16 --> Session: Class initialized using 'CodeIgniter\Session\Handlers\DatabaseHandler' driver.
INFO - 2024-05-15 02:56:17 --> Session: Class initialized using 'CodeIgniter\Session\Handlers\DatabaseHandler' driver.
INFO - 2024-05-15 05:56:17 --> CSRF token verified.
INFO - 2024-05-15 03:03:23 --> Session: Class initialized using 'CodeIgniter\Session\Handlers\DatabaseHandler' driver.
INFO - 2024-05-15 03:03:23 --> Session: Class initialized using 'CodeIgniter\Session\Handlers\DatabaseHandler' driver.
INFO - 2024-05-15 06:03:23 --> CSRF token verified.
INFO - 2024-05-15 03:11:31 --> Session: Class initialized using 'CodeIgniter\Session\Handlers\DatabaseHandler' driver.
INFO - 2024-05-15 03:11:31 --> Session: Class initialized using 'CodeIgniter\Session\Handlers\DatabaseHandler' driver.
INFO - 2024-05-15 06:11:31 --> CSRF token verified.
INFO - 2024-05-15 03:18:05 --> Session: Class initialized using 'CodeIgniter\Session\Handlers\DatabaseHandler' driver.
INFO - 2024-05-15 03:18:06 --> Session: Class initialized using 'CodeIgniter\Session\Handlers\DatabaseHandler' driver.
INFO - 2024-05-15 03:25:47 --> Session: Class initialized using 'CodeIgniter\Session\Handlers\DatabaseHandler' driver.
INFO - 2024-05-15 03:25:47 --> Session: Class initialized using 'CodeIgniter\Session\Handlers\DatabaseHandler' driver.
INFO - 2024-05-15 06:25:47 --> CSRF token verified.
INFO - 2024-05-15 03:25:57 --> Session: Class initialized using 'CodeIgniter\Session\Handlers\DatabaseHandler' driver.
INFO - 2024-05-15 03:25:57 --> Session: Class initialized using 'CodeIgniter\Session\Handlers\DatabaseHandler' driver.
INFO - 2024-05-15 06:25:57 --> CSRF token verified.
INFO - 2024-05-15 03:29:24 --> Session: Class initialized using 'CodeIgniter\Session\Handlers\DatabaseHandler' driver.
INFO - 2024-05-15 06:29:24 --> CSRF token verified.
INFO - 2024-05-15 03:29:24 --> Session: Class initialized using 'CodeIgniter\Session\Handlers\DatabaseHandler' driver.
INFO - 2024-05-15 03:29:24 --> Session: Class initialized using 'CodeIgniter\Session\Handlers\DatabaseHandler' driver.
INFO - 2024-05-15 06:29:24 --> CSRF token verified.
INFO - 2024-05-15 03:29:34 --> Session: Class initialized using 'CodeIgniter\Session\Handlers\DatabaseHandler' driver.
INFO - 2024-05-15 03:29:34 --> Session: Class initialized using 'CodeIgniter\Session\Handlers\DatabaseHandler' driver.
INFO - 2024-05-15 06:29:34 --> CSRF token verified.
INFO - 2024-05-15 03:29:37 --> Session: Class initialized using 'CodeIgniter\Session\Handlers\DatabaseHandler' driver.
INFO - 2024-05-15 03:29:37 --> Session: Class initialized using 'CodeIgniter\Session\Handlers\DatabaseHandler' driver.
INFO - 2024-05-15 06:29:37 --> CSRF token verified.
INFO - 2024-05-15 03:31:22 --> Session: Class initialized using 'CodeIgniter\Session\Handlers\DatabaseHandler' driver.
INFO - 2024-05-15 06:31:22 --> CSRF token verified.
INFO - 2024-05-15 03:31:22 --> Session: Class initialized using 'CodeIgniter\Session\Handlers\DatabaseHandler' driver.
INFO - 2024-05-15 03:31:23 --> Session: Class initialized using 'CodeIgniter\Session\Handlers\DatabaseHandler' driver.
INFO - 2024-05-15 06:31:23 --> CSRF token verified.
INFO - 2024-05-15 03:31:24 --> Session: Class initialized using 'CodeIgniter\Session\Handlers\DatabaseHandler' driver.
INFO - 2024-05-15 03:31:25 --> Session: Class initialized using 'CodeIgniter\Session\Handlers\DatabaseHandler' driver.
INFO - 2024-05-15 06:31:25 --> CSRF token verified.
INFO - 2024-05-15 03:31:35 --> Session: Class initialized using 'CodeIgniter\Session\Handlers\DatabaseHandler' driver.
INFO - 2024-05-15 03:31:35 --> Session: Class initialized using 'CodeIgniter\Session\Handlers\DatabaseHandler' driver.
INFO - 2024-05-15 06:31:35 --> CSRF token verified.
INFO - 2024-05-15 03:31:40 --> Session: Class initialized using 'CodeIgniter\Session\Handlers\DatabaseHandler' driver.
INFO - 2024-05-15 03:31:41 --> Session: Class initialized using 'CodeIgniter\Session\Handlers\DatabaseHandler' driver.
INFO - 2024-05-15 06:31:41 --> CSRF token verified.
INFO - 2024-05-15 03:31:44 --> Session: Class initialized using 'CodeIgniter\Session\Handlers\DatabaseHandler' driver.
INFO - 2024-05-15 03:31:45 --> Session: Class initialized using 'CodeIgniter\Session\Handlers\DatabaseHandler' driver.
INFO - 2024-05-15 06:31:45 --> CSRF token verified.
INFO - 2024-05-15 03:31:48 --> Session: Class initialized using 'CodeIgniter\Session\Handlers\DatabaseHandler' driver.
INFO - 2024-05-15 03:31:49 --> Session: Class initialized using 'CodeIgniter\Session\Handlers\DatabaseHandler' driver.
INFO - 2024-05-15 06:31:49 --> CSRF token verified.
INFO - 2024-05-15 03:31:57 --> Session: Class initialized using 'CodeIgniter\Session\Handlers\DatabaseHandler' driver.
INFO - 2024-05-15 03:31:58 --> Session: Class initialized using 'CodeIgniter\Session\Handlers\DatabaseHandler' driver.
INFO - 2024-05-15 06:31:58 --> CSRF token verified.
INFO - 2024-05-15 03:32:04 --> Session: Class initialized using 'CodeIgniter\Session\Handlers\DatabaseHandler' driver.
INFO - 2024-05-15 03:32:04 --> Session: Class initialized using 'CodeIgniter\Session\Handlers\DatabaseHandler' driver.
INFO - 2024-05-15 06:32:04 --> CSRF token verified.
INFO - 2024-05-15 03:32:10 --> Session: Class initialized using 'CodeIgniter\Session\Handlers\DatabaseHandler' driver.
INFO - 2024-05-15 03:32:10 --> Session: Class initialized using 'CodeIgniter\Session\Handlers\DatabaseHandler' driver.
INFO - 2024-05-15 03:32:11 --> Session: Class initialized using 'CodeIgniter\Session\Handlers\DatabaseHandler' driver.
INFO - 2024-05-15 06:32:11 --> CSRF token verified.
INFO - 2024-05-15 03:32:15 --> Session: Class initialized using 'CodeIgniter\Session\Handlers\DatabaseHandler' driver.
INFO - 2024-05-15 03:32:16 --> Session: Class initialized using 'CodeIgniter\Session\Handlers\DatabaseHandler' driver.
INFO - 2024-05-15 06:32:16 --> CSRF token verified.
INFO - 2024-05-15 03:32:29 --> Session: Class initialized using 'CodeIgniter\Session\Handlers\DatabaseHandler' driver.
INFO - 2024-05-15 03:32:29 --> Session: Class initialized using 'CodeIgniter\Session\Handlers\DatabaseHandler' driver.
INFO - 2024-05-15 06:32:29 --> CSRF token verified.
INFO - 2024-05-15 03:32:48 --> Session: Class initialized using 'CodeIgniter\Session\Handlers\DatabaseHandler' driver.
INFO - 2024-05-15 03:32:48 --> Session: Class initialized using 'CodeIgniter\Session\Handlers\DatabaseHandler' driver.
INFO - 2024-05-15 06:32:48 --> CSRF token verified.
INFO - 2024-05-15 03:32:54 --> Session: Class initialized using 'CodeIgniter\Session\Handlers\DatabaseHandler' driver.
INFO - 2024-05-15 03:32:55 --> Session: Class initialized using 'CodeIgniter\Session\Handlers\DatabaseHandler' driver.
INFO - 2024-05-15 06:32:55 --> CSRF token verified.
INFO - 2024-05-15 03:34:48 --> Session: Class initialized using 'CodeIgniter\Session\Handlers\DatabaseHandler' driver.
INFO - 2024-05-15 06:34:48 --> CSRF token verified.
INFO - 2024-05-15 03:34:48 --> Session: Class initialized using 'CodeIgniter\Session\Handlers\DatabaseHandler' driver.
INFO - 2024-05-15 03:34:49 --> Session: Class initialized using 'CodeIgniter\Session\Handlers\DatabaseHandler' driver.
INFO - 2024-05-15 06:34:49 --> CSRF token verified.
INFO - 2024-05-15 04:03:26 --> Session: Class initialized using 'CodeIgniter\Session\Handlers\DatabaseHandler' driver.
INFO - 2024-05-15 04:03:26 --> Session: Class initialized using 'CodeIgniter\Session\Handlers\DatabaseHandler' driver.
INFO - 2024-05-15 04:04:03 --> Session: Class initialized using 'CodeIgniter\Session\Handlers\DatabaseHandler' driver.
INFO - 2024-05-15 04:04:04 --> Session: Class initialized using 'CodeIgniter\Session\Handlers\DatabaseHandler' driver.
INFO - 2024-05-15 11:22:36 --> Session: Class initialized using 'CodeIgniter\Session\Handlers\DatabaseHandler' driver.
INFO - 2024-05-15 11:22:36 --> Session: Class initialized using 'CodeIgniter\Session\Handlers\DatabaseHandler' driver.
INFO - 2024-05-15 11:56:05 --> Session: Class initialized using 'CodeIgniter\Session\Handlers\DatabaseHandler' driver.
