INFO - 2024-06-07 01:19:46 --> Session: Class initialized using 'CodeIgniter\Session\Handlers\DatabaseHandler' driver.
INFO - 2024-06-07 01:19:47 --> Session: Class initialized using 'CodeIgniter\Session\Handlers\DatabaseHandler' driver.
INFO - 2024-06-07 01:19:54 --> Session: Class initialized using 'CodeIgniter\Session\Handlers\DatabaseHandler' driver.
INFO - 2024-06-07 04:19:54 --> CSRF token verified.
INFO - 2024-06-07 01:20:08 --> Session: Class initialized using 'CodeIgniter\Session\Handlers\DatabaseHandler' driver.
INFO - 2024-06-07 01:20:08 --> Session: Class initialized using 'CodeIgniter\Session\Handlers\DatabaseHandler' driver.
INFO - 2024-06-07 01:20:09 --> Session: Class initialized using 'CodeIgniter\Session\Handlers\DatabaseHandler' driver.
INFO - 2024-06-07 04:08:36 --> Session: Class initialized using 'CodeIgniter\Session\Handlers\DatabaseHandler' driver.
INFO - 2024-06-07 04:08:36 --> Session: Class initialized using 'CodeIgniter\Session\Handlers\DatabaseHandler' driver.
INFO - 2024-06-07 04:08:36 --> Session: Class initialized using 'CodeIgniter\Session\Handlers\DatabaseHandler' driver.
INFO - 2024-06-07 04:09:07 --> Session: Class initialized using 'CodeIgniter\Session\Handlers\DatabaseHandler' driver.
INFO - 2024-06-07 07:09:07 --> CSRF token verified.
INFO - 2024-06-07 04:09:08 --> Session: Class initialized using 'CodeIgniter\Session\Handlers\DatabaseHandler' driver.
INFO - 2024-06-07 04:09:08 --> Session: Class initialized using 'CodeIgniter\Session\Handlers\DatabaseHandler' driver.
INFO - 2024-06-07 07:09:08 --> CSRF token verified.
INFO - 2024-06-07 04:09:27 --> Session: Class initialized using 'CodeIgniter\Session\Handlers\DatabaseHandler' driver.
INFO - 2024-06-07 04:09:28 --> Session: Class initialized using 'CodeIgniter\Session\Handlers\DatabaseHandler' driver.
INFO - 2024-06-07 07:09:28 --> CSRF token verified.
INFO - 2024-06-07 04:09:55 --> Session: Class initialized using 'CodeIgniter\Session\Handlers\DatabaseHandler' driver.
INFO - 2024-06-07 07:09:55 --> CSRF token verified.
INFO - 2024-06-07 04:09:55 --> Session: Class initialized using 'CodeIgniter\Session\Handlers\DatabaseHandler' driver.
INFO - 2024-06-07 04:09:56 --> Session: Class initialized using 'CodeIgniter\Session\Handlers\DatabaseHandler' driver.
INFO - 2024-06-07 07:09:56 --> CSRF token verified.
INFO - 2024-06-07 05:19:53 --> Session: Class initialized using 'CodeIgniter\Session\Handlers\DatabaseHandler' driver.
INFO - 2024-06-07 05:19:55 --> Session: Class initialized using 'CodeIgniter\Session\Handlers\DatabaseHandler' driver.
INFO - 2024-06-07 08:19:55 --> CSRF token verified.
INFO - 2024-06-07 07:55:55 --> Session: Class initialized using 'CodeIgniter\Session\Handlers\DatabaseHandler' driver.
INFO - 2024-06-07 07:55:55 --> Session: Class initialized using 'CodeIgniter\Session\Handlers\DatabaseHandler' driver.
INFO - 2024-06-07 07:56:44 --> Session: Class initialized using 'CodeIgniter\Session\Handlers\DatabaseHandler' driver.
INFO - 2024-06-07 10:56:44 --> CSRF token verified.
INFO - 2024-06-07 07:56:45 --> Session: Class initialized using 'CodeIgniter\Session\Handlers\DatabaseHandler' driver.
INFO - 2024-06-07 07:56:46 --> Session: Class initialized using 'CodeIgniter\Session\Handlers\DatabaseHandler' driver.
INFO - 2024-06-07 10:56:46 --> CSRF token verified.
INFO - 2024-06-07 07:57:00 --> Session: Class initialized using 'CodeIgniter\Session\Handlers\DatabaseHandler' driver.
INFO - 2024-06-07 07:57:00 --> Session: Class initialized using 'CodeIgniter\Session\Handlers\DatabaseHandler' driver.
INFO - 2024-06-07 10:57:00 --> CSRF token verified.
INFO - 2024-06-07 07:57:07 --> Session: Class initialized using 'CodeIgniter\Session\Handlers\DatabaseHandler' driver.
INFO - 2024-06-07 10:57:07 --> CSRF token verified.
INFO - 2024-06-07 07:57:07 --> Session: Class initialized using 'CodeIgniter\Session\Handlers\DatabaseHandler' driver.
INFO - 2024-06-07 07:57:07 --> Session: Class initialized using 'CodeIgniter\Session\Handlers\DatabaseHandler' driver.
INFO - 2024-06-07 10:57:07 --> CSRF token verified.
INFO - 2024-06-07 07:57:15 --> Session: Class initialized using 'CodeIgniter\Session\Handlers\DatabaseHandler' driver.
INFO - 2024-06-07 07:57:15 --> Session: Class initialized using 'CodeIgniter\Session\Handlers\DatabaseHandler' driver.
INFO - 2024-06-07 10:57:15 --> CSRF token verified.
INFO - 2024-06-07 07:57:17 --> Session: Class initialized using 'CodeIgniter\Session\Handlers\DatabaseHandler' driver.
INFO - 2024-06-07 07:57:17 --> Session: Class initialized using 'CodeIgniter\Session\Handlers\DatabaseHandler' driver.
INFO - 2024-06-07 10:57:17 --> CSRF token verified.
INFO - 2024-06-07 07:57:18 --> Session: Class initialized using 'CodeIgniter\Session\Handlers\DatabaseHandler' driver.
INFO - 2024-06-07 07:57:19 --> Session: Class initialized using 'CodeIgniter\Session\Handlers\DatabaseHandler' driver.
INFO - 2024-06-07 10:57:19 --> CSRF token verified.
INFO - 2024-06-07 07:57:29 --> Session: Class initialized using 'CodeIgniter\Session\Handlers\DatabaseHandler' driver.
INFO - 2024-06-07 07:57:30 --> Session: Class initialized using 'CodeIgniter\Session\Handlers\DatabaseHandler' driver.
INFO - 2024-06-07 10:57:30 --> CSRF token verified.
INFO - 2024-06-07 07:57:33 --> Session: Class initialized using 'CodeIgniter\Session\Handlers\DatabaseHandler' driver.
INFO - 2024-06-07 07:57:34 --> Session: Class initialized using 'CodeIgniter\Session\Handlers\DatabaseHandler' driver.
INFO - 2024-06-07 10:57:34 --> CSRF token verified.
INFO - 2024-06-07 07:57:36 --> Session: Class initialized using 'CodeIgniter\Session\Handlers\DatabaseHandler' driver.
INFO - 2024-06-07 07:57:36 --> Session: Class initialized using 'CodeIgniter\Session\Handlers\DatabaseHandler' driver.
INFO - 2024-06-07 10:57:36 --> CSRF token verified.
INFO - 2024-06-07 07:57:41 --> Session: Class initialized using 'CodeIgniter\Session\Handlers\DatabaseHandler' driver.
INFO - 2024-06-07 07:57:42 --> Session: Class initialized using 'CodeIgniter\Session\Handlers\DatabaseHandler' driver.
INFO - 2024-06-07 10:57:42 --> CSRF token verified.
INFO - 2024-06-07 07:57:44 --> Session: Class initialized using 'CodeIgniter\Session\Handlers\DatabaseHandler' driver.
INFO - 2024-06-07 10:57:44 --> CSRF token verified.
INFO - 2024-06-07 07:57:45 --> Session: Class initialized using 'CodeIgniter\Session\Handlers\DatabaseHandler' driver.
INFO - 2024-06-07 10:57:45 --> CSRF token verified.
INFO - 2024-06-07 07:57:46 --> Session: Class initialized using 'CodeIgniter\Session\Handlers\DatabaseHandler' driver.
INFO - 2024-06-07 10:57:46 --> CSRF token verified.
INFO - 2024-06-07 07:57:49 --> Session: Class initialized using 'CodeIgniter\Session\Handlers\DatabaseHandler' driver.
INFO - 2024-06-07 07:57:50 --> Session: Class initialized using 'CodeIgniter\Session\Handlers\DatabaseHandler' driver.
INFO - 2024-06-07 10:57:50 --> CSRF token verified.
INFO - 2024-06-07 11:20:47 --> Session: Class initialized using 'CodeIgniter\Session\Handlers\DatabaseHandler' driver.
INFO - 2024-06-07 11:20:47 --> Session: Class initialized using 'CodeIgniter\Session\Handlers\DatabaseHandler' driver.
INFO - 2024-06-07 14:20:48 --> CSRF token verified.
INFO - 2024-06-07 11:21:05 --> Session: Class initialized using 'CodeIgniter\Session\Handlers\DatabaseHandler' driver.
INFO - 2024-06-07 11:21:05 --> Session: Class initialized using 'CodeIgniter\Session\Handlers\DatabaseHandler' driver.
INFO - 2024-06-07 14:21:05 --> CSRF token verified.
INFO - 2024-06-07 11:21:09 --> Session: Class initialized using 'CodeIgniter\Session\Handlers\DatabaseHandler' driver.
INFO - 2024-06-07 11:21:09 --> Session: Class initialized using 'CodeIgniter\Session\Handlers\DatabaseHandler' driver.
INFO - 2024-06-07 14:21:09 --> CSRF token verified.
INFO - 2024-06-07 11:21:13 --> Session: Class initialized using 'CodeIgniter\Session\Handlers\DatabaseHandler' driver.
INFO - 2024-06-07 14:21:13 --> CSRF token verified.
INFO - 2024-06-07 11:21:14 --> Session: Class initialized using 'CodeIgniter\Session\Handlers\DatabaseHandler' driver.
INFO - 2024-06-07 11:21:14 --> Session: Class initialized using 'CodeIgniter\Session\Handlers\DatabaseHandler' driver.
INFO - 2024-06-07 14:21:14 --> CSRF token verified.
INFO - 2024-06-07 11:21:17 --> Session: Class initialized using 'CodeIgniter\Session\Handlers\DatabaseHandler' driver.
INFO - 2024-06-07 11:21:17 --> Session: Class initialized using 'CodeIgniter\Session\Handlers\DatabaseHandler' driver.
INFO - 2024-06-07 14:21:17 --> CSRF token verified.
INFO - 2024-06-07 11:21:19 --> Session: Class initialized using 'CodeIgniter\Session\Handlers\DatabaseHandler' driver.
INFO - 2024-06-07 11:21:20 --> Session: Class initialized using 'CodeIgniter\Session\Handlers\DatabaseHandler' driver.
INFO - 2024-06-07 14:21:20 --> CSRF token verified.
INFO - 2024-06-07 11:24:48 --> Session: Class initialized using 'CodeIgniter\Session\Handlers\DatabaseHandler' driver.
INFO - 2024-06-07 11:24:49 --> Session: Class initialized using 'CodeIgniter\Session\Handlers\DatabaseHandler' driver.
INFO - 2024-06-07 14:24:49 --> CSRF token verified.
INFO - 2024-06-07 11:24:53 --> Session: Class initialized using 'CodeIgniter\Session\Handlers\DatabaseHandler' driver.
INFO - 2024-06-07 11:24:53 --> Session: Class initialized using 'CodeIgniter\Session\Handlers\DatabaseHandler' driver.
INFO - 2024-06-07 14:24:53 --> CSRF token verified.
INFO - 2024-06-07 11:24:56 --> Session: Class initialized using 'CodeIgniter\Session\Handlers\DatabaseHandler' driver.
INFO - 2024-06-07 11:24:57 --> Session: Class initialized using 'CodeIgniter\Session\Handlers\DatabaseHandler' driver.
INFO - 2024-06-07 14:24:57 --> CSRF token verified.
INFO - 2024-06-07 11:25:02 --> Session: Class initialized using 'CodeIgniter\Session\Handlers\DatabaseHandler' driver.
INFO - 2024-06-07 11:25:03 --> Session: Class initialized using 'CodeIgniter\Session\Handlers\DatabaseHandler' driver.
INFO - 2024-06-07 14:25:03 --> CSRF token verified.
INFO - 2024-06-07 11:25:09 --> Session: Class initialized using 'CodeIgniter\Session\Handlers\DatabaseHandler' driver.
INFO - 2024-06-07 11:25:10 --> Session: Class initialized using 'CodeIgniter\Session\Handlers\DatabaseHandler' driver.
INFO - 2024-06-07 14:25:10 --> CSRF token verified.
INFO - 2024-06-07 11:25:21 --> Session: Class initialized using 'CodeIgniter\Session\Handlers\DatabaseHandler' driver.
INFO - 2024-06-07 11:25:22 --> Session: Class initialized using 'CodeIgniter\Session\Handlers\DatabaseHandler' driver.
INFO - 2024-06-07 14:25:22 --> CSRF token verified.
INFO - 2024-06-07 11:26:24 --> Session: Class initialized using 'CodeIgniter\Session\Handlers\DatabaseHandler' driver.
INFO - 2024-06-07 11:26:24 --> Session: Class initialized using 'CodeIgniter\Session\Handlers\DatabaseHandler' driver.
INFO - 2024-06-07 14:26:24 --> CSRF token verified.
INFO - 2024-06-07 11:29:24 --> Session: Class initialized using 'CodeIgniter\Session\Handlers\DatabaseHandler' driver.
INFO - 2024-06-07 11:29:25 --> Session: Class initialized using 'CodeIgniter\Session\Handlers\DatabaseHandler' driver.
INFO - 2024-06-07 14:29:25 --> CSRF token verified.
INFO - 2024-06-07 11:29:37 --> Session: Class initialized using 'CodeIgniter\Session\Handlers\DatabaseHandler' driver.
INFO - 2024-06-07 11:29:38 --> Session: Class initialized using 'CodeIgniter\Session\Handlers\DatabaseHandler' driver.
INFO - 2024-06-07 14:29:38 --> CSRF token verified.
INFO - 2024-06-07 11:29:42 --> Session: Class initialized using 'CodeIgniter\Session\Handlers\DatabaseHandler' driver.
INFO - 2024-06-07 11:29:42 --> Session: Class initialized using 'CodeIgniter\Session\Handlers\DatabaseHandler' driver.
INFO - 2024-06-07 14:29:42 --> CSRF token verified.
INFO - 2024-06-07 11:29:53 --> Session: Class initialized using 'CodeIgniter\Session\Handlers\DatabaseHandler' driver.
INFO - 2024-06-07 11:29:54 --> Session: Class initialized using 'CodeIgniter\Session\Handlers\DatabaseHandler' driver.
INFO - 2024-06-07 14:29:54 --> CSRF token verified.
INFO - 2024-06-07 11:30:05 --> Session: Class initialized using 'CodeIgniter\Session\Handlers\DatabaseHandler' driver.
INFO - 2024-06-07 11:30:06 --> Session: Class initialized using 'CodeIgniter\Session\Handlers\DatabaseHandler' driver.
INFO - 2024-06-07 14:30:06 --> CSRF token verified.
INFO - 2024-06-07 11:30:12 --> Session: Class initialized using 'CodeIgniter\Session\Handlers\DatabaseHandler' driver.
INFO - 2024-06-07 11:30:13 --> Session: Class initialized using 'CodeIgniter\Session\Handlers\DatabaseHandler' driver.
INFO - 2024-06-07 14:30:13 --> CSRF token verified.
INFO - 2024-06-07 11:30:26 --> Session: Class initialized using 'CodeIgniter\Session\Handlers\DatabaseHandler' driver.
INFO - 2024-06-07 11:30:26 --> Session: Class initialized using 'CodeIgniter\Session\Handlers\DatabaseHandler' driver.
INFO - 2024-06-07 14:30:26 --> CSRF token verified.
INFO - 2024-06-07 11:32:30 --> Session: Class initialized using 'CodeIgniter\Session\Handlers\DatabaseHandler' driver.
INFO - 2024-06-07 11:32:31 --> Session: Class initialized using 'CodeIgniter\Session\Handlers\DatabaseHandler' driver.
INFO - 2024-06-07 14:32:31 --> CSRF token verified.
INFO - 2024-06-07 11:32:41 --> Session: Class initialized using 'CodeIgniter\Session\Handlers\DatabaseHandler' driver.
INFO - 2024-06-07 11:32:41 --> Session: Class initialized using 'CodeIgniter\Session\Handlers\DatabaseHandler' driver.
INFO - 2024-06-07 14:32:41 --> CSRF token verified.
INFO - 2024-06-07 11:32:54 --> Session: Class initialized using 'CodeIgniter\Session\Handlers\DatabaseHandler' driver.
INFO - 2024-06-07 11:32:55 --> Session: Class initialized using 'CodeIgniter\Session\Handlers\DatabaseHandler' driver.
INFO - 2024-06-07 11:32:55 --> Session: Class initialized using 'CodeIgniter\Session\Handlers\DatabaseHandler' driver.
INFO - 2024-06-07 14:32:55 --> CSRF token verified.
INFO - 2024-06-07 11:32:55 --> Session: Class initialized using 'CodeIgniter\Session\Handlers\DatabaseHandler' driver.
INFO - 2024-06-07 11:33:03 --> Session: Class initialized using 'CodeIgniter\Session\Handlers\DatabaseHandler' driver.
INFO - 2024-06-07 11:33:03 --> Session: Class initialized using 'CodeIgniter\Session\Handlers\DatabaseHandler' driver.
INFO - 2024-06-07 14:33:03 --> CSRF token verified.
INFO - 2024-06-07 11:33:22 --> Session: Class initialized using 'CodeIgniter\Session\Handlers\DatabaseHandler' driver.
INFO - 2024-06-07 11:33:23 --> Session: Class initialized using 'CodeIgniter\Session\Handlers\DatabaseHandler' driver.
INFO - 2024-06-07 14:33:23 --> CSRF token verified.
INFO - 2024-06-07 11:33:29 --> Session: Class initialized using 'CodeIgniter\Session\Handlers\DatabaseHandler' driver.
INFO - 2024-06-07 11:33:29 --> Session: Class initialized using 'CodeIgniter\Session\Handlers\DatabaseHandler' driver.
INFO - 2024-06-07 14:33:29 --> CSRF token verified.
INFO - 2024-06-07 11:33:41 --> Session: Class initialized using 'CodeIgniter\Session\Handlers\DatabaseHandler' driver.
INFO - 2024-06-07 11:33:42 --> Session: Class initialized using 'CodeIgniter\Session\Handlers\DatabaseHandler' driver.
INFO - 2024-06-07 14:33:42 --> CSRF token verified.
INFO - 2024-06-07 11:33:50 --> Session: Class initialized using 'CodeIgniter\Session\Handlers\DatabaseHandler' driver.
INFO - 2024-06-07 11:33:51 --> Session: Class initialized using 'CodeIgniter\Session\Handlers\DatabaseHandler' driver.
INFO - 2024-06-07 14:33:51 --> CSRF token verified.
INFO - 2024-06-07 11:34:16 --> Session: Class initialized using 'CodeIgniter\Session\Handlers\DatabaseHandler' driver.
INFO - 2024-06-07 11:34:16 --> Session: Class initialized using 'CodeIgniter\Session\Handlers\DatabaseHandler' driver.
INFO - 2024-06-07 14:34:16 --> CSRF token verified.
INFO - 2024-06-07 11:34:19 --> Session: Class initialized using 'CodeIgniter\Session\Handlers\DatabaseHandler' driver.
WARNING - 2024-06-07 14:34:19 --> [DEPRECATED] strtotime(): Passing null to parameter #1 ($datetime) of type string is deprecated in APPPATH/Helpers/app_helper.php on line 536.
 1 APPPATH/Helpers/app_helper.php(536): strtotime(null)
 2 APPPATH/Views/profile/_profile_user_info.php(17): isUserOnline(null)
 3 SYSTEMPATH/View/View.php(226): include('/home/impexall/seller.impexally.com/app/Views/profile/_profile_user_info.php')
 4 SYSTEMPATH/View/View.php(229): CodeIgniter\View\View->CodeIgniter\View\{closure}()
 5 SYSTEMPATH/Common.php(1188): CodeIgniter\View\View->render('profile/_profile_user_info', [], true)
 6 APPPATH/Views/profile/profile.php(19): view('profile/_profile_user_info')
 7 SYSTEMPATH/View/View.php(226): include('/home/impexall/seller.impexally.com/app/Views/profile/profile.php')
 8 SYSTEMPATH/View/View.php(229): CodeIgniter\View\View->CodeIgniter\View\{closure}()
 9 SYSTEMPATH/Common.php(1188): CodeIgniter\View\View->render('profile/profile', [], true)
10 APPPATH/Controllers/ProfileController.php(70): view('profile/profile', [...])
11 SYSTEMPATH/CodeIgniter.php(918): App\Controllers\ProfileController->profile('Modestus')
12 SYSTEMPATH/CodeIgniter.php(493): CodeIgniter\CodeIgniter->runController(Object(App\Controllers\ProfileController))
13 SYSTEMPATH/CodeIgniter.php(352): CodeIgniter\CodeIgniter->handleRequest(null, Object(Config\Cache), false)
14 FCPATH/index.php(95): CodeIgniter\CodeIgniter->run()
WARNING - 2024-06-07 14:34:19 --> [DEPRECATED] strtotime(): Passing null to parameter #1 ($datetime) of type string is deprecated in APPPATH/Common.php on line 1317.
 1 APPPATH/Common.php(1317): strtotime(null)
 2 APPPATH/Views/profile/_profile_user_info.php(17): timeAgo(null)
 3 SYSTEMPATH/View/View.php(226): include('/home/impexall/seller.impexally.com/app/Views/profile/_profile_user_info.php')
 4 SYSTEMPATH/View/View.php(229): CodeIgniter\View\View->CodeIgniter\View\{closure}()
 5 SYSTEMPATH/Common.php(1188): CodeIgniter\View\View->render('profile/_profile_user_info', [], true)
 6 APPPATH/Views/profile/profile.php(19): view('profile/_profile_user_info')
 7 SYSTEMPATH/View/View.php(226): include('/home/impexall/seller.impexally.com/app/Views/profile/profile.php')
 8 SYSTEMPATH/View/View.php(229): CodeIgniter\View\View->CodeIgniter\View\{closure}()
 9 SYSTEMPATH/Common.php(1188): CodeIgniter\View\View->render('profile/profile', [], true)
10 APPPATH/Controllers/ProfileController.php(70): view('profile/profile', [...])
11 SYSTEMPATH/CodeIgniter.php(918): App\Controllers\ProfileController->profile('Modestus')
12 SYSTEMPATH/CodeIgniter.php(493): CodeIgniter\CodeIgniter->runController(Object(App\Controllers\ProfileController))
13 SYSTEMPATH/CodeIgniter.php(352): CodeIgniter\CodeIgniter->handleRequest(null, Object(Config\Cache), false)
14 FCPATH/index.php(95): CodeIgniter\CodeIgniter->run()
INFO - 2024-06-07 11:34:20 --> Session: Class initialized using 'CodeIgniter\Session\Handlers\DatabaseHandler' driver.
INFO - 2024-06-07 14:34:20 --> CSRF token verified.
INFO - 2024-06-07 11:39:07 --> Session: Class initialized using 'CodeIgniter\Session\Handlers\DatabaseHandler' driver.
INFO - 2024-06-07 11:39:07 --> Session: Class initialized using 'CodeIgniter\Session\Handlers\DatabaseHandler' driver.
INFO - 2024-06-07 14:39:07 --> CSRF token verified.
INFO - 2024-06-07 11:39:08 --> Session: Class initialized using 'CodeIgniter\Session\Handlers\DatabaseHandler' driver.
INFO - 2024-06-07 11:39:08 --> Session: Class initialized using 'CodeIgniter\Session\Handlers\DatabaseHandler' driver.
INFO - 2024-06-07 14:39:08 --> CSRF token verified.
INFO - 2024-06-07 12:49:08 --> Session: Class initialized using 'CodeIgniter\Session\Handlers\DatabaseHandler' driver.
INFO - 2024-06-07 12:49:08 --> Session: Class initialized using 'CodeIgniter\Session\Handlers\DatabaseHandler' driver.
INFO - 2024-06-07 12:49:08 --> Session: Class initialized using 'CodeIgniter\Session\Handlers\DatabaseHandler' driver.
INFO - 2024-06-07 12:49:45 --> Session: Class initialized using 'CodeIgniter\Session\Handlers\DatabaseHandler' driver.
INFO - 2024-06-07 15:49:45 --> CSRF token verified.
INFO - 2024-06-07 12:49:46 --> Session: Class initialized using 'CodeIgniter\Session\Handlers\DatabaseHandler' driver.
INFO - 2024-06-07 12:49:48 --> Session: Class initialized using 'CodeIgniter\Session\Handlers\DatabaseHandler' driver.
INFO - 2024-06-07 15:49:48 --> CSRF token verified.
INFO - 2024-06-07 12:50:03 --> Session: Class initialized using 'CodeIgniter\Session\Handlers\DatabaseHandler' driver.
INFO - 2024-06-07 12:50:04 --> Session: Class initialized using 'CodeIgniter\Session\Handlers\DatabaseHandler' driver.
INFO - 2024-06-07 15:50:04 --> CSRF token verified.
INFO - 2024-06-07 12:52:08 --> Session: Class initialized using 'CodeIgniter\Session\Handlers\DatabaseHandler' driver.
INFO - 2024-06-07 12:52:08 --> Session: Class initialized using 'CodeIgniter\Session\Handlers\DatabaseHandler' driver.
INFO - 2024-06-07 15:52:08 --> CSRF token verified.
INFO - 2024-06-07 12:53:19 --> Session: Class initialized using 'CodeIgniter\Session\Handlers\DatabaseHandler' driver.
INFO - 2024-06-07 12:53:20 --> Session: Class initialized using 'CodeIgniter\Session\Handlers\DatabaseHandler' driver.
INFO - 2024-06-07 15:53:20 --> CSRF token verified.
INFO - 2024-06-07 12:54:05 --> Session: Class initialized using 'CodeIgniter\Session\Handlers\DatabaseHandler' driver.
INFO - 2024-06-07 15:54:05 --> CSRF token verified.
INFO - 2024-06-07 12:54:19 --> Session: Class initialized using 'CodeIgniter\Session\Handlers\DatabaseHandler' driver.
INFO - 2024-06-07 15:54:19 --> CSRF token verified.
INFO - 2024-06-07 12:56:12 --> Session: Class initialized using 'CodeIgniter\Session\Handlers\DatabaseHandler' driver.
INFO - 2024-06-07 15:56:12 --> CSRF token verified.
INFO - 2024-06-07 12:56:13 --> Session: Class initialized using 'CodeIgniter\Session\Handlers\DatabaseHandler' driver.
INFO - 2024-06-07 12:56:13 --> Session: Class initialized using 'CodeIgniter\Session\Handlers\DatabaseHandler' driver.
INFO - 2024-06-07 15:56:13 --> CSRF token verified.
INFO - 2024-06-07 12:56:20 --> Session: Class initialized using 'CodeIgniter\Session\Handlers\DatabaseHandler' driver.
INFO - 2024-06-07 15:56:20 --> CSRF token verified.
INFO - 2024-06-07 12:56:20 --> Session: Class initialized using 'CodeIgniter\Session\Handlers\DatabaseHandler' driver.
INFO - 2024-06-07 12:56:21 --> Session: Class initialized using 'CodeIgniter\Session\Handlers\DatabaseHandler' driver.
INFO - 2024-06-07 15:56:21 --> CSRF token verified.
INFO - 2024-06-07 12:56:32 --> Session: Class initialized using 'CodeIgniter\Session\Handlers\DatabaseHandler' driver.
INFO - 2024-06-07 15:56:32 --> CSRF token verified.
INFO - 2024-06-07 12:56:32 --> Session: Class initialized using 'CodeIgniter\Session\Handlers\DatabaseHandler' driver.
INFO - 2024-06-07 12:56:33 --> Session: Class initialized using 'CodeIgniter\Session\Handlers\DatabaseHandler' driver.
INFO - 2024-06-07 15:56:33 --> CSRF token verified.
INFO - 2024-06-07 12:56:45 --> Session: Class initialized using 'CodeIgniter\Session\Handlers\DatabaseHandler' driver.
INFO - 2024-06-07 12:56:46 --> Session: Class initialized using 'CodeIgniter\Session\Handlers\DatabaseHandler' driver.
INFO - 2024-06-07 15:56:46 --> CSRF token verified.
INFO - 2024-06-07 12:56:48 --> Session: Class initialized using 'CodeIgniter\Session\Handlers\DatabaseHandler' driver.
INFO - 2024-06-07 12:56:49 --> Session: Class initialized using 'CodeIgniter\Session\Handlers\DatabaseHandler' driver.
INFO - 2024-06-07 15:56:49 --> CSRF token verified.
INFO - 2024-06-07 12:56:56 --> Session: Class initialized using 'CodeIgniter\Session\Handlers\DatabaseHandler' driver.
INFO - 2024-06-07 12:56:57 --> Session: Class initialized using 'CodeIgniter\Session\Handlers\DatabaseHandler' driver.
INFO - 2024-06-07 15:56:57 --> CSRF token verified.
INFO - 2024-06-07 14:13:01 --> Session: Class initialized using 'CodeIgniter\Session\Handlers\DatabaseHandler' driver.
INFO - 2024-06-07 17:13:01 --> CSRF token verified.
INFO - 2024-06-07 14:13:02 --> Session: Class initialized using 'CodeIgniter\Session\Handlers\DatabaseHandler' driver.
INFO - 2024-06-07 17:13:02 --> CSRF token verified.
INFO - 2024-06-07 14:13:02 --> Session: Class initialized using 'CodeIgniter\Session\Handlers\DatabaseHandler' driver.
INFO - 2024-06-07 17:13:02 --> CSRF token verified.
INFO - 2024-06-07 14:13:03 --> Session: Class initialized using 'CodeIgniter\Session\Handlers\DatabaseHandler' driver.
INFO - 2024-06-07 17:13:03 --> CSRF token verified.
INFO - 2024-06-07 14:13:11 --> Session: Class initialized using 'CodeIgniter\Session\Handlers\DatabaseHandler' driver.
INFO - 2024-06-07 17:13:11 --> CSRF token verified.
INFO - 2024-06-07 14:13:19 --> Session: Class initialized using 'CodeIgniter\Session\Handlers\DatabaseHandler' driver.
INFO - 2024-06-07 17:13:19 --> CSRF token verified.
INFO - 2024-06-07 14:14:00 --> Session: Class initialized using 'CodeIgniter\Session\Handlers\DatabaseHandler' driver.
INFO - 2024-06-07 14:14:00 --> Session: Class initialized using 'CodeIgniter\Session\Handlers\DatabaseHandler' driver.
INFO - 2024-06-07 17:14:00 --> CSRF token verified.
INFO - 2024-06-07 14:14:05 --> Session: Class initialized using 'CodeIgniter\Session\Handlers\DatabaseHandler' driver.
INFO - 2024-06-07 14:14:06 --> Session: Class initialized using 'CodeIgniter\Session\Handlers\DatabaseHandler' driver.
INFO - 2024-06-07 17:14:06 --> CSRF token verified.
INFO - 2024-06-07 14:14:33 --> Session: Class initialized using 'CodeIgniter\Session\Handlers\DatabaseHandler' driver.
INFO - 2024-06-07 17:14:33 --> CSRF token verified.
INFO - 2024-06-07 14:14:33 --> Session: Class initialized using 'CodeIgniter\Session\Handlers\DatabaseHandler' driver.
INFO - 2024-06-07 14:14:34 --> Session: Class initialized using 'CodeIgniter\Session\Handlers\DatabaseHandler' driver.
INFO - 2024-06-07 17:14:34 --> CSRF token verified.
INFO - 2024-06-07 14:14:45 --> Session: Class initialized using 'CodeIgniter\Session\Handlers\DatabaseHandler' driver.
INFO - 2024-06-07 14:14:45 --> Session: Class initialized using 'CodeIgniter\Session\Handlers\DatabaseHandler' driver.
INFO - 2024-06-07 17:14:45 --> CSRF token verified.
INFO - 2024-06-07 14:14:49 --> Session: Class initialized using 'CodeIgniter\Session\Handlers\DatabaseHandler' driver.
INFO - 2024-06-07 17:14:49 --> CSRF token verified.
INFO - 2024-06-07 14:14:50 --> Session: Class initialized using 'CodeIgniter\Session\Handlers\DatabaseHandler' driver.
INFO - 2024-06-07 14:14:50 --> Session: Class initialized using 'CodeIgniter\Session\Handlers\DatabaseHandler' driver.
INFO - 2024-06-07 17:14:50 --> CSRF token verified.
INFO - 2024-06-07 14:14:56 --> Session: Class initialized using 'CodeIgniter\Session\Handlers\DatabaseHandler' driver.
INFO - 2024-06-07 17:14:56 --> CSRF token verified.
INFO - 2024-06-07 14:14:57 --> Session: Class initialized using 'CodeIgniter\Session\Handlers\DatabaseHandler' driver.
INFO - 2024-06-07 14:14:57 --> Session: Class initialized using 'CodeIgniter\Session\Handlers\DatabaseHandler' driver.
INFO - 2024-06-07 17:14:57 --> CSRF token verified.
INFO - 2024-06-07 14:15:03 --> Session: Class initialized using 'CodeIgniter\Session\Handlers\DatabaseHandler' driver.
INFO - 2024-06-07 17:15:03 --> CSRF token verified.
INFO - 2024-06-07 14:15:04 --> Session: Class initialized using 'CodeIgniter\Session\Handlers\DatabaseHandler' driver.
INFO - 2024-06-07 14:15:04 --> Session: Class initialized using 'CodeIgniter\Session\Handlers\DatabaseHandler' driver.
INFO - 2024-06-07 17:15:05 --> CSRF token verified.
INFO - 2024-06-07 14:15:08 --> Session: Class initialized using 'CodeIgniter\Session\Handlers\DatabaseHandler' driver.
INFO - 2024-06-07 14:15:09 --> Session: Class initialized using 'CodeIgniter\Session\Handlers\DatabaseHandler' driver.
INFO - 2024-06-07 17:15:09 --> CSRF token verified.
INFO - 2024-06-07 14:15:24 --> Session: Class initialized using 'CodeIgniter\Session\Handlers\DatabaseHandler' driver.
INFO - 2024-06-07 17:15:24 --> CSRF token verified.
INFO - 2024-06-07 14:18:57 --> Session: Class initialized using 'CodeIgniter\Session\Handlers\DatabaseHandler' driver.
INFO - 2024-06-07 17:18:57 --> CSRF token verified.
INFO - 2024-06-07 14:19:41 --> Session: Class initialized using 'CodeIgniter\Session\Handlers\DatabaseHandler' driver.
INFO - 2024-06-07 17:19:41 --> CSRF token verified.
INFO - 2024-06-07 14:19:42 --> Session: Class initialized using 'CodeIgniter\Session\Handlers\DatabaseHandler' driver.
INFO - 2024-06-07 17:19:42 --> CSRF token verified.
INFO - 2024-06-07 14:19:43 --> Session: Class initialized using 'CodeIgniter\Session\Handlers\DatabaseHandler' driver.
INFO - 2024-06-07 17:19:43 --> CSRF token verified.
INFO - 2024-06-07 14:19:44 --> Session: Class initialized using 'CodeIgniter\Session\Handlers\DatabaseHandler' driver.
INFO - 2024-06-07 17:19:44 --> CSRF token verified.
INFO - 2024-06-07 14:19:44 --> Session: Class initialized using 'CodeIgniter\Session\Handlers\DatabaseHandler' driver.
INFO - 2024-06-07 17:19:44 --> CSRF token verified.
INFO - 2024-06-07 14:19:44 --> Session: Class initialized using 'CodeIgniter\Session\Handlers\DatabaseHandler' driver.
INFO - 2024-06-07 17:19:44 --> CSRF token verified.
INFO - 2024-06-07 14:19:45 --> Session: Class initialized using 'CodeIgniter\Session\Handlers\DatabaseHandler' driver.
INFO - 2024-06-07 17:19:45 --> CSRF token verified.
INFO - 2024-06-07 14:19:45 --> Session: Class initialized using 'CodeIgniter\Session\Handlers\DatabaseHandler' driver.
INFO - 2024-06-07 17:19:45 --> CSRF token verified.
INFO - 2024-06-07 14:19:46 --> Session: Class initialized using 'CodeIgniter\Session\Handlers\DatabaseHandler' driver.
INFO - 2024-06-07 17:19:46 --> CSRF token verified.
INFO - 2024-06-07 14:19:46 --> Session: Class initialized using 'CodeIgniter\Session\Handlers\DatabaseHandler' driver.
INFO - 2024-06-07 17:19:46 --> CSRF token verified.
INFO - 2024-06-07 14:19:46 --> Session: Class initialized using 'CodeIgniter\Session\Handlers\DatabaseHandler' driver.
INFO - 2024-06-07 17:19:46 --> CSRF token verified.
INFO - 2024-06-07 14:19:47 --> Session: Class initialized using 'CodeIgniter\Session\Handlers\DatabaseHandler' driver.
INFO - 2024-06-07 17:19:47 --> CSRF token verified.
INFO - 2024-06-07 14:21:41 --> Session: Class initialized using 'CodeIgniter\Session\Handlers\DatabaseHandler' driver.
INFO - 2024-06-07 14:21:42 --> Session: Class initialized using 'CodeIgniter\Session\Handlers\DatabaseHandler' driver.
INFO - 2024-06-07 17:21:42 --> CSRF token verified.
INFO - 2024-06-07 14:21:46 --> Session: Class initialized using 'CodeIgniter\Session\Handlers\DatabaseHandler' driver.
INFO - 2024-06-07 14:21:46 --> Session: Class initialized using 'CodeIgniter\Session\Handlers\DatabaseHandler' driver.
INFO - 2024-06-07 17:21:46 --> CSRF token verified.
INFO - 2024-06-07 14:22:12 --> Session: Class initialized using 'CodeIgniter\Session\Handlers\DatabaseHandler' driver.
INFO - 2024-06-07 14:22:13 --> Session: Class initialized using 'CodeIgniter\Session\Handlers\DatabaseHandler' driver.
INFO - 2024-06-07 17:22:13 --> CSRF token verified.
INFO - 2024-06-07 14:22:15 --> Session: Class initialized using 'CodeIgniter\Session\Handlers\DatabaseHandler' driver.
INFO - 2024-06-07 14:22:16 --> Session: Class initialized using 'CodeIgniter\Session\Handlers\DatabaseHandler' driver.
INFO - 2024-06-07 17:22:16 --> CSRF token verified.
INFO - 2024-06-07 14:22:37 --> Session: Class initialized using 'CodeIgniter\Session\Handlers\DatabaseHandler' driver.
INFO - 2024-06-07 14:22:38 --> Session: Class initialized using 'CodeIgniter\Session\Handlers\DatabaseHandler' driver.
INFO - 2024-06-07 17:22:38 --> CSRF token verified.
INFO - 2024-06-07 14:22:41 --> Session: Class initialized using 'CodeIgniter\Session\Handlers\DatabaseHandler' driver.
INFO - 2024-06-07 14:22:42 --> Session: Class initialized using 'CodeIgniter\Session\Handlers\DatabaseHandler' driver.
INFO - 2024-06-07 17:22:42 --> CSRF token verified.
INFO - 2024-06-07 14:23:26 --> Session: Class initialized using 'CodeIgniter\Session\Handlers\DatabaseHandler' driver.
INFO - 2024-06-07 14:23:26 --> Session: Class initialized using 'CodeIgniter\Session\Handlers\DatabaseHandler' driver.
INFO - 2024-06-07 17:23:26 --> CSRF token verified.
INFO - 2024-06-07 14:23:42 --> Session: Class initialized using 'CodeIgniter\Session\Handlers\DatabaseHandler' driver.
INFO - 2024-06-07 17:23:42 --> CSRF token verified.
INFO - 2024-06-07 14:23:54 --> Session: Class initialized using 'CodeIgniter\Session\Handlers\DatabaseHandler' driver.
INFO - 2024-06-07 14:23:54 --> Session: Class initialized using 'CodeIgniter\Session\Handlers\DatabaseHandler' driver.
INFO - 2024-06-07 17:23:54 --> CSRF token verified.
INFO - 2024-06-07 14:24:00 --> Session: Class initialized using 'CodeIgniter\Session\Handlers\DatabaseHandler' driver.
INFO - 2024-06-07 14:24:00 --> Session: Class initialized using 'CodeIgniter\Session\Handlers\DatabaseHandler' driver.
INFO - 2024-06-07 17:24:00 --> CSRF token verified.
INFO - 2024-06-07 14:24:08 --> Session: Class initialized using 'CodeIgniter\Session\Handlers\DatabaseHandler' driver.
INFO - 2024-06-07 17:24:08 --> CSRF token verified.
INFO - 2024-06-07 14:25:13 --> Session: Class initialized using 'CodeIgniter\Session\Handlers\DatabaseHandler' driver.
INFO - 2024-06-07 17:25:13 --> CSRF token verified.
INFO - 2024-06-07 14:31:28 --> Session: Class initialized using 'CodeIgniter\Session\Handlers\DatabaseHandler' driver.
INFO - 2024-06-07 17:31:28 --> CSRF token verified.
INFO - 2024-06-07 14:31:42 --> Session: Class initialized using 'CodeIgniter\Session\Handlers\DatabaseHandler' driver.
INFO - 2024-06-07 14:31:43 --> Session: Class initialized using 'CodeIgniter\Session\Handlers\DatabaseHandler' driver.
INFO - 2024-06-07 17:31:43 --> CSRF token verified.
INFO - 2024-06-07 14:31:46 --> Session: Class initialized using 'CodeIgniter\Session\Handlers\DatabaseHandler' driver.
INFO - 2024-06-07 14:31:46 --> Session: Class initialized using 'CodeIgniter\Session\Handlers\DatabaseHandler' driver.
INFO - 2024-06-07 17:31:46 --> CSRF token verified.
INFO - 2024-06-07 14:32:38 --> Session: Class initialized using 'CodeIgniter\Session\Handlers\DatabaseHandler' driver.
INFO - 2024-06-07 14:32:39 --> Session: Class initialized using 'CodeIgniter\Session\Handlers\DatabaseHandler' driver.
INFO - 2024-06-07 17:32:39 --> CSRF token verified.
INFO - 2024-06-07 14:32:45 --> Session: Class initialized using 'CodeIgniter\Session\Handlers\DatabaseHandler' driver.
INFO - 2024-06-07 14:32:46 --> Session: Class initialized using 'CodeIgniter\Session\Handlers\DatabaseHandler' driver.
INFO - 2024-06-07 17:32:46 --> CSRF token verified.
INFO - 2024-06-07 14:33:19 --> Session: Class initialized using 'CodeIgniter\Session\Handlers\DatabaseHandler' driver.
INFO - 2024-06-07 17:33:19 --> CSRF token verified.
INFO - 2024-06-07 14:35:24 --> Session: Class initialized using 'CodeIgniter\Session\Handlers\DatabaseHandler' driver.
INFO - 2024-06-07 14:35:25 --> Session: Class initialized using 'CodeIgniter\Session\Handlers\DatabaseHandler' driver.
INFO - 2024-06-07 17:35:25 --> CSRF token verified.
INFO - 2024-06-07 14:35:27 --> Session: Class initialized using 'CodeIgniter\Session\Handlers\DatabaseHandler' driver.
INFO - 2024-06-07 14:35:28 --> Session: Class initialized using 'CodeIgniter\Session\Handlers\DatabaseHandler' driver.
INFO - 2024-06-07 17:35:28 --> CSRF token verified.
INFO - 2024-06-07 14:35:35 --> Session: Class initialized using 'CodeIgniter\Session\Handlers\DatabaseHandler' driver.
INFO - 2024-06-07 17:35:35 --> CSRF token verified.
INFO - 2024-06-07 14:36:45 --> Session: Class initialized using 'CodeIgniter\Session\Handlers\DatabaseHandler' driver.
INFO - 2024-06-07 14:36:46 --> Session: Class initialized using 'CodeIgniter\Session\Handlers\DatabaseHandler' driver.
INFO - 2024-06-07 17:36:46 --> CSRF token verified.
INFO - 2024-06-07 14:37:29 --> Session: Class initialized using 'CodeIgniter\Session\Handlers\DatabaseHandler' driver.
INFO - 2024-06-07 14:37:29 --> Session: Class initialized using 'CodeIgniter\Session\Handlers\DatabaseHandler' driver.
INFO - 2024-06-07 17:37:29 --> CSRF token verified.
INFO - 2024-06-07 14:37:33 --> Session: Class initialized using 'CodeIgniter\Session\Handlers\DatabaseHandler' driver.
INFO - 2024-06-07 14:37:34 --> Session: Class initialized using 'CodeIgniter\Session\Handlers\DatabaseHandler' driver.
INFO - 2024-06-07 17:37:34 --> CSRF token verified.
INFO - 2024-06-07 14:37:53 --> Session: Class initialized using 'CodeIgniter\Session\Handlers\DatabaseHandler' driver.
INFO - 2024-06-07 14:37:53 --> Session: Class initialized using 'CodeIgniter\Session\Handlers\DatabaseHandler' driver.
INFO - 2024-06-07 17:37:53 --> CSRF token verified.
INFO - 2024-06-07 14:38:02 --> Session: Class initialized using 'CodeIgniter\Session\Handlers\DatabaseHandler' driver.
INFO - 2024-06-07 17:38:02 --> CSRF token verified.
INFO - 2024-06-07 14:38:03 --> Session: Class initialized using 'CodeIgniter\Session\Handlers\DatabaseHandler' driver.
INFO - 2024-06-07 14:38:03 --> Session: Class initialized using 'CodeIgniter\Session\Handlers\DatabaseHandler' driver.
INFO - 2024-06-07 17:38:03 --> CSRF token verified.
INFO - 2024-06-07 14:38:09 --> Session: Class initialized using 'CodeIgniter\Session\Handlers\DatabaseHandler' driver.
INFO - 2024-06-07 17:38:09 --> CSRF token verified.
INFO - 2024-06-07 14:38:09 --> Session: Class initialized using 'CodeIgniter\Session\Handlers\DatabaseHandler' driver.
INFO - 2024-06-07 14:38:10 --> Session: Class initialized using 'CodeIgniter\Session\Handlers\DatabaseHandler' driver.
INFO - 2024-06-07 17:38:10 --> CSRF token verified.
INFO - 2024-06-07 14:38:15 --> Session: Class initialized using 'CodeIgniter\Session\Handlers\DatabaseHandler' driver.
INFO - 2024-06-07 14:38:15 --> Session: Class initialized using 'CodeIgniter\Session\Handlers\DatabaseHandler' driver.
INFO - 2024-06-07 17:38:15 --> CSRF token verified.
INFO - 2024-06-07 14:38:20 --> Session: Class initialized using 'CodeIgniter\Session\Handlers\DatabaseHandler' driver.
INFO - 2024-06-07 17:38:20 --> CSRF token verified.
INFO - 2024-06-07 14:38:23 --> Session: Class initialized using 'CodeIgniter\Session\Handlers\DatabaseHandler' driver.
INFO - 2024-06-07 14:38:24 --> Session: Class initialized using 'CodeIgniter\Session\Handlers\DatabaseHandler' driver.
INFO - 2024-06-07 17:38:24 --> CSRF token verified.
INFO - 2024-06-07 14:38:27 --> Session: Class initialized using 'CodeIgniter\Session\Handlers\DatabaseHandler' driver.
INFO - 2024-06-07 14:38:28 --> Session: Class initialized using 'CodeIgniter\Session\Handlers\DatabaseHandler' driver.
INFO - 2024-06-07 17:38:28 --> CSRF token verified.
INFO - 2024-06-07 14:38:38 --> Session: Class initialized using 'CodeIgniter\Session\Handlers\DatabaseHandler' driver.
INFO - 2024-06-07 17:38:38 --> CSRF token verified.
INFO - 2024-06-07 14:39:09 --> Session: Class initialized using 'CodeIgniter\Session\Handlers\DatabaseHandler' driver.
INFO - 2024-06-07 14:39:10 --> Session: Class initialized using 'CodeIgniter\Session\Handlers\DatabaseHandler' driver.
INFO - 2024-06-07 17:39:10 --> CSRF token verified.
INFO - 2024-06-07 14:39:12 --> Session: Class initialized using 'CodeIgniter\Session\Handlers\DatabaseHandler' driver.
INFO - 2024-06-07 14:39:12 --> Session: Class initialized using 'CodeIgniter\Session\Handlers\DatabaseHandler' driver.
INFO - 2024-06-07 17:39:12 --> CSRF token verified.
INFO - 2024-06-07 14:39:17 --> Session: Class initialized using 'CodeIgniter\Session\Handlers\DatabaseHandler' driver.
INFO - 2024-06-07 17:39:17 --> CSRF token verified.
INFO - 2024-06-07 14:40:02 --> Session: Class initialized using 'CodeIgniter\Session\Handlers\DatabaseHandler' driver.
INFO - 2024-06-07 14:40:02 --> Session: Class initialized using 'CodeIgniter\Session\Handlers\DatabaseHandler' driver.
INFO - 2024-06-07 17:40:02 --> CSRF token verified.
INFO - 2024-06-07 14:40:05 --> Session: Class initialized using 'CodeIgniter\Session\Handlers\DatabaseHandler' driver.
INFO - 2024-06-07 14:40:05 --> Session: Class initialized using 'CodeIgniter\Session\Handlers\DatabaseHandler' driver.
INFO - 2024-06-07 17:40:05 --> CSRF token verified.
INFO - 2024-06-07 14:40:18 --> Session: Class initialized using 'CodeIgniter\Session\Handlers\DatabaseHandler' driver.
INFO - 2024-06-07 14:40:19 --> Session: Class initialized using 'CodeIgniter\Session\Handlers\DatabaseHandler' driver.
INFO - 2024-06-07 17:40:19 --> CSRF token verified.
INFO - 2024-06-07 14:40:20 --> Session: Class initialized using 'CodeIgniter\Session\Handlers\DatabaseHandler' driver.
INFO - 2024-06-07 14:40:21 --> Session: Class initialized using 'CodeIgniter\Session\Handlers\DatabaseHandler' driver.
INFO - 2024-06-07 17:40:21 --> CSRF token verified.
INFO - 2024-06-07 14:40:28 --> Session: Class initialized using 'CodeIgniter\Session\Handlers\DatabaseHandler' driver.
INFO - 2024-06-07 17:40:28 --> CSRF token verified.
INFO - 2024-06-07 14:40:55 --> Session: Class initialized using 'CodeIgniter\Session\Handlers\DatabaseHandler' driver.
INFO - 2024-06-07 17:40:55 --> CSRF token verified.
INFO - 2024-06-07 14:41:18 --> Session: Class initialized using 'CodeIgniter\Session\Handlers\DatabaseHandler' driver.
INFO - 2024-06-07 17:41:18 --> CSRF token verified.
INFO - 2024-06-07 14:41:19 --> Session: Class initialized using 'CodeIgniter\Session\Handlers\DatabaseHandler' driver.
INFO - 2024-06-07 14:41:19 --> Session: Class initialized using 'CodeIgniter\Session\Handlers\DatabaseHandler' driver.
INFO - 2024-06-07 17:41:19 --> CSRF token verified.
INFO - 2024-06-07 14:43:06 --> Session: Class initialized using 'CodeIgniter\Session\Handlers\DatabaseHandler' driver.
INFO - 2024-06-07 17:43:06 --> CSRF token verified.
INFO - 2024-06-07 14:43:12 --> Session: Class initialized using 'CodeIgniter\Session\Handlers\DatabaseHandler' driver.
INFO - 2024-06-07 17:43:12 --> CSRF token verified.
INFO - 2024-06-07 14:43:37 --> Session: Class initialized using 'CodeIgniter\Session\Handlers\DatabaseHandler' driver.
INFO - 2024-06-07 17:43:37 --> CSRF token verified.
INFO - 2024-06-07 14:44:16 --> Session: Class initialized using 'CodeIgniter\Session\Handlers\DatabaseHandler' driver.
INFO - 2024-06-07 17:44:16 --> CSRF token verified.
INFO - 2024-06-07 14:44:22 --> Session: Class initialized using 'CodeIgniter\Session\Handlers\DatabaseHandler' driver.
INFO - 2024-06-07 17:44:22 --> CSRF token verified.
INFO - 2024-06-07 14:48:08 --> Session: Class initialized using 'CodeIgniter\Session\Handlers\DatabaseHandler' driver.
INFO - 2024-06-07 17:48:08 --> CSRF token verified.
INFO - 2024-06-07 14:48:11 --> Session: Class initialized using 'CodeIgniter\Session\Handlers\DatabaseHandler' driver.
INFO - 2024-06-07 17:48:11 --> CSRF token verified.
INFO - 2024-06-07 14:50:11 --> Session: Class initialized using 'CodeIgniter\Session\Handlers\DatabaseHandler' driver.
INFO - 2024-06-07 17:50:11 --> CSRF token verified.
INFO - 2024-06-07 14:50:45 --> Session: Class initialized using 'CodeIgniter\Session\Handlers\DatabaseHandler' driver.
INFO - 2024-06-07 17:50:45 --> CSRF token verified.
INFO - 2024-06-07 14:50:59 --> Session: Class initialized using 'CodeIgniter\Session\Handlers\DatabaseHandler' driver.
INFO - 2024-06-07 17:50:59 --> CSRF token verified.
INFO - 2024-06-07 14:51:04 --> Session: Class initialized using 'CodeIgniter\Session\Handlers\DatabaseHandler' driver.
INFO - 2024-06-07 17:51:04 --> CSRF token verified.
INFO - 2024-06-07 14:51:38 --> Session: Class initialized using 'CodeIgniter\Session\Handlers\DatabaseHandler' driver.
INFO - 2024-06-07 17:51:38 --> CSRF token verified.
INFO - 2024-06-07 14:51:38 --> Session: Class initialized using 'CodeIgniter\Session\Handlers\DatabaseHandler' driver.
INFO - 2024-06-07 17:51:38 --> CSRF token verified.
INFO - 2024-06-07 14:51:43 --> Session: Class initialized using 'CodeIgniter\Session\Handlers\DatabaseHandler' driver.
INFO - 2024-06-07 17:51:44 --> CSRF token verified.
INFO - 2024-06-07 14:51:44 --> Session: Class initialized using 'CodeIgniter\Session\Handlers\DatabaseHandler' driver.
INFO - 2024-06-07 17:51:44 --> CSRF token verified.
INFO - 2024-06-07 14:51:54 --> Session: Class initialized using 'CodeIgniter\Session\Handlers\DatabaseHandler' driver.
INFO - 2024-06-07 17:51:54 --> CSRF token verified.
INFO - 2024-06-07 14:52:02 --> Session: Class initialized using 'CodeIgniter\Session\Handlers\DatabaseHandler' driver.
INFO - 2024-06-07 17:52:02 --> CSRF token verified.
INFO - 2024-06-07 14:52:05 --> Session: Class initialized using 'CodeIgniter\Session\Handlers\DatabaseHandler' driver.
INFO - 2024-06-07 17:52:05 --> CSRF token verified.
INFO - 2024-06-07 14:52:07 --> Session: Class initialized using 'CodeIgniter\Session\Handlers\DatabaseHandler' driver.
INFO - 2024-06-07 17:52:07 --> CSRF token verified.
INFO - 2024-06-07 14:52:28 --> Session: Class initialized using 'CodeIgniter\Session\Handlers\DatabaseHandler' driver.
INFO - 2024-06-07 14:52:28 --> Session: Class initialized using 'CodeIgniter\Session\Handlers\DatabaseHandler' driver.
INFO - 2024-06-07 17:52:28 --> CSRF token verified.
INFO - 2024-06-07 14:52:37 --> Session: Class initialized using 'CodeIgniter\Session\Handlers\DatabaseHandler' driver.
INFO - 2024-06-07 17:52:37 --> CSRF token verified.
INFO - 2024-06-07 14:52:37 --> Session: Class initialized using 'CodeIgniter\Session\Handlers\DatabaseHandler' driver.
INFO - 2024-06-07 14:52:38 --> Session: Class initialized using 'CodeIgniter\Session\Handlers\DatabaseHandler' driver.
INFO - 2024-06-07 17:52:38 --> CSRF token verified.
INFO - 2024-06-07 14:53:03 --> Session: Class initialized using 'CodeIgniter\Session\Handlers\DatabaseHandler' driver.
INFO - 2024-06-07 17:53:03 --> CSRF token verified.
INFO - 2024-06-07 14:53:20 --> Session: Class initialized using 'CodeIgniter\Session\Handlers\DatabaseHandler' driver.
INFO - 2024-06-07 17:53:20 --> CSRF token verified.
INFO - 2024-06-07 14:53:23 --> Session: Class initialized using 'CodeIgniter\Session\Handlers\DatabaseHandler' driver.
INFO - 2024-06-07 17:53:23 --> CSRF token verified.
INFO - 2024-06-07 14:53:39 --> Session: Class initialized using 'CodeIgniter\Session\Handlers\DatabaseHandler' driver.
INFO - 2024-06-07 17:53:39 --> CSRF token verified.
INFO - 2024-06-07 14:53:41 --> Session: Class initialized using 'CodeIgniter\Session\Handlers\DatabaseHandler' driver.
INFO - 2024-06-07 17:53:41 --> CSRF token verified.
INFO - 2024-06-07 14:54:12 --> Session: Class initialized using 'CodeIgniter\Session\Handlers\DatabaseHandler' driver.
INFO - 2024-06-07 17:54:12 --> CSRF token verified.
INFO - 2024-06-07 14:54:12 --> Session: Class initialized using 'CodeIgniter\Session\Handlers\DatabaseHandler' driver.
INFO - 2024-06-07 17:54:12 --> CSRF token verified.
INFO - 2024-06-07 14:54:13 --> Session: Class initialized using 'CodeIgniter\Session\Handlers\DatabaseHandler' driver.
INFO - 2024-06-07 17:54:13 --> CSRF token verified.
INFO - 2024-06-07 14:54:13 --> Session: Class initialized using 'CodeIgniter\Session\Handlers\DatabaseHandler' driver.
INFO - 2024-06-07 17:54:13 --> CSRF token verified.
INFO - 2024-06-07 14:54:27 --> Session: Class initialized using 'CodeIgniter\Session\Handlers\DatabaseHandler' driver.
INFO - 2024-06-07 17:54:27 --> CSRF token verified.
INFO - 2024-06-07 14:54:28 --> Session: Class initialized using 'CodeIgniter\Session\Handlers\DatabaseHandler' driver.
INFO - 2024-06-07 17:54:28 --> CSRF token verified.
INFO - 2024-06-07 14:54:29 --> Session: Class initialized using 'CodeIgniter\Session\Handlers\DatabaseHandler' driver.
INFO - 2024-06-07 17:54:29 --> CSRF token verified.
INFO - 2024-06-07 14:55:03 --> Session: Class initialized using 'CodeIgniter\Session\Handlers\DatabaseHandler' driver.
INFO - 2024-06-07 17:55:03 --> CSRF token verified.
INFO - 2024-06-07 14:55:03 --> Session: Class initialized using 'CodeIgniter\Session\Handlers\DatabaseHandler' driver.
INFO - 2024-06-07 17:55:03 --> CSRF token verified.
INFO - 2024-06-07 14:55:03 --> Session: Class initialized using 'CodeIgniter\Session\Handlers\DatabaseHandler' driver.
INFO - 2024-06-07 17:55:03 --> CSRF token verified.
INFO - 2024-06-07 14:55:04 --> Session: Class initialized using 'CodeIgniter\Session\Handlers\DatabaseHandler' driver.
INFO - 2024-06-07 17:55:04 --> CSRF token verified.
INFO - 2024-06-07 14:55:04 --> Session: Class initialized using 'CodeIgniter\Session\Handlers\DatabaseHandler' driver.
INFO - 2024-06-07 17:55:04 --> CSRF token verified.
INFO - 2024-06-07 14:55:05 --> Session: Class initialized using 'CodeIgniter\Session\Handlers\DatabaseHandler' driver.
INFO - 2024-06-07 17:55:05 --> CSRF token verified.
INFO - 2024-06-07 14:55:05 --> Session: Class initialized using 'CodeIgniter\Session\Handlers\DatabaseHandler' driver.
INFO - 2024-06-07 17:55:05 --> CSRF token verified.
INFO - 2024-06-07 14:55:06 --> Session: Class initialized using 'CodeIgniter\Session\Handlers\DatabaseHandler' driver.
INFO - 2024-06-07 17:55:06 --> CSRF token verified.
INFO - 2024-06-07 14:55:07 --> Session: Class initialized using 'CodeIgniter\Session\Handlers\DatabaseHandler' driver.
INFO - 2024-06-07 17:55:07 --> CSRF token verified.
INFO - 2024-06-07 14:55:09 --> Session: Class initialized using 'CodeIgniter\Session\Handlers\DatabaseHandler' driver.
INFO - 2024-06-07 17:55:09 --> CSRF token verified.
INFO - 2024-06-07 14:55:14 --> Session: Class initialized using 'CodeIgniter\Session\Handlers\DatabaseHandler' driver.
INFO - 2024-06-07 17:55:14 --> CSRF token verified.
INFO - 2024-06-07 14:55:19 --> Session: Class initialized using 'CodeIgniter\Session\Handlers\DatabaseHandler' driver.
INFO - 2024-06-07 17:55:19 --> CSRF token verified.
INFO - 2024-06-07 14:55:22 --> Session: Class initialized using 'CodeIgniter\Session\Handlers\DatabaseHandler' driver.
INFO - 2024-06-07 17:55:22 --> CSRF token verified.
INFO - 2024-06-07 14:55:24 --> Session: Class initialized using 'CodeIgniter\Session\Handlers\DatabaseHandler' driver.
INFO - 2024-06-07 17:55:24 --> CSRF token verified.
INFO - 2024-06-07 14:55:24 --> Session: Class initialized using 'CodeIgniter\Session\Handlers\DatabaseHandler' driver.
INFO - 2024-06-07 17:55:24 --> CSRF token verified.
INFO - 2024-06-07 14:55:43 --> Session: Class initialized using 'CodeIgniter\Session\Handlers\DatabaseHandler' driver.
INFO - 2024-06-07 17:55:43 --> CSRF token verified.
INFO - 2024-06-07 14:55:48 --> Session: Class initialized using 'CodeIgniter\Session\Handlers\DatabaseHandler' driver.
INFO - 2024-06-07 17:55:48 --> CSRF token verified.
INFO - 2024-06-07 14:57:50 --> Session: Class initialized using 'CodeIgniter\Session\Handlers\DatabaseHandler' driver.
INFO - 2024-06-07 17:57:50 --> CSRF token verified.
INFO - 2024-06-07 14:58:13 --> Session: Class initialized using 'CodeIgniter\Session\Handlers\DatabaseHandler' driver.
INFO - 2024-06-07 17:58:13 --> CSRF token verified.
INFO - 2024-06-07 14:58:24 --> Session: Class initialized using 'CodeIgniter\Session\Handlers\DatabaseHandler' driver.
INFO - 2024-06-07 17:58:24 --> CSRF token verified.
INFO - 2024-06-07 14:58:31 --> Session: Class initialized using 'CodeIgniter\Session\Handlers\DatabaseHandler' driver.
INFO - 2024-06-07 17:58:31 --> CSRF token verified.
INFO - 2024-06-07 14:58:36 --> Session: Class initialized using 'CodeIgniter\Session\Handlers\DatabaseHandler' driver.
INFO - 2024-06-07 17:58:36 --> CSRF token verified.
INFO - 2024-06-07 14:58:58 --> Session: Class initialized using 'CodeIgniter\Session\Handlers\DatabaseHandler' driver.
INFO - 2024-06-07 17:58:58 --> CSRF token verified.
INFO - 2024-06-07 14:59:12 --> Session: Class initialized using 'CodeIgniter\Session\Handlers\DatabaseHandler' driver.
INFO - 2024-06-07 17:59:12 --> CSRF token verified.
INFO - 2024-06-07 14:59:18 --> Session: Class initialized using 'CodeIgniter\Session\Handlers\DatabaseHandler' driver.
INFO - 2024-06-07 17:59:18 --> CSRF token verified.
INFO - 2024-06-07 14:59:18 --> Session: Class initialized using 'CodeIgniter\Session\Handlers\DatabaseHandler' driver.
INFO - 2024-06-07 14:59:19 --> Session: Class initialized using 'CodeIgniter\Session\Handlers\DatabaseHandler' driver.
INFO - 2024-06-07 17:59:19 --> CSRF token verified.
INFO - 2024-06-07 14:59:36 --> Session: Class initialized using 'CodeIgniter\Session\Handlers\DatabaseHandler' driver.
INFO - 2024-06-07 14:59:38 --> Session: Class initialized using 'CodeIgniter\Session\Handlers\DatabaseHandler' driver.
INFO - 2024-06-07 17:59:38 --> CSRF token verified.
INFO - 2024-06-07 14:59:50 --> Session: Class initialized using 'CodeIgniter\Session\Handlers\DatabaseHandler' driver.
INFO - 2024-06-07 17:59:50 --> CSRF token verified.
INFO - 2024-06-07 15:00:11 --> Session: Class initialized using 'CodeIgniter\Session\Handlers\DatabaseHandler' driver.
INFO - 2024-06-07 18:00:11 --> CSRF token verified.
INFO - 2024-06-07 15:00:12 --> Session: Class initialized using 'CodeIgniter\Session\Handlers\DatabaseHandler' driver.
INFO - 2024-06-07 18:00:12 --> CSRF token verified.
INFO - 2024-06-07 15:00:26 --> Session: Class initialized using 'CodeIgniter\Session\Handlers\DatabaseHandler' driver.
INFO - 2024-06-07 15:00:27 --> Session: Class initialized using 'CodeIgniter\Session\Handlers\DatabaseHandler' driver.
INFO - 2024-06-07 18:00:27 --> CSRF token verified.
INFO - 2024-06-07 15:00:30 --> Session: Class initialized using 'CodeIgniter\Session\Handlers\DatabaseHandler' driver.
INFO - 2024-06-07 15:00:30 --> Session: Class initialized using 'CodeIgniter\Session\Handlers\DatabaseHandler' driver.
INFO - 2024-06-07 18:00:30 --> CSRF token verified.
INFO - 2024-06-07 15:00:35 --> Session: Class initialized using 'CodeIgniter\Session\Handlers\DatabaseHandler' driver.
INFO - 2024-06-07 15:00:36 --> Session: Class initialized using 'CodeIgniter\Session\Handlers\DatabaseHandler' driver.
INFO - 2024-06-07 18:00:36 --> CSRF token verified.
INFO - 2024-06-07 15:00:38 --> Session: Class initialized using 'CodeIgniter\Session\Handlers\DatabaseHandler' driver.
INFO - 2024-06-07 15:00:38 --> Session: Class initialized using 'CodeIgniter\Session\Handlers\DatabaseHandler' driver.
INFO - 2024-06-07 18:00:38 --> CSRF token verified.
INFO - 2024-06-07 15:00:42 --> Session: Class initialized using 'CodeIgniter\Session\Handlers\DatabaseHandler' driver.
INFO - 2024-06-07 15:00:42 --> Session: Class initialized using 'CodeIgniter\Session\Handlers\DatabaseHandler' driver.
INFO - 2024-06-07 18:00:42 --> CSRF token verified.
INFO - 2024-06-07 15:00:51 --> Session: Class initialized using 'CodeIgniter\Session\Handlers\DatabaseHandler' driver.
INFO - 2024-06-07 18:00:51 --> CSRF token verified.
INFO - 2024-06-07 15:00:55 --> Session: Class initialized using 'CodeIgniter\Session\Handlers\DatabaseHandler' driver.
INFO - 2024-06-07 18:00:55 --> CSRF token verified.
INFO - 2024-06-07 15:01:03 --> Session: Class initialized using 'CodeIgniter\Session\Handlers\DatabaseHandler' driver.
INFO - 2024-06-07 18:01:03 --> CSRF token verified.
INFO - 2024-06-07 15:01:39 --> Session: Class initialized using 'CodeIgniter\Session\Handlers\DatabaseHandler' driver.
INFO - 2024-06-07 18:01:39 --> CSRF token verified.
INFO - 2024-06-07 15:01:47 --> Session: Class initialized using 'CodeIgniter\Session\Handlers\DatabaseHandler' driver.
INFO - 2024-06-07 18:01:47 --> CSRF token verified.
INFO - 2024-06-07 15:01:57 --> Session: Class initialized using 'CodeIgniter\Session\Handlers\DatabaseHandler' driver.
INFO - 2024-06-07 18:01:57 --> CSRF token verified.
INFO - 2024-06-07 15:02:05 --> Session: Class initialized using 'CodeIgniter\Session\Handlers\DatabaseHandler' driver.
INFO - 2024-06-07 18:02:05 --> CSRF token verified.
INFO - 2024-06-07 15:02:08 --> Session: Class initialized using 'CodeIgniter\Session\Handlers\DatabaseHandler' driver.
INFO - 2024-06-07 18:02:08 --> CSRF token verified.
INFO - 2024-06-07 15:02:15 --> Session: Class initialized using 'CodeIgniter\Session\Handlers\DatabaseHandler' driver.
INFO - 2024-06-07 18:02:15 --> CSRF token verified.
INFO - 2024-06-07 15:02:16 --> Session: Class initialized using 'CodeIgniter\Session\Handlers\DatabaseHandler' driver.
INFO - 2024-06-07 15:02:16 --> Session: Class initialized using 'CodeIgniter\Session\Handlers\DatabaseHandler' driver.
INFO - 2024-06-07 18:02:16 --> CSRF token verified.
INFO - 2024-06-07 15:02:25 --> Session: Class initialized using 'CodeIgniter\Session\Handlers\DatabaseHandler' driver.
INFO - 2024-06-07 15:02:25 --> Session: Class initialized using 'CodeIgniter\Session\Handlers\DatabaseHandler' driver.
INFO - 2024-06-07 18:02:25 --> CSRF token verified.
INFO - 2024-06-07 15:02:29 --> Session: Class initialized using 'CodeIgniter\Session\Handlers\DatabaseHandler' driver.
INFO - 2024-06-07 15:02:30 --> Session: Class initialized using 'CodeIgniter\Session\Handlers\DatabaseHandler' driver.
INFO - 2024-06-07 18:02:30 --> CSRF token verified.
INFO - 2024-06-07 15:02:32 --> Session: Class initialized using 'CodeIgniter\Session\Handlers\DatabaseHandler' driver.
INFO - 2024-06-07 15:02:33 --> Session: Class initialized using 'CodeIgniter\Session\Handlers\DatabaseHandler' driver.
INFO - 2024-06-07 18:02:33 --> CSRF token verified.
INFO - 2024-06-07 15:02:35 --> Session: Class initialized using 'CodeIgniter\Session\Handlers\DatabaseHandler' driver.
INFO - 2024-06-07 18:02:35 --> CSRF token verified.
INFO - 2024-06-07 15:02:40 --> Session: Class initialized using 'CodeIgniter\Session\Handlers\DatabaseHandler' driver.
INFO - 2024-06-07 18:02:40 --> CSRF token verified.
INFO - 2024-06-07 15:02:41 --> Session: Class initialized using 'CodeIgniter\Session\Handlers\DatabaseHandler' driver.
INFO - 2024-06-07 18:02:41 --> CSRF token verified.
INFO - 2024-06-07 15:02:59 --> Session: Class initialized using 'CodeIgniter\Session\Handlers\DatabaseHandler' driver.
INFO - 2024-06-07 18:02:59 --> CSRF token verified.
INFO - 2024-06-07 15:03:03 --> Session: Class initialized using 'CodeIgniter\Session\Handlers\DatabaseHandler' driver.
INFO - 2024-06-07 18:03:03 --> CSRF token verified.
INFO - 2024-06-07 15:03:27 --> Session: Class initialized using 'CodeIgniter\Session\Handlers\DatabaseHandler' driver.
INFO - 2024-06-07 18:03:27 --> CSRF token verified.
INFO - 2024-06-07 15:03:47 --> Session: Class initialized using 'CodeIgniter\Session\Handlers\DatabaseHandler' driver.
INFO - 2024-06-07 18:03:47 --> CSRF token verified.
INFO - 2024-06-07 15:04:00 --> Session: Class initialized using 'CodeIgniter\Session\Handlers\DatabaseHandler' driver.
INFO - 2024-06-07 18:04:00 --> CSRF token verified.
INFO - 2024-06-07 15:04:03 --> Session: Class initialized using 'CodeIgniter\Session\Handlers\DatabaseHandler' driver.
INFO - 2024-06-07 15:04:04 --> Session: Class initialized using 'CodeIgniter\Session\Handlers\DatabaseHandler' driver.
INFO - 2024-06-07 18:04:04 --> CSRF token verified.
INFO - 2024-06-07 15:04:06 --> Session: Class initialized using 'CodeIgniter\Session\Handlers\DatabaseHandler' driver.
INFO - 2024-06-07 15:04:06 --> Session: Class initialized using 'CodeIgniter\Session\Handlers\DatabaseHandler' driver.
INFO - 2024-06-07 15:04:07 --> Session: Class initialized using 'CodeIgniter\Session\Handlers\DatabaseHandler' driver.
INFO - 2024-06-07 18:04:07 --> CSRF token verified.
INFO - 2024-06-07 15:04:31 --> Session: Class initialized using 'CodeIgniter\Session\Handlers\DatabaseHandler' driver.
INFO - 2024-06-07 15:04:32 --> Session: Class initialized using 'CodeIgniter\Session\Handlers\DatabaseHandler' driver.
INFO - 2024-06-07 18:04:32 --> CSRF token verified.
INFO - 2024-06-07 17:30:08 --> Session: Class initialized using 'CodeIgniter\Session\Handlers\DatabaseHandler' driver.
INFO - 2024-06-07 17:30:08 --> Session: Class initialized using 'CodeIgniter\Session\Handlers\DatabaseHandler' driver.
INFO - 2024-06-07 17:30:08 --> Session: Class initialized using 'CodeIgniter\Session\Handlers\DatabaseHandler' driver.
INFO - 2024-06-07 17:30:09 --> Session: Class initialized using 'CodeIgniter\Session\Handlers\DatabaseHandler' driver.
INFO - 2024-06-07 17:30:09 --> Session: Class initialized using 'CodeIgniter\Session\Handlers\DatabaseHandler' driver.
INFO - 2024-06-07 17:30:09 --> Session: Class initialized using 'CodeIgniter\Session\Handlers\DatabaseHandler' driver.
INFO - 2024-06-07 20:30:09 --> CSRF token verified.
INFO - 2024-06-07 17:30:10 --> Session: Class initialized using 'CodeIgniter\Session\Handlers\DatabaseHandler' driver.
INFO - 2024-06-07 20:30:10 --> CSRF token verified.
INFO - 2024-06-07 17:32:35 --> Session: Class initialized using 'CodeIgniter\Session\Handlers\DatabaseHandler' driver.
INFO - 2024-06-07 17:32:35 --> Session: Class initialized using 'CodeIgniter\Session\Handlers\DatabaseHandler' driver.
INFO - 2024-06-07 20:32:35 --> CSRF token verified.
INFO - 2024-06-07 17:32:40 --> Session: Class initialized using 'CodeIgniter\Session\Handlers\DatabaseHandler' driver.
INFO - 2024-06-07 17:32:41 --> Session: Class initialized using 'CodeIgniter\Session\Handlers\DatabaseHandler' driver.
INFO - 2024-06-07 20:32:41 --> CSRF token verified.
INFO - 2024-06-07 17:33:02 --> Session: Class initialized using 'CodeIgniter\Session\Handlers\DatabaseHandler' driver.
INFO - 2024-06-07 20:33:02 --> CSRF token verified.
INFO - 2024-06-07 17:33:02 --> Session: Class initialized using 'CodeIgniter\Session\Handlers\DatabaseHandler' driver.
INFO - 2024-06-07 17:33:03 --> Session: Class initialized using 'CodeIgniter\Session\Handlers\DatabaseHandler' driver.
INFO - 2024-06-07 20:33:03 --> CSRF token verified.
INFO - 2024-06-07 17:33:12 --> Session: Class initialized using 'CodeIgniter\Session\Handlers\DatabaseHandler' driver.
INFO - 2024-06-07 20:33:12 --> CSRF token verified.
INFO - 2024-06-07 17:33:12 --> Session: Class initialized using 'CodeIgniter\Session\Handlers\DatabaseHandler' driver.
INFO - 2024-06-07 17:33:12 --> Session: Class initialized using 'CodeIgniter\Session\Handlers\DatabaseHandler' driver.
INFO - 2024-06-07 17:33:13 --> Session: Class initialized using 'CodeIgniter\Session\Handlers\DatabaseHandler' driver.
INFO - 2024-06-07 20:33:13 --> CSRF token verified.
INFO - 2024-06-07 17:33:16 --> Session: Class initialized using 'CodeIgniter\Session\Handlers\DatabaseHandler' driver.
INFO - 2024-06-07 17:33:16 --> Session: Class initialized using 'CodeIgniter\Session\Handlers\DatabaseHandler' driver.
INFO - 2024-06-07 17:33:16 --> Session: Class initialized using 'CodeIgniter\Session\Handlers\DatabaseHandler' driver.
INFO - 2024-06-07 20:33:16 --> CSRF token verified.
INFO - 2024-06-07 18:08:42 --> Session: Class initialized using 'CodeIgniter\Session\Handlers\DatabaseHandler' driver.
INFO - 2024-06-07 18:08:43 --> Session: Class initialized using 'CodeIgniter\Session\Handlers\DatabaseHandler' driver.
INFO - 2024-06-07 18:08:44 --> Session: Class initialized using 'CodeIgniter\Session\Handlers\DatabaseHandler' driver.
INFO - 2024-06-07 21:08:44 --> CSRF token verified.
INFO - 2024-06-07 18:08:47 --> Session: Class initialized using 'CodeIgniter\Session\Handlers\DatabaseHandler' driver.
INFO - 2024-06-07 18:08:49 --> Session: Class initialized using 'CodeIgniter\Session\Handlers\DatabaseHandler' driver.
INFO - 2024-06-07 21:08:49 --> CSRF token verified.
INFO - 2024-06-07 18:08:55 --> Session: Class initialized using 'CodeIgniter\Session\Handlers\DatabaseHandler' driver.
INFO - 2024-06-07 18:08:56 --> Session: Class initialized using 'CodeIgniter\Session\Handlers\DatabaseHandler' driver.
INFO - 2024-06-07 21:08:56 --> CSRF token verified.
INFO - 2024-06-07 18:08:59 --> Session: Class initialized using 'CodeIgniter\Session\Handlers\DatabaseHandler' driver.
INFO - 2024-06-07 18:08:59 --> Session: Class initialized using 'CodeIgniter\Session\Handlers\DatabaseHandler' driver.
INFO - 2024-06-07 21:08:59 --> CSRF token verified.
INFO - 2024-06-07 18:09:07 --> Session: Class initialized using 'CodeIgniter\Session\Handlers\DatabaseHandler' driver.
INFO - 2024-06-07 18:09:07 --> Session: Class initialized using 'CodeIgniter\Session\Handlers\DatabaseHandler' driver.
INFO - 2024-06-07 21:09:07 --> CSRF token verified.
INFO - 2024-06-07 18:09:22 --> Session: Class initialized using 'CodeIgniter\Session\Handlers\DatabaseHandler' driver.
INFO - 2024-06-07 18:09:24 --> Session: Class initialized using 'CodeIgniter\Session\Handlers\DatabaseHandler' driver.
INFO - 2024-06-07 21:09:24 --> CSRF token verified.
INFO - 2024-06-07 18:09:32 --> Session: Class initialized using 'CodeIgniter\Session\Handlers\DatabaseHandler' driver.
INFO - 2024-06-07 21:09:32 --> CSRF token verified.
INFO - 2024-06-07 18:09:38 --> Session: Class initialized using 'CodeIgniter\Session\Handlers\DatabaseHandler' driver.
INFO - 2024-06-07 21:09:38 --> CSRF token verified.
INFO - 2024-06-07 18:09:53 --> Session: Class initialized using 'CodeIgniter\Session\Handlers\DatabaseHandler' driver.
INFO - 2024-06-07 21:09:53 --> CSRF token verified.
INFO - 2024-06-07 18:10:13 --> Session: Class initialized using 'CodeIgniter\Session\Handlers\DatabaseHandler' driver.
INFO - 2024-06-07 21:10:13 --> CSRF token verified.
INFO - 2024-06-07 18:10:16 --> Session: Class initialized using 'CodeIgniter\Session\Handlers\DatabaseHandler' driver.
INFO - 2024-06-07 21:10:17 --> CSRF token verified.
INFO - 2024-06-07 18:10:19 --> Session: Class initialized using 'CodeIgniter\Session\Handlers\DatabaseHandler' driver.
INFO - 2024-06-07 21:10:19 --> CSRF token verified.
INFO - 2024-06-07 18:10:31 --> Session: Class initialized using 'CodeIgniter\Session\Handlers\DatabaseHandler' driver.
INFO - 2024-06-07 21:10:31 --> CSRF token verified.
INFO - 2024-06-07 18:10:31 --> Session: Class initialized using 'CodeIgniter\Session\Handlers\DatabaseHandler' driver.
INFO - 2024-06-07 21:10:31 --> CSRF token verified.
INFO - 2024-06-07 18:10:47 --> Session: Class initialized using 'CodeIgniter\Session\Handlers\DatabaseHandler' driver.
INFO - 2024-06-07 21:10:47 --> CSRF token verified.
INFO - 2024-06-07 18:10:47 --> Session: Class initialized using 'CodeIgniter\Session\Handlers\DatabaseHandler' driver.
INFO - 2024-06-07 18:10:48 --> Session: Class initialized using 'CodeIgniter\Session\Handlers\DatabaseHandler' driver.
INFO - 2024-06-07 21:10:48 --> CSRF token verified.
INFO - 2024-06-07 18:10:56 --> Session: Class initialized using 'CodeIgniter\Session\Handlers\DatabaseHandler' driver.
INFO - 2024-06-07 18:10:56 --> Session: Class initialized using 'CodeIgniter\Session\Handlers\DatabaseHandler' driver.
INFO - 2024-06-07 21:10:56 --> CSRF token verified.
INFO - 2024-06-07 18:11:04 --> Session: Class initialized using 'CodeIgniter\Session\Handlers\DatabaseHandler' driver.
INFO - 2024-06-07 18:11:05 --> Session: Class initialized using 'CodeIgniter\Session\Handlers\DatabaseHandler' driver.
INFO - 2024-06-07 21:11:05 --> CSRF token verified.
INFO - 2024-06-07 18:11:08 --> Session: Class initialized using 'CodeIgniter\Session\Handlers\DatabaseHandler' driver.
INFO - 2024-06-07 18:11:09 --> Session: Class initialized using 'CodeIgniter\Session\Handlers\DatabaseHandler' driver.
INFO - 2024-06-07 21:11:09 --> CSRF token verified.
INFO - 2024-06-07 18:11:12 --> Session: Class initialized using 'CodeIgniter\Session\Handlers\DatabaseHandler' driver.
INFO - 2024-06-07 18:11:12 --> Session: Class initialized using 'CodeIgniter\Session\Handlers\DatabaseHandler' driver.
INFO - 2024-06-07 21:11:12 --> CSRF token verified.
INFO - 2024-06-07 18:11:19 --> Session: Class initialized using 'CodeIgniter\Session\Handlers\DatabaseHandler' driver.
INFO - 2024-06-07 18:11:19 --> Session: Class initialized using 'CodeIgniter\Session\Handlers\DatabaseHandler' driver.
INFO - 2024-06-07 21:11:19 --> CSRF token verified.
INFO - 2024-06-07 18:11:23 --> Session: Class initialized using 'CodeIgniter\Session\Handlers\DatabaseHandler' driver.
INFO - 2024-06-07 18:11:24 --> Session: Class initialized using 'CodeIgniter\Session\Handlers\DatabaseHandler' driver.
INFO - 2024-06-07 21:11:24 --> CSRF token verified.
INFO - 2024-06-07 18:11:29 --> Session: Class initialized using 'CodeIgniter\Session\Handlers\DatabaseHandler' driver.
INFO - 2024-06-07 21:11:29 --> CSRF token verified.
INFO - 2024-06-07 18:11:30 --> Session: Class initialized using 'CodeIgniter\Session\Handlers\DatabaseHandler' driver.
INFO - 2024-06-07 21:11:30 --> CSRF token verified.
INFO - 2024-06-07 18:12:27 --> Session: Class initialized using 'CodeIgniter\Session\Handlers\DatabaseHandler' driver.
INFO - 2024-06-07 21:12:27 --> CSRF token verified.
INFO - 2024-06-07 18:12:30 --> Session: Class initialized using 'CodeIgniter\Session\Handlers\DatabaseHandler' driver.
INFO - 2024-06-07 21:12:30 --> CSRF token verified.
INFO - 2024-06-07 18:12:31 --> Session: Class initialized using 'CodeIgniter\Session\Handlers\DatabaseHandler' driver.
INFO - 2024-06-07 21:12:31 --> CSRF token verified.
INFO - 2024-06-07 18:12:34 --> Session: Class initialized using 'CodeIgniter\Session\Handlers\DatabaseHandler' driver.
INFO - 2024-06-07 21:12:34 --> CSRF token verified.
INFO - 2024-06-07 18:12:45 --> Session: Class initialized using 'CodeIgniter\Session\Handlers\DatabaseHandler' driver.
INFO - 2024-06-07 18:12:46 --> Session: Class initialized using 'CodeIgniter\Session\Handlers\DatabaseHandler' driver.
INFO - 2024-06-07 21:12:46 --> CSRF token verified.
INFO - 2024-06-07 18:26:07 --> Session: Class initialized using 'CodeIgniter\Session\Handlers\DatabaseHandler' driver.
INFO - 2024-06-07 18:26:08 --> Session: Class initialized using 'CodeIgniter\Session\Handlers\DatabaseHandler' driver.
INFO - 2024-06-07 21:26:08 --> CSRF token verified.
INFO - 2024-06-07 18:26:14 --> Session: Class initialized using 'CodeIgniter\Session\Handlers\DatabaseHandler' driver.
INFO - 2024-06-07 18:26:14 --> Session: Class initialized using 'CodeIgniter\Session\Handlers\DatabaseHandler' driver.
INFO - 2024-06-07 21:26:14 --> CSRF token verified.
INFO - 2024-06-07 18:26:28 --> Session: Class initialized using 'CodeIgniter\Session\Handlers\DatabaseHandler' driver.
INFO - 2024-06-07 18:26:29 --> Session: Class initialized using 'CodeIgniter\Session\Handlers\DatabaseHandler' driver.
INFO - 2024-06-07 21:26:29 --> CSRF token verified.
INFO - 2024-06-07 18:26:36 --> Session: Class initialized using 'CodeIgniter\Session\Handlers\DatabaseHandler' driver.
INFO - 2024-06-07 18:26:37 --> Session: Class initialized using 'CodeIgniter\Session\Handlers\DatabaseHandler' driver.
INFO - 2024-06-07 21:26:37 --> CSRF token verified.
INFO - 2024-06-07 18:26:59 --> Session: Class initialized using 'CodeIgniter\Session\Handlers\DatabaseHandler' driver.
INFO - 2024-06-07 21:26:59 --> CSRF token verified.
INFO - 2024-06-07 18:26:59 --> Session: Class initialized using 'CodeIgniter\Session\Handlers\DatabaseHandler' driver.
INFO - 2024-06-07 18:27:00 --> Session: Class initialized using 'CodeIgniter\Session\Handlers\DatabaseHandler' driver.
INFO - 2024-06-07 21:27:00 --> CSRF token verified.
INFO - 2024-06-07 18:29:17 --> Session: Class initialized using 'CodeIgniter\Session\Handlers\DatabaseHandler' driver.
INFO - 2024-06-07 18:29:18 --> Session: Class initialized using 'CodeIgniter\Session\Handlers\DatabaseHandler' driver.
INFO - 2024-06-07 21:29:18 --> CSRF token verified.
INFO - 2024-06-07 18:30:29 --> Session: Class initialized using 'CodeIgniter\Session\Handlers\DatabaseHandler' driver.
INFO - 2024-06-07 21:30:29 --> CSRF token verified.
INFO - 2024-06-07 18:30:30 --> Session: Class initialized using 'CodeIgniter\Session\Handlers\DatabaseHandler' driver.
INFO - 2024-06-07 21:30:30 --> CSRF token verified.
INFO - 2024-06-07 18:30:30 --> Session: Class initialized using 'CodeIgniter\Session\Handlers\DatabaseHandler' driver.
INFO - 2024-06-07 21:30:30 --> CSRF token verified.
INFO - 2024-06-07 18:30:31 --> Session: Class initialized using 'CodeIgniter\Session\Handlers\DatabaseHandler' driver.
INFO - 2024-06-07 21:30:31 --> CSRF token verified.
INFO - 2024-06-07 18:30:31 --> Session: Class initialized using 'CodeIgniter\Session\Handlers\DatabaseHandler' driver.
INFO - 2024-06-07 21:30:31 --> CSRF token verified.
INFO - 2024-06-07 18:30:32 --> Session: Class initialized using 'CodeIgniter\Session\Handlers\DatabaseHandler' driver.
INFO - 2024-06-07 21:30:32 --> CSRF token verified.
INFO - 2024-06-07 18:30:33 --> Session: Class initialized using 'CodeIgniter\Session\Handlers\DatabaseHandler' driver.
INFO - 2024-06-07 21:30:33 --> CSRF token verified.
