INFO - 2024-08-18 00:40:19 --> Session: Class initialized using 'CodeIgniter\Session\Handlers\DatabaseHandler' driver.
INFO - 2024-08-18 00:40:21 --> Session: Class initialized using 'CodeIgniter\Session\Handlers\DatabaseHandler' driver.
INFO - 2024-08-18 00:40:21 --> Session: Class initialized using 'CodeIgniter\Session\Handlers\DatabaseHandler' driver.
INFO - 2024-08-18 01:22:59 --> Session: Class initialized using 'CodeIgniter\Session\Handlers\DatabaseHandler' driver.
INFO - 2024-08-18 01:28:24 --> Session: Class initialized using 'CodeIgniter\Session\Handlers\DatabaseHandler' driver.
INFO - 2024-08-18 02:03:16 --> Session: Class initialized using 'CodeIgniter\Session\Handlers\DatabaseHandler' driver.
INFO - 2024-08-18 04:03:38 --> Session: Class initialized using 'CodeIgniter\Session\Handlers\DatabaseHandler' driver.
INFO - 2024-08-18 04:41:48 --> Session: Class initialized using 'CodeIgniter\Session\Handlers\DatabaseHandler' driver.
INFO - 2024-08-18 04:48:44 --> Session: Class initialized using 'CodeIgniter\Session\Handlers\DatabaseHandler' driver.
INFO - 2024-08-18 05:17:18 --> Session: Class initialized using 'CodeIgniter\Session\Handlers\DatabaseHandler' driver.
INFO - 2024-08-18 05:45:31 --> Session: Class initialized using 'CodeIgniter\Session\Handlers\DatabaseHandler' driver.
INFO - 2024-08-18 05:45:31 --> Session: Class initialized using 'CodeIgniter\Session\Handlers\DatabaseHandler' driver.
INFO - 2024-08-18 05:46:46 --> Session: Class initialized using 'CodeIgniter\Session\Handlers\DatabaseHandler' driver.
INFO - 2024-08-18 05:46:46 --> Session: Class initialized using 'CodeIgniter\Session\Handlers\DatabaseHandler' driver.
INFO - 2024-08-18 06:12:01 --> Session: Class initialized using 'CodeIgniter\Session\Handlers\DatabaseHandler' driver.
INFO - 2024-08-18 06:12:04 --> Session: Class initialized using 'CodeIgniter\Session\Handlers\DatabaseHandler' driver.
INFO - 2024-08-18 09:12:04 --> CSRF token verified.
INFO - 2024-08-18 06:36:05 --> Session: Class initialized using 'CodeIgniter\Session\Handlers\DatabaseHandler' driver.
INFO - 2024-08-18 07:05:00 --> Session: Class initialized using 'CodeIgniter\Session\Handlers\DatabaseHandler' driver.
INFO - 2024-08-18 07:08:11 --> Session: Class initialized using 'CodeIgniter\Session\Handlers\DatabaseHandler' driver.
INFO - 2024-08-18 07:18:46 --> Session: Class initialized using 'CodeIgniter\Session\Handlers\DatabaseHandler' driver.
INFO - 2024-08-18 07:18:46 --> Session: Class initialized using 'CodeIgniter\Session\Handlers\DatabaseHandler' driver.
INFO - 2024-08-18 08:22:08 --> Session: Class initialized using 'CodeIgniter\Session\Handlers\DatabaseHandler' driver.
INFO - 2024-08-18 08:22:09 --> Session: Class initialized using 'CodeIgniter\Session\Handlers\DatabaseHandler' driver.
INFO - 2024-08-18 08:22:14 --> Session: Class initialized using 'CodeIgniter\Session\Handlers\DatabaseHandler' driver.
INFO - 2024-08-18 11:22:14 --> CSRF token verified.
INFO - 2024-08-18 08:22:14 --> Session: Class initialized using 'CodeIgniter\Session\Handlers\DatabaseHandler' driver.
INFO - 2024-08-18 08:22:18 --> Session: Class initialized using 'CodeIgniter\Session\Handlers\DatabaseHandler' driver.
INFO - 2024-08-18 11:22:18 --> CSRF token verified.
INFO - 2024-08-18 08:22:27 --> Session: Class initialized using 'CodeIgniter\Session\Handlers\DatabaseHandler' driver.
INFO - 2024-08-18 08:22:28 --> Session: Class initialized using 'CodeIgniter\Session\Handlers\DatabaseHandler' driver.
INFO - 2024-08-18 11:22:28 --> CSRF token verified.
INFO - 2024-08-18 08:22:29 --> Session: Class initialized using 'CodeIgniter\Session\Handlers\DatabaseHandler' driver.
INFO - 2024-08-18 08:22:30 --> Session: Class initialized using 'CodeIgniter\Session\Handlers\DatabaseHandler' driver.
INFO - 2024-08-18 11:22:30 --> CSRF token verified.
INFO - 2024-08-18 08:22:34 --> Session: Class initialized using 'CodeIgniter\Session\Handlers\DatabaseHandler' driver.
INFO - 2024-08-18 08:22:35 --> Session: Class initialized using 'CodeIgniter\Session\Handlers\DatabaseHandler' driver.
INFO - 2024-08-18 11:22:35 --> CSRF token verified.
INFO - 2024-08-18 08:22:39 --> Session: Class initialized using 'CodeIgniter\Session\Handlers\DatabaseHandler' driver.
INFO - 2024-08-18 08:22:40 --> Session: Class initialized using 'CodeIgniter\Session\Handlers\DatabaseHandler' driver.
INFO - 2024-08-18 08:22:41 --> Session: Class initialized using 'CodeIgniter\Session\Handlers\DatabaseHandler' driver.
INFO - 2024-08-18 08:23:04 --> Session: Class initialized using 'CodeIgniter\Session\Handlers\DatabaseHandler' driver.
INFO - 2024-08-18 08:23:05 --> Session: Class initialized using 'CodeIgniter\Session\Handlers\DatabaseHandler' driver.
INFO - 2024-08-18 11:23:05 --> CSRF token verified.
INFO - 2024-08-18 08:23:09 --> Session: Class initialized using 'CodeIgniter\Session\Handlers\DatabaseHandler' driver.
INFO - 2024-08-18 08:23:10 --> Session: Class initialized using 'CodeIgniter\Session\Handlers\DatabaseHandler' driver.
INFO - 2024-08-18 11:23:10 --> CSRF token verified.
INFO - 2024-08-18 08:23:26 --> Session: Class initialized using 'CodeIgniter\Session\Handlers\DatabaseHandler' driver.
INFO - 2024-08-18 08:23:27 --> Session: Class initialized using 'CodeIgniter\Session\Handlers\DatabaseHandler' driver.
INFO - 2024-08-18 11:23:27 --> CSRF token verified.
INFO - 2024-08-18 08:23:33 --> Session: Class initialized using 'CodeIgniter\Session\Handlers\DatabaseHandler' driver.
INFO - 2024-08-18 08:23:52 --> Session: Class initialized using 'CodeIgniter\Session\Handlers\DatabaseHandler' driver.
INFO - 2024-08-18 08:23:54 --> Session: Class initialized using 'CodeIgniter\Session\Handlers\DatabaseHandler' driver.
INFO - 2024-08-18 11:23:54 --> CSRF token verified.
INFO - 2024-08-18 08:24:04 --> Session: Class initialized using 'CodeIgniter\Session\Handlers\DatabaseHandler' driver.
INFO - 2024-08-18 08:24:04 --> Session: Class initialized using 'CodeIgniter\Session\Handlers\DatabaseHandler' driver.
INFO - 2024-08-18 11:24:04 --> CSRF token verified.
INFO - 2024-08-18 08:24:24 --> Session: Class initialized using 'CodeIgniter\Session\Handlers\DatabaseHandler' driver.
WARNING - 2024-08-18 11:24:24 --> [DEPRECATED] strtotime(): Passing null to parameter #1 ($datetime) of type string is deprecated in APPPATH/Helpers/app_helper.php on line 536.
 1 APPPATH/Helpers/app_helper.php(536): strtotime(null)
 2 APPPATH/Views/profile/_profile_user_info.php(17): isUserOnline(null)
 3 SYSTEMPATH/View/View.php(226): include('/home/impexall/seller.impexally.com/app/Views/profile/_profile_user_info.php')
 4 SYSTEMPATH/View/View.php(229): CodeIgniter\View\View->CodeIgniter\View\{closure}()
 5 SYSTEMPATH/Common.php(1188): CodeIgniter\View\View->render('profile/_profile_user_info', [], true)
 6 APPPATH/Views/profile/profile.php(19): view('profile/_profile_user_info')
 7 SYSTEMPATH/View/View.php(226): include('/home/impexall/seller.impexally.com/app/Views/profile/profile.php')
 8 SYSTEMPATH/View/View.php(229): CodeIgniter\View\View->CodeIgniter\View\{closure}()
 9 SYSTEMPATH/Common.php(1188): CodeIgniter\View\View->render('profile/profile', [], true)
10 APPPATH/Controllers/ProfileController.php(70): view('profile/profile', [...])
11 SYSTEMPATH/CodeIgniter.php(918): App\Controllers\ProfileController->profile('FrankSsajjabi')
12 SYSTEMPATH/CodeIgniter.php(493): CodeIgniter\CodeIgniter->runController(Object(App\Controllers\ProfileController))
13 SYSTEMPATH/CodeIgniter.php(352): CodeIgniter\CodeIgniter->handleRequest(null, Object(Config\Cache), false)
14 FCPATH/index.php(95): CodeIgniter\CodeIgniter->run()
WARNING - 2024-08-18 11:24:24 --> [DEPRECATED] strtotime(): Passing null to parameter #1 ($datetime) of type string is deprecated in APPPATH/Common.php on line 1317.
 1 APPPATH/Common.php(1317): strtotime(null)
 2 APPPATH/Views/profile/_profile_user_info.php(17): timeAgo(null)
 3 SYSTEMPATH/View/View.php(226): include('/home/impexall/seller.impexally.com/app/Views/profile/_profile_user_info.php')
 4 SYSTEMPATH/View/View.php(229): CodeIgniter\View\View->CodeIgniter\View\{closure}()
 5 SYSTEMPATH/Common.php(1188): CodeIgniter\View\View->render('profile/_profile_user_info', [], true)
 6 APPPATH/Views/profile/profile.php(19): view('profile/_profile_user_info')
 7 SYSTEMPATH/View/View.php(226): include('/home/impexall/seller.impexally.com/app/Views/profile/profile.php')
 8 SYSTEMPATH/View/View.php(229): CodeIgniter\View\View->CodeIgniter\View\{closure}()
 9 SYSTEMPATH/Common.php(1188): CodeIgniter\View\View->render('profile/profile', [], true)
10 APPPATH/Controllers/ProfileController.php(70): view('profile/profile', [...])
11 SYSTEMPATH/CodeIgniter.php(918): App\Controllers\ProfileController->profile('FrankSsajjabi')
12 SYSTEMPATH/CodeIgniter.php(493): CodeIgniter\CodeIgniter->runController(Object(App\Controllers\ProfileController))
13 SYSTEMPATH/CodeIgniter.php(352): CodeIgniter\CodeIgniter->handleRequest(null, Object(Config\Cache), false)
14 FCPATH/index.php(95): CodeIgniter\CodeIgniter->run()
INFO - 2024-08-18 08:24:26 --> Session: Class initialized using 'CodeIgniter\Session\Handlers\DatabaseHandler' driver.
WARNING - 2024-08-18 11:24:26 --> [DEPRECATED] strtotime(): Passing null to parameter #1 ($datetime) of type string is deprecated in APPPATH/Helpers/app_helper.php on line 536.
 1 APPPATH/Helpers/app_helper.php(536): strtotime(null)
 2 APPPATH/Views/profile/_profile_user_info.php(17): isUserOnline(null)
 3 SYSTEMPATH/View/View.php(226): include('/home/impexall/seller.impexally.com/app/Views/profile/_profile_user_info.php')
 4 SYSTEMPATH/View/View.php(229): CodeIgniter\View\View->CodeIgniter\View\{closure}()
 5 SYSTEMPATH/Common.php(1188): CodeIgniter\View\View->render('profile/_profile_user_info', [], true)
 6 APPPATH/Views/profile/profile.php(19): view('profile/_profile_user_info')
 7 SYSTEMPATH/View/View.php(226): include('/home/impexall/seller.impexally.com/app/Views/profile/profile.php')
 8 SYSTEMPATH/View/View.php(229): CodeIgniter\View\View->CodeIgniter\View\{closure}()
 9 SYSTEMPATH/Common.php(1188): CodeIgniter\View\View->render('profile/profile', [], true)
10 APPPATH/Controllers/ProfileController.php(70): view('profile/profile', [...])
11 SYSTEMPATH/CodeIgniter.php(918): App\Controllers\ProfileController->profile('FrankSsajjabi')
12 SYSTEMPATH/CodeIgniter.php(493): CodeIgniter\CodeIgniter->runController(Object(App\Controllers\ProfileController))
13 SYSTEMPATH/CodeIgniter.php(352): CodeIgniter\CodeIgniter->handleRequest(null, Object(Config\Cache), false)
14 FCPATH/index.php(95): CodeIgniter\CodeIgniter->run()
WARNING - 2024-08-18 11:24:26 --> [DEPRECATED] strtotime(): Passing null to parameter #1 ($datetime) of type string is deprecated in APPPATH/Common.php on line 1317.
 1 APPPATH/Common.php(1317): strtotime(null)
 2 APPPATH/Views/profile/_profile_user_info.php(17): timeAgo(null)
 3 SYSTEMPATH/View/View.php(226): include('/home/impexall/seller.impexally.com/app/Views/profile/_profile_user_info.php')
 4 SYSTEMPATH/View/View.php(229): CodeIgniter\View\View->CodeIgniter\View\{closure}()
 5 SYSTEMPATH/Common.php(1188): CodeIgniter\View\View->render('profile/_profile_user_info', [], true)
 6 APPPATH/Views/profile/profile.php(19): view('profile/_profile_user_info')
 7 SYSTEMPATH/View/View.php(226): include('/home/impexall/seller.impexally.com/app/Views/profile/profile.php')
 8 SYSTEMPATH/View/View.php(229): CodeIgniter\View\View->CodeIgniter\View\{closure}()
 9 SYSTEMPATH/Common.php(1188): CodeIgniter\View\View->render('profile/profile', [], true)
10 APPPATH/Controllers/ProfileController.php(70): view('profile/profile', [...])
11 SYSTEMPATH/CodeIgniter.php(918): App\Controllers\ProfileController->profile('FrankSsajjabi')
12 SYSTEMPATH/CodeIgniter.php(493): CodeIgniter\CodeIgniter->runController(Object(App\Controllers\ProfileController))
13 SYSTEMPATH/CodeIgniter.php(352): CodeIgniter\CodeIgniter->handleRequest(null, Object(Config\Cache), false)
14 FCPATH/index.php(95): CodeIgniter\CodeIgniter->run()
INFO - 2024-08-18 08:24:29 --> Session: Class initialized using 'CodeIgniter\Session\Handlers\DatabaseHandler' driver.
INFO - 2024-08-18 11:24:29 --> CSRF token verified.
INFO - 2024-08-18 08:24:29 --> Session: Class initialized using 'CodeIgniter\Session\Handlers\DatabaseHandler' driver.
WARNING - 2024-08-18 11:24:29 --> [DEPRECATED] strtotime(): Passing null to parameter #1 ($datetime) of type string is deprecated in APPPATH/Helpers/app_helper.php on line 536.
 1 APPPATH/Helpers/app_helper.php(536): strtotime(null)
 2 APPPATH/Views/profile/_profile_user_info.php(17): isUserOnline(null)
 3 SYSTEMPATH/View/View.php(226): include('/home/impexall/seller.impexally.com/app/Views/profile/_profile_user_info.php')
 4 SYSTEMPATH/View/View.php(229): CodeIgniter\View\View->CodeIgniter\View\{closure}()
 5 SYSTEMPATH/Common.php(1188): CodeIgniter\View\View->render('profile/_profile_user_info', [], true)
 6 APPPATH/Views/profile/wishlist.php(19): view('profile/_profile_user_info')
 7 SYSTEMPATH/View/View.php(226): include('/home/impexall/seller.impexally.com/app/Views/profile/wishlist.php')
 8 SYSTEMPATH/View/View.php(229): CodeIgniter\View\View->CodeIgniter\View\{closure}()
 9 SYSTEMPATH/Common.php(1188): CodeIgniter\View\View->render('profile/wishlist', [], true)
10 APPPATH/Controllers/ProfileController.php(94): view('profile/wishlist', [...])
11 SYSTEMPATH/CodeIgniter.php(918): App\Controllers\ProfileController->wishlist('FrankSsajjabi')
12 SYSTEMPATH/CodeIgniter.php(493): CodeIgniter\CodeIgniter->runController(Object(App\Controllers\ProfileController))
13 SYSTEMPATH/CodeIgniter.php(352): CodeIgniter\CodeIgniter->handleRequest(null, Object(Config\Cache), false)
14 FCPATH/index.php(95): CodeIgniter\CodeIgniter->run()
WARNING - 2024-08-18 11:24:29 --> [DEPRECATED] strtotime(): Passing null to parameter #1 ($datetime) of type string is deprecated in APPPATH/Common.php on line 1317.
 1 APPPATH/Common.php(1317): strtotime(null)
 2 APPPATH/Views/profile/_profile_user_info.php(17): timeAgo(null)
 3 SYSTEMPATH/View/View.php(226): include('/home/impexall/seller.impexally.com/app/Views/profile/_profile_user_info.php')
 4 SYSTEMPATH/View/View.php(229): CodeIgniter\View\View->CodeIgniter\View\{closure}()
 5 SYSTEMPATH/Common.php(1188): CodeIgniter\View\View->render('profile/_profile_user_info', [], true)
 6 APPPATH/Views/profile/wishlist.php(19): view('profile/_profile_user_info')
 7 SYSTEMPATH/View/View.php(226): include('/home/impexall/seller.impexally.com/app/Views/profile/wishlist.php')
 8 SYSTEMPATH/View/View.php(229): CodeIgniter\View\View->CodeIgniter\View\{closure}()
 9 SYSTEMPATH/Common.php(1188): CodeIgniter\View\View->render('profile/wishlist', [], true)
10 APPPATH/Controllers/ProfileController.php(94): view('profile/wishlist', [...])
11 SYSTEMPATH/CodeIgniter.php(918): App\Controllers\ProfileController->wishlist('FrankSsajjabi')
12 SYSTEMPATH/CodeIgniter.php(493): CodeIgniter\CodeIgniter->runController(Object(App\Controllers\ProfileController))
13 SYSTEMPATH/CodeIgniter.php(352): CodeIgniter\CodeIgniter->handleRequest(null, Object(Config\Cache), false)
14 FCPATH/index.php(95): CodeIgniter\CodeIgniter->run()
INFO - 2024-08-18 08:24:30 --> Session: Class initialized using 'CodeIgniter\Session\Handlers\DatabaseHandler' driver.
INFO - 2024-08-18 11:24:30 --> CSRF token verified.
INFO - 2024-08-18 08:24:30 --> Session: Class initialized using 'CodeIgniter\Session\Handlers\DatabaseHandler' driver.
INFO - 2024-08-18 11:24:30 --> CSRF token verified.
INFO - 2024-08-18 08:24:39 --> Session: Class initialized using 'CodeIgniter\Session\Handlers\DatabaseHandler' driver.
INFO - 2024-08-18 11:24:39 --> CSRF token verified.
INFO - 2024-08-18 08:24:40 --> Session: Class initialized using 'CodeIgniter\Session\Handlers\DatabaseHandler' driver.
WARNING - 2024-08-18 11:24:40 --> [DEPRECATED] strtotime(): Passing null to parameter #1 ($datetime) of type string is deprecated in APPPATH/Helpers/app_helper.php on line 536.
 1 APPPATH/Helpers/app_helper.php(536): strtotime(null)
 2 APPPATH/Views/profile/_profile_user_info.php(17): isUserOnline(null)
 3 SYSTEMPATH/View/View.php(226): include('/home/impexall/seller.impexally.com/app/Views/profile/_profile_user_info.php')
 4 SYSTEMPATH/View/View.php(229): CodeIgniter\View\View->CodeIgniter\View\{closure}()
 5 SYSTEMPATH/Common.php(1188): CodeIgniter\View\View->render('profile/_profile_user_info', [], true)
 6 APPPATH/Views/profile/wishlist.php(19): view('profile/_profile_user_info')
 7 SYSTEMPATH/View/View.php(226): include('/home/impexall/seller.impexally.com/app/Views/profile/wishlist.php')
 8 SYSTEMPATH/View/View.php(229): CodeIgniter\View\View->CodeIgniter\View\{closure}()
 9 SYSTEMPATH/Common.php(1188): CodeIgniter\View\View->render('profile/wishlist', [], true)
10 APPPATH/Controllers/ProfileController.php(94): view('profile/wishlist', [...])
11 SYSTEMPATH/CodeIgniter.php(918): App\Controllers\ProfileController->wishlist('FrankSsajjabi')
12 SYSTEMPATH/CodeIgniter.php(493): CodeIgniter\CodeIgniter->runController(Object(App\Controllers\ProfileController))
13 SYSTEMPATH/CodeIgniter.php(352): CodeIgniter\CodeIgniter->handleRequest(null, Object(Config\Cache), false)
14 FCPATH/index.php(95): CodeIgniter\CodeIgniter->run()
WARNING - 2024-08-18 11:24:40 --> [DEPRECATED] strtotime(): Passing null to parameter #1 ($datetime) of type string is deprecated in APPPATH/Common.php on line 1317.
 1 APPPATH/Common.php(1317): strtotime(null)
 2 APPPATH/Views/profile/_profile_user_info.php(17): timeAgo(null)
 3 SYSTEMPATH/View/View.php(226): include('/home/impexall/seller.impexally.com/app/Views/profile/_profile_user_info.php')
 4 SYSTEMPATH/View/View.php(229): CodeIgniter\View\View->CodeIgniter\View\{closure}()
 5 SYSTEMPATH/Common.php(1188): CodeIgniter\View\View->render('profile/_profile_user_info', [], true)
 6 APPPATH/Views/profile/wishlist.php(19): view('profile/_profile_user_info')
 7 SYSTEMPATH/View/View.php(226): include('/home/impexall/seller.impexally.com/app/Views/profile/wishlist.php')
 8 SYSTEMPATH/View/View.php(229): CodeIgniter\View\View->CodeIgniter\View\{closure}()
 9 SYSTEMPATH/Common.php(1188): CodeIgniter\View\View->render('profile/wishlist', [], true)
10 APPPATH/Controllers/ProfileController.php(94): view('profile/wishlist', [...])
11 SYSTEMPATH/CodeIgniter.php(918): App\Controllers\ProfileController->wishlist('FrankSsajjabi')
12 SYSTEMPATH/CodeIgniter.php(493): CodeIgniter\CodeIgniter->runController(Object(App\Controllers\ProfileController))
13 SYSTEMPATH/CodeIgniter.php(352): CodeIgniter\CodeIgniter->handleRequest(null, Object(Config\Cache), false)
14 FCPATH/index.php(95): CodeIgniter\CodeIgniter->run()
INFO - 2024-08-18 08:24:41 --> Session: Class initialized using 'CodeIgniter\Session\Handlers\DatabaseHandler' driver.
INFO - 2024-08-18 11:24:41 --> CSRF token verified.
INFO - 2024-08-18 08:24:49 --> Session: Class initialized using 'CodeIgniter\Session\Handlers\DatabaseHandler' driver.
INFO - 2024-08-18 08:24:49 --> Session: Class initialized using 'CodeIgniter\Session\Handlers\DatabaseHandler' driver.
INFO - 2024-08-18 11:24:49 --> CSRF token verified.
INFO - 2024-08-18 08:24:51 --> Session: Class initialized using 'CodeIgniter\Session\Handlers\DatabaseHandler' driver.
INFO - 2024-08-18 08:24:52 --> Session: Class initialized using 'CodeIgniter\Session\Handlers\DatabaseHandler' driver.
INFO - 2024-08-18 08:24:53 --> Session: Class initialized using 'CodeIgniter\Session\Handlers\DatabaseHandler' driver.
INFO - 2024-08-18 11:24:53 --> CSRF token verified.
INFO - 2024-08-18 08:24:58 --> Session: Class initialized using 'CodeIgniter\Session\Handlers\DatabaseHandler' driver.
INFO - 2024-08-18 08:24:59 --> Session: Class initialized using 'CodeIgniter\Session\Handlers\DatabaseHandler' driver.
INFO - 2024-08-18 11:24:59 --> CSRF token verified.
INFO - 2024-08-18 08:26:53 --> Session: Class initialized using 'CodeIgniter\Session\Handlers\DatabaseHandler' driver.
INFO - 2024-08-18 08:26:54 --> Session: Class initialized using 'CodeIgniter\Session\Handlers\DatabaseHandler' driver.
INFO - 2024-08-18 11:26:54 --> CSRF token verified.
INFO - 2024-08-18 08:27:04 --> Session: Class initialized using 'CodeIgniter\Session\Handlers\DatabaseHandler' driver.
INFO - 2024-08-18 08:27:04 --> Session: Class initialized using 'CodeIgniter\Session\Handlers\DatabaseHandler' driver.
INFO - 2024-08-18 11:27:04 --> CSRF token verified.
INFO - 2024-08-18 08:27:10 --> Session: Class initialized using 'CodeIgniter\Session\Handlers\DatabaseHandler' driver.
INFO - 2024-08-18 08:27:10 --> Session: Class initialized using 'CodeIgniter\Session\Handlers\DatabaseHandler' driver.
INFO - 2024-08-18 11:27:10 --> CSRF token verified.
INFO - 2024-08-18 08:27:16 --> Session: Class initialized using 'CodeIgniter\Session\Handlers\DatabaseHandler' driver.
INFO - 2024-08-18 08:27:19 --> Session: Class initialized using 'CodeIgniter\Session\Handlers\DatabaseHandler' driver.
INFO - 2024-08-18 08:27:19 --> Session: Class initialized using 'CodeIgniter\Session\Handlers\DatabaseHandler' driver.
INFO - 2024-08-18 08:27:20 --> Session: Class initialized using 'CodeIgniter\Session\Handlers\DatabaseHandler' driver.
INFO - 2024-08-18 08:27:47 --> Session: Class initialized using 'CodeIgniter\Session\Handlers\DatabaseHandler' driver.
INFO - 2024-08-18 08:27:47 --> Session: Class initialized using 'CodeIgniter\Session\Handlers\DatabaseHandler' driver.
INFO - 2024-08-18 11:27:47 --> CSRF token verified.
INFO - 2024-08-18 08:27:48 --> Session: Class initialized using 'CodeIgniter\Session\Handlers\DatabaseHandler' driver.
INFO - 2024-08-18 11:27:48 --> CSRF token verified.
INFO - 2024-08-18 08:30:19 --> Session: Class initialized using 'CodeIgniter\Session\Handlers\DatabaseHandler' driver.
INFO - 2024-08-18 08:30:19 --> Session: Class initialized using 'CodeIgniter\Session\Handlers\DatabaseHandler' driver.
INFO - 2024-08-18 11:30:19 --> CSRF token verified.
INFO - 2024-08-18 08:31:19 --> Session: Class initialized using 'CodeIgniter\Session\Handlers\DatabaseHandler' driver.
INFO - 2024-08-18 08:35:54 --> Session: Class initialized using 'CodeIgniter\Session\Handlers\DatabaseHandler' driver.
INFO - 2024-08-18 08:35:54 --> Session: Class initialized using 'CodeIgniter\Session\Handlers\DatabaseHandler' driver.
INFO - 2024-08-18 08:37:18 --> Session: Class initialized using 'CodeIgniter\Session\Handlers\DatabaseHandler' driver.
INFO - 2024-08-18 11:37:18 --> CSRF token verified.
INFO - 2024-08-18 08:37:30 --> Session: Class initialized using 'CodeIgniter\Session\Handlers\DatabaseHandler' driver.
INFO - 2024-08-18 11:37:30 --> CSRF token verified.
INFO - 2024-08-18 08:37:40 --> Session: Class initialized using 'CodeIgniter\Session\Handlers\DatabaseHandler' driver.
INFO - 2024-08-18 11:37:40 --> CSRF token verified.
INFO - 2024-08-18 08:37:46 --> Session: Class initialized using 'CodeIgniter\Session\Handlers\DatabaseHandler' driver.
INFO - 2024-08-18 08:37:47 --> Session: Class initialized using 'CodeIgniter\Session\Handlers\DatabaseHandler' driver.
INFO - 2024-08-18 11:37:47 --> CSRF token verified.
INFO - 2024-08-18 08:38:01 --> Session: Class initialized using 'CodeIgniter\Session\Handlers\DatabaseHandler' driver.
INFO - 2024-08-18 11:38:01 --> CSRF token verified.
INFO - 2024-08-18 08:38:05 --> Session: Class initialized using 'CodeIgniter\Session\Handlers\DatabaseHandler' driver.
INFO - 2024-08-18 11:38:05 --> CSRF token verified.
INFO - 2024-08-18 08:44:37 --> Session: Class initialized using 'CodeIgniter\Session\Handlers\DatabaseHandler' driver.
INFO - 2024-08-18 08:44:37 --> Session: Class initialized using 'CodeIgniter\Session\Handlers\DatabaseHandler' driver.
INFO - 2024-08-18 08:44:40 --> Session: Class initialized using 'CodeIgniter\Session\Handlers\DatabaseHandler' driver.
INFO - 2024-08-18 08:44:40 --> Session: Class initialized using 'CodeIgniter\Session\Handlers\DatabaseHandler' driver.
INFO - 2024-08-18 08:44:43 --> Session: Class initialized using 'CodeIgniter\Session\Handlers\DatabaseHandler' driver.
INFO - 2024-08-18 08:44:44 --> Session: Class initialized using 'CodeIgniter\Session\Handlers\DatabaseHandler' driver.
INFO - 2024-08-18 08:44:44 --> Session: Class initialized using 'CodeIgniter\Session\Handlers\DatabaseHandler' driver.
INFO - 2024-08-18 08:44:44 --> Session: Class initialized using 'CodeIgniter\Session\Handlers\DatabaseHandler' driver.
INFO - 2024-08-18 08:44:53 --> Session: Class initialized using 'CodeIgniter\Session\Handlers\DatabaseHandler' driver.
INFO - 2024-08-18 08:44:54 --> Session: Class initialized using 'CodeIgniter\Session\Handlers\DatabaseHandler' driver.
INFO - 2024-08-18 08:45:56 --> Session: Class initialized using 'CodeIgniter\Session\Handlers\DatabaseHandler' driver.
INFO - 2024-08-18 08:45:56 --> Session: Class initialized using 'CodeIgniter\Session\Handlers\DatabaseHandler' driver.
INFO - 2024-08-18 08:52:20 --> Session: Class initialized using 'CodeIgniter\Session\Handlers\DatabaseHandler' driver.
INFO - 2024-08-18 08:52:20 --> Session: Class initialized using 'CodeIgniter\Session\Handlers\DatabaseHandler' driver.
INFO - 2024-08-18 09:15:21 --> Session: Class initialized using 'CodeIgniter\Session\Handlers\DatabaseHandler' driver.
INFO - 2024-08-18 09:15:22 --> Session: Class initialized using 'CodeIgniter\Session\Handlers\DatabaseHandler' driver.
INFO - 2024-08-18 09:15:57 --> Session: Class initialized using 'CodeIgniter\Session\Handlers\DatabaseHandler' driver.
INFO - 2024-08-18 09:15:57 --> Session: Class initialized using 'CodeIgniter\Session\Handlers\DatabaseHandler' driver.
INFO - 2024-08-18 09:19:19 --> Session: Class initialized using 'CodeIgniter\Session\Handlers\DatabaseHandler' driver.
INFO - 2024-08-18 09:19:19 --> Session: Class initialized using 'CodeIgniter\Session\Handlers\DatabaseHandler' driver.
INFO - 2024-08-18 09:19:42 --> Session: Class initialized using 'CodeIgniter\Session\Handlers\DatabaseHandler' driver.
INFO - 2024-08-18 09:19:42 --> Session: Class initialized using 'CodeIgniter\Session\Handlers\DatabaseHandler' driver.
INFO - 2024-08-18 09:26:49 --> Session: Class initialized using 'CodeIgniter\Session\Handlers\DatabaseHandler' driver.
INFO - 2024-08-18 09:26:49 --> Session: Class initialized using 'CodeIgniter\Session\Handlers\DatabaseHandler' driver.
INFO - 2024-08-18 09:26:50 --> Session: Class initialized using 'CodeIgniter\Session\Handlers\DatabaseHandler' driver.
INFO - 2024-08-18 12:26:50 --> CSRF token verified.
INFO - 2024-08-18 09:26:54 --> Session: Class initialized using 'CodeIgniter\Session\Handlers\DatabaseHandler' driver.
INFO - 2024-08-18 09:26:55 --> Session: Class initialized using 'CodeIgniter\Session\Handlers\DatabaseHandler' driver.
INFO - 2024-08-18 12:26:55 --> CSRF token verified.
INFO - 2024-08-18 09:26:59 --> Session: Class initialized using 'CodeIgniter\Session\Handlers\DatabaseHandler' driver.
INFO - 2024-08-18 09:26:59 --> Session: Class initialized using 'CodeIgniter\Session\Handlers\DatabaseHandler' driver.
INFO - 2024-08-18 12:26:59 --> CSRF token verified.
INFO - 2024-08-18 09:27:29 --> Session: Class initialized using 'CodeIgniter\Session\Handlers\DatabaseHandler' driver.
INFO - 2024-08-18 09:27:29 --> Session: Class initialized using 'CodeIgniter\Session\Handlers\DatabaseHandler' driver.
INFO - 2024-08-18 12:27:29 --> CSRF token verified.
INFO - 2024-08-18 09:27:36 --> Session: Class initialized using 'CodeIgniter\Session\Handlers\DatabaseHandler' driver.
INFO - 2024-08-18 09:27:37 --> Session: Class initialized using 'CodeIgniter\Session\Handlers\DatabaseHandler' driver.
INFO - 2024-08-18 12:27:37 --> CSRF token verified.
INFO - 2024-08-18 09:27:43 --> Session: Class initialized using 'CodeIgniter\Session\Handlers\DatabaseHandler' driver.
INFO - 2024-08-18 09:27:44 --> Session: Class initialized using 'CodeIgniter\Session\Handlers\DatabaseHandler' driver.
INFO - 2024-08-18 12:27:44 --> CSRF token verified.
INFO - 2024-08-18 09:32:57 --> Session: Class initialized using 'CodeIgniter\Session\Handlers\DatabaseHandler' driver.
INFO - 2024-08-18 09:32:57 --> Session: Class initialized using 'CodeIgniter\Session\Handlers\DatabaseHandler' driver.
INFO - 2024-08-18 09:33:19 --> Session: Class initialized using 'CodeIgniter\Session\Handlers\DatabaseHandler' driver.
INFO - 2024-08-18 09:33:19 --> Session: Class initialized using 'CodeIgniter\Session\Handlers\DatabaseHandler' driver.
INFO - 2024-08-18 09:41:14 --> Session: Class initialized using 'CodeIgniter\Session\Handlers\DatabaseHandler' driver.
INFO - 2024-08-18 09:44:04 --> Session: Class initialized using 'CodeIgniter\Session\Handlers\DatabaseHandler' driver.
INFO - 2024-08-18 12:44:05 --> CSRF token verified.
INFO - 2024-08-18 09:44:05 --> Session: Class initialized using 'CodeIgniter\Session\Handlers\DatabaseHandler' driver.
INFO - 2024-08-18 09:44:05 --> Session: Class initialized using 'CodeIgniter\Session\Handlers\DatabaseHandler' driver.
INFO - 2024-08-18 12:44:05 --> CSRF token verified.
INFO - 2024-08-18 09:44:30 --> Session: Class initialized using 'CodeIgniter\Session\Handlers\DatabaseHandler' driver.
INFO - 2024-08-18 09:44:30 --> Session: Class initialized using 'CodeIgniter\Session\Handlers\DatabaseHandler' driver.
INFO - 2024-08-18 09:45:23 --> Session: Class initialized using 'CodeIgniter\Session\Handlers\DatabaseHandler' driver.
INFO - 2024-08-18 12:45:23 --> CSRF token verified.
INFO - 2024-08-18 09:45:23 --> Session: Class initialized using 'CodeIgniter\Session\Handlers\DatabaseHandler' driver.
INFO - 2024-08-18 09:45:24 --> Session: Class initialized using 'CodeIgniter\Session\Handlers\DatabaseHandler' driver.
INFO - 2024-08-18 12:45:24 --> CSRF token verified.
INFO - 2024-08-18 09:45:27 --> Session: Class initialized using 'CodeIgniter\Session\Handlers\DatabaseHandler' driver.
INFO - 2024-08-18 12:45:27 --> CSRF token verified.
INFO - 2024-08-18 09:45:27 --> Session: Class initialized using 'CodeIgniter\Session\Handlers\DatabaseHandler' driver.
INFO - 2024-08-18 09:45:27 --> Session: Class initialized using 'CodeIgniter\Session\Handlers\DatabaseHandler' driver.
INFO - 2024-08-18 12:45:27 --> CSRF token verified.
INFO - 2024-08-18 09:45:33 --> Session: Class initialized using 'CodeIgniter\Session\Handlers\DatabaseHandler' driver.
INFO - 2024-08-18 09:45:33 --> Session: Class initialized using 'CodeIgniter\Session\Handlers\DatabaseHandler' driver.
INFO - 2024-08-18 09:46:16 --> Session: Class initialized using 'CodeIgniter\Session\Handlers\DatabaseHandler' driver.
INFO - 2024-08-18 09:46:16 --> Session: Class initialized using 'CodeIgniter\Session\Handlers\DatabaseHandler' driver.
INFO - 2024-08-18 12:46:16 --> CSRF token verified.
INFO - 2024-08-18 09:46:20 --> Session: Class initialized using 'CodeIgniter\Session\Handlers\DatabaseHandler' driver.
WARNING - 2024-08-18 12:46:20 --> [DEPRECATED] strtotime(): Passing null to parameter #1 ($datetime) of type string is deprecated in APPPATH/Common.php on line 1317.
 1 APPPATH/Common.php(1317): strtotime(null)
 2 APPPATH/Views/admin/membership/users.php(136): timeAgo(null)
 3 SYSTEMPATH/View/View.php(226): include('/home/impexall/seller.impexally.com/app/Views/admin/membership/users.php')
 4 SYSTEMPATH/View/View.php(229): CodeIgniter\View\View->CodeIgniter\View\{closure}()
 5 SYSTEMPATH/Common.php(1188): CodeIgniter\View\View->render('admin/membership/users', [], true)
 6 APPPATH/Controllers/MembershipController.php(33): view('admin/membership/users')
 7 SYSTEMPATH/CodeIgniter.php(918): App\Controllers\MembershipController->users()
 8 SYSTEMPATH/CodeIgniter.php(493): CodeIgniter\CodeIgniter->runController(Object(App\Controllers\MembershipController))
 9 SYSTEMPATH/CodeIgniter.php(352): CodeIgniter\CodeIgniter->handleRequest(null, Object(Config\Cache), false)
10 FCPATH/index.php(95): CodeIgniter\CodeIgniter->run()
WARNING - 2024-08-18 12:46:20 --> [DEPRECATED] strtotime(): Passing null to parameter #1 ($datetime) of type string is deprecated in APPPATH/Common.php on line 1317.
 1 APPPATH/Common.php(1317): strtotime(null)
 2 APPPATH/Views/admin/membership/users.php(136): timeAgo(null)
 3 SYSTEMPATH/View/View.php(226): include('/home/impexall/seller.impexally.com/app/Views/admin/membership/users.php')
 4 SYSTEMPATH/View/View.php(229): CodeIgniter\View\View->CodeIgniter\View\{closure}()
 5 SYSTEMPATH/Common.php(1188): CodeIgniter\View\View->render('admin/membership/users', [], true)
 6 APPPATH/Controllers/MembershipController.php(33): view('admin/membership/users')
 7 SYSTEMPATH/CodeIgniter.php(918): App\Controllers\MembershipController->users()
 8 SYSTEMPATH/CodeIgniter.php(493): CodeIgniter\CodeIgniter->runController(Object(App\Controllers\MembershipController))
 9 SYSTEMPATH/CodeIgniter.php(352): CodeIgniter\CodeIgniter->handleRequest(null, Object(Config\Cache), false)
10 FCPATH/index.php(95): CodeIgniter\CodeIgniter->run()
WARNING - 2024-08-18 12:46:20 --> [DEPRECATED] strtotime(): Passing null to parameter #1 ($datetime) of type string is deprecated in APPPATH/Common.php on line 1317.
 1 APPPATH/Common.php(1317): strtotime(null)
 2 APPPATH/Views/admin/membership/users.php(136): timeAgo(null)
 3 SYSTEMPATH/View/View.php(226): include('/home/impexall/seller.impexally.com/app/Views/admin/membership/users.php')
 4 SYSTEMPATH/View/View.php(229): CodeIgniter\View\View->CodeIgniter\View\{closure}()
 5 SYSTEMPATH/Common.php(1188): CodeIgniter\View\View->render('admin/membership/users', [], true)
 6 APPPATH/Controllers/MembershipController.php(33): view('admin/membership/users')
 7 SYSTEMPATH/CodeIgniter.php(918): App\Controllers\MembershipController->users()
 8 SYSTEMPATH/CodeIgniter.php(493): CodeIgniter\CodeIgniter->runController(Object(App\Controllers\MembershipController))
 9 SYSTEMPATH/CodeIgniter.php(352): CodeIgniter\CodeIgniter->handleRequest(null, Object(Config\Cache), false)
10 FCPATH/index.php(95): CodeIgniter\CodeIgniter->run()
WARNING - 2024-08-18 12:46:20 --> [DEPRECATED] strtotime(): Passing null to parameter #1 ($datetime) of type string is deprecated in APPPATH/Common.php on line 1317.
 1 APPPATH/Common.php(1317): strtotime(null)
 2 APPPATH/Views/admin/membership/users.php(136): timeAgo(null)
 3 SYSTEMPATH/View/View.php(226): include('/home/impexall/seller.impexally.com/app/Views/admin/membership/users.php')
 4 SYSTEMPATH/View/View.php(229): CodeIgniter\View\View->CodeIgniter\View\{closure}()
 5 SYSTEMPATH/Common.php(1188): CodeIgniter\View\View->render('admin/membership/users', [], true)
 6 APPPATH/Controllers/MembershipController.php(33): view('admin/membership/users')
 7 SYSTEMPATH/CodeIgniter.php(918): App\Controllers\MembershipController->users()
 8 SYSTEMPATH/CodeIgniter.php(493): CodeIgniter\CodeIgniter->runController(Object(App\Controllers\MembershipController))
 9 SYSTEMPATH/CodeIgniter.php(352): CodeIgniter\CodeIgniter->handleRequest(null, Object(Config\Cache), false)
10 FCPATH/index.php(95): CodeIgniter\CodeIgniter->run()
WARNING - 2024-08-18 12:46:20 --> [DEPRECATED] strtotime(): Passing null to parameter #1 ($datetime) of type string is deprecated in APPPATH/Common.php on line 1317.
 1 APPPATH/Common.php(1317): strtotime(null)
 2 APPPATH/Views/admin/membership/users.php(136): timeAgo(null)
 3 SYSTEMPATH/View/View.php(226): include('/home/impexall/seller.impexally.com/app/Views/admin/membership/users.php')
 4 SYSTEMPATH/View/View.php(229): CodeIgniter\View\View->CodeIgniter\View\{closure}()
 5 SYSTEMPATH/Common.php(1188): CodeIgniter\View\View->render('admin/membership/users', [], true)
 6 APPPATH/Controllers/MembershipController.php(33): view('admin/membership/users')
 7 SYSTEMPATH/CodeIgniter.php(918): App\Controllers\MembershipController->users()
 8 SYSTEMPATH/CodeIgniter.php(493): CodeIgniter\CodeIgniter->runController(Object(App\Controllers\MembershipController))
 9 SYSTEMPATH/CodeIgniter.php(352): CodeIgniter\CodeIgniter->handleRequest(null, Object(Config\Cache), false)
10 FCPATH/index.php(95): CodeIgniter\CodeIgniter->run()
WARNING - 2024-08-18 12:46:20 --> [DEPRECATED] strtotime(): Passing null to parameter #1 ($datetime) of type string is deprecated in APPPATH/Common.php on line 1317.
 1 APPPATH/Common.php(1317): strtotime(null)
 2 APPPATH/Views/admin/membership/users.php(136): timeAgo(null)
 3 SYSTEMPATH/View/View.php(226): include('/home/impexall/seller.impexally.com/app/Views/admin/membership/users.php')
 4 SYSTEMPATH/View/View.php(229): CodeIgniter\View\View->CodeIgniter\View\{closure}()
 5 SYSTEMPATH/Common.php(1188): CodeIgniter\View\View->render('admin/membership/users', [], true)
 6 APPPATH/Controllers/MembershipController.php(33): view('admin/membership/users')
 7 SYSTEMPATH/CodeIgniter.php(918): App\Controllers\MembershipController->users()
 8 SYSTEMPATH/CodeIgniter.php(493): CodeIgniter\CodeIgniter->runController(Object(App\Controllers\MembershipController))
 9 SYSTEMPATH/CodeIgniter.php(352): CodeIgniter\CodeIgniter->handleRequest(null, Object(Config\Cache), false)
10 FCPATH/index.php(95): CodeIgniter\CodeIgniter->run()
WARNING - 2024-08-18 12:46:20 --> [DEPRECATED] strtotime(): Passing null to parameter #1 ($datetime) of type string is deprecated in APPPATH/Common.php on line 1317.
 1 APPPATH/Common.php(1317): strtotime(null)
 2 APPPATH/Views/admin/membership/users.php(136): timeAgo(null)
 3 SYSTEMPATH/View/View.php(226): include('/home/impexall/seller.impexally.com/app/Views/admin/membership/users.php')
 4 SYSTEMPATH/View/View.php(229): CodeIgniter\View\View->CodeIgniter\View\{closure}()
 5 SYSTEMPATH/Common.php(1188): CodeIgniter\View\View->render('admin/membership/users', [], true)
 6 APPPATH/Controllers/MembershipController.php(33): view('admin/membership/users')
 7 SYSTEMPATH/CodeIgniter.php(918): App\Controllers\MembershipController->users()
 8 SYSTEMPATH/CodeIgniter.php(493): CodeIgniter\CodeIgniter->runController(Object(App\Controllers\MembershipController))
 9 SYSTEMPATH/CodeIgniter.php(352): CodeIgniter\CodeIgniter->handleRequest(null, Object(Config\Cache), false)
10 FCPATH/index.php(95): CodeIgniter\CodeIgniter->run()
WARNING - 2024-08-18 12:46:20 --> [DEPRECATED] strtotime(): Passing null to parameter #1 ($datetime) of type string is deprecated in APPPATH/Common.php on line 1317.
 1 APPPATH/Common.php(1317): strtotime(null)
 2 APPPATH/Views/admin/membership/users.php(136): timeAgo(null)
 3 SYSTEMPATH/View/View.php(226): include('/home/impexall/seller.impexally.com/app/Views/admin/membership/users.php')
 4 SYSTEMPATH/View/View.php(229): CodeIgniter\View\View->CodeIgniter\View\{closure}()
 5 SYSTEMPATH/Common.php(1188): CodeIgniter\View\View->render('admin/membership/users', [], true)
 6 APPPATH/Controllers/MembershipController.php(33): view('admin/membership/users')
 7 SYSTEMPATH/CodeIgniter.php(918): App\Controllers\MembershipController->users()
 8 SYSTEMPATH/CodeIgniter.php(493): CodeIgniter\CodeIgniter->runController(Object(App\Controllers\MembershipController))
 9 SYSTEMPATH/CodeIgniter.php(352): CodeIgniter\CodeIgniter->handleRequest(null, Object(Config\Cache), false)
10 FCPATH/index.php(95): CodeIgniter\CodeIgniter->run()
INFO - 2024-08-18 09:46:21 --> Session: Class initialized using 'CodeIgniter\Session\Handlers\DatabaseHandler' driver.
INFO - 2024-08-18 12:46:21 --> CSRF token verified.
INFO - 2024-08-18 09:46:28 --> Session: Class initialized using 'CodeIgniter\Session\Handlers\DatabaseHandler' driver.
WARNING - 2024-08-18 12:46:28 --> [DEPRECATED] strtotime(): Passing null to parameter #1 ($datetime) of type string is deprecated in APPPATH/Helpers/app_helper.php on line 536.
 1 APPPATH/Helpers/app_helper.php(536): strtotime(null)
 2 APPPATH/Views/profile/_profile_user_info.php(17): isUserOnline(null)
 3 SYSTEMPATH/View/View.php(226): include('/home/impexall/seller.impexally.com/app/Views/profile/_profile_user_info.php')
 4 SYSTEMPATH/View/View.php(229): CodeIgniter\View\View->CodeIgniter\View\{closure}()
 5 SYSTEMPATH/Common.php(1188): CodeIgniter\View\View->render('profile/_profile_user_info', [], true)
 6 APPPATH/Views/profile/profile.php(19): view('profile/_profile_user_info')
 7 SYSTEMPATH/View/View.php(226): include('/home/impexall/seller.impexally.com/app/Views/profile/profile.php')
 8 SYSTEMPATH/View/View.php(229): CodeIgniter\View\View->CodeIgniter\View\{closure}()
 9 SYSTEMPATH/Common.php(1188): CodeIgniter\View\View->render('profile/profile', [], true)
10 APPPATH/Controllers/ProfileController.php(70): view('profile/profile', [...])
11 SYSTEMPATH/CodeIgniter.php(918): App\Controllers\ProfileController->profile('KéłróñOx')
12 SYSTEMPATH/CodeIgniter.php(493): CodeIgniter\CodeIgniter->runController(Object(App\Controllers\ProfileController))
13 SYSTEMPATH/CodeIgniter.php(352): CodeIgniter\CodeIgniter->handleRequest(null, Object(Config\Cache), false)
14 FCPATH/index.php(95): CodeIgniter\CodeIgniter->run()
WARNING - 2024-08-18 12:46:28 --> [DEPRECATED] strtotime(): Passing null to parameter #1 ($datetime) of type string is deprecated in APPPATH/Common.php on line 1317.
 1 APPPATH/Common.php(1317): strtotime(null)
 2 APPPATH/Views/profile/_profile_user_info.php(17): timeAgo(null)
 3 SYSTEMPATH/View/View.php(226): include('/home/impexall/seller.impexally.com/app/Views/profile/_profile_user_info.php')
 4 SYSTEMPATH/View/View.php(229): CodeIgniter\View\View->CodeIgniter\View\{closure}()
 5 SYSTEMPATH/Common.php(1188): CodeIgniter\View\View->render('profile/_profile_user_info', [], true)
 6 APPPATH/Views/profile/profile.php(19): view('profile/_profile_user_info')
 7 SYSTEMPATH/View/View.php(226): include('/home/impexall/seller.impexally.com/app/Views/profile/profile.php')
 8 SYSTEMPATH/View/View.php(229): CodeIgniter\View\View->CodeIgniter\View\{closure}()
 9 SYSTEMPATH/Common.php(1188): CodeIgniter\View\View->render('profile/profile', [], true)
10 APPPATH/Controllers/ProfileController.php(70): view('profile/profile', [...])
11 SYSTEMPATH/CodeIgniter.php(918): App\Controllers\ProfileController->profile('KéłróñOx')
12 SYSTEMPATH/CodeIgniter.php(493): CodeIgniter\CodeIgniter->runController(Object(App\Controllers\ProfileController))
13 SYSTEMPATH/CodeIgniter.php(352): CodeIgniter\CodeIgniter->handleRequest(null, Object(Config\Cache), false)
14 FCPATH/index.php(95): CodeIgniter\CodeIgniter->run()
INFO - 2024-08-18 09:46:29 --> Session: Class initialized using 'CodeIgniter\Session\Handlers\DatabaseHandler' driver.
INFO - 2024-08-18 12:46:29 --> CSRF token verified.
INFO - 2024-08-18 09:46:36 --> Session: Class initialized using 'CodeIgniter\Session\Handlers\DatabaseHandler' driver.
INFO - 2024-08-18 09:46:37 --> Session: Class initialized using 'CodeIgniter\Session\Handlers\DatabaseHandler' driver.
INFO - 2024-08-18 12:46:37 --> CSRF token verified.
INFO - 2024-08-18 09:46:43 --> Session: Class initialized using 'CodeIgniter\Session\Handlers\DatabaseHandler' driver.
INFO - 2024-08-18 09:46:43 --> Session: Class initialized using 'CodeIgniter\Session\Handlers\DatabaseHandler' driver.
INFO - 2024-08-18 12:46:43 --> CSRF token verified.
INFO - 2024-08-18 09:47:12 --> Session: Class initialized using 'CodeIgniter\Session\Handlers\DatabaseHandler' driver.
INFO - 2024-08-18 09:47:12 --> Session: Class initialized using 'CodeIgniter\Session\Handlers\DatabaseHandler' driver.
INFO - 2024-08-18 09:47:14 --> Session: Class initialized using 'CodeIgniter\Session\Handlers\DatabaseHandler' driver.
INFO - 2024-08-18 09:47:15 --> Session: Class initialized using 'CodeIgniter\Session\Handlers\DatabaseHandler' driver.
INFO - 2024-08-18 12:47:15 --> CSRF token verified.
INFO - 2024-08-18 09:47:23 --> Session: Class initialized using 'CodeIgniter\Session\Handlers\DatabaseHandler' driver.
INFO - 2024-08-18 09:47:23 --> Session: Class initialized using 'CodeIgniter\Session\Handlers\DatabaseHandler' driver.
INFO - 2024-08-18 12:47:23 --> CSRF token verified.
INFO - 2024-08-18 09:47:39 --> Session: Class initialized using 'CodeIgniter\Session\Handlers\DatabaseHandler' driver.
INFO - 2024-08-18 09:47:40 --> Session: Class initialized using 'CodeIgniter\Session\Handlers\DatabaseHandler' driver.
INFO - 2024-08-18 12:47:40 --> CSRF token verified.
INFO - 2024-08-18 09:47:43 --> Session: Class initialized using 'CodeIgniter\Session\Handlers\DatabaseHandler' driver.
INFO - 2024-08-18 09:47:43 --> Session: Class initialized using 'CodeIgniter\Session\Handlers\DatabaseHandler' driver.
INFO - 2024-08-18 09:47:44 --> Session: Class initialized using 'CodeIgniter\Session\Handlers\DatabaseHandler' driver.
INFO - 2024-08-18 12:47:44 --> CSRF token verified.
INFO - 2024-08-18 09:47:53 --> Session: Class initialized using 'CodeIgniter\Session\Handlers\DatabaseHandler' driver.
INFO - 2024-08-18 09:47:54 --> Session: Class initialized using 'CodeIgniter\Session\Handlers\DatabaseHandler' driver.
INFO - 2024-08-18 12:47:54 --> CSRF token verified.
INFO - 2024-08-18 09:47:56 --> Session: Class initialized using 'CodeIgniter\Session\Handlers\DatabaseHandler' driver.
INFO - 2024-08-18 09:47:57 --> Session: Class initialized using 'CodeIgniter\Session\Handlers\DatabaseHandler' driver.
INFO - 2024-08-18 12:47:57 --> CSRF token verified.
INFO - 2024-08-18 09:48:00 --> Session: Class initialized using 'CodeIgniter\Session\Handlers\DatabaseHandler' driver.
INFO - 2024-08-18 09:48:00 --> Session: Class initialized using 'CodeIgniter\Session\Handlers\DatabaseHandler' driver.
INFO - 2024-08-18 12:48:00 --> CSRF token verified.
INFO - 2024-08-18 09:49:48 --> Session: Class initialized using 'CodeIgniter\Session\Handlers\DatabaseHandler' driver.
INFO - 2024-08-18 09:49:48 --> Session: Class initialized using 'CodeIgniter\Session\Handlers\DatabaseHandler' driver.
INFO - 2024-08-18 12:49:48 --> CSRF token verified.
INFO - 2024-08-18 09:49:56 --> Session: Class initialized using 'CodeIgniter\Session\Handlers\DatabaseHandler' driver.
INFO - 2024-08-18 09:49:57 --> Session: Class initialized using 'CodeIgniter\Session\Handlers\DatabaseHandler' driver.
INFO - 2024-08-18 12:49:57 --> CSRF token verified.
INFO - 2024-08-18 09:51:58 --> Session: Class initialized using 'CodeIgniter\Session\Handlers\DatabaseHandler' driver.
INFO - 2024-08-18 09:51:59 --> Session: Class initialized using 'CodeIgniter\Session\Handlers\DatabaseHandler' driver.
INFO - 2024-08-18 12:51:59 --> CSRF token verified.
INFO - 2024-08-18 09:52:07 --> Session: Class initialized using 'CodeIgniter\Session\Handlers\DatabaseHandler' driver.
INFO - 2024-08-18 09:52:07 --> Session: Class initialized using 'CodeIgniter\Session\Handlers\DatabaseHandler' driver.
INFO - 2024-08-18 12:52:07 --> CSRF token verified.
INFO - 2024-08-18 09:52:33 --> Session: Class initialized using 'CodeIgniter\Session\Handlers\DatabaseHandler' driver.
INFO - 2024-08-18 12:52:33 --> CSRF token verified.
INFO - 2024-08-18 09:52:33 --> Session: Class initialized using 'CodeIgniter\Session\Handlers\DatabaseHandler' driver.
INFO - 2024-08-18 09:52:34 --> Session: Class initialized using 'CodeIgniter\Session\Handlers\DatabaseHandler' driver.
INFO - 2024-08-18 12:52:34 --> CSRF token verified.
INFO - 2024-08-18 09:52:36 --> Session: Class initialized using 'CodeIgniter\Session\Handlers\DatabaseHandler' driver.
INFO - 2024-08-18 09:52:37 --> Session: Class initialized using 'CodeIgniter\Session\Handlers\DatabaseHandler' driver.
INFO - 2024-08-18 12:52:37 --> CSRF token verified.
INFO - 2024-08-18 09:56:51 --> Session: Class initialized using 'CodeIgniter\Session\Handlers\DatabaseHandler' driver.
INFO - 2024-08-18 12:56:51 --> CSRF token verified.
INFO - 2024-08-18 09:56:54 --> Session: Class initialized using 'CodeIgniter\Session\Handlers\DatabaseHandler' driver.
INFO - 2024-08-18 09:56:54 --> Session: Class initialized using 'CodeIgniter\Session\Handlers\DatabaseHandler' driver.
INFO - 2024-08-18 12:56:54 --> CSRF token verified.
INFO - 2024-08-18 09:56:58 --> Session: Class initialized using 'CodeIgniter\Session\Handlers\DatabaseHandler' driver.
INFO - 2024-08-18 12:56:58 --> CSRF token verified.
INFO - 2024-08-18 09:57:10 --> Session: Class initialized using 'CodeIgniter\Session\Handlers\DatabaseHandler' driver.
INFO - 2024-08-18 12:57:10 --> CSRF token verified.
INFO - 2024-08-18 09:57:10 --> Session: Class initialized using 'CodeIgniter\Session\Handlers\DatabaseHandler' driver.
INFO - 2024-08-18 09:57:11 --> Session: Class initialized using 'CodeIgniter\Session\Handlers\DatabaseHandler' driver.
INFO - 2024-08-18 12:57:11 --> CSRF token verified.
INFO - 2024-08-18 09:57:17 --> Session: Class initialized using 'CodeIgniter\Session\Handlers\DatabaseHandler' driver.
INFO - 2024-08-18 09:57:17 --> Session: Class initialized using 'CodeIgniter\Session\Handlers\DatabaseHandler' driver.
INFO - 2024-08-18 12:57:17 --> CSRF token verified.
INFO - 2024-08-18 09:57:20 --> Session: Class initialized using 'CodeIgniter\Session\Handlers\DatabaseHandler' driver.
INFO - 2024-08-18 09:57:21 --> Session: Class initialized using 'CodeIgniter\Session\Handlers\DatabaseHandler' driver.
INFO - 2024-08-18 12:57:21 --> CSRF token verified.
INFO - 2024-08-18 09:58:52 --> Session: Class initialized using 'CodeIgniter\Session\Handlers\DatabaseHandler' driver.
INFO - 2024-08-18 09:58:52 --> Session: Class initialized using 'CodeIgniter\Session\Handlers\DatabaseHandler' driver.
INFO - 2024-08-18 12:58:52 --> CSRF token verified.
INFO - 2024-08-18 09:58:55 --> Session: Class initialized using 'CodeIgniter\Session\Handlers\DatabaseHandler' driver.
INFO - 2024-08-18 12:58:55 --> CSRF token verified.
INFO - 2024-08-18 09:59:04 --> Session: Class initialized using 'CodeIgniter\Session\Handlers\DatabaseHandler' driver.
INFO - 2024-08-18 12:59:04 --> CSRF token verified.
INFO - 2024-08-18 09:59:05 --> Session: Class initialized using 'CodeIgniter\Session\Handlers\DatabaseHandler' driver.
INFO - 2024-08-18 09:59:05 --> Session: Class initialized using 'CodeIgniter\Session\Handlers\DatabaseHandler' driver.
INFO - 2024-08-18 12:59:05 --> CSRF token verified.
INFO - 2024-08-18 09:59:07 --> Session: Class initialized using 'CodeIgniter\Session\Handlers\DatabaseHandler' driver.
INFO - 2024-08-18 09:59:08 --> Session: Class initialized using 'CodeIgniter\Session\Handlers\DatabaseHandler' driver.
INFO - 2024-08-18 12:59:08 --> CSRF token verified.
INFO - 2024-08-18 09:59:17 --> Session: Class initialized using 'CodeIgniter\Session\Handlers\DatabaseHandler' driver.
INFO - 2024-08-18 09:59:17 --> Session: Class initialized using 'CodeIgniter\Session\Handlers\DatabaseHandler' driver.
INFO - 2024-08-18 12:59:17 --> CSRF token verified.
INFO - 2024-08-18 10:00:11 --> Session: Class initialized using 'CodeIgniter\Session\Handlers\DatabaseHandler' driver.
INFO - 2024-08-18 10:00:12 --> Session: Class initialized using 'CodeIgniter\Session\Handlers\DatabaseHandler' driver.
INFO - 2024-08-18 13:00:12 --> CSRF token verified.
INFO - 2024-08-18 10:00:17 --> Session: Class initialized using 'CodeIgniter\Session\Handlers\DatabaseHandler' driver.
INFO - 2024-08-18 13:00:17 --> CSRF token verified.
INFO - 2024-08-18 10:00:18 --> Session: Class initialized using 'CodeIgniter\Session\Handlers\DatabaseHandler' driver.
INFO - 2024-08-18 13:00:18 --> CSRF token verified.
INFO - 2024-08-18 10:00:20 --> Session: Class initialized using 'CodeIgniter\Session\Handlers\DatabaseHandler' driver.
INFO - 2024-08-18 13:00:20 --> CSRF token verified.
INFO - 2024-08-18 10:00:25 --> Session: Class initialized using 'CodeIgniter\Session\Handlers\DatabaseHandler' driver.
INFO - 2024-08-18 10:00:26 --> Session: Class initialized using 'CodeIgniter\Session\Handlers\DatabaseHandler' driver.
INFO - 2024-08-18 13:00:26 --> CSRF token verified.
INFO - 2024-08-18 10:00:30 --> Session: Class initialized using 'CodeIgniter\Session\Handlers\DatabaseHandler' driver.
INFO - 2024-08-18 10:00:30 --> Session: Class initialized using 'CodeIgniter\Session\Handlers\DatabaseHandler' driver.
INFO - 2024-08-18 13:00:30 --> CSRF token verified.
INFO - 2024-08-18 10:00:40 --> Session: Class initialized using 'CodeIgniter\Session\Handlers\DatabaseHandler' driver.
INFO - 2024-08-18 13:00:40 --> CSRF token verified.
INFO - 2024-08-18 10:00:52 --> Session: Class initialized using 'CodeIgniter\Session\Handlers\DatabaseHandler' driver.
INFO - 2024-08-18 13:00:52 --> CSRF token verified.
INFO - 2024-08-18 10:01:03 --> Session: Class initialized using 'CodeIgniter\Session\Handlers\DatabaseHandler' driver.
INFO - 2024-08-18 13:01:03 --> CSRF token verified.
INFO - 2024-08-18 10:01:15 --> Session: Class initialized using 'CodeIgniter\Session\Handlers\DatabaseHandler' driver.
INFO - 2024-08-18 13:01:15 --> CSRF token verified.
INFO - 2024-08-18 10:01:15 --> Session: Class initialized using 'CodeIgniter\Session\Handlers\DatabaseHandler' driver.
INFO - 2024-08-18 10:01:15 --> Session: Class initialized using 'CodeIgniter\Session\Handlers\DatabaseHandler' driver.
INFO - 2024-08-18 13:01:15 --> CSRF token verified.
INFO - 2024-08-18 10:01:22 --> Session: Class initialized using 'CodeIgniter\Session\Handlers\DatabaseHandler' driver.
INFO - 2024-08-18 13:01:22 --> CSRF token verified.
INFO - 2024-08-18 10:01:29 --> Session: Class initialized using 'CodeIgniter\Session\Handlers\DatabaseHandler' driver.
INFO - 2024-08-18 10:01:30 --> Session: Class initialized using 'CodeIgniter\Session\Handlers\DatabaseHandler' driver.
INFO - 2024-08-18 13:01:30 --> CSRF token verified.
INFO - 2024-08-18 10:01:31 --> Session: Class initialized using 'CodeIgniter\Session\Handlers\DatabaseHandler' driver.
INFO - 2024-08-18 10:01:31 --> Session: Class initialized using 'CodeIgniter\Session\Handlers\DatabaseHandler' driver.
INFO - 2024-08-18 13:01:31 --> CSRF token verified.
INFO - 2024-08-18 10:01:38 --> Session: Class initialized using 'CodeIgniter\Session\Handlers\DatabaseHandler' driver.
INFO - 2024-08-18 10:01:38 --> Session: Class initialized using 'CodeIgniter\Session\Handlers\DatabaseHandler' driver.
INFO - 2024-08-18 13:01:38 --> CSRF token verified.
INFO - 2024-08-18 10:01:43 --> Session: Class initialized using 'CodeIgniter\Session\Handlers\DatabaseHandler' driver.
INFO - 2024-08-18 10:01:43 --> Session: Class initialized using 'CodeIgniter\Session\Handlers\DatabaseHandler' driver.
INFO - 2024-08-18 13:01:43 --> CSRF token verified.
INFO - 2024-08-18 10:01:54 --> Session: Class initialized using 'CodeIgniter\Session\Handlers\DatabaseHandler' driver.
INFO - 2024-08-18 10:01:54 --> Session: Class initialized using 'CodeIgniter\Session\Handlers\DatabaseHandler' driver.
INFO - 2024-08-18 13:01:54 --> CSRF token verified.
INFO - 2024-08-18 10:02:11 --> Session: Class initialized using 'CodeIgniter\Session\Handlers\DatabaseHandler' driver.
INFO - 2024-08-18 10:02:11 --> Session: Class initialized using 'CodeIgniter\Session\Handlers\DatabaseHandler' driver.
INFO - 2024-08-18 13:02:11 --> CSRF token verified.
INFO - 2024-08-18 10:02:17 --> Session: Class initialized using 'CodeIgniter\Session\Handlers\DatabaseHandler' driver.
INFO - 2024-08-18 10:02:18 --> Session: Class initialized using 'CodeIgniter\Session\Handlers\DatabaseHandler' driver.
INFO - 2024-08-18 13:02:18 --> CSRF token verified.
INFO - 2024-08-18 10:05:20 --> Session: Class initialized using 'CodeIgniter\Session\Handlers\DatabaseHandler' driver.
INFO - 2024-08-18 13:05:20 --> CSRF token verified.
INFO - 2024-08-18 10:05:20 --> Session: Class initialized using 'CodeIgniter\Session\Handlers\DatabaseHandler' driver.
INFO - 2024-08-18 10:05:21 --> Session: Class initialized using 'CodeIgniter\Session\Handlers\DatabaseHandler' driver.
INFO - 2024-08-18 13:05:21 --> CSRF token verified.
INFO - 2024-08-18 10:05:30 --> Session: Class initialized using 'CodeIgniter\Session\Handlers\DatabaseHandler' driver.
INFO - 2024-08-18 10:05:31 --> Session: Class initialized using 'CodeIgniter\Session\Handlers\DatabaseHandler' driver.
INFO - 2024-08-18 13:05:31 --> CSRF token verified.
INFO - 2024-08-18 10:05:38 --> Session: Class initialized using 'CodeIgniter\Session\Handlers\DatabaseHandler' driver.
INFO - 2024-08-18 10:05:39 --> Session: Class initialized using 'CodeIgniter\Session\Handlers\DatabaseHandler' driver.
INFO - 2024-08-18 13:05:39 --> CSRF token verified.
INFO - 2024-08-18 10:05:42 --> Session: Class initialized using 'CodeIgniter\Session\Handlers\DatabaseHandler' driver.
INFO - 2024-08-18 10:05:42 --> Session: Class initialized using 'CodeIgniter\Session\Handlers\DatabaseHandler' driver.
INFO - 2024-08-18 13:05:42 --> CSRF token verified.
INFO - 2024-08-18 10:05:49 --> Session: Class initialized using 'CodeIgniter\Session\Handlers\DatabaseHandler' driver.
INFO - 2024-08-18 10:05:49 --> Session: Class initialized using 'CodeIgniter\Session\Handlers\DatabaseHandler' driver.
INFO - 2024-08-18 13:05:49 --> CSRF token verified.
INFO - 2024-08-18 10:05:53 --> Session: Class initialized using 'CodeIgniter\Session\Handlers\DatabaseHandler' driver.
INFO - 2024-08-18 10:05:53 --> Session: Class initialized using 'CodeIgniter\Session\Handlers\DatabaseHandler' driver.
INFO - 2024-08-18 13:05:53 --> CSRF token verified.
INFO - 2024-08-18 10:06:04 --> Session: Class initialized using 'CodeIgniter\Session\Handlers\DatabaseHandler' driver.
INFO - 2024-08-18 10:06:04 --> Session: Class initialized using 'CodeIgniter\Session\Handlers\DatabaseHandler' driver.
INFO - 2024-08-18 13:06:04 --> CSRF token verified.
INFO - 2024-08-18 10:11:48 --> Session: Class initialized using 'CodeIgniter\Session\Handlers\DatabaseHandler' driver.
INFO - 2024-08-18 10:11:48 --> Session: Class initialized using 'CodeIgniter\Session\Handlers\DatabaseHandler' driver.
INFO - 2024-08-18 10:11:49 --> Session: Class initialized using 'CodeIgniter\Session\Handlers\DatabaseHandler' driver.
INFO - 2024-08-18 10:12:07 --> Session: Class initialized using 'CodeIgniter\Session\Handlers\DatabaseHandler' driver.
INFO - 2024-08-18 13:12:07 --> CSRF token verified.
INFO - 2024-08-18 10:12:07 --> Session: Class initialized using 'CodeIgniter\Session\Handlers\DatabaseHandler' driver.
INFO - 2024-08-18 10:12:09 --> Session: Class initialized using 'CodeIgniter\Session\Handlers\DatabaseHandler' driver.
INFO - 2024-08-18 13:12:09 --> CSRF token verified.
INFO - 2024-08-18 10:12:20 --> Session: Class initialized using 'CodeIgniter\Session\Handlers\DatabaseHandler' driver.
INFO - 2024-08-18 10:12:21 --> Session: Class initialized using 'CodeIgniter\Session\Handlers\DatabaseHandler' driver.
INFO - 2024-08-18 13:12:21 --> CSRF token verified.
INFO - 2024-08-18 10:14:00 --> Session: Class initialized using 'CodeIgniter\Session\Handlers\DatabaseHandler' driver.
INFO - 2024-08-18 10:14:02 --> Session: Class initialized using 'CodeIgniter\Session\Handlers\DatabaseHandler' driver.
INFO - 2024-08-18 13:14:02 --> CSRF token verified.
INFO - 2024-08-18 10:14:23 --> Session: Class initialized using 'CodeIgniter\Session\Handlers\DatabaseHandler' driver.
INFO - 2024-08-18 10:14:23 --> Session: Class initialized using 'CodeIgniter\Session\Handlers\DatabaseHandler' driver.
INFO - 2024-08-18 13:14:23 --> CSRF token verified.
INFO - 2024-08-18 10:16:35 --> Session: Class initialized using 'CodeIgniter\Session\Handlers\DatabaseHandler' driver.
INFO - 2024-08-18 13:16:35 --> CSRF token verified.
INFO - 2024-08-18 10:16:36 --> Session: Class initialized using 'CodeIgniter\Session\Handlers\DatabaseHandler' driver.
INFO - 2024-08-18 10:16:36 --> Session: Class initialized using 'CodeIgniter\Session\Handlers\DatabaseHandler' driver.
INFO - 2024-08-18 13:16:36 --> CSRF token verified.
INFO - 2024-08-18 10:17:10 --> Session: Class initialized using 'CodeIgniter\Session\Handlers\DatabaseHandler' driver.
INFO - 2024-08-18 10:17:10 --> Session: Class initialized using 'CodeIgniter\Session\Handlers\DatabaseHandler' driver.
INFO - 2024-08-18 13:17:10 --> CSRF token verified.
INFO - 2024-08-18 10:17:24 --> Session: Class initialized using 'CodeIgniter\Session\Handlers\DatabaseHandler' driver.
INFO - 2024-08-18 10:17:25 --> Session: Class initialized using 'CodeIgniter\Session\Handlers\DatabaseHandler' driver.
INFO - 2024-08-18 13:17:25 --> CSRF token verified.
INFO - 2024-08-18 10:17:40 --> Session: Class initialized using 'CodeIgniter\Session\Handlers\DatabaseHandler' driver.
WARNING - 2024-08-18 13:17:40 --> [DEPRECATED] strtotime(): Passing null to parameter #1 ($datetime) of type string is deprecated in APPPATH/Common.php on line 1317.
 1 APPPATH/Common.php(1317): strtotime(null)
 2 APPPATH/Views/admin/membership/users.php(136): timeAgo(null)
 3 SYSTEMPATH/View/View.php(226): include('/home/impexall/seller.impexally.com/app/Views/admin/membership/users.php')
 4 SYSTEMPATH/View/View.php(229): CodeIgniter\View\View->CodeIgniter\View\{closure}()
 5 SYSTEMPATH/Common.php(1188): CodeIgniter\View\View->render('admin/membership/users', [], true)
 6 APPPATH/Controllers/MembershipController.php(33): view('admin/membership/users')
 7 SYSTEMPATH/CodeIgniter.php(918): App\Controllers\MembershipController->users()
 8 SYSTEMPATH/CodeIgniter.php(493): CodeIgniter\CodeIgniter->runController(Object(App\Controllers\MembershipController))
 9 SYSTEMPATH/CodeIgniter.php(352): CodeIgniter\CodeIgniter->handleRequest(null, Object(Config\Cache), false)
10 FCPATH/index.php(95): CodeIgniter\CodeIgniter->run()
WARNING - 2024-08-18 13:17:40 --> [DEPRECATED] strtotime(): Passing null to parameter #1 ($datetime) of type string is deprecated in APPPATH/Common.php on line 1317.
 1 APPPATH/Common.php(1317): strtotime(null)
 2 APPPATH/Views/admin/membership/users.php(136): timeAgo(null)
 3 SYSTEMPATH/View/View.php(226): include('/home/impexall/seller.impexally.com/app/Views/admin/membership/users.php')
 4 SYSTEMPATH/View/View.php(229): CodeIgniter\View\View->CodeIgniter\View\{closure}()
 5 SYSTEMPATH/Common.php(1188): CodeIgniter\View\View->render('admin/membership/users', [], true)
 6 APPPATH/Controllers/MembershipController.php(33): view('admin/membership/users')
 7 SYSTEMPATH/CodeIgniter.php(918): App\Controllers\MembershipController->users()
 8 SYSTEMPATH/CodeIgniter.php(493): CodeIgniter\CodeIgniter->runController(Object(App\Controllers\MembershipController))
 9 SYSTEMPATH/CodeIgniter.php(352): CodeIgniter\CodeIgniter->handleRequest(null, Object(Config\Cache), false)
10 FCPATH/index.php(95): CodeIgniter\CodeIgniter->run()
WARNING - 2024-08-18 13:17:40 --> [DEPRECATED] strtotime(): Passing null to parameter #1 ($datetime) of type string is deprecated in APPPATH/Common.php on line 1317.
 1 APPPATH/Common.php(1317): strtotime(null)
 2 APPPATH/Views/admin/membership/users.php(136): timeAgo(null)
 3 SYSTEMPATH/View/View.php(226): include('/home/impexall/seller.impexally.com/app/Views/admin/membership/users.php')
 4 SYSTEMPATH/View/View.php(229): CodeIgniter\View\View->CodeIgniter\View\{closure}()
 5 SYSTEMPATH/Common.php(1188): CodeIgniter\View\View->render('admin/membership/users', [], true)
 6 APPPATH/Controllers/MembershipController.php(33): view('admin/membership/users')
 7 SYSTEMPATH/CodeIgniter.php(918): App\Controllers\MembershipController->users()
 8 SYSTEMPATH/CodeIgniter.php(493): CodeIgniter\CodeIgniter->runController(Object(App\Controllers\MembershipController))
 9 SYSTEMPATH/CodeIgniter.php(352): CodeIgniter\CodeIgniter->handleRequest(null, Object(Config\Cache), false)
10 FCPATH/index.php(95): CodeIgniter\CodeIgniter->run()
WARNING - 2024-08-18 13:17:40 --> [DEPRECATED] strtotime(): Passing null to parameter #1 ($datetime) of type string is deprecated in APPPATH/Common.php on line 1317.
 1 APPPATH/Common.php(1317): strtotime(null)
 2 APPPATH/Views/admin/membership/users.php(136): timeAgo(null)
 3 SYSTEMPATH/View/View.php(226): include('/home/impexall/seller.impexally.com/app/Views/admin/membership/users.php')
 4 SYSTEMPATH/View/View.php(229): CodeIgniter\View\View->CodeIgniter\View\{closure}()
 5 SYSTEMPATH/Common.php(1188): CodeIgniter\View\View->render('admin/membership/users', [], true)
 6 APPPATH/Controllers/MembershipController.php(33): view('admin/membership/users')
 7 SYSTEMPATH/CodeIgniter.php(918): App\Controllers\MembershipController->users()
 8 SYSTEMPATH/CodeIgniter.php(493): CodeIgniter\CodeIgniter->runController(Object(App\Controllers\MembershipController))
 9 SYSTEMPATH/CodeIgniter.php(352): CodeIgniter\CodeIgniter->handleRequest(null, Object(Config\Cache), false)
10 FCPATH/index.php(95): CodeIgniter\CodeIgniter->run()
WARNING - 2024-08-18 13:17:40 --> [DEPRECATED] strtotime(): Passing null to parameter #1 ($datetime) of type string is deprecated in APPPATH/Common.php on line 1317.
 1 APPPATH/Common.php(1317): strtotime(null)
 2 APPPATH/Views/admin/membership/users.php(136): timeAgo(null)
 3 SYSTEMPATH/View/View.php(226): include('/home/impexall/seller.impexally.com/app/Views/admin/membership/users.php')
 4 SYSTEMPATH/View/View.php(229): CodeIgniter\View\View->CodeIgniter\View\{closure}()
 5 SYSTEMPATH/Common.php(1188): CodeIgniter\View\View->render('admin/membership/users', [], true)
 6 APPPATH/Controllers/MembershipController.php(33): view('admin/membership/users')
 7 SYSTEMPATH/CodeIgniter.php(918): App\Controllers\MembershipController->users()
 8 SYSTEMPATH/CodeIgniter.php(493): CodeIgniter\CodeIgniter->runController(Object(App\Controllers\MembershipController))
 9 SYSTEMPATH/CodeIgniter.php(352): CodeIgniter\CodeIgniter->handleRequest(null, Object(Config\Cache), false)
10 FCPATH/index.php(95): CodeIgniter\CodeIgniter->run()
WARNING - 2024-08-18 13:17:40 --> [DEPRECATED] strtotime(): Passing null to parameter #1 ($datetime) of type string is deprecated in APPPATH/Common.php on line 1317.
 1 APPPATH/Common.php(1317): strtotime(null)
 2 APPPATH/Views/admin/membership/users.php(136): timeAgo(null)
 3 SYSTEMPATH/View/View.php(226): include('/home/impexall/seller.impexally.com/app/Views/admin/membership/users.php')
 4 SYSTEMPATH/View/View.php(229): CodeIgniter\View\View->CodeIgniter\View\{closure}()
 5 SYSTEMPATH/Common.php(1188): CodeIgniter\View\View->render('admin/membership/users', [], true)
 6 APPPATH/Controllers/MembershipController.php(33): view('admin/membership/users')
 7 SYSTEMPATH/CodeIgniter.php(918): App\Controllers\MembershipController->users()
 8 SYSTEMPATH/CodeIgniter.php(493): CodeIgniter\CodeIgniter->runController(Object(App\Controllers\MembershipController))
 9 SYSTEMPATH/CodeIgniter.php(352): CodeIgniter\CodeIgniter->handleRequest(null, Object(Config\Cache), false)
10 FCPATH/index.php(95): CodeIgniter\CodeIgniter->run()
WARNING - 2024-08-18 13:17:40 --> [DEPRECATED] strtotime(): Passing null to parameter #1 ($datetime) of type string is deprecated in APPPATH/Common.php on line 1317.
 1 APPPATH/Common.php(1317): strtotime(null)
 2 APPPATH/Views/admin/membership/users.php(136): timeAgo(null)
 3 SYSTEMPATH/View/View.php(226): include('/home/impexall/seller.impexally.com/app/Views/admin/membership/users.php')
 4 SYSTEMPATH/View/View.php(229): CodeIgniter\View\View->CodeIgniter\View\{closure}()
 5 SYSTEMPATH/Common.php(1188): CodeIgniter\View\View->render('admin/membership/users', [], true)
 6 APPPATH/Controllers/MembershipController.php(33): view('admin/membership/users')
 7 SYSTEMPATH/CodeIgniter.php(918): App\Controllers\MembershipController->users()
 8 SYSTEMPATH/CodeIgniter.php(493): CodeIgniter\CodeIgniter->runController(Object(App\Controllers\MembershipController))
 9 SYSTEMPATH/CodeIgniter.php(352): CodeIgniter\CodeIgniter->handleRequest(null, Object(Config\Cache), false)
10 FCPATH/index.php(95): CodeIgniter\CodeIgniter->run()
WARNING - 2024-08-18 13:17:40 --> [DEPRECATED] strtotime(): Passing null to parameter #1 ($datetime) of type string is deprecated in APPPATH/Common.php on line 1317.
 1 APPPATH/Common.php(1317): strtotime(null)
 2 APPPATH/Views/admin/membership/users.php(136): timeAgo(null)
 3 SYSTEMPATH/View/View.php(226): include('/home/impexall/seller.impexally.com/app/Views/admin/membership/users.php')
 4 SYSTEMPATH/View/View.php(229): CodeIgniter\View\View->CodeIgniter\View\{closure}()
 5 SYSTEMPATH/Common.php(1188): CodeIgniter\View\View->render('admin/membership/users', [], true)
 6 APPPATH/Controllers/MembershipController.php(33): view('admin/membership/users')
 7 SYSTEMPATH/CodeIgniter.php(918): App\Controllers\MembershipController->users()
 8 SYSTEMPATH/CodeIgniter.php(493): CodeIgniter\CodeIgniter->runController(Object(App\Controllers\MembershipController))
 9 SYSTEMPATH/CodeIgniter.php(352): CodeIgniter\CodeIgniter->handleRequest(null, Object(Config\Cache), false)
10 FCPATH/index.php(95): CodeIgniter\CodeIgniter->run()
INFO - 2024-08-18 10:17:41 --> Session: Class initialized using 'CodeIgniter\Session\Handlers\DatabaseHandler' driver.
INFO - 2024-08-18 13:17:41 --> CSRF token verified.
INFO - 2024-08-18 10:17:52 --> Session: Class initialized using 'CodeIgniter\Session\Handlers\DatabaseHandler' driver.
INFO - 2024-08-18 10:17:53 --> Session: Class initialized using 'CodeIgniter\Session\Handlers\DatabaseHandler' driver.
INFO - 2024-08-18 13:17:53 --> CSRF token verified.
INFO - 2024-08-18 10:18:05 --> Session: Class initialized using 'CodeIgniter\Session\Handlers\DatabaseHandler' driver.
INFO - 2024-08-18 10:18:05 --> Session: Class initialized using 'CodeIgniter\Session\Handlers\DatabaseHandler' driver.
INFO - 2024-08-18 13:18:05 --> CSRF token verified.
INFO - 2024-08-18 10:18:14 --> Session: Class initialized using 'CodeIgniter\Session\Handlers\DatabaseHandler' driver.
INFO - 2024-08-18 10:18:15 --> Session: Class initialized using 'CodeIgniter\Session\Handlers\DatabaseHandler' driver.
INFO - 2024-08-18 13:18:15 --> CSRF token verified.
INFO - 2024-08-18 10:18:57 --> Session: Class initialized using 'CodeIgniter\Session\Handlers\DatabaseHandler' driver.
INFO - 2024-08-18 13:18:57 --> CSRF token verified.
INFO - 2024-08-18 10:18:57 --> Session: Class initialized using 'CodeIgniter\Session\Handlers\DatabaseHandler' driver.
INFO - 2024-08-18 10:18:58 --> Session: Class initialized using 'CodeIgniter\Session\Handlers\DatabaseHandler' driver.
INFO - 2024-08-18 13:18:58 --> CSRF token verified.
INFO - 2024-08-18 10:19:46 --> Session: Class initialized using 'CodeIgniter\Session\Handlers\DatabaseHandler' driver.
INFO - 2024-08-18 10:19:47 --> Session: Class initialized using 'CodeIgniter\Session\Handlers\DatabaseHandler' driver.
INFO - 2024-08-18 13:19:47 --> CSRF token verified.
INFO - 2024-08-18 10:19:54 --> Session: Class initialized using 'CodeIgniter\Session\Handlers\DatabaseHandler' driver.
INFO - 2024-08-18 10:19:54 --> Session: Class initialized using 'CodeIgniter\Session\Handlers\DatabaseHandler' driver.
INFO - 2024-08-18 13:19:54 --> CSRF token verified.
INFO - 2024-08-18 10:19:58 --> Session: Class initialized using 'CodeIgniter\Session\Handlers\DatabaseHandler' driver.
INFO - 2024-08-18 10:19:58 --> Session: Class initialized using 'CodeIgniter\Session\Handlers\DatabaseHandler' driver.
INFO - 2024-08-18 13:19:58 --> CSRF token verified.
INFO - 2024-08-18 10:20:05 --> Session: Class initialized using 'CodeIgniter\Session\Handlers\DatabaseHandler' driver.
INFO - 2024-08-18 10:20:05 --> Session: Class initialized using 'CodeIgniter\Session\Handlers\DatabaseHandler' driver.
INFO - 2024-08-18 13:20:05 --> CSRF token verified.
INFO - 2024-08-18 10:20:15 --> Session: Class initialized using 'CodeIgniter\Session\Handlers\DatabaseHandler' driver.
INFO - 2024-08-18 10:20:16 --> Session: Class initialized using 'CodeIgniter\Session\Handlers\DatabaseHandler' driver.
INFO - 2024-08-18 13:20:16 --> CSRF token verified.
INFO - 2024-08-18 10:20:24 --> Session: Class initialized using 'CodeIgniter\Session\Handlers\DatabaseHandler' driver.
INFO - 2024-08-18 10:20:30 --> Session: Class initialized using 'CodeIgniter\Session\Handlers\DatabaseHandler' driver.
INFO - 2024-08-18 13:20:30 --> CSRF token verified.
INFO - 2024-08-18 10:23:00 --> Session: Class initialized using 'CodeIgniter\Session\Handlers\DatabaseHandler' driver.
INFO - 2024-08-18 10:32:44 --> Session: Class initialized using 'CodeIgniter\Session\Handlers\DatabaseHandler' driver.
INFO - 2024-08-18 10:32:44 --> Session: Class initialized using 'CodeIgniter\Session\Handlers\DatabaseHandler' driver.
INFO - 2024-08-18 13:32:44 --> CSRF token verified.
INFO - 2024-08-18 10:33:06 --> Session: Class initialized using 'CodeIgniter\Session\Handlers\DatabaseHandler' driver.
INFO - 2024-08-18 13:33:06 --> CSRF token verified.
INFO - 2024-08-18 10:33:07 --> Session: Class initialized using 'CodeIgniter\Session\Handlers\DatabaseHandler' driver.
INFO - 2024-08-18 13:33:07 --> CSRF token verified.
INFO - 2024-08-18 10:33:08 --> Session: Class initialized using 'CodeIgniter\Session\Handlers\DatabaseHandler' driver.
INFO - 2024-08-18 13:33:08 --> CSRF token verified.
INFO - 2024-08-18 10:33:09 --> Session: Class initialized using 'CodeIgniter\Session\Handlers\DatabaseHandler' driver.
INFO - 2024-08-18 13:33:09 --> CSRF token verified.
INFO - 2024-08-18 10:33:10 --> Session: Class initialized using 'CodeIgniter\Session\Handlers\DatabaseHandler' driver.
INFO - 2024-08-18 13:33:10 --> CSRF token verified.
INFO - 2024-08-18 10:33:11 --> Session: Class initialized using 'CodeIgniter\Session\Handlers\DatabaseHandler' driver.
INFO - 2024-08-18 13:33:11 --> CSRF token verified.
INFO - 2024-08-18 10:33:11 --> Session: Class initialized using 'CodeIgniter\Session\Handlers\DatabaseHandler' driver.
INFO - 2024-08-18 13:33:11 --> CSRF token verified.
INFO - 2024-08-18 10:33:12 --> Session: Class initialized using 'CodeIgniter\Session\Handlers\DatabaseHandler' driver.
INFO - 2024-08-18 13:33:12 --> CSRF token verified.
INFO - 2024-08-18 10:33:12 --> Session: Class initialized using 'CodeIgniter\Session\Handlers\DatabaseHandler' driver.
INFO - 2024-08-18 13:33:12 --> CSRF token verified.
INFO - 2024-08-18 10:33:14 --> Session: Class initialized using 'CodeIgniter\Session\Handlers\DatabaseHandler' driver.
INFO - 2024-08-18 13:33:14 --> CSRF token verified.
INFO - 2024-08-18 10:33:14 --> Session: Class initialized using 'CodeIgniter\Session\Handlers\DatabaseHandler' driver.
INFO - 2024-08-18 13:33:14 --> CSRF token verified.
INFO - 2024-08-18 10:33:15 --> Session: Class initialized using 'CodeIgniter\Session\Handlers\DatabaseHandler' driver.
INFO - 2024-08-18 13:33:15 --> CSRF token verified.
INFO - 2024-08-18 10:33:16 --> Session: Class initialized using 'CodeIgniter\Session\Handlers\DatabaseHandler' driver.
INFO - 2024-08-18 13:33:16 --> CSRF token verified.
INFO - 2024-08-18 10:33:17 --> Session: Class initialized using 'CodeIgniter\Session\Handlers\DatabaseHandler' driver.
INFO - 2024-08-18 13:33:17 --> CSRF token verified.
INFO - 2024-08-18 10:33:34 --> Session: Class initialized using 'CodeIgniter\Session\Handlers\DatabaseHandler' driver.
INFO - 2024-08-18 13:33:34 --> CSRF token verified.
INFO - 2024-08-18 10:33:46 --> Session: Class initialized using 'CodeIgniter\Session\Handlers\DatabaseHandler' driver.
INFO - 2024-08-18 13:33:46 --> CSRF token verified.
INFO - 2024-08-18 10:35:18 --> Session: Class initialized using 'CodeIgniter\Session\Handlers\DatabaseHandler' driver.
INFO - 2024-08-18 13:35:18 --> CSRF token verified.
INFO - 2024-08-18 10:35:39 --> Session: Class initialized using 'CodeIgniter\Session\Handlers\DatabaseHandler' driver.
INFO - 2024-08-18 13:35:39 --> CSRF token verified.
INFO - 2024-08-18 10:35:40 --> Session: Class initialized using 'CodeIgniter\Session\Handlers\DatabaseHandler' driver.
INFO - 2024-08-18 13:35:40 --> CSRF token verified.
INFO - 2024-08-18 10:35:41 --> Session: Class initialized using 'CodeIgniter\Session\Handlers\DatabaseHandler' driver.
INFO - 2024-08-18 13:35:41 --> CSRF token verified.
INFO - 2024-08-18 10:35:41 --> Session: Class initialized using 'CodeIgniter\Session\Handlers\DatabaseHandler' driver.
INFO - 2024-08-18 13:35:41 --> CSRF token verified.
INFO - 2024-08-18 10:35:42 --> Session: Class initialized using 'CodeIgniter\Session\Handlers\DatabaseHandler' driver.
INFO - 2024-08-18 13:35:42 --> CSRF token verified.
INFO - 2024-08-18 10:35:42 --> Session: Class initialized using 'CodeIgniter\Session\Handlers\DatabaseHandler' driver.
INFO - 2024-08-18 13:35:42 --> CSRF token verified.
INFO - 2024-08-18 10:35:43 --> Session: Class initialized using 'CodeIgniter\Session\Handlers\DatabaseHandler' driver.
INFO - 2024-08-18 13:35:43 --> CSRF token verified.
INFO - 2024-08-18 10:35:43 --> Session: Class initialized using 'CodeIgniter\Session\Handlers\DatabaseHandler' driver.
INFO - 2024-08-18 13:35:43 --> CSRF token verified.
INFO - 2024-08-18 10:35:44 --> Session: Class initialized using 'CodeIgniter\Session\Handlers\DatabaseHandler' driver.
INFO - 2024-08-18 13:35:44 --> CSRF token verified.
INFO - 2024-08-18 10:35:44 --> Session: Class initialized using 'CodeIgniter\Session\Handlers\DatabaseHandler' driver.
INFO - 2024-08-18 13:35:44 --> CSRF token verified.
INFO - 2024-08-18 10:35:45 --> Session: Class initialized using 'CodeIgniter\Session\Handlers\DatabaseHandler' driver.
INFO - 2024-08-18 13:35:45 --> CSRF token verified.
INFO - 2024-08-18 10:35:45 --> Session: Class initialized using 'CodeIgniter\Session\Handlers\DatabaseHandler' driver.
INFO - 2024-08-18 13:35:45 --> CSRF token verified.
INFO - 2024-08-18 10:35:46 --> Session: Class initialized using 'CodeIgniter\Session\Handlers\DatabaseHandler' driver.
INFO - 2024-08-18 13:35:46 --> CSRF token verified.
INFO - 2024-08-18 10:35:47 --> Session: Class initialized using 'CodeIgniter\Session\Handlers\DatabaseHandler' driver.
INFO - 2024-08-18 13:35:47 --> CSRF token verified.
INFO - 2024-08-18 10:36:09 --> Session: Class initialized using 'CodeIgniter\Session\Handlers\DatabaseHandler' driver.
INFO - 2024-08-18 13:36:09 --> CSRF token verified.
INFO - 2024-08-18 10:36:30 --> Session: Class initialized using 'CodeIgniter\Session\Handlers\DatabaseHandler' driver.
INFO - 2024-08-18 13:36:30 --> CSRF token verified.
INFO - 2024-08-18 10:40:03 --> Session: Class initialized using 'CodeIgniter\Session\Handlers\DatabaseHandler' driver.
INFO - 2024-08-18 10:40:06 --> Session: Class initialized using 'CodeIgniter\Session\Handlers\DatabaseHandler' driver.
INFO - 2024-08-18 13:40:06 --> CSRF token verified.
INFO - 2024-08-18 10:41:27 --> Session: Class initialized using 'CodeIgniter\Session\Handlers\DatabaseHandler' driver.
INFO - 2024-08-18 13:41:27 --> CSRF token verified.
INFO - 2024-08-18 10:44:07 --> Session: Class initialized using 'CodeIgniter\Session\Handlers\DatabaseHandler' driver.
INFO - 2024-08-18 13:44:07 --> CSRF token verified.
INFO - 2024-08-18 10:44:25 --> Session: Class initialized using 'CodeIgniter\Session\Handlers\DatabaseHandler' driver.
INFO - 2024-08-18 13:44:25 --> CSRF token verified.
INFO - 2024-08-18 10:45:19 --> Session: Class initialized using 'CodeIgniter\Session\Handlers\DatabaseHandler' driver.
INFO - 2024-08-18 13:45:19 --> CSRF token verified.
INFO - 2024-08-18 10:50:33 --> Session: Class initialized using 'CodeIgniter\Session\Handlers\DatabaseHandler' driver.
INFO - 2024-08-18 13:50:33 --> CSRF token verified.
INFO - 2024-08-18 10:50:34 --> Session: Class initialized using 'CodeIgniter\Session\Handlers\DatabaseHandler' driver.
INFO - 2024-08-18 10:50:35 --> Session: Class initialized using 'CodeIgniter\Session\Handlers\DatabaseHandler' driver.
INFO - 2024-08-18 13:50:35 --> CSRF token verified.
INFO - 2024-08-18 10:52:42 --> Session: Class initialized using 'CodeIgniter\Session\Handlers\DatabaseHandler' driver.
INFO - 2024-08-18 10:56:14 --> Session: Class initialized using 'CodeIgniter\Session\Handlers\DatabaseHandler' driver.
INFO - 2024-08-18 13:56:14 --> CSRF token verified.
INFO - 2024-08-18 10:56:23 --> Session: Class initialized using 'CodeIgniter\Session\Handlers\DatabaseHandler' driver.
INFO - 2024-08-18 13:56:23 --> CSRF token verified.
INFO - 2024-08-18 10:57:25 --> Session: Class initialized using 'CodeIgniter\Session\Handlers\DatabaseHandler' driver.
INFO - 2024-08-18 13:57:25 --> CSRF token verified.
INFO - 2024-08-18 10:57:26 --> Session: Class initialized using 'CodeIgniter\Session\Handlers\DatabaseHandler' driver.
INFO - 2024-08-18 13:57:26 --> CSRF token verified.
INFO - 2024-08-18 10:57:27 --> Session: Class initialized using 'CodeIgniter\Session\Handlers\DatabaseHandler' driver.
INFO - 2024-08-18 13:57:27 --> CSRF token verified.
INFO - 2024-08-18 10:57:28 --> Session: Class initialized using 'CodeIgniter\Session\Handlers\DatabaseHandler' driver.
INFO - 2024-08-18 13:57:28 --> CSRF token verified.
INFO - 2024-08-18 10:58:19 --> Session: Class initialized using 'CodeIgniter\Session\Handlers\DatabaseHandler' driver.
INFO - 2024-08-18 13:58:19 --> CSRF token verified.
INFO - 2024-08-18 10:59:59 --> Session: Class initialized using 'CodeIgniter\Session\Handlers\DatabaseHandler' driver.
INFO - 2024-08-18 13:59:59 --> CSRF token verified.
INFO - 2024-08-18 11:00:01 --> Session: Class initialized using 'CodeIgniter\Session\Handlers\DatabaseHandler' driver.
INFO - 2024-08-18 14:00:01 --> CSRF token verified.
INFO - 2024-08-18 11:04:38 --> Session: Class initialized using 'CodeIgniter\Session\Handlers\DatabaseHandler' driver.
INFO - 2024-08-18 14:04:38 --> CSRF token verified.
INFO - 2024-08-18 11:04:39 --> Session: Class initialized using 'CodeIgniter\Session\Handlers\DatabaseHandler' driver.
INFO - 2024-08-18 14:04:39 --> CSRF token verified.
INFO - 2024-08-18 11:04:40 --> Session: Class initialized using 'CodeIgniter\Session\Handlers\DatabaseHandler' driver.
INFO - 2024-08-18 14:04:40 --> CSRF token verified.
INFO - 2024-08-18 11:04:41 --> Session: Class initialized using 'CodeIgniter\Session\Handlers\DatabaseHandler' driver.
INFO - 2024-08-18 14:04:41 --> CSRF token verified.
INFO - 2024-08-18 11:04:44 --> Session: Class initialized using 'CodeIgniter\Session\Handlers\DatabaseHandler' driver.
INFO - 2024-08-18 14:04:44 --> CSRF token verified.
INFO - 2024-08-18 11:04:48 --> Session: Class initialized using 'CodeIgniter\Session\Handlers\DatabaseHandler' driver.
INFO - 2024-08-18 14:04:48 --> CSRF token verified.
INFO - 2024-08-18 11:05:42 --> Session: Class initialized using 'CodeIgniter\Session\Handlers\DatabaseHandler' driver.
INFO - 2024-08-18 14:05:42 --> CSRF token verified.
INFO - 2024-08-18 11:05:43 --> Session: Class initialized using 'CodeIgniter\Session\Handlers\DatabaseHandler' driver.
INFO - 2024-08-18 14:05:43 --> CSRF token verified.
INFO - 2024-08-18 11:05:45 --> Session: Class initialized using 'CodeIgniter\Session\Handlers\DatabaseHandler' driver.
INFO - 2024-08-18 14:05:45 --> CSRF token verified.
INFO - 2024-08-18 11:05:46 --> Session: Class initialized using 'CodeIgniter\Session\Handlers\DatabaseHandler' driver.
INFO - 2024-08-18 14:05:46 --> CSRF token verified.
INFO - 2024-08-18 11:05:50 --> Session: Class initialized using 'CodeIgniter\Session\Handlers\DatabaseHandler' driver.
INFO - 2024-08-18 14:05:50 --> CSRF token verified.
INFO - 2024-08-18 11:05:53 --> Session: Class initialized using 'CodeIgniter\Session\Handlers\DatabaseHandler' driver.
INFO - 2024-08-18 14:05:53 --> CSRF token verified.
INFO - 2024-08-18 11:06:22 --> Session: Class initialized using 'CodeIgniter\Session\Handlers\DatabaseHandler' driver.
INFO - 2024-08-18 14:06:22 --> CSRF token verified.
INFO - 2024-08-18 11:06:25 --> Session: Class initialized using 'CodeIgniter\Session\Handlers\DatabaseHandler' driver.
INFO - 2024-08-18 14:06:25 --> CSRF token verified.
INFO - 2024-08-18 11:07:41 --> Session: Class initialized using 'CodeIgniter\Session\Handlers\DatabaseHandler' driver.
INFO - 2024-08-18 14:07:41 --> CSRF token verified.
INFO - 2024-08-18 11:08:03 --> Session: Class initialized using 'CodeIgniter\Session\Handlers\DatabaseHandler' driver.
INFO - 2024-08-18 14:08:03 --> CSRF token verified.
INFO - 2024-08-18 11:08:04 --> Session: Class initialized using 'CodeIgniter\Session\Handlers\DatabaseHandler' driver.
INFO - 2024-08-18 11:08:04 --> Session: Class initialized using 'CodeIgniter\Session\Handlers\DatabaseHandler' driver.
INFO - 2024-08-18 14:08:04 --> CSRF token verified.
INFO - 2024-08-18 11:08:06 --> Session: Class initialized using 'CodeIgniter\Session\Handlers\DatabaseHandler' driver.
INFO - 2024-08-18 11:08:06 --> Session: Class initialized using 'CodeIgniter\Session\Handlers\DatabaseHandler' driver.
INFO - 2024-08-18 14:08:06 --> CSRF token verified.
INFO - 2024-08-18 11:08:50 --> Session: Class initialized using 'CodeIgniter\Session\Handlers\DatabaseHandler' driver.
INFO - 2024-08-18 11:08:51 --> Session: Class initialized using 'CodeIgniter\Session\Handlers\DatabaseHandler' driver.
INFO - 2024-08-18 14:08:51 --> CSRF token verified.
INFO - 2024-08-18 11:08:54 --> Session: Class initialized using 'CodeIgniter\Session\Handlers\DatabaseHandler' driver.
INFO - 2024-08-18 11:08:54 --> Session: Class initialized using 'CodeIgniter\Session\Handlers\DatabaseHandler' driver.
INFO - 2024-08-18 14:08:54 --> CSRF token verified.
INFO - 2024-08-18 11:09:02 --> Session: Class initialized using 'CodeIgniter\Session\Handlers\DatabaseHandler' driver.
INFO - 2024-08-18 14:09:02 --> CSRF token verified.
INFO - 2024-08-18 11:09:02 --> Session: Class initialized using 'CodeIgniter\Session\Handlers\DatabaseHandler' driver.
INFO - 2024-08-18 11:09:03 --> Session: Class initialized using 'CodeIgniter\Session\Handlers\DatabaseHandler' driver.
INFO - 2024-08-18 14:09:03 --> CSRF token verified.
INFO - 2024-08-18 11:09:05 --> Session: Class initialized using 'CodeIgniter\Session\Handlers\DatabaseHandler' driver.
INFO - 2024-08-18 11:09:05 --> Session: Class initialized using 'CodeIgniter\Session\Handlers\DatabaseHandler' driver.
INFO - 2024-08-18 14:09:05 --> CSRF token verified.
INFO - 2024-08-18 11:09:07 --> Session: Class initialized using 'CodeIgniter\Session\Handlers\DatabaseHandler' driver.
INFO - 2024-08-18 11:09:07 --> Session: Class initialized using 'CodeIgniter\Session\Handlers\DatabaseHandler' driver.
INFO - 2024-08-18 14:09:07 --> CSRF token verified.
INFO - 2024-08-18 11:09:09 --> Session: Class initialized using 'CodeIgniter\Session\Handlers\DatabaseHandler' driver.
INFO - 2024-08-18 11:09:10 --> Session: Class initialized using 'CodeIgniter\Session\Handlers\DatabaseHandler' driver.
INFO - 2024-08-18 14:09:10 --> CSRF token verified.
INFO - 2024-08-18 11:10:03 --> Session: Class initialized using 'CodeIgniter\Session\Handlers\DatabaseHandler' driver.
INFO - 2024-08-18 11:10:05 --> Session: Class initialized using 'CodeIgniter\Session\Handlers\DatabaseHandler' driver.
INFO - 2024-08-18 14:10:05 --> CSRF token verified.
INFO - 2024-08-18 11:59:11 --> Session: Class initialized using 'CodeIgniter\Session\Handlers\DatabaseHandler' driver.
INFO - 2024-08-18 12:17:11 --> Session: Class initialized using 'CodeIgniter\Session\Handlers\DatabaseHandler' driver.
INFO - 2024-08-18 14:05:19 --> Session: Class initialized using 'CodeIgniter\Session\Handlers\DatabaseHandler' driver.
INFO - 2024-08-18 14:58:53 --> Session: Class initialized using 'CodeIgniter\Session\Handlers\DatabaseHandler' driver.
INFO - 2024-08-18 14:58:53 --> Session: Class initialized using 'CodeIgniter\Session\Handlers\DatabaseHandler' driver.
INFO - 2024-08-18 15:04:37 --> Session: Class initialized using 'CodeIgniter\Session\Handlers\DatabaseHandler' driver.
INFO - 2024-08-18 15:24:27 --> Session: Class initialized using 'CodeIgniter\Session\Handlers\DatabaseHandler' driver.
INFO - 2024-08-18 15:24:29 --> Session: Class initialized using 'CodeIgniter\Session\Handlers\DatabaseHandler' driver.
INFO - 2024-08-18 18:24:29 --> CSRF token verified.
INFO - 2024-08-18 16:02:53 --> Session: Class initialized using 'CodeIgniter\Session\Handlers\DatabaseHandler' driver.
INFO - 2024-08-18 16:07:53 --> Session: Class initialized using 'CodeIgniter\Session\Handlers\DatabaseHandler' driver.
INFO - 2024-08-18 16:25:45 --> Session: Class initialized using 'CodeIgniter\Session\Handlers\DatabaseHandler' driver.
INFO - 2024-08-18 19:25:45 --> CSRF token verified.
INFO - 2024-08-18 16:33:46 --> Session: Class initialized using 'CodeIgniter\Session\Handlers\DatabaseHandler' driver.
INFO - 2024-08-18 17:00:51 --> Session: Class initialized using 'CodeIgniter\Session\Handlers\DatabaseHandler' driver.
INFO - 2024-08-18 17:18:41 --> Session: Class initialized using 'CodeIgniter\Session\Handlers\DatabaseHandler' driver.
INFO - 2024-08-18 17:45:05 --> Session: Class initialized using 'CodeIgniter\Session\Handlers\DatabaseHandler' driver.
INFO - 2024-08-18 18:06:24 --> Session: Class initialized using 'CodeIgniter\Session\Handlers\DatabaseHandler' driver.
INFO - 2024-08-18 18:36:12 --> Session: Class initialized using 'CodeIgniter\Session\Handlers\DatabaseHandler' driver.
INFO - 2024-08-18 18:36:12 --> Session: Class initialized using 'CodeIgniter\Session\Handlers\DatabaseHandler' driver.
INFO - 2024-08-18 19:05:48 --> Session: Class initialized using 'CodeIgniter\Session\Handlers\DatabaseHandler' driver.
INFO - 2024-08-18 20:06:57 --> Session: Class initialized using 'CodeIgniter\Session\Handlers\DatabaseHandler' driver.
INFO - 2024-08-18 20:18:29 --> Session: Class initialized using 'CodeIgniter\Session\Handlers\DatabaseHandler' driver.
INFO - 2024-08-18 20:41:33 --> Session: Class initialized using 'CodeIgniter\Session\Handlers\DatabaseHandler' driver.
INFO - 2024-08-18 20:46:32 --> Session: Class initialized using 'CodeIgniter\Session\Handlers\DatabaseHandler' driver.
INFO - 2024-08-18 20:46:33 --> Session: Class initialized using 'CodeIgniter\Session\Handlers\DatabaseHandler' driver.
INFO - 2024-08-18 20:53:09 --> Session: Class initialized using 'CodeIgniter\Session\Handlers\DatabaseHandler' driver.
INFO - 2024-08-18 20:53:12 --> Session: Class initialized using 'CodeIgniter\Session\Handlers\DatabaseHandler' driver.
INFO - 2024-08-18 23:53:12 --> CSRF token verified.
INFO - 2024-08-18 21:10:10 --> Session: Class initialized using 'CodeIgniter\Session\Handlers\DatabaseHandler' driver.
INFO - 2024-08-18 21:10:12 --> Session: Class initialized using 'CodeIgniter\Session\Handlers\DatabaseHandler' driver.
INFO - 2024-08-18 21:14:02 --> Session: Class initialized using 'CodeIgniter\Session\Handlers\DatabaseHandler' driver.
INFO - 2024-08-18 21:45:55 --> Session: Class initialized using 'CodeIgniter\Session\Handlers\DatabaseHandler' driver.
INFO - 2024-08-18 22:13:58 --> Session: Class initialized using 'CodeIgniter\Session\Handlers\DatabaseHandler' driver.
INFO - 2024-08-18 22:25:21 --> Session: Class initialized using 'CodeIgniter\Session\Handlers\DatabaseHandler' driver.
INFO - 2024-08-18 23:00:45 --> Session: Class initialized using 'CodeIgniter\Session\Handlers\DatabaseHandler' driver.
INFO - 2024-08-18 23:34:15 --> Session: Class initialized using 'CodeIgniter\Session\Handlers\DatabaseHandler' driver.
INFO - 2024-08-18 23:39:47 --> Session: Class initialized using 'CodeIgniter\Session\Handlers\DatabaseHandler' driver.
