INFO - 2024-08-09 01:59:29 --> CSRF token verified.
INFO - 2024-08-09 00:10:40 --> Session: Class initialized using 'CodeIgniter\Session\Handlers\DatabaseHandler' driver.
INFO - 2024-08-09 01:54:30 --> Session: Class initialized using 'CodeIgniter\Session\Handlers\DatabaseHandler' driver.
INFO - 2024-08-09 02:54:36 --> Session: Class initialized using 'CodeIgniter\Session\Handlers\DatabaseHandler' driver.
INFO - 2024-08-09 04:59:20 --> Session: Class initialized using 'CodeIgniter\Session\Handlers\DatabaseHandler' driver.
INFO - 2024-08-09 04:59:41 --> Session: Class initialized using 'CodeIgniter\Session\Handlers\DatabaseHandler' driver.
INFO - 2024-08-09 07:59:41 --> CSRF token verified.
INFO - 2024-08-09 05:37:13 --> Session: Class initialized using 'CodeIgniter\Session\Handlers\DatabaseHandler' driver.
INFO - 2024-08-09 06:41:05 --> Session: Class initialized using 'CodeIgniter\Session\Handlers\DatabaseHandler' driver.
INFO - 2024-08-09 06:50:19 --> Session: Class initialized using 'CodeIgniter\Session\Handlers\DatabaseHandler' driver.
INFO - 2024-08-09 06:50:20 --> Session: Class initialized using 'CodeIgniter\Session\Handlers\DatabaseHandler' driver.
INFO - 2024-08-09 09:50:20 --> CSRF token verified.
INFO - 2024-08-09 07:06:52 --> Session: Class initialized using 'CodeIgniter\Session\Handlers\DatabaseHandler' driver.
INFO - 2024-08-09 07:06:52 --> Session: Class initialized using 'CodeIgniter\Session\Handlers\DatabaseHandler' driver.
INFO - 2024-08-09 07:08:01 --> Session: Class initialized using 'CodeIgniter\Session\Handlers\DatabaseHandler' driver.
INFO - 2024-08-09 07:21:22 --> Session: Class initialized using 'CodeIgniter\Session\Handlers\DatabaseHandler' driver.
INFO - 2024-08-09 07:21:27 --> Session: Class initialized using 'CodeIgniter\Session\Handlers\DatabaseHandler' driver.
INFO - 2024-08-09 10:21:27 --> CSRF token verified.
INFO - 2024-08-09 07:27:45 --> Session: Class initialized using 'CodeIgniter\Session\Handlers\DatabaseHandler' driver.
INFO - 2024-08-09 07:30:24 --> Session: Class initialized using 'CodeIgniter\Session\Handlers\DatabaseHandler' driver.
INFO - 2024-08-09 07:34:11 --> Session: Class initialized using 'CodeIgniter\Session\Handlers\DatabaseHandler' driver.
INFO - 2024-08-09 08:00:22 --> Session: Class initialized using 'CodeIgniter\Session\Handlers\DatabaseHandler' driver.
INFO - 2024-08-09 08:20:14 --> Session: Class initialized using 'CodeIgniter\Session\Handlers\DatabaseHandler' driver.
INFO - 2024-08-09 08:57:40 --> Session: Class initialized using 'CodeIgniter\Session\Handlers\DatabaseHandler' driver.
INFO - 2024-08-09 08:57:43 --> Session: Class initialized using 'CodeIgniter\Session\Handlers\DatabaseHandler' driver.
INFO - 2024-08-09 11:57:43 --> CSRF token verified.
INFO - 2024-08-09 09:25:40 --> Session: Class initialized using 'CodeIgniter\Session\Handlers\DatabaseHandler' driver.
INFO - 2024-08-09 09:25:41 --> Session: Class initialized using 'CodeIgniter\Session\Handlers\DatabaseHandler' driver.
INFO - 2024-08-09 09:25:46 --> Session: Class initialized using 'CodeIgniter\Session\Handlers\DatabaseHandler' driver.
INFO - 2024-08-09 12:25:46 --> CSRF token verified.
INFO - 2024-08-09 09:29:43 --> Session: Class initialized using 'CodeIgniter\Session\Handlers\DatabaseHandler' driver.
INFO - 2024-08-09 09:29:45 --> Session: Class initialized using 'CodeIgniter\Session\Handlers\DatabaseHandler' driver.
INFO - 2024-08-09 12:29:45 --> CSRF token verified.
INFO - 2024-08-09 09:36:53 --> Session: Class initialized using 'CodeIgniter\Session\Handlers\DatabaseHandler' driver.
INFO - 2024-08-09 09:38:23 --> Session: Class initialized using 'CodeIgniter\Session\Handlers\DatabaseHandler' driver.
INFO - 2024-08-09 10:27:37 --> Session: Class initialized using 'CodeIgniter\Session\Handlers\DatabaseHandler' driver.
INFO - 2024-08-09 11:09:56 --> Session: Class initialized using 'CodeIgniter\Session\Handlers\DatabaseHandler' driver.
INFO - 2024-08-09 11:10:04 --> Session: Class initialized using 'CodeIgniter\Session\Handlers\DatabaseHandler' driver.
INFO - 2024-08-09 14:10:04 --> CSRF token verified.
INFO - 2024-08-09 11:14:42 --> Session: Class initialized using 'CodeIgniter\Session\Handlers\DatabaseHandler' driver.
INFO - 2024-08-09 11:14:43 --> Session: Class initialized using 'CodeIgniter\Session\Handlers\DatabaseHandler' driver.
INFO - 2024-08-09 14:14:43 --> CSRF token verified.
INFO - 2024-08-09 11:14:45 --> Session: Class initialized using 'CodeIgniter\Session\Handlers\DatabaseHandler' driver.
INFO - 2024-08-09 11:14:47 --> Session: Class initialized using 'CodeIgniter\Session\Handlers\DatabaseHandler' driver.
INFO - 2024-08-09 14:14:47 --> CSRF token verified.
INFO - 2024-08-09 11:16:10 --> Session: Class initialized using 'CodeIgniter\Session\Handlers\DatabaseHandler' driver.
INFO - 2024-08-09 11:16:11 --> Session: Class initialized using 'CodeIgniter\Session\Handlers\DatabaseHandler' driver.
INFO - 2024-08-09 14:16:11 --> CSRF token verified.
INFO - 2024-08-09 11:16:13 --> Session: Class initialized using 'CodeIgniter\Session\Handlers\DatabaseHandler' driver.
INFO - 2024-08-09 11:16:14 --> Session: Class initialized using 'CodeIgniter\Session\Handlers\DatabaseHandler' driver.
INFO - 2024-08-09 14:16:14 --> CSRF token verified.
INFO - 2024-08-09 11:24:01 --> Session: Class initialized using 'CodeIgniter\Session\Handlers\DatabaseHandler' driver.
INFO - 2024-08-09 14:24:01 --> CSRF token verified.
INFO - 2024-08-09 11:24:01 --> Session: Class initialized using 'CodeIgniter\Session\Handlers\DatabaseHandler' driver.
INFO - 2024-08-09 14:24:01 --> CSRF token verified.
INFO - 2024-08-09 11:24:01 --> Session: Class initialized using 'CodeIgniter\Session\Handlers\DatabaseHandler' driver.
INFO - 2024-08-09 14:24:01 --> CSRF token verified.
INFO - 2024-08-09 11:24:02 --> Session: Class initialized using 'CodeIgniter\Session\Handlers\DatabaseHandler' driver.
INFO - 2024-08-09 14:24:02 --> CSRF token verified.
INFO - 2024-08-09 11:24:02 --> Session: Class initialized using 'CodeIgniter\Session\Handlers\DatabaseHandler' driver.
INFO - 2024-08-09 14:24:02 --> CSRF token verified.
INFO - 2024-08-09 11:24:03 --> Session: Class initialized using 'CodeIgniter\Session\Handlers\DatabaseHandler' driver.
INFO - 2024-08-09 14:24:03 --> CSRF token verified.
INFO - 2024-08-09 11:24:07 --> Session: Class initialized using 'CodeIgniter\Session\Handlers\DatabaseHandler' driver.
INFO - 2024-08-09 14:24:07 --> CSRF token verified.
INFO - 2024-08-09 11:24:16 --> Session: Class initialized using 'CodeIgniter\Session\Handlers\DatabaseHandler' driver.
INFO - 2024-08-09 14:24:16 --> CSRF token verified.
INFO - 2024-08-09 11:28:52 --> Session: Class initialized using 'CodeIgniter\Session\Handlers\DatabaseHandler' driver.
INFO - 2024-08-09 14:28:52 --> CSRF token verified.
INFO - 2024-08-09 11:29:24 --> Session: Class initialized using 'CodeIgniter\Session\Handlers\DatabaseHandler' driver.
INFO - 2024-08-09 14:29:24 --> CSRF token verified.
INFO - 2024-08-09 11:29:25 --> Session: Class initialized using 'CodeIgniter\Session\Handlers\DatabaseHandler' driver.
INFO - 2024-08-09 14:29:25 --> CSRF token verified.
INFO - 2024-08-09 11:29:25 --> Session: Class initialized using 'CodeIgniter\Session\Handlers\DatabaseHandler' driver.
INFO - 2024-08-09 14:29:25 --> CSRF token verified.
INFO - 2024-08-09 11:29:26 --> Session: Class initialized using 'CodeIgniter\Session\Handlers\DatabaseHandler' driver.
INFO - 2024-08-09 14:29:26 --> CSRF token verified.
INFO - 2024-08-09 11:29:26 --> Session: Class initialized using 'CodeIgniter\Session\Handlers\DatabaseHandler' driver.
INFO - 2024-08-09 14:29:26 --> CSRF token verified.
INFO - 2024-08-09 11:29:27 --> Session: Class initialized using 'CodeIgniter\Session\Handlers\DatabaseHandler' driver.
INFO - 2024-08-09 14:29:27 --> CSRF token verified.
INFO - 2024-08-09 11:29:27 --> Session: Class initialized using 'CodeIgniter\Session\Handlers\DatabaseHandler' driver.
INFO - 2024-08-09 14:29:27 --> CSRF token verified.
INFO - 2024-08-09 11:29:28 --> Session: Class initialized using 'CodeIgniter\Session\Handlers\DatabaseHandler' driver.
INFO - 2024-08-09 14:29:28 --> CSRF token verified.
INFO - 2024-08-09 11:29:28 --> Session: Class initialized using 'CodeIgniter\Session\Handlers\DatabaseHandler' driver.
INFO - 2024-08-09 14:29:28 --> CSRF token verified.
INFO - 2024-08-09 11:29:30 --> Session: Class initialized using 'CodeIgniter\Session\Handlers\DatabaseHandler' driver.
INFO - 2024-08-09 14:29:30 --> CSRF token verified.
INFO - 2024-08-09 11:29:30 --> Session: Class initialized using 'CodeIgniter\Session\Handlers\DatabaseHandler' driver.
INFO - 2024-08-09 14:29:30 --> CSRF token verified.
INFO - 2024-08-09 11:29:31 --> Session: Class initialized using 'CodeIgniter\Session\Handlers\DatabaseHandler' driver.
INFO - 2024-08-09 14:29:31 --> CSRF token verified.
INFO - 2024-08-09 11:29:31 --> Session: Class initialized using 'CodeIgniter\Session\Handlers\DatabaseHandler' driver.
INFO - 2024-08-09 14:29:31 --> CSRF token verified.
INFO - 2024-08-09 11:29:35 --> Session: Class initialized using 'CodeIgniter\Session\Handlers\DatabaseHandler' driver.
INFO - 2024-08-09 14:29:35 --> CSRF token verified.
INFO - 2024-08-09 11:29:36 --> Session: Class initialized using 'CodeIgniter\Session\Handlers\DatabaseHandler' driver.
INFO - 2024-08-09 14:29:36 --> CSRF token verified.
INFO - 2024-08-09 11:29:38 --> Session: Class initialized using 'CodeIgniter\Session\Handlers\DatabaseHandler' driver.
INFO - 2024-08-09 14:29:38 --> CSRF token verified.
INFO - 2024-08-09 11:30:13 --> Session: Class initialized using 'CodeIgniter\Session\Handlers\DatabaseHandler' driver.
INFO - 2024-08-09 14:30:13 --> CSRF token verified.
INFO - 2024-08-09 11:30:13 --> Session: Class initialized using 'CodeIgniter\Session\Handlers\DatabaseHandler' driver.
INFO - 2024-08-09 14:30:13 --> CSRF token verified.
INFO - 2024-08-09 11:30:13 --> Session: Class initialized using 'CodeIgniter\Session\Handlers\DatabaseHandler' driver.
INFO - 2024-08-09 14:30:13 --> CSRF token verified.
INFO - 2024-08-09 11:30:14 --> Session: Class initialized using 'CodeIgniter\Session\Handlers\DatabaseHandler' driver.
INFO - 2024-08-09 14:30:14 --> CSRF token verified.
INFO - 2024-08-09 11:30:14 --> Session: Class initialized using 'CodeIgniter\Session\Handlers\DatabaseHandler' driver.
INFO - 2024-08-09 14:30:14 --> CSRF token verified.
INFO - 2024-08-09 11:30:15 --> Session: Class initialized using 'CodeIgniter\Session\Handlers\DatabaseHandler' driver.
INFO - 2024-08-09 14:30:15 --> CSRF token verified.
INFO - 2024-08-09 11:30:57 --> Session: Class initialized using 'CodeIgniter\Session\Handlers\DatabaseHandler' driver.
INFO - 2024-08-09 14:30:57 --> CSRF token verified.
INFO - 2024-08-09 11:31:12 --> Session: Class initialized using 'CodeIgniter\Session\Handlers\DatabaseHandler' driver.
INFO - 2024-08-09 14:31:12 --> CSRF token verified.
INFO - 2024-08-09 11:31:25 --> Session: Class initialized using 'CodeIgniter\Session\Handlers\DatabaseHandler' driver.
INFO - 2024-08-09 14:31:25 --> CSRF token verified.
INFO - 2024-08-09 11:31:42 --> Session: Class initialized using 'CodeIgniter\Session\Handlers\DatabaseHandler' driver.
INFO - 2024-08-09 14:31:42 --> CSRF token verified.
INFO - 2024-08-09 11:31:55 --> Session: Class initialized using 'CodeIgniter\Session\Handlers\DatabaseHandler' driver.
INFO - 2024-08-09 14:31:55 --> CSRF token verified.
INFO - 2024-08-09 11:32:18 --> Session: Class initialized using 'CodeIgniter\Session\Handlers\DatabaseHandler' driver.
INFO - 2024-08-09 14:32:18 --> CSRF token verified.
INFO - 2024-08-09 11:32:31 --> Session: Class initialized using 'CodeIgniter\Session\Handlers\DatabaseHandler' driver.
INFO - 2024-08-09 14:32:31 --> CSRF token verified.
INFO - 2024-08-09 11:32:43 --> Session: Class initialized using 'CodeIgniter\Session\Handlers\DatabaseHandler' driver.
INFO - 2024-08-09 14:32:44 --> CSRF token verified.
INFO - 2024-08-09 11:32:56 --> Session: Class initialized using 'CodeIgniter\Session\Handlers\DatabaseHandler' driver.
INFO - 2024-08-09 14:32:56 --> CSRF token verified.
INFO - 2024-08-09 11:32:56 --> Session: Class initialized using 'CodeIgniter\Session\Handlers\DatabaseHandler' driver.
INFO - 2024-08-09 11:32:58 --> Session: Class initialized using 'CodeIgniter\Session\Handlers\DatabaseHandler' driver.
INFO - 2024-08-09 14:32:58 --> CSRF token verified.
INFO - 2024-08-09 11:41:18 --> Session: Class initialized using 'CodeIgniter\Session\Handlers\DatabaseHandler' driver.
INFO - 2024-08-09 14:41:18 --> CSRF token verified.
INFO - 2024-08-09 11:41:20 --> Session: Class initialized using 'CodeIgniter\Session\Handlers\DatabaseHandler' driver.
INFO - 2024-08-09 14:41:20 --> CSRF token verified.
INFO - 2024-08-09 11:41:25 --> Session: Class initialized using 'CodeIgniter\Session\Handlers\DatabaseHandler' driver.
INFO - 2024-08-09 14:41:25 --> CSRF token verified.
INFO - 2024-08-09 11:41:37 --> Session: Class initialized using 'CodeIgniter\Session\Handlers\DatabaseHandler' driver.
INFO - 2024-08-09 14:41:37 --> CSRF token verified.
INFO - 2024-08-09 11:41:39 --> Session: Class initialized using 'CodeIgniter\Session\Handlers\DatabaseHandler' driver.
INFO - 2024-08-09 14:41:39 --> CSRF token verified.
INFO - 2024-08-09 11:42:07 --> Session: Class initialized using 'CodeIgniter\Session\Handlers\DatabaseHandler' driver.
INFO - 2024-08-09 14:42:07 --> CSRF token verified.
INFO - 2024-08-09 11:42:07 --> Session: Class initialized using 'CodeIgniter\Session\Handlers\DatabaseHandler' driver.
INFO - 2024-08-09 14:42:07 --> CSRF token verified.
INFO - 2024-08-09 11:42:07 --> Session: Class initialized using 'CodeIgniter\Session\Handlers\DatabaseHandler' driver.
INFO - 2024-08-09 14:42:07 --> CSRF token verified.
INFO - 2024-08-09 11:42:08 --> Session: Class initialized using 'CodeIgniter\Session\Handlers\DatabaseHandler' driver.
INFO - 2024-08-09 14:42:08 --> CSRF token verified.
INFO - 2024-08-09 11:42:08 --> Session: Class initialized using 'CodeIgniter\Session\Handlers\DatabaseHandler' driver.
INFO - 2024-08-09 14:42:08 --> CSRF token verified.
INFO - 2024-08-09 11:42:09 --> Session: Class initialized using 'CodeIgniter\Session\Handlers\DatabaseHandler' driver.
INFO - 2024-08-09 14:42:09 --> CSRF token verified.
INFO - 2024-08-09 11:42:17 --> Session: Class initialized using 'CodeIgniter\Session\Handlers\DatabaseHandler' driver.
INFO - 2024-08-09 14:42:17 --> CSRF token verified.
INFO - 2024-08-09 11:42:20 --> Session: Class initialized using 'CodeIgniter\Session\Handlers\DatabaseHandler' driver.
INFO - 2024-08-09 14:42:20 --> CSRF token verified.
INFO - 2024-08-09 11:42:54 --> Session: Class initialized using 'CodeIgniter\Session\Handlers\DatabaseHandler' driver.
INFO - 2024-08-09 14:42:54 --> CSRF token verified.
INFO - 2024-08-09 11:42:55 --> Session: Class initialized using 'CodeIgniter\Session\Handlers\DatabaseHandler' driver.
INFO - 2024-08-09 14:42:55 --> CSRF token verified.
INFO - 2024-08-09 11:42:55 --> Session: Class initialized using 'CodeIgniter\Session\Handlers\DatabaseHandler' driver.
INFO - 2024-08-09 14:42:55 --> CSRF token verified.
INFO - 2024-08-09 11:42:56 --> Session: Class initialized using 'CodeIgniter\Session\Handlers\DatabaseHandler' driver.
INFO - 2024-08-09 14:42:56 --> CSRF token verified.
INFO - 2024-08-09 11:42:56 --> Session: Class initialized using 'CodeIgniter\Session\Handlers\DatabaseHandler' driver.
INFO - 2024-08-09 14:42:56 --> CSRF token verified.
INFO - 2024-08-09 11:42:57 --> Session: Class initialized using 'CodeIgniter\Session\Handlers\DatabaseHandler' driver.
INFO - 2024-08-09 14:42:57 --> CSRF token verified.
INFO - 2024-08-09 11:43:00 --> Session: Class initialized using 'CodeIgniter\Session\Handlers\DatabaseHandler' driver.
INFO - 2024-08-09 14:43:00 --> CSRF token verified.
INFO - 2024-08-09 11:43:02 --> Session: Class initialized using 'CodeIgniter\Session\Handlers\DatabaseHandler' driver.
INFO - 2024-08-09 14:43:02 --> CSRF token verified.
INFO - 2024-08-09 11:43:33 --> Session: Class initialized using 'CodeIgniter\Session\Handlers\DatabaseHandler' driver.
INFO - 2024-08-09 14:43:33 --> CSRF token verified.
INFO - 2024-08-09 11:43:34 --> Session: Class initialized using 'CodeIgniter\Session\Handlers\DatabaseHandler' driver.
INFO - 2024-08-09 14:43:34 --> CSRF token verified.
INFO - 2024-08-09 11:43:34 --> Session: Class initialized using 'CodeIgniter\Session\Handlers\DatabaseHandler' driver.
INFO - 2024-08-09 14:43:34 --> CSRF token verified.
INFO - 2024-08-09 11:43:35 --> Session: Class initialized using 'CodeIgniter\Session\Handlers\DatabaseHandler' driver.
INFO - 2024-08-09 14:43:35 --> CSRF token verified.
INFO - 2024-08-09 11:43:35 --> Session: Class initialized using 'CodeIgniter\Session\Handlers\DatabaseHandler' driver.
INFO - 2024-08-09 14:43:35 --> CSRF token verified.
INFO - 2024-08-09 11:43:35 --> Session: Class initialized using 'CodeIgniter\Session\Handlers\DatabaseHandler' driver.
INFO - 2024-08-09 14:43:35 --> CSRF token verified.
INFO - 2024-08-09 11:43:38 --> Session: Class initialized using 'CodeIgniter\Session\Handlers\DatabaseHandler' driver.
INFO - 2024-08-09 14:43:38 --> CSRF token verified.
INFO - 2024-08-09 11:43:40 --> Session: Class initialized using 'CodeIgniter\Session\Handlers\DatabaseHandler' driver.
INFO - 2024-08-09 14:43:40 --> CSRF token verified.
INFO - 2024-08-09 11:43:48 --> Session: Class initialized using 'CodeIgniter\Session\Handlers\DatabaseHandler' driver.
INFO - 2024-08-09 14:43:48 --> CSRF token verified.
INFO - 2024-08-09 11:44:02 --> Session: Class initialized using 'CodeIgniter\Session\Handlers\DatabaseHandler' driver.
INFO - 2024-08-09 14:44:02 --> CSRF token verified.
INFO - 2024-08-09 11:44:08 --> Session: Class initialized using 'CodeIgniter\Session\Handlers\DatabaseHandler' driver.
INFO - 2024-08-09 11:44:09 --> Session: Class initialized using 'CodeIgniter\Session\Handlers\DatabaseHandler' driver.
INFO - 2024-08-09 14:44:09 --> CSRF token verified.
INFO - 2024-08-09 11:45:30 --> Session: Class initialized using 'CodeIgniter\Session\Handlers\DatabaseHandler' driver.
INFO - 2024-08-09 14:45:30 --> CSRF token verified.
INFO - 2024-08-09 11:45:31 --> Session: Class initialized using 'CodeIgniter\Session\Handlers\DatabaseHandler' driver.
INFO - 2024-08-09 14:45:31 --> CSRF token verified.
INFO - 2024-08-09 11:45:33 --> Session: Class initialized using 'CodeIgniter\Session\Handlers\DatabaseHandler' driver.
INFO - 2024-08-09 14:45:33 --> CSRF token verified.
INFO - 2024-08-09 11:45:55 --> Session: Class initialized using 'CodeIgniter\Session\Handlers\DatabaseHandler' driver.
INFO - 2024-08-09 14:45:55 --> CSRF token verified.
INFO - 2024-08-09 11:45:55 --> Session: Class initialized using 'CodeIgniter\Session\Handlers\DatabaseHandler' driver.
INFO - 2024-08-09 14:45:55 --> CSRF token verified.
INFO - 2024-08-09 11:45:58 --> Session: Class initialized using 'CodeIgniter\Session\Handlers\DatabaseHandler' driver.
INFO - 2024-08-09 14:45:58 --> CSRF token verified.
INFO - 2024-08-09 11:46:06 --> Session: Class initialized using 'CodeIgniter\Session\Handlers\DatabaseHandler' driver.
INFO - 2024-08-09 14:46:06 --> CSRF token verified.
INFO - 2024-08-09 11:48:15 --> Session: Class initialized using 'CodeIgniter\Session\Handlers\DatabaseHandler' driver.
INFO - 2024-08-09 11:48:16 --> Session: Class initialized using 'CodeIgniter\Session\Handlers\DatabaseHandler' driver.
INFO - 2024-08-09 11:48:17 --> Session: Class initialized using 'CodeIgniter\Session\Handlers\DatabaseHandler' driver.
INFO - 2024-08-09 11:51:04 --> Session: Class initialized using 'CodeIgniter\Session\Handlers\DatabaseHandler' driver.
INFO - 2024-08-09 12:03:15 --> Session: Class initialized using 'CodeIgniter\Session\Handlers\DatabaseHandler' driver.
INFO - 2024-08-09 12:14:36 --> Session: Class initialized using 'CodeIgniter\Session\Handlers\DatabaseHandler' driver.
INFO - 2024-08-09 15:14:36 --> CSRF token verified.
INFO - 2024-08-09 12:17:33 --> Session: Class initialized using 'CodeIgniter\Session\Handlers\DatabaseHandler' driver.
INFO - 2024-08-09 15:17:33 --> CSRF token verified.
INFO - 2024-08-09 12:17:33 --> Session: Class initialized using 'CodeIgniter\Session\Handlers\DatabaseHandler' driver.
INFO - 2024-08-09 15:17:33 --> CSRF token verified.
INFO - 2024-08-09 12:17:33 --> Session: Class initialized using 'CodeIgniter\Session\Handlers\DatabaseHandler' driver.
INFO - 2024-08-09 15:17:33 --> CSRF token verified.
INFO - 2024-08-09 12:17:34 --> Session: Class initialized using 'CodeIgniter\Session\Handlers\DatabaseHandler' driver.
INFO - 2024-08-09 15:17:34 --> CSRF token verified.
INFO - 2024-08-09 12:17:34 --> Session: Class initialized using 'CodeIgniter\Session\Handlers\DatabaseHandler' driver.
INFO - 2024-08-09 15:17:34 --> CSRF token verified.
INFO - 2024-08-09 12:17:35 --> Session: Class initialized using 'CodeIgniter\Session\Handlers\DatabaseHandler' driver.
INFO - 2024-08-09 15:17:35 --> CSRF token verified.
INFO - 2024-08-09 12:17:35 --> Session: Class initialized using 'CodeIgniter\Session\Handlers\DatabaseHandler' driver.
INFO - 2024-08-09 15:17:35 --> CSRF token verified.
INFO - 2024-08-09 12:17:35 --> Session: Class initialized using 'CodeIgniter\Session\Handlers\DatabaseHandler' driver.
INFO - 2024-08-09 15:17:36 --> CSRF token verified.
INFO - 2024-08-09 12:17:36 --> Session: Class initialized using 'CodeIgniter\Session\Handlers\DatabaseHandler' driver.
INFO - 2024-08-09 15:17:36 --> CSRF token verified.
INFO - 2024-08-09 12:17:36 --> Session: Class initialized using 'CodeIgniter\Session\Handlers\DatabaseHandler' driver.
INFO - 2024-08-09 15:17:36 --> CSRF token verified.
INFO - 2024-08-09 12:17:36 --> Session: Class initialized using 'CodeIgniter\Session\Handlers\DatabaseHandler' driver.
INFO - 2024-08-09 15:17:36 --> CSRF token verified.
INFO - 2024-08-09 12:17:37 --> Session: Class initialized using 'CodeIgniter\Session\Handlers\DatabaseHandler' driver.
INFO - 2024-08-09 15:17:37 --> CSRF token verified.
INFO - 2024-08-09 12:17:37 --> Session: Class initialized using 'CodeIgniter\Session\Handlers\DatabaseHandler' driver.
INFO - 2024-08-09 15:17:37 --> CSRF token verified.
INFO - 2024-08-09 12:17:38 --> Session: Class initialized using 'CodeIgniter\Session\Handlers\DatabaseHandler' driver.
INFO - 2024-08-09 15:17:38 --> CSRF token verified.
INFO - 2024-08-09 12:17:38 --> Session: Class initialized using 'CodeIgniter\Session\Handlers\DatabaseHandler' driver.
INFO - 2024-08-09 15:17:38 --> CSRF token verified.
INFO - 2024-08-09 12:17:38 --> Session: Class initialized using 'CodeIgniter\Session\Handlers\DatabaseHandler' driver.
INFO - 2024-08-09 15:17:38 --> CSRF token verified.
INFO - 2024-08-09 12:17:39 --> Session: Class initialized using 'CodeIgniter\Session\Handlers\DatabaseHandler' driver.
INFO - 2024-08-09 15:17:39 --> CSRF token verified.
INFO - 2024-08-09 12:17:39 --> Session: Class initialized using 'CodeIgniter\Session\Handlers\DatabaseHandler' driver.
INFO - 2024-08-09 15:17:39 --> CSRF token verified.
INFO - 2024-08-09 12:17:39 --> Session: Class initialized using 'CodeIgniter\Session\Handlers\DatabaseHandler' driver.
INFO - 2024-08-09 15:17:39 --> CSRF token verified.
INFO - 2024-08-09 12:17:40 --> Session: Class initialized using 'CodeIgniter\Session\Handlers\DatabaseHandler' driver.
INFO - 2024-08-09 15:17:40 --> CSRF token verified.
INFO - 2024-08-09 12:26:16 --> Session: Class initialized using 'CodeIgniter\Session\Handlers\DatabaseHandler' driver.
INFO - 2024-08-09 15:26:16 --> CSRF token verified.
INFO - 2024-08-09 12:29:56 --> Session: Class initialized using 'CodeIgniter\Session\Handlers\DatabaseHandler' driver.
INFO - 2024-08-09 15:29:56 --> CSRF token verified.
INFO - 2024-08-09 12:29:57 --> Session: Class initialized using 'CodeIgniter\Session\Handlers\DatabaseHandler' driver.
INFO - 2024-08-09 15:29:57 --> CSRF token verified.
INFO - 2024-08-09 12:29:58 --> Session: Class initialized using 'CodeIgniter\Session\Handlers\DatabaseHandler' driver.
INFO - 2024-08-09 15:29:58 --> CSRF token verified.
INFO - 2024-08-09 12:30:01 --> Session: Class initialized using 'CodeIgniter\Session\Handlers\DatabaseHandler' driver.
INFO - 2024-08-09 15:30:01 --> CSRF token verified.
INFO - 2024-08-09 12:30:01 --> Session: Class initialized using 'CodeIgniter\Session\Handlers\DatabaseHandler' driver.
INFO - 2024-08-09 15:30:01 --> CSRF token verified.
INFO - 2024-08-09 12:30:02 --> Session: Class initialized using 'CodeIgniter\Session\Handlers\DatabaseHandler' driver.
INFO - 2024-08-09 15:30:02 --> CSRF token verified.
INFO - 2024-08-09 12:30:03 --> Session: Class initialized using 'CodeIgniter\Session\Handlers\DatabaseHandler' driver.
INFO - 2024-08-09 15:30:03 --> CSRF token verified.
INFO - 2024-08-09 12:30:03 --> Session: Class initialized using 'CodeIgniter\Session\Handlers\DatabaseHandler' driver.
INFO - 2024-08-09 15:30:03 --> CSRF token verified.
INFO - 2024-08-09 12:30:18 --> Session: Class initialized using 'CodeIgniter\Session\Handlers\DatabaseHandler' driver.
INFO - 2024-08-09 15:30:18 --> CSRF token verified.
INFO - 2024-08-09 12:30:35 --> Session: Class initialized using 'CodeIgniter\Session\Handlers\DatabaseHandler' driver.
INFO - 2024-08-09 15:30:36 --> CSRF token verified.
INFO - 2024-08-09 12:30:47 --> Session: Class initialized using 'CodeIgniter\Session\Handlers\DatabaseHandler' driver.
INFO - 2024-08-09 15:30:47 --> CSRF token verified.
INFO - 2024-08-09 12:31:24 --> Session: Class initialized using 'CodeIgniter\Session\Handlers\DatabaseHandler' driver.
INFO - 2024-08-09 15:31:24 --> CSRF token verified.
INFO - 2024-08-09 12:31:24 --> Session: Class initialized using 'CodeIgniter\Session\Handlers\DatabaseHandler' driver.
INFO - 2024-08-09 12:31:25 --> Session: Class initialized using 'CodeIgniter\Session\Handlers\DatabaseHandler' driver.
INFO - 2024-08-09 15:31:25 --> CSRF token verified.
INFO - 2024-08-09 12:35:38 --> Session: Class initialized using 'CodeIgniter\Session\Handlers\DatabaseHandler' driver.
INFO - 2024-08-09 15:35:38 --> CSRF token verified.
INFO - 2024-08-09 12:35:49 --> Session: Class initialized using 'CodeIgniter\Session\Handlers\DatabaseHandler' driver.
INFO - 2024-08-09 15:35:49 --> CSRF token verified.
INFO - 2024-08-09 12:35:58 --> Session: Class initialized using 'CodeIgniter\Session\Handlers\DatabaseHandler' driver.
INFO - 2024-08-09 15:35:58 --> CSRF token verified.
INFO - 2024-08-09 12:42:45 --> Session: Class initialized using 'CodeIgniter\Session\Handlers\DatabaseHandler' driver.
INFO - 2024-08-09 15:42:45 --> CSRF token verified.
INFO - 2024-08-09 12:42:46 --> Session: Class initialized using 'CodeIgniter\Session\Handlers\DatabaseHandler' driver.
INFO - 2024-08-09 15:42:46 --> CSRF token verified.
INFO - 2024-08-09 12:42:46 --> Session: Class initialized using 'CodeIgniter\Session\Handlers\DatabaseHandler' driver.
INFO - 2024-08-09 15:42:46 --> CSRF token verified.
INFO - 2024-08-09 12:42:47 --> Session: Class initialized using 'CodeIgniter\Session\Handlers\DatabaseHandler' driver.
INFO - 2024-08-09 15:42:47 --> CSRF token verified.
INFO - 2024-08-09 12:42:47 --> Session: Class initialized using 'CodeIgniter\Session\Handlers\DatabaseHandler' driver.
INFO - 2024-08-09 15:42:47 --> CSRF token verified.
INFO - 2024-08-09 12:42:48 --> Session: Class initialized using 'CodeIgniter\Session\Handlers\DatabaseHandler' driver.
INFO - 2024-08-09 15:42:48 --> CSRF token verified.
INFO - 2024-08-09 12:42:48 --> Session: Class initialized using 'CodeIgniter\Session\Handlers\DatabaseHandler' driver.
INFO - 2024-08-09 15:42:48 --> CSRF token verified.
INFO - 2024-08-09 12:42:48 --> Session: Class initialized using 'CodeIgniter\Session\Handlers\DatabaseHandler' driver.
INFO - 2024-08-09 15:42:48 --> CSRF token verified.
INFO - 2024-08-09 12:42:49 --> Session: Class initialized using 'CodeIgniter\Session\Handlers\DatabaseHandler' driver.
INFO - 2024-08-09 15:42:49 --> CSRF token verified.
INFO - 2024-08-09 12:42:50 --> Session: Class initialized using 'CodeIgniter\Session\Handlers\DatabaseHandler' driver.
INFO - 2024-08-09 15:42:50 --> CSRF token verified.
INFO - 2024-08-09 12:42:55 --> Session: Class initialized using 'CodeIgniter\Session\Handlers\DatabaseHandler' driver.
INFO - 2024-08-09 15:42:55 --> CSRF token verified.
INFO - 2024-08-09 12:43:26 --> Session: Class initialized using 'CodeIgniter\Session\Handlers\DatabaseHandler' driver.
INFO - 2024-08-09 15:43:26 --> CSRF token verified.
INFO - 2024-08-09 12:43:35 --> Session: Class initialized using 'CodeIgniter\Session\Handlers\DatabaseHandler' driver.
INFO - 2024-08-09 15:43:35 --> CSRF token verified.
INFO - 2024-08-09 12:43:38 --> Session: Class initialized using 'CodeIgniter\Session\Handlers\DatabaseHandler' driver.
INFO - 2024-08-09 15:43:38 --> CSRF token verified.
INFO - 2024-08-09 12:44:57 --> Session: Class initialized using 'CodeIgniter\Session\Handlers\DatabaseHandler' driver.
INFO - 2024-08-09 15:44:57 --> CSRF token verified.
INFO - 2024-08-09 12:45:00 --> Session: Class initialized using 'CodeIgniter\Session\Handlers\DatabaseHandler' driver.
INFO - 2024-08-09 12:45:04 --> Session: Class initialized using 'CodeIgniter\Session\Handlers\DatabaseHandler' driver.
INFO - 2024-08-09 15:45:04 --> CSRF token verified.
INFO - 2024-08-09 12:45:21 --> Session: Class initialized using 'CodeIgniter\Session\Handlers\DatabaseHandler' driver.
INFO - 2024-08-09 15:45:21 --> CSRF token verified.
INFO - 2024-08-09 12:45:55 --> Session: Class initialized using 'CodeIgniter\Session\Handlers\DatabaseHandler' driver.
INFO - 2024-08-09 15:45:55 --> CSRF token verified.
INFO - 2024-08-09 12:46:39 --> Session: Class initialized using 'CodeIgniter\Session\Handlers\DatabaseHandler' driver.
INFO - 2024-08-09 15:46:39 --> CSRF token verified.
INFO - 2024-08-09 12:46:45 --> Session: Class initialized using 'CodeIgniter\Session\Handlers\DatabaseHandler' driver.
INFO - 2024-08-09 15:46:45 --> CSRF token verified.
INFO - 2024-08-09 12:46:47 --> Session: Class initialized using 'CodeIgniter\Session\Handlers\DatabaseHandler' driver.
INFO - 2024-08-09 15:46:47 --> CSRF token verified.
INFO - 2024-08-09 12:46:50 --> Session: Class initialized using 'CodeIgniter\Session\Handlers\DatabaseHandler' driver.
INFO - 2024-08-09 15:46:50 --> CSRF token verified.
INFO - 2024-08-09 12:46:50 --> Session: Class initialized using 'CodeIgniter\Session\Handlers\DatabaseHandler' driver.
INFO - 2024-08-09 12:46:51 --> Session: Class initialized using 'CodeIgniter\Session\Handlers\DatabaseHandler' driver.
INFO - 2024-08-09 15:46:51 --> CSRF token verified.
INFO - 2024-08-09 12:54:51 --> Session: Class initialized using 'CodeIgniter\Session\Handlers\DatabaseHandler' driver.
INFO - 2024-08-09 15:54:51 --> CSRF token verified.
INFO - 2024-08-09 12:54:51 --> Session: Class initialized using 'CodeIgniter\Session\Handlers\DatabaseHandler' driver.
INFO - 2024-08-09 15:54:51 --> CSRF token verified.
INFO - 2024-08-09 12:54:53 --> Session: Class initialized using 'CodeIgniter\Session\Handlers\DatabaseHandler' driver.
INFO - 2024-08-09 15:54:53 --> CSRF token verified.
INFO - 2024-08-09 12:55:00 --> Session: Class initialized using 'CodeIgniter\Session\Handlers\DatabaseHandler' driver.
INFO - 2024-08-09 15:55:00 --> CSRF token verified.
INFO - 2024-08-09 13:00:58 --> Session: Class initialized using 'CodeIgniter\Session\Handlers\DatabaseHandler' driver.
INFO - 2024-08-09 16:00:58 --> CSRF token verified.
INFO - 2024-08-09 13:01:16 --> Session: Class initialized using 'CodeIgniter\Session\Handlers\DatabaseHandler' driver.
INFO - 2024-08-09 16:01:16 --> CSRF token verified.
INFO - 2024-08-09 13:01:17 --> Session: Class initialized using 'CodeIgniter\Session\Handlers\DatabaseHandler' driver.
INFO - 2024-08-09 16:01:17 --> CSRF token verified.
INFO - 2024-08-09 13:01:18 --> Session: Class initialized using 'CodeIgniter\Session\Handlers\DatabaseHandler' driver.
INFO - 2024-08-09 16:01:18 --> CSRF token verified.
INFO - 2024-08-09 13:01:18 --> Session: Class initialized using 'CodeIgniter\Session\Handlers\DatabaseHandler' driver.
INFO - 2024-08-09 16:01:18 --> CSRF token verified.
INFO - 2024-08-09 13:01:19 --> Session: Class initialized using 'CodeIgniter\Session\Handlers\DatabaseHandler' driver.
INFO - 2024-08-09 16:01:19 --> CSRF token verified.
INFO - 2024-08-09 13:01:20 --> Session: Class initialized using 'CodeIgniter\Session\Handlers\DatabaseHandler' driver.
INFO - 2024-08-09 16:01:20 --> CSRF token verified.
INFO - 2024-08-09 13:01:20 --> Session: Class initialized using 'CodeIgniter\Session\Handlers\DatabaseHandler' driver.
INFO - 2024-08-09 16:01:20 --> CSRF token verified.
INFO - 2024-08-09 13:01:21 --> Session: Class initialized using 'CodeIgniter\Session\Handlers\DatabaseHandler' driver.
INFO - 2024-08-09 16:01:21 --> CSRF token verified.
INFO - 2024-08-09 13:01:21 --> Session: Class initialized using 'CodeIgniter\Session\Handlers\DatabaseHandler' driver.
INFO - 2024-08-09 16:01:21 --> CSRF token verified.
INFO - 2024-08-09 13:01:21 --> Session: Class initialized using 'CodeIgniter\Session\Handlers\DatabaseHandler' driver.
INFO - 2024-08-09 16:01:21 --> CSRF token verified.
INFO - 2024-08-09 13:01:22 --> Session: Class initialized using 'CodeIgniter\Session\Handlers\DatabaseHandler' driver.
INFO - 2024-08-09 16:01:22 --> CSRF token verified.
INFO - 2024-08-09 13:01:24 --> Session: Class initialized using 'CodeIgniter\Session\Handlers\DatabaseHandler' driver.
INFO - 2024-08-09 16:01:24 --> CSRF token verified.
INFO - 2024-08-09 13:01:53 --> Session: Class initialized using 'CodeIgniter\Session\Handlers\DatabaseHandler' driver.
INFO - 2024-08-09 16:01:53 --> CSRF token verified.
INFO - 2024-08-09 13:02:08 --> Session: Class initialized using 'CodeIgniter\Session\Handlers\DatabaseHandler' driver.
INFO - 2024-08-09 16:02:08 --> CSRF token verified.
INFO - 2024-08-09 13:02:25 --> Session: Class initialized using 'CodeIgniter\Session\Handlers\DatabaseHandler' driver.
INFO - 2024-08-09 16:02:25 --> CSRF token verified.
INFO - 2024-08-09 13:02:37 --> Session: Class initialized using 'CodeIgniter\Session\Handlers\DatabaseHandler' driver.
INFO - 2024-08-09 16:02:37 --> CSRF token verified.
INFO - 2024-08-09 13:02:53 --> Session: Class initialized using 'CodeIgniter\Session\Handlers\DatabaseHandler' driver.
INFO - 2024-08-09 16:02:53 --> CSRF token verified.
INFO - 2024-08-09 13:03:15 --> Session: Class initialized using 'CodeIgniter\Session\Handlers\DatabaseHandler' driver.
INFO - 2024-08-09 16:03:15 --> CSRF token verified.
INFO - 2024-08-09 13:03:15 --> Session: Class initialized using 'CodeIgniter\Session\Handlers\DatabaseHandler' driver.
INFO - 2024-08-09 13:03:16 --> Session: Class initialized using 'CodeIgniter\Session\Handlers\DatabaseHandler' driver.
INFO - 2024-08-09 16:03:16 --> CSRF token verified.
INFO - 2024-08-09 13:06:11 --> Session: Class initialized using 'CodeIgniter\Session\Handlers\DatabaseHandler' driver.
INFO - 2024-08-09 13:06:11 --> Session: Class initialized using 'CodeIgniter\Session\Handlers\DatabaseHandler' driver.
INFO - 2024-08-09 13:06:18 --> Session: Class initialized using 'CodeIgniter\Session\Handlers\DatabaseHandler' driver.
INFO - 2024-08-09 16:06:18 --> CSRF token verified.
INFO - 2024-08-09 13:06:18 --> Session: Class initialized using 'CodeIgniter\Session\Handlers\DatabaseHandler' driver.
INFO - 2024-08-09 13:06:20 --> Session: Class initialized using 'CodeIgniter\Session\Handlers\DatabaseHandler' driver.
INFO - 2024-08-09 13:06:23 --> Session: Class initialized using 'CodeIgniter\Session\Handlers\DatabaseHandler' driver.
CRITICAL - 2024-08-09 16:06:23 --> The action you requested is not allowed.
in SYSTEMPATH/Security/Security.php on line 298.
 1 SYSTEMPATH/Security/Security.php(298): CodeIgniter\Security\Exceptions\SecurityException::forDisallowedAction()
 2 SYSTEMPATH/Filters/CSRF.php(55): CodeIgniter\Security\Security->verify()
 3 SYSTEMPATH/Filters/Filters.php(180): CodeIgniter\Filters\CSRF->before()
 4 SYSTEMPATH/CodeIgniter.php(465): CodeIgniter\Filters\Filters->run()
 5 SYSTEMPATH/CodeIgniter.php(352): CodeIgniter\CodeIgniter->handleRequest()
 6 FCPATH/index.php(95): CodeIgniter\CodeIgniter->run()
INFO - 2024-08-09 14:03:33 --> Session: Class initialized using 'CodeIgniter\Session\Handlers\DatabaseHandler' driver.
INFO - 2024-08-09 17:03:33 --> CSRF token verified.
INFO - 2024-08-09 14:03:48 --> Session: Class initialized using 'CodeIgniter\Session\Handlers\DatabaseHandler' driver.
INFO - 2024-08-09 17:03:48 --> CSRF token verified.
INFO - 2024-08-09 14:03:50 --> Session: Class initialized using 'CodeIgniter\Session\Handlers\DatabaseHandler' driver.
INFO - 2024-08-09 17:03:50 --> CSRF token verified.
INFO - 2024-08-09 14:04:04 --> Session: Class initialized using 'CodeIgniter\Session\Handlers\DatabaseHandler' driver.
INFO - 2024-08-09 17:04:04 --> CSRF token verified.
INFO - 2024-08-09 14:04:05 --> Session: Class initialized using 'CodeIgniter\Session\Handlers\DatabaseHandler' driver.
INFO - 2024-08-09 17:04:05 --> CSRF token verified.
INFO - 2024-08-09 14:04:05 --> Session: Class initialized using 'CodeIgniter\Session\Handlers\DatabaseHandler' driver.
INFO - 2024-08-09 17:04:05 --> CSRF token verified.
INFO - 2024-08-09 14:04:06 --> Session: Class initialized using 'CodeIgniter\Session\Handlers\DatabaseHandler' driver.
INFO - 2024-08-09 17:04:06 --> CSRF token verified.
INFO - 2024-08-09 14:04:06 --> Session: Class initialized using 'CodeIgniter\Session\Handlers\DatabaseHandler' driver.
INFO - 2024-08-09 17:04:06 --> CSRF token verified.
INFO - 2024-08-09 14:04:07 --> Session: Class initialized using 'CodeIgniter\Session\Handlers\DatabaseHandler' driver.
INFO - 2024-08-09 17:04:07 --> CSRF token verified.
INFO - 2024-08-09 14:04:07 --> Session: Class initialized using 'CodeIgniter\Session\Handlers\DatabaseHandler' driver.
INFO - 2024-08-09 17:04:07 --> CSRF token verified.
INFO - 2024-08-09 14:04:08 --> Session: Class initialized using 'CodeIgniter\Session\Handlers\DatabaseHandler' driver.
INFO - 2024-08-09 17:04:08 --> CSRF token verified.
INFO - 2024-08-09 14:04:08 --> Session: Class initialized using 'CodeIgniter\Session\Handlers\DatabaseHandler' driver.
INFO - 2024-08-09 17:04:08 --> CSRF token verified.
INFO - 2024-08-09 14:04:09 --> Session: Class initialized using 'CodeIgniter\Session\Handlers\DatabaseHandler' driver.
INFO - 2024-08-09 17:04:09 --> CSRF token verified.
INFO - 2024-08-09 14:04:10 --> Session: Class initialized using 'CodeIgniter\Session\Handlers\DatabaseHandler' driver.
INFO - 2024-08-09 17:04:10 --> CSRF token verified.
INFO - 2024-08-09 14:04:10 --> Session: Class initialized using 'CodeIgniter\Session\Handlers\DatabaseHandler' driver.
INFO - 2024-08-09 17:04:10 --> CSRF token verified.
INFO - 2024-08-09 14:04:11 --> Session: Class initialized using 'CodeIgniter\Session\Handlers\DatabaseHandler' driver.
INFO - 2024-08-09 17:04:11 --> CSRF token verified.
INFO - 2024-08-09 14:04:47 --> Session: Class initialized using 'CodeIgniter\Session\Handlers\DatabaseHandler' driver.
INFO - 2024-08-09 17:04:47 --> CSRF token verified.
INFO - 2024-08-09 14:04:51 --> Session: Class initialized using 'CodeIgniter\Session\Handlers\DatabaseHandler' driver.
INFO - 2024-08-09 17:04:51 --> CSRF token verified.
INFO - 2024-08-09 14:05:12 --> Session: Class initialized using 'CodeIgniter\Session\Handlers\DatabaseHandler' driver.
INFO - 2024-08-09 17:05:13 --> CSRF token verified.
INFO - 2024-08-09 14:05:28 --> Session: Class initialized using 'CodeIgniter\Session\Handlers\DatabaseHandler' driver.
INFO - 2024-08-09 17:05:28 --> CSRF token verified.
INFO - 2024-08-09 14:05:36 --> Session: Class initialized using 'CodeIgniter\Session\Handlers\DatabaseHandler' driver.
INFO - 2024-08-09 17:05:36 --> CSRF token verified.
INFO - 2024-08-09 14:05:40 --> Session: Class initialized using 'CodeIgniter\Session\Handlers\DatabaseHandler' driver.
INFO - 2024-08-09 17:05:40 --> CSRF token verified.
INFO - 2024-08-09 14:05:45 --> Session: Class initialized using 'CodeIgniter\Session\Handlers\DatabaseHandler' driver.
INFO - 2024-08-09 17:05:45 --> CSRF token verified.
INFO - 2024-08-09 14:05:45 --> Session: Class initialized using 'CodeIgniter\Session\Handlers\DatabaseHandler' driver.
INFO - 2024-08-09 14:05:47 --> Session: Class initialized using 'CodeIgniter\Session\Handlers\DatabaseHandler' driver.
INFO - 2024-08-09 17:05:47 --> CSRF token verified.
INFO - 2024-08-09 14:05:52 --> Session: Class initialized using 'CodeIgniter\Session\Handlers\DatabaseHandler' driver.
INFO - 2024-08-09 14:05:53 --> Session: Class initialized using 'CodeIgniter\Session\Handlers\DatabaseHandler' driver.
INFO - 2024-08-09 17:05:53 --> CSRF token verified.
INFO - 2024-08-09 14:06:58 --> Session: Class initialized using 'CodeIgniter\Session\Handlers\DatabaseHandler' driver.
INFO - 2024-08-09 14:06:59 --> Session: Class initialized using 'CodeIgniter\Session\Handlers\DatabaseHandler' driver.
INFO - 2024-08-09 17:06:59 --> CSRF token verified.
INFO - 2024-08-09 14:07:41 --> Session: Class initialized using 'CodeIgniter\Session\Handlers\DatabaseHandler' driver.
INFO - 2024-08-09 17:07:41 --> CSRF token verified.
INFO - 2024-08-09 14:07:42 --> Session: Class initialized using 'CodeIgniter\Session\Handlers\DatabaseHandler' driver.
INFO - 2024-08-09 17:07:42 --> CSRF token verified.
INFO - 2024-08-09 14:07:42 --> Session: Class initialized using 'CodeIgniter\Session\Handlers\DatabaseHandler' driver.
INFO - 2024-08-09 17:07:42 --> CSRF token verified.
INFO - 2024-08-09 14:07:42 --> Session: Class initialized using 'CodeIgniter\Session\Handlers\DatabaseHandler' driver.
INFO - 2024-08-09 17:07:42 --> CSRF token verified.
INFO - 2024-08-09 14:08:00 --> Session: Class initialized using 'CodeIgniter\Session\Handlers\DatabaseHandler' driver.
INFO - 2024-08-09 17:08:00 --> CSRF token verified.
INFO - 2024-08-09 14:08:01 --> Session: Class initialized using 'CodeIgniter\Session\Handlers\DatabaseHandler' driver.
INFO - 2024-08-09 17:08:01 --> CSRF token verified.
INFO - 2024-08-09 14:08:20 --> Session: Class initialized using 'CodeIgniter\Session\Handlers\DatabaseHandler' driver.
INFO - 2024-08-09 14:08:25 --> Session: Class initialized using 'CodeIgniter\Session\Handlers\DatabaseHandler' driver.
INFO - 2024-08-09 17:08:26 --> CSRF token verified.
INFO - 2024-08-09 14:08:32 --> Session: Class initialized using 'CodeIgniter\Session\Handlers\DatabaseHandler' driver.
INFO - 2024-08-09 17:08:32 --> CSRF token verified.
INFO - 2024-08-09 14:11:03 --> Session: Class initialized using 'CodeIgniter\Session\Handlers\DatabaseHandler' driver.
INFO - 2024-08-09 17:11:03 --> CSRF token verified.
INFO - 2024-08-09 14:11:25 --> Session: Class initialized using 'CodeIgniter\Session\Handlers\DatabaseHandler' driver.
INFO - 2024-08-09 17:11:25 --> CSRF token verified.
INFO - 2024-08-09 14:11:40 --> Session: Class initialized using 'CodeIgniter\Session\Handlers\DatabaseHandler' driver.
INFO - 2024-08-09 17:11:40 --> CSRF token verified.
INFO - 2024-08-09 14:11:58 --> Session: Class initialized using 'CodeIgniter\Session\Handlers\DatabaseHandler' driver.
INFO - 2024-08-09 17:11:58 --> CSRF token verified.
INFO - 2024-08-09 14:12:15 --> Session: Class initialized using 'CodeIgniter\Session\Handlers\DatabaseHandler' driver.
INFO - 2024-08-09 17:12:15 --> CSRF token verified.
INFO - 2024-08-09 14:12:36 --> Session: Class initialized using 'CodeIgniter\Session\Handlers\DatabaseHandler' driver.
INFO - 2024-08-09 17:12:36 --> CSRF token verified.
INFO - 2024-08-09 14:12:51 --> Session: Class initialized using 'CodeIgniter\Session\Handlers\DatabaseHandler' driver.
INFO - 2024-08-09 17:12:51 --> CSRF token verified.
INFO - 2024-08-09 14:13:05 --> Session: Class initialized using 'CodeIgniter\Session\Handlers\DatabaseHandler' driver.
INFO - 2024-08-09 17:13:05 --> CSRF token verified.
INFO - 2024-08-09 14:13:19 --> Session: Class initialized using 'CodeIgniter\Session\Handlers\DatabaseHandler' driver.
INFO - 2024-08-09 17:13:19 --> CSRF token verified.
INFO - 2024-08-09 14:13:20 --> Session: Class initialized using 'CodeIgniter\Session\Handlers\DatabaseHandler' driver.
INFO - 2024-08-09 14:13:21 --> Session: Class initialized using 'CodeIgniter\Session\Handlers\DatabaseHandler' driver.
INFO - 2024-08-09 17:13:21 --> CSRF token verified.
INFO - 2024-08-09 14:13:45 --> Session: Class initialized using 'CodeIgniter\Session\Handlers\DatabaseHandler' driver.
INFO - 2024-08-09 17:13:45 --> CSRF token verified.
INFO - 2024-08-09 14:13:56 --> Session: Class initialized using 'CodeIgniter\Session\Handlers\DatabaseHandler' driver.
INFO - 2024-08-09 17:13:56 --> CSRF token verified.
INFO - 2024-08-09 14:15:49 --> Session: Class initialized using 'CodeIgniter\Session\Handlers\DatabaseHandler' driver.
INFO - 2024-08-09 14:15:50 --> Session: Class initialized using 'CodeIgniter\Session\Handlers\DatabaseHandler' driver.
INFO - 2024-08-09 14:20:51 --> Session: Class initialized using 'CodeIgniter\Session\Handlers\DatabaseHandler' driver.
INFO - 2024-08-09 17:20:51 --> CSRF token verified.
INFO - 2024-08-09 14:22:57 --> Session: Class initialized using 'CodeIgniter\Session\Handlers\DatabaseHandler' driver.
INFO - 2024-08-09 17:22:57 --> CSRF token verified.
INFO - 2024-08-09 14:22:58 --> Session: Class initialized using 'CodeIgniter\Session\Handlers\DatabaseHandler' driver.
INFO - 2024-08-09 17:22:58 --> CSRF token verified.
INFO - 2024-08-09 14:22:58 --> Session: Class initialized using 'CodeIgniter\Session\Handlers\DatabaseHandler' driver.
INFO - 2024-08-09 17:22:58 --> CSRF token verified.
INFO - 2024-08-09 14:22:59 --> Session: Class initialized using 'CodeIgniter\Session\Handlers\DatabaseHandler' driver.
INFO - 2024-08-09 17:22:59 --> CSRF token verified.
INFO - 2024-08-09 14:23:00 --> Session: Class initialized using 'CodeIgniter\Session\Handlers\DatabaseHandler' driver.
INFO - 2024-08-09 17:23:00 --> CSRF token verified.
INFO - 2024-08-09 14:23:01 --> Session: Class initialized using 'CodeIgniter\Session\Handlers\DatabaseHandler' driver.
INFO - 2024-08-09 17:23:01 --> CSRF token verified.
INFO - 2024-08-09 14:23:04 --> Session: Class initialized using 'CodeIgniter\Session\Handlers\DatabaseHandler' driver.
INFO - 2024-08-09 17:23:04 --> CSRF token verified.
INFO - 2024-08-09 14:23:06 --> Session: Class initialized using 'CodeIgniter\Session\Handlers\DatabaseHandler' driver.
INFO - 2024-08-09 17:23:06 --> CSRF token verified.
INFO - 2024-08-09 14:25:19 --> Session: Class initialized using 'CodeIgniter\Session\Handlers\DatabaseHandler' driver.
INFO - 2024-08-09 17:25:19 --> CSRF token verified.
INFO - 2024-08-09 14:25:20 --> Session: Class initialized using 'CodeIgniter\Session\Handlers\DatabaseHandler' driver.
INFO - 2024-08-09 17:25:20 --> CSRF token verified.
INFO - 2024-08-09 14:25:21 --> Session: Class initialized using 'CodeIgniter\Session\Handlers\DatabaseHandler' driver.
INFO - 2024-08-09 17:25:21 --> CSRF token verified.
INFO - 2024-08-09 14:25:22 --> Session: Class initialized using 'CodeIgniter\Session\Handlers\DatabaseHandler' driver.
INFO - 2024-08-09 17:25:22 --> CSRF token verified.
INFO - 2024-08-09 14:25:22 --> Session: Class initialized using 'CodeIgniter\Session\Handlers\DatabaseHandler' driver.
INFO - 2024-08-09 17:25:22 --> CSRF token verified.
INFO - 2024-08-09 14:25:23 --> Session: Class initialized using 'CodeIgniter\Session\Handlers\DatabaseHandler' driver.
INFO - 2024-08-09 17:25:23 --> CSRF token verified.
INFO - 2024-08-09 14:25:23 --> Session: Class initialized using 'CodeIgniter\Session\Handlers\DatabaseHandler' driver.
INFO - 2024-08-09 17:25:23 --> CSRF token verified.
INFO - 2024-08-09 14:25:24 --> Session: Class initialized using 'CodeIgniter\Session\Handlers\DatabaseHandler' driver.
INFO - 2024-08-09 17:25:24 --> CSRF token verified.
INFO - 2024-08-09 14:25:24 --> Session: Class initialized using 'CodeIgniter\Session\Handlers\DatabaseHandler' driver.
INFO - 2024-08-09 17:25:24 --> CSRF token verified.
INFO - 2024-08-09 14:25:26 --> Session: Class initialized using 'CodeIgniter\Session\Handlers\DatabaseHandler' driver.
INFO - 2024-08-09 17:25:26 --> CSRF token verified.
INFO - 2024-08-09 14:25:52 --> Session: Class initialized using 'CodeIgniter\Session\Handlers\DatabaseHandler' driver.
INFO - 2024-08-09 17:25:52 --> CSRF token verified.
INFO - 2024-08-09 14:25:53 --> Session: Class initialized using 'CodeIgniter\Session\Handlers\DatabaseHandler' driver.
INFO - 2024-08-09 17:25:53 --> CSRF token verified.
INFO - 2024-08-09 14:25:53 --> Session: Class initialized using 'CodeIgniter\Session\Handlers\DatabaseHandler' driver.
INFO - 2024-08-09 17:25:53 --> CSRF token verified.
INFO - 2024-08-09 14:25:54 --> Session: Class initialized using 'CodeIgniter\Session\Handlers\DatabaseHandler' driver.
INFO - 2024-08-09 17:25:54 --> CSRF token verified.
INFO - 2024-08-09 14:25:55 --> Session: Class initialized using 'CodeIgniter\Session\Handlers\DatabaseHandler' driver.
INFO - 2024-08-09 17:25:55 --> CSRF token verified.
INFO - 2024-08-09 14:25:56 --> Session: Class initialized using 'CodeIgniter\Session\Handlers\DatabaseHandler' driver.
INFO - 2024-08-09 17:25:56 --> CSRF token verified.
INFO - 2024-08-09 14:26:10 --> Session: Class initialized using 'CodeIgniter\Session\Handlers\DatabaseHandler' driver.
INFO - 2024-08-09 17:26:10 --> CSRF token verified.
INFO - 2024-08-09 14:26:15 --> Session: Class initialized using 'CodeIgniter\Session\Handlers\DatabaseHandler' driver.
INFO - 2024-08-09 17:26:15 --> CSRF token verified.
INFO - 2024-08-09 14:26:28 --> Session: Class initialized using 'CodeIgniter\Session\Handlers\DatabaseHandler' driver.
INFO - 2024-08-09 17:26:28 --> CSRF token verified.
INFO - 2024-08-09 14:26:59 --> Session: Class initialized using 'CodeIgniter\Session\Handlers\DatabaseHandler' driver.
INFO - 2024-08-09 17:26:59 --> CSRF token verified.
INFO - 2024-08-09 14:27:18 --> Session: Class initialized using 'CodeIgniter\Session\Handlers\DatabaseHandler' driver.
INFO - 2024-08-09 17:27:18 --> CSRF token verified.
INFO - 2024-08-09 14:27:20 --> Session: Class initialized using 'CodeIgniter\Session\Handlers\DatabaseHandler' driver.
INFO - 2024-08-09 14:27:41 --> Session: Class initialized using 'CodeIgniter\Session\Handlers\DatabaseHandler' driver.
INFO - 2024-08-09 17:27:41 --> CSRF token verified.
INFO - 2024-08-09 14:27:53 --> Session: Class initialized using 'CodeIgniter\Session\Handlers\DatabaseHandler' driver.
INFO - 2024-08-09 17:27:53 --> CSRF token verified.
INFO - 2024-08-09 14:28:02 --> Session: Class initialized using 'CodeIgniter\Session\Handlers\DatabaseHandler' driver.
INFO - 2024-08-09 17:28:02 --> CSRF token verified.
INFO - 2024-08-09 14:28:04 --> Session: Class initialized using 'CodeIgniter\Session\Handlers\DatabaseHandler' driver.
INFO - 2024-08-09 17:28:04 --> CSRF token verified.
INFO - 2024-08-09 14:28:07 --> Session: Class initialized using 'CodeIgniter\Session\Handlers\DatabaseHandler' driver.
INFO - 2024-08-09 17:28:07 --> CSRF token verified.
INFO - 2024-08-09 14:28:08 --> Session: Class initialized using 'CodeIgniter\Session\Handlers\DatabaseHandler' driver.
INFO - 2024-08-09 14:28:09 --> Session: Class initialized using 'CodeIgniter\Session\Handlers\DatabaseHandler' driver.
INFO - 2024-08-09 17:28:09 --> CSRF token verified.
INFO - 2024-08-09 14:31:49 --> Session: Class initialized using 'CodeIgniter\Session\Handlers\DatabaseHandler' driver.
INFO - 2024-08-09 17:31:49 --> CSRF token verified.
INFO - 2024-08-09 14:31:49 --> Session: Class initialized using 'CodeIgniter\Session\Handlers\DatabaseHandler' driver.
INFO - 2024-08-09 17:31:49 --> CSRF token verified.
INFO - 2024-08-09 14:31:50 --> Session: Class initialized using 'CodeIgniter\Session\Handlers\DatabaseHandler' driver.
INFO - 2024-08-09 17:31:50 --> CSRF token verified.
INFO - 2024-08-09 14:31:50 --> Session: Class initialized using 'CodeIgniter\Session\Handlers\DatabaseHandler' driver.
INFO - 2024-08-09 17:31:50 --> CSRF token verified.
INFO - 2024-08-09 14:31:51 --> Session: Class initialized using 'CodeIgniter\Session\Handlers\DatabaseHandler' driver.
INFO - 2024-08-09 17:31:51 --> CSRF token verified.
INFO - 2024-08-09 14:31:57 --> Session: Class initialized using 'CodeIgniter\Session\Handlers\DatabaseHandler' driver.
INFO - 2024-08-09 17:31:57 --> CSRF token verified.
INFO - 2024-08-09 14:40:55 --> Session: Class initialized using 'CodeIgniter\Session\Handlers\DatabaseHandler' driver.
INFO - 2024-08-09 14:46:11 --> Session: Class initialized using 'CodeIgniter\Session\Handlers\DatabaseHandler' driver.
INFO - 2024-08-09 17:46:11 --> CSRF token verified.
INFO - 2024-08-09 14:46:41 --> Session: Class initialized using 'CodeIgniter\Session\Handlers\DatabaseHandler' driver.
INFO - 2024-08-09 17:46:41 --> CSRF token verified.
INFO - 2024-08-09 14:46:41 --> Session: Class initialized using 'CodeIgniter\Session\Handlers\DatabaseHandler' driver.
INFO - 2024-08-09 17:46:41 --> CSRF token verified.
INFO - 2024-08-09 14:46:41 --> Session: Class initialized using 'CodeIgniter\Session\Handlers\DatabaseHandler' driver.
INFO - 2024-08-09 17:46:41 --> CSRF token verified.
INFO - 2024-08-09 14:46:42 --> Session: Class initialized using 'CodeIgniter\Session\Handlers\DatabaseHandler' driver.
INFO - 2024-08-09 17:46:42 --> CSRF token verified.
INFO - 2024-08-09 14:46:43 --> Session: Class initialized using 'CodeIgniter\Session\Handlers\DatabaseHandler' driver.
INFO - 2024-08-09 17:46:43 --> CSRF token verified.
INFO - 2024-08-09 14:46:43 --> Session: Class initialized using 'CodeIgniter\Session\Handlers\DatabaseHandler' driver.
INFO - 2024-08-09 17:46:43 --> CSRF token verified.
INFO - 2024-08-09 14:46:44 --> Session: Class initialized using 'CodeIgniter\Session\Handlers\DatabaseHandler' driver.
INFO - 2024-08-09 17:46:44 --> CSRF token verified.
INFO - 2024-08-09 14:46:44 --> Session: Class initialized using 'CodeIgniter\Session\Handlers\DatabaseHandler' driver.
INFO - 2024-08-09 17:46:44 --> CSRF token verified.
INFO - 2024-08-09 14:46:45 --> Session: Class initialized using 'CodeIgniter\Session\Handlers\DatabaseHandler' driver.
INFO - 2024-08-09 17:46:45 --> CSRF token verified.
INFO - 2024-08-09 14:46:45 --> Session: Class initialized using 'CodeIgniter\Session\Handlers\DatabaseHandler' driver.
INFO - 2024-08-09 17:46:45 --> CSRF token verified.
INFO - 2024-08-09 14:46:46 --> Session: Class initialized using 'CodeIgniter\Session\Handlers\DatabaseHandler' driver.
INFO - 2024-08-09 17:46:46 --> CSRF token verified.
INFO - 2024-08-09 14:46:47 --> Session: Class initialized using 'CodeIgniter\Session\Handlers\DatabaseHandler' driver.
INFO - 2024-08-09 17:46:47 --> CSRF token verified.
INFO - 2024-08-09 14:46:48 --> Session: Class initialized using 'CodeIgniter\Session\Handlers\DatabaseHandler' driver.
INFO - 2024-08-09 17:46:48 --> CSRF token verified.
INFO - 2024-08-09 14:46:49 --> Session: Class initialized using 'CodeIgniter\Session\Handlers\DatabaseHandler' driver.
INFO - 2024-08-09 17:46:49 --> CSRF token verified.
INFO - 2024-08-09 14:46:51 --> Session: Class initialized using 'CodeIgniter\Session\Handlers\DatabaseHandler' driver.
INFO - 2024-08-09 17:46:51 --> CSRF token verified.
INFO - 2024-08-09 14:46:52 --> Session: Class initialized using 'CodeIgniter\Session\Handlers\DatabaseHandler' driver.
INFO - 2024-08-09 17:46:52 --> CSRF token verified.
INFO - 2024-08-09 14:48:20 --> Session: Class initialized using 'CodeIgniter\Session\Handlers\DatabaseHandler' driver.
INFO - 2024-08-09 17:48:20 --> CSRF token verified.
INFO - 2024-08-09 14:48:33 --> Session: Class initialized using 'CodeIgniter\Session\Handlers\DatabaseHandler' driver.
INFO - 2024-08-09 17:48:33 --> CSRF token verified.
INFO - 2024-08-09 14:48:53 --> Session: Class initialized using 'CodeIgniter\Session\Handlers\DatabaseHandler' driver.
INFO - 2024-08-09 17:48:53 --> CSRF token verified.
INFO - 2024-08-09 14:49:06 --> Session: Class initialized using 'CodeIgniter\Session\Handlers\DatabaseHandler' driver.
INFO - 2024-08-09 17:49:06 --> CSRF token verified.
INFO - 2024-08-09 14:49:24 --> Session: Class initialized using 'CodeIgniter\Session\Handlers\DatabaseHandler' driver.
INFO - 2024-08-09 17:49:24 --> CSRF token verified.
INFO - 2024-08-09 14:49:39 --> Session: Class initialized using 'CodeIgniter\Session\Handlers\DatabaseHandler' driver.
INFO - 2024-08-09 17:49:39 --> CSRF token verified.
INFO - 2024-08-09 14:49:56 --> Session: Class initialized using 'CodeIgniter\Session\Handlers\DatabaseHandler' driver.
INFO - 2024-08-09 17:49:56 --> CSRF token verified.
INFO - 2024-08-09 14:49:57 --> Session: Class initialized using 'CodeIgniter\Session\Handlers\DatabaseHandler' driver.
INFO - 2024-08-09 14:49:57 --> Session: Class initialized using 'CodeIgniter\Session\Handlers\DatabaseHandler' driver.
INFO - 2024-08-09 17:49:57 --> CSRF token verified.
INFO - 2024-08-09 14:58:14 --> Session: Class initialized using 'CodeIgniter\Session\Handlers\DatabaseHandler' driver.
INFO - 2024-08-09 17:58:14 --> CSRF token verified.
INFO - 2024-08-09 14:58:23 --> Session: Class initialized using 'CodeIgniter\Session\Handlers\DatabaseHandler' driver.
INFO - 2024-08-09 17:58:23 --> CSRF token verified.
INFO - 2024-08-09 14:58:26 --> Session: Class initialized using 'CodeIgniter\Session\Handlers\DatabaseHandler' driver.
INFO - 2024-08-09 17:58:26 --> CSRF token verified.
INFO - 2024-08-09 14:59:13 --> Session: Class initialized using 'CodeIgniter\Session\Handlers\DatabaseHandler' driver.
INFO - 2024-08-09 17:59:13 --> CSRF token verified.
INFO - 2024-08-09 14:59:14 --> Session: Class initialized using 'CodeIgniter\Session\Handlers\DatabaseHandler' driver.
INFO - 2024-08-09 17:59:14 --> CSRF token verified.
INFO - 2024-08-09 14:59:14 --> Session: Class initialized using 'CodeIgniter\Session\Handlers\DatabaseHandler' driver.
INFO - 2024-08-09 17:59:14 --> CSRF token verified.
INFO - 2024-08-09 14:59:15 --> Session: Class initialized using 'CodeIgniter\Session\Handlers\DatabaseHandler' driver.
INFO - 2024-08-09 17:59:15 --> CSRF token verified.
INFO - 2024-08-09 14:59:15 --> Session: Class initialized using 'CodeIgniter\Session\Handlers\DatabaseHandler' driver.
INFO - 2024-08-09 17:59:15 --> CSRF token verified.
INFO - 2024-08-09 14:59:15 --> Session: Class initialized using 'CodeIgniter\Session\Handlers\DatabaseHandler' driver.
INFO - 2024-08-09 17:59:15 --> CSRF token verified.
INFO - 2024-08-09 14:59:16 --> Session: Class initialized using 'CodeIgniter\Session\Handlers\DatabaseHandler' driver.
INFO - 2024-08-09 17:59:16 --> CSRF token verified.
INFO - 2024-08-09 14:59:16 --> Session: Class initialized using 'CodeIgniter\Session\Handlers\DatabaseHandler' driver.
INFO - 2024-08-09 17:59:16 --> CSRF token verified.
INFO - 2024-08-09 14:59:16 --> Session: Class initialized using 'CodeIgniter\Session\Handlers\DatabaseHandler' driver.
INFO - 2024-08-09 17:59:16 --> CSRF token verified.
INFO - 2024-08-09 14:59:18 --> Session: Class initialized using 'CodeIgniter\Session\Handlers\DatabaseHandler' driver.
INFO - 2024-08-09 17:59:18 --> CSRF token verified.
INFO - 2024-08-09 14:59:45 --> Session: Class initialized using 'CodeIgniter\Session\Handlers\DatabaseHandler' driver.
INFO - 2024-08-09 17:59:45 --> CSRF token verified.
INFO - 2024-08-09 14:59:46 --> Session: Class initialized using 'CodeIgniter\Session\Handlers\DatabaseHandler' driver.
INFO - 2024-08-09 17:59:46 --> CSRF token verified.
INFO - 2024-08-09 14:59:46 --> Session: Class initialized using 'CodeIgniter\Session\Handlers\DatabaseHandler' driver.
INFO - 2024-08-09 17:59:46 --> CSRF token verified.
INFO - 2024-08-09 14:59:47 --> Session: Class initialized using 'CodeIgniter\Session\Handlers\DatabaseHandler' driver.
INFO - 2024-08-09 17:59:47 --> CSRF token verified.
INFO - 2024-08-09 14:59:47 --> Session: Class initialized using 'CodeIgniter\Session\Handlers\DatabaseHandler' driver.
INFO - 2024-08-09 17:59:47 --> CSRF token verified.
INFO - 2024-08-09 14:59:47 --> Session: Class initialized using 'CodeIgniter\Session\Handlers\DatabaseHandler' driver.
INFO - 2024-08-09 17:59:47 --> CSRF token verified.
INFO - 2024-08-09 14:59:47 --> Session: Class initialized using 'CodeIgniter\Session\Handlers\DatabaseHandler' driver.
INFO - 2024-08-09 17:59:47 --> CSRF token verified.
INFO - 2024-08-09 14:59:48 --> Session: Class initialized using 'CodeIgniter\Session\Handlers\DatabaseHandler' driver.
INFO - 2024-08-09 17:59:48 --> CSRF token verified.
INFO - 2024-08-09 14:59:48 --> Session: Class initialized using 'CodeIgniter\Session\Handlers\DatabaseHandler' driver.
INFO - 2024-08-09 17:59:48 --> CSRF token verified.
INFO - 2024-08-09 14:59:48 --> Session: Class initialized using 'CodeIgniter\Session\Handlers\DatabaseHandler' driver.
INFO - 2024-08-09 17:59:48 --> CSRF token verified.
INFO - 2024-08-09 14:59:50 --> Session: Class initialized using 'CodeIgniter\Session\Handlers\DatabaseHandler' driver.
INFO - 2024-08-09 17:59:50 --> CSRF token verified.
INFO - 2024-08-09 15:00:44 --> Session: Class initialized using 'CodeIgniter\Session\Handlers\DatabaseHandler' driver.
INFO - 2024-08-09 18:00:44 --> CSRF token verified.
INFO - 2024-08-09 15:01:31 --> Session: Class initialized using 'CodeIgniter\Session\Handlers\DatabaseHandler' driver.
INFO - 2024-08-09 18:01:31 --> CSRF token verified.
INFO - 2024-08-09 15:07:30 --> Session: Class initialized using 'CodeIgniter\Session\Handlers\DatabaseHandler' driver.
INFO - 2024-08-09 18:07:30 --> CSRF token verified.
INFO - 2024-08-09 15:08:05 --> Session: Class initialized using 'CodeIgniter\Session\Handlers\DatabaseHandler' driver.
INFO - 2024-08-09 18:08:05 --> CSRF token verified.
INFO - 2024-08-09 15:08:47 --> Session: Class initialized using 'CodeIgniter\Session\Handlers\DatabaseHandler' driver.
INFO - 2024-08-09 18:08:47 --> CSRF token verified.
INFO - 2024-08-09 15:09:14 --> Session: Class initialized using 'CodeIgniter\Session\Handlers\DatabaseHandler' driver.
INFO - 2024-08-09 18:09:14 --> CSRF token verified.
INFO - 2024-08-09 15:09:17 --> Session: Class initialized using 'CodeIgniter\Session\Handlers\DatabaseHandler' driver.
INFO - 2024-08-09 18:09:17 --> CSRF token verified.
INFO - 2024-08-09 15:09:20 --> Session: Class initialized using 'CodeIgniter\Session\Handlers\DatabaseHandler' driver.
INFO - 2024-08-09 18:09:20 --> CSRF token verified.
INFO - 2024-08-09 15:09:33 --> Session: Class initialized using 'CodeIgniter\Session\Handlers\DatabaseHandler' driver.
INFO - 2024-08-09 18:09:33 --> CSRF token verified.
INFO - 2024-08-09 15:09:37 --> Session: Class initialized using 'CodeIgniter\Session\Handlers\DatabaseHandler' driver.
INFO - 2024-08-09 18:09:37 --> CSRF token verified.
INFO - 2024-08-09 15:10:10 --> Session: Class initialized using 'CodeIgniter\Session\Handlers\DatabaseHandler' driver.
INFO - 2024-08-09 18:10:10 --> CSRF token verified.
INFO - 2024-08-09 15:10:19 --> Session: Class initialized using 'CodeIgniter\Session\Handlers\DatabaseHandler' driver.
INFO - 2024-08-09 18:10:19 --> CSRF token verified.
INFO - 2024-08-09 15:10:21 --> Session: Class initialized using 'CodeIgniter\Session\Handlers\DatabaseHandler' driver.
INFO - 2024-08-09 18:10:21 --> CSRF token verified.
INFO - 2024-08-09 15:10:24 --> Session: Class initialized using 'CodeIgniter\Session\Handlers\DatabaseHandler' driver.
INFO - 2024-08-09 18:10:24 --> CSRF token verified.
INFO - 2024-08-09 15:10:24 --> Session: Class initialized using 'CodeIgniter\Session\Handlers\DatabaseHandler' driver.
INFO - 2024-08-09 15:10:25 --> Session: Class initialized using 'CodeIgniter\Session\Handlers\DatabaseHandler' driver.
INFO - 2024-08-09 18:10:25 --> CSRF token verified.
INFO - 2024-08-09 15:10:28 --> Session: Class initialized using 'CodeIgniter\Session\Handlers\DatabaseHandler' driver.
INFO - 2024-08-09 15:10:29 --> Session: Class initialized using 'CodeIgniter\Session\Handlers\DatabaseHandler' driver.
INFO - 2024-08-09 18:10:29 --> CSRF token verified.
INFO - 2024-08-09 15:10:32 --> Session: Class initialized using 'CodeIgniter\Session\Handlers\DatabaseHandler' driver.
INFO - 2024-08-09 15:10:35 --> Session: Class initialized using 'CodeIgniter\Session\Handlers\DatabaseHandler' driver.
INFO - 2024-08-09 18:10:35 --> CSRF token verified.
INFO - 2024-08-09 15:10:36 --> Session: Class initialized using 'CodeIgniter\Session\Handlers\DatabaseHandler' driver.
INFO - 2024-08-09 18:10:36 --> CSRF token verified.
INFO - 2024-08-09 15:10:38 --> Session: Class initialized using 'CodeIgniter\Session\Handlers\DatabaseHandler' driver.
INFO - 2024-08-09 18:10:38 --> CSRF token verified.
INFO - 2024-08-09 15:10:40 --> Session: Class initialized using 'CodeIgniter\Session\Handlers\DatabaseHandler' driver.
INFO - 2024-08-09 18:10:40 --> CSRF token verified.
INFO - 2024-08-09 15:10:41 --> Session: Class initialized using 'CodeIgniter\Session\Handlers\DatabaseHandler' driver.
INFO - 2024-08-09 18:10:41 --> CSRF token verified.
INFO - 2024-08-09 15:10:53 --> Session: Class initialized using 'CodeIgniter\Session\Handlers\DatabaseHandler' driver.
INFO - 2024-08-09 18:10:53 --> CSRF token verified.
INFO - 2024-08-09 15:10:54 --> Session: Class initialized using 'CodeIgniter\Session\Handlers\DatabaseHandler' driver.
INFO - 2024-08-09 18:10:54 --> CSRF token verified.
INFO - 2024-08-09 15:21:45 --> Session: Class initialized using 'CodeIgniter\Session\Handlers\DatabaseHandler' driver.
INFO - 2024-08-09 15:21:46 --> Session: Class initialized using 'CodeIgniter\Session\Handlers\DatabaseHandler' driver.
INFO - 2024-08-09 18:21:46 --> CSRF token verified.
INFO - 2024-08-09 15:23:35 --> Session: Class initialized using 'CodeIgniter\Session\Handlers\DatabaseHandler' driver.
INFO - 2024-08-09 18:23:35 --> CSRF token verified.
INFO - 2024-08-09 15:23:35 --> Session: Class initialized using 'CodeIgniter\Session\Handlers\DatabaseHandler' driver.
INFO - 2024-08-09 18:23:35 --> CSRF token verified.
INFO - 2024-08-09 15:23:36 --> Session: Class initialized using 'CodeIgniter\Session\Handlers\DatabaseHandler' driver.
INFO - 2024-08-09 18:23:36 --> CSRF token verified.
INFO - 2024-08-09 15:23:36 --> Session: Class initialized using 'CodeIgniter\Session\Handlers\DatabaseHandler' driver.
INFO - 2024-08-09 18:23:36 --> CSRF token verified.
INFO - 2024-08-09 15:23:36 --> Session: Class initialized using 'CodeIgniter\Session\Handlers\DatabaseHandler' driver.
INFO - 2024-08-09 18:23:36 --> CSRF token verified.
INFO - 2024-08-09 15:23:37 --> Session: Class initialized using 'CodeIgniter\Session\Handlers\DatabaseHandler' driver.
INFO - 2024-08-09 18:23:37 --> CSRF token verified.
INFO - 2024-08-09 15:23:38 --> Session: Class initialized using 'CodeIgniter\Session\Handlers\DatabaseHandler' driver.
INFO - 2024-08-09 18:23:38 --> CSRF token verified.
INFO - 2024-08-09 15:23:40 --> Session: Class initialized using 'CodeIgniter\Session\Handlers\DatabaseHandler' driver.
INFO - 2024-08-09 18:23:40 --> CSRF token verified.
INFO - 2024-08-09 15:29:29 --> Session: Class initialized using 'CodeIgniter\Session\Handlers\DatabaseHandler' driver.
INFO - 2024-08-09 15:37:11 --> Session: Class initialized using 'CodeIgniter\Session\Handlers\DatabaseHandler' driver.
INFO - 2024-08-09 18:37:11 --> CSRF token verified.
INFO - 2024-08-09 15:41:02 --> Session: Class initialized using 'CodeIgniter\Session\Handlers\DatabaseHandler' driver.
INFO - 2024-08-09 18:41:02 --> CSRF token verified.
INFO - 2024-08-09 15:41:30 --> Session: Class initialized using 'CodeIgniter\Session\Handlers\DatabaseHandler' driver.
INFO - 2024-08-09 18:41:30 --> CSRF token verified.
INFO - 2024-08-09 15:41:30 --> Session: Class initialized using 'CodeIgniter\Session\Handlers\DatabaseHandler' driver.
INFO - 2024-08-09 18:41:30 --> CSRF token verified.
INFO - 2024-08-09 15:41:31 --> Session: Class initialized using 'CodeIgniter\Session\Handlers\DatabaseHandler' driver.
INFO - 2024-08-09 18:41:31 --> CSRF token verified.
INFO - 2024-08-09 15:41:31 --> Session: Class initialized using 'CodeIgniter\Session\Handlers\DatabaseHandler' driver.
INFO - 2024-08-09 18:41:31 --> CSRF token verified.
INFO - 2024-08-09 15:41:31 --> Session: Class initialized using 'CodeIgniter\Session\Handlers\DatabaseHandler' driver.
INFO - 2024-08-09 18:41:31 --> CSRF token verified.
INFO - 2024-08-09 15:41:32 --> Session: Class initialized using 'CodeIgniter\Session\Handlers\DatabaseHandler' driver.
INFO - 2024-08-09 18:41:32 --> CSRF token verified.
INFO - 2024-08-09 15:41:32 --> Session: Class initialized using 'CodeIgniter\Session\Handlers\DatabaseHandler' driver.
INFO - 2024-08-09 18:41:32 --> CSRF token verified.
INFO - 2024-08-09 15:41:33 --> Session: Class initialized using 'CodeIgniter\Session\Handlers\DatabaseHandler' driver.
INFO - 2024-08-09 18:41:33 --> CSRF token verified.
INFO - 2024-08-09 15:41:33 --> Session: Class initialized using 'CodeIgniter\Session\Handlers\DatabaseHandler' driver.
INFO - 2024-08-09 18:41:33 --> CSRF token verified.
INFO - 2024-08-09 15:41:33 --> Session: Class initialized using 'CodeIgniter\Session\Handlers\DatabaseHandler' driver.
INFO - 2024-08-09 18:41:33 --> CSRF token verified.
INFO - 2024-08-09 15:41:33 --> Session: Class initialized using 'CodeIgniter\Session\Handlers\DatabaseHandler' driver.
INFO - 2024-08-09 18:41:33 --> CSRF token verified.
INFO - 2024-08-09 15:41:34 --> Session: Class initialized using 'CodeIgniter\Session\Handlers\DatabaseHandler' driver.
INFO - 2024-08-09 18:41:34 --> CSRF token verified.
INFO - 2024-08-09 15:41:34 --> Session: Class initialized using 'CodeIgniter\Session\Handlers\DatabaseHandler' driver.
INFO - 2024-08-09 18:41:34 --> CSRF token verified.
INFO - 2024-08-09 15:41:35 --> Session: Class initialized using 'CodeIgniter\Session\Handlers\DatabaseHandler' driver.
INFO - 2024-08-09 18:41:35 --> CSRF token verified.
INFO - 2024-08-09 15:41:35 --> Session: Class initialized using 'CodeIgniter\Session\Handlers\DatabaseHandler' driver.
INFO - 2024-08-09 18:41:35 --> CSRF token verified.
INFO - 2024-08-09 15:41:35 --> Session: Class initialized using 'CodeIgniter\Session\Handlers\DatabaseHandler' driver.
INFO - 2024-08-09 18:41:35 --> CSRF token verified.
INFO - 2024-08-09 15:41:36 --> Session: Class initialized using 'CodeIgniter\Session\Handlers\DatabaseHandler' driver.
INFO - 2024-08-09 18:41:36 --> CSRF token verified.
INFO - 2024-08-09 15:41:36 --> Session: Class initialized using 'CodeIgniter\Session\Handlers\DatabaseHandler' driver.
INFO - 2024-08-09 18:41:36 --> CSRF token verified.
INFO - 2024-08-09 15:42:24 --> Session: Class initialized using 'CodeIgniter\Session\Handlers\DatabaseHandler' driver.
INFO - 2024-08-09 18:42:24 --> CSRF token verified.
INFO - 2024-08-09 15:42:36 --> Session: Class initialized using 'CodeIgniter\Session\Handlers\DatabaseHandler' driver.
INFO - 2024-08-09 18:42:36 --> CSRF token verified.
INFO - 2024-08-09 15:42:49 --> Session: Class initialized using 'CodeIgniter\Session\Handlers\DatabaseHandler' driver.
INFO - 2024-08-09 18:42:49 --> CSRF token verified.
INFO - 2024-08-09 15:43:07 --> Session: Class initialized using 'CodeIgniter\Session\Handlers\DatabaseHandler' driver.
INFO - 2024-08-09 18:43:07 --> CSRF token verified.
INFO - 2024-08-09 15:43:19 --> Session: Class initialized using 'CodeIgniter\Session\Handlers\DatabaseHandler' driver.
INFO - 2024-08-09 18:43:19 --> CSRF token verified.
INFO - 2024-08-09 15:43:38 --> Session: Class initialized using 'CodeIgniter\Session\Handlers\DatabaseHandler' driver.
INFO - 2024-08-09 18:43:38 --> CSRF token verified.
INFO - 2024-08-09 15:43:39 --> Session: Class initialized using 'CodeIgniter\Session\Handlers\DatabaseHandler' driver.
INFO - 2024-08-09 15:43:40 --> Session: Class initialized using 'CodeIgniter\Session\Handlers\DatabaseHandler' driver.
INFO - 2024-08-09 18:43:40 --> CSRF token verified.
INFO - 2024-08-09 15:47:40 --> Session: Class initialized using 'CodeIgniter\Session\Handlers\DatabaseHandler' driver.
INFO - 2024-08-09 18:47:40 --> CSRF token verified.
INFO - 2024-08-09 15:47:49 --> Session: Class initialized using 'CodeIgniter\Session\Handlers\DatabaseHandler' driver.
INFO - 2024-08-09 18:47:49 --> CSRF token verified.
INFO - 2024-08-09 15:47:52 --> Session: Class initialized using 'CodeIgniter\Session\Handlers\DatabaseHandler' driver.
INFO - 2024-08-09 18:47:52 --> CSRF token verified.
INFO - 2024-08-09 15:55:58 --> Session: Class initialized using 'CodeIgniter\Session\Handlers\DatabaseHandler' driver.
INFO - 2024-08-09 18:55:58 --> CSRF token verified.
INFO - 2024-08-09 16:09:44 --> Session: Class initialized using 'CodeIgniter\Session\Handlers\DatabaseHandler' driver.
INFO - 2024-08-09 19:09:44 --> CSRF token verified.
INFO - 2024-08-09 16:09:45 --> Session: Class initialized using 'CodeIgniter\Session\Handlers\DatabaseHandler' driver.
INFO - 2024-08-09 19:09:45 --> CSRF token verified.
INFO - 2024-08-09 16:09:45 --> Session: Class initialized using 'CodeIgniter\Session\Handlers\DatabaseHandler' driver.
INFO - 2024-08-09 19:09:45 --> CSRF token verified.
INFO - 2024-08-09 16:09:46 --> Session: Class initialized using 'CodeIgniter\Session\Handlers\DatabaseHandler' driver.
INFO - 2024-08-09 19:09:46 --> CSRF token verified.
INFO - 2024-08-09 16:09:46 --> Session: Class initialized using 'CodeIgniter\Session\Handlers\DatabaseHandler' driver.
INFO - 2024-08-09 19:09:46 --> CSRF token verified.
INFO - 2024-08-09 16:09:46 --> Session: Class initialized using 'CodeIgniter\Session\Handlers\DatabaseHandler' driver.
INFO - 2024-08-09 19:09:46 --> CSRF token verified.
INFO - 2024-08-09 16:09:46 --> Session: Class initialized using 'CodeIgniter\Session\Handlers\DatabaseHandler' driver.
INFO - 2024-08-09 19:09:46 --> CSRF token verified.
INFO - 2024-08-09 16:09:47 --> Session: Class initialized using 'CodeIgniter\Session\Handlers\DatabaseHandler' driver.
INFO - 2024-08-09 19:09:47 --> CSRF token verified.
INFO - 2024-08-09 16:09:50 --> Session: Class initialized using 'CodeIgniter\Session\Handlers\DatabaseHandler' driver.
INFO - 2024-08-09 19:09:50 --> CSRF token verified.
INFO - 2024-08-09 16:09:50 --> Session: Class initialized using 'CodeIgniter\Session\Handlers\DatabaseHandler' driver.
INFO - 2024-08-09 19:09:50 --> CSRF token verified.
INFO - 2024-08-09 16:10:15 --> Session: Class initialized using 'CodeIgniter\Session\Handlers\DatabaseHandler' driver.
INFO - 2024-08-09 19:10:15 --> CSRF token verified.
INFO - 2024-08-09 16:10:15 --> Session: Class initialized using 'CodeIgniter\Session\Handlers\DatabaseHandler' driver.
INFO - 2024-08-09 19:10:15 --> CSRF token verified.
INFO - 2024-08-09 16:10:19 --> Session: Class initialized using 'CodeIgniter\Session\Handlers\DatabaseHandler' driver.
INFO - 2024-08-09 19:10:19 --> CSRF token verified.
INFO - 2024-08-09 16:11:26 --> Session: Class initialized using 'CodeIgniter\Session\Handlers\DatabaseHandler' driver.
INFO - 2024-08-09 19:11:26 --> CSRF token verified.
INFO - 2024-08-09 16:11:26 --> Session: Class initialized using 'CodeIgniter\Session\Handlers\DatabaseHandler' driver.
INFO - 2024-08-09 19:11:26 --> CSRF token verified.
INFO - 2024-08-09 16:11:26 --> Session: Class initialized using 'CodeIgniter\Session\Handlers\DatabaseHandler' driver.
INFO - 2024-08-09 19:11:26 --> CSRF token verified.
INFO - 2024-08-09 16:11:27 --> Session: Class initialized using 'CodeIgniter\Session\Handlers\DatabaseHandler' driver.
INFO - 2024-08-09 19:11:27 --> CSRF token verified.
INFO - 2024-08-09 16:12:12 --> Session: Class initialized using 'CodeIgniter\Session\Handlers\DatabaseHandler' driver.
INFO - 2024-08-09 19:12:12 --> CSRF token verified.
INFO - 2024-08-09 16:12:14 --> Session: Class initialized using 'CodeIgniter\Session\Handlers\DatabaseHandler' driver.
INFO - 2024-08-09 19:12:14 --> CSRF token verified.
INFO - 2024-08-09 16:13:21 --> Session: Class initialized using 'CodeIgniter\Session\Handlers\DatabaseHandler' driver.
INFO - 2024-08-09 19:13:21 --> CSRF token verified.
INFO - 2024-08-09 16:13:22 --> Session: Class initialized using 'CodeIgniter\Session\Handlers\DatabaseHandler' driver.
INFO - 2024-08-09 19:13:22 --> CSRF token verified.
INFO - 2024-08-09 16:13:22 --> Session: Class initialized using 'CodeIgniter\Session\Handlers\DatabaseHandler' driver.
INFO - 2024-08-09 19:13:22 --> CSRF token verified.
INFO - 2024-08-09 16:13:23 --> Session: Class initialized using 'CodeIgniter\Session\Handlers\DatabaseHandler' driver.
INFO - 2024-08-09 19:13:23 --> CSRF token verified.
INFO - 2024-08-09 16:13:23 --> Session: Class initialized using 'CodeIgniter\Session\Handlers\DatabaseHandler' driver.
INFO - 2024-08-09 19:13:23 --> CSRF token verified.
INFO - 2024-08-09 16:13:23 --> Session: Class initialized using 'CodeIgniter\Session\Handlers\DatabaseHandler' driver.
INFO - 2024-08-09 19:13:23 --> CSRF token verified.
INFO - 2024-08-09 16:13:23 --> Session: Class initialized using 'CodeIgniter\Session\Handlers\DatabaseHandler' driver.
INFO - 2024-08-09 19:13:23 --> CSRF token verified.
INFO - 2024-08-09 16:13:25 --> Session: Class initialized using 'CodeIgniter\Session\Handlers\DatabaseHandler' driver.
INFO - 2024-08-09 19:13:25 --> CSRF token verified.
INFO - 2024-08-09 16:13:58 --> Session: Class initialized using 'CodeIgniter\Session\Handlers\DatabaseHandler' driver.
INFO - 2024-08-09 19:13:58 --> CSRF token verified.
INFO - 2024-08-09 16:14:13 --> Session: Class initialized using 'CodeIgniter\Session\Handlers\DatabaseHandler' driver.
INFO - 2024-08-09 19:14:13 --> CSRF token verified.
INFO - 2024-08-09 16:17:55 --> Session: Class initialized using 'CodeIgniter\Session\Handlers\DatabaseHandler' driver.
INFO - 2024-08-09 19:17:55 --> CSRF token verified.
INFO - 2024-08-09 16:19:49 --> Session: Class initialized using 'CodeIgniter\Session\Handlers\DatabaseHandler' driver.
INFO - 2024-08-09 19:19:49 --> CSRF token verified.
INFO - 2024-08-09 16:19:51 --> Session: Class initialized using 'CodeIgniter\Session\Handlers\DatabaseHandler' driver.
INFO - 2024-08-09 19:19:51 --> CSRF token verified.
INFO - 2024-08-09 16:19:54 --> Session: Class initialized using 'CodeIgniter\Session\Handlers\DatabaseHandler' driver.
INFO - 2024-08-09 19:19:54 --> CSRF token verified.
INFO - 2024-08-09 16:19:54 --> Session: Class initialized using 'CodeIgniter\Session\Handlers\DatabaseHandler' driver.
INFO - 2024-08-09 16:19:55 --> Session: Class initialized using 'CodeIgniter\Session\Handlers\DatabaseHandler' driver.
INFO - 2024-08-09 19:19:55 --> CSRF token verified.
INFO - 2024-08-09 16:22:02 --> Session: Class initialized using 'CodeIgniter\Session\Handlers\DatabaseHandler' driver.
INFO - 2024-08-09 19:22:02 --> CSRF token verified.
INFO - 2024-08-09 16:22:02 --> Session: Class initialized using 'CodeIgniter\Session\Handlers\DatabaseHandler' driver.
INFO - 2024-08-09 19:22:02 --> CSRF token verified.
INFO - 2024-08-09 16:22:04 --> Session: Class initialized using 'CodeIgniter\Session\Handlers\DatabaseHandler' driver.
INFO - 2024-08-09 19:22:04 --> CSRF token verified.
INFO - 2024-08-09 16:22:05 --> Session: Class initialized using 'CodeIgniter\Session\Handlers\DatabaseHandler' driver.
INFO - 2024-08-09 19:22:05 --> CSRF token verified.
INFO - 2024-08-09 16:22:06 --> Session: Class initialized using 'CodeIgniter\Session\Handlers\DatabaseHandler' driver.
INFO - 2024-08-09 19:22:06 --> CSRF token verified.
INFO - 2024-08-09 16:22:17 --> Session: Class initialized using 'CodeIgniter\Session\Handlers\DatabaseHandler' driver.
INFO - 2024-08-09 19:22:17 --> CSRF token verified.
INFO - 2024-08-09 16:29:26 --> Session: Class initialized using 'CodeIgniter\Session\Handlers\DatabaseHandler' driver.
INFO - 2024-08-09 16:31:44 --> Session: Class initialized using 'CodeIgniter\Session\Handlers\DatabaseHandler' driver.
INFO - 2024-08-09 19:31:44 --> CSRF token verified.
INFO - 2024-08-09 16:32:59 --> Session: Class initialized using 'CodeIgniter\Session\Handlers\DatabaseHandler' driver.
INFO - 2024-08-09 19:32:59 --> CSRF token verified.
INFO - 2024-08-09 16:32:59 --> Session: Class initialized using 'CodeIgniter\Session\Handlers\DatabaseHandler' driver.
INFO - 2024-08-09 19:32:59 --> CSRF token verified.
INFO - 2024-08-09 16:33:00 --> Session: Class initialized using 'CodeIgniter\Session\Handlers\DatabaseHandler' driver.
INFO - 2024-08-09 19:33:00 --> CSRF token verified.
INFO - 2024-08-09 16:33:01 --> Session: Class initialized using 'CodeIgniter\Session\Handlers\DatabaseHandler' driver.
INFO - 2024-08-09 19:33:01 --> CSRF token verified.
INFO - 2024-08-09 16:33:02 --> Session: Class initialized using 'CodeIgniter\Session\Handlers\DatabaseHandler' driver.
INFO - 2024-08-09 19:33:02 --> CSRF token verified.
INFO - 2024-08-09 16:33:03 --> Session: Class initialized using 'CodeIgniter\Session\Handlers\DatabaseHandler' driver.
INFO - 2024-08-09 19:33:03 --> CSRF token verified.
INFO - 2024-08-09 16:33:04 --> Session: Class initialized using 'CodeIgniter\Session\Handlers\DatabaseHandler' driver.
INFO - 2024-08-09 19:33:04 --> CSRF token verified.
INFO - 2024-08-09 16:33:04 --> Session: Class initialized using 'CodeIgniter\Session\Handlers\DatabaseHandler' driver.
INFO - 2024-08-09 19:33:04 --> CSRF token verified.
INFO - 2024-08-09 16:33:06 --> Session: Class initialized using 'CodeIgniter\Session\Handlers\DatabaseHandler' driver.
INFO - 2024-08-09 19:33:06 --> CSRF token verified.
INFO - 2024-08-09 16:33:07 --> Session: Class initialized using 'CodeIgniter\Session\Handlers\DatabaseHandler' driver.
INFO - 2024-08-09 19:33:07 --> CSRF token verified.
INFO - 2024-08-09 16:34:08 --> Session: Class initialized using 'CodeIgniter\Session\Handlers\DatabaseHandler' driver.
INFO - 2024-08-09 19:34:08 --> CSRF token verified.
INFO - 2024-08-09 16:34:24 --> Session: Class initialized using 'CodeIgniter\Session\Handlers\DatabaseHandler' driver.
INFO - 2024-08-09 19:34:24 --> CSRF token verified.
INFO - 2024-08-09 16:34:36 --> Session: Class initialized using 'CodeIgniter\Session\Handlers\DatabaseHandler' driver.
INFO - 2024-08-09 19:34:36 --> CSRF token verified.
INFO - 2024-08-09 16:34:55 --> Session: Class initialized using 'CodeIgniter\Session\Handlers\DatabaseHandler' driver.
INFO - 2024-08-09 19:34:55 --> CSRF token verified.
INFO - 2024-08-09 16:38:56 --> Session: Class initialized using 'CodeIgniter\Session\Handlers\DatabaseHandler' driver.
INFO - 2024-08-09 19:38:56 --> CSRF token verified.
INFO - 2024-08-09 16:38:56 --> Session: Class initialized using 'CodeIgniter\Session\Handlers\DatabaseHandler' driver.
INFO - 2024-08-09 16:38:57 --> Session: Class initialized using 'CodeIgniter\Session\Handlers\DatabaseHandler' driver.
INFO - 2024-08-09 19:38:57 --> CSRF token verified.
INFO - 2024-08-09 16:40:41 --> Session: Class initialized using 'CodeIgniter\Session\Handlers\DatabaseHandler' driver.
INFO - 2024-08-09 19:40:41 --> CSRF token verified.
INFO - 2024-08-09 16:40:51 --> Session: Class initialized using 'CodeIgniter\Session\Handlers\DatabaseHandler' driver.
INFO - 2024-08-09 19:40:51 --> CSRF token verified.
INFO - 2024-08-09 16:40:53 --> Session: Class initialized using 'CodeIgniter\Session\Handlers\DatabaseHandler' driver.
INFO - 2024-08-09 19:40:53 --> CSRF token verified.
INFO - 2024-08-09 16:41:36 --> Session: Class initialized using 'CodeIgniter\Session\Handlers\DatabaseHandler' driver.
INFO - 2024-08-09 19:41:36 --> CSRF token verified.
INFO - 2024-08-09 16:41:36 --> Session: Class initialized using 'CodeIgniter\Session\Handlers\DatabaseHandler' driver.
INFO - 2024-08-09 19:41:36 --> CSRF token verified.
INFO - 2024-08-09 16:41:37 --> Session: Class initialized using 'CodeIgniter\Session\Handlers\DatabaseHandler' driver.
INFO - 2024-08-09 19:41:37 --> CSRF token verified.
INFO - 2024-08-09 16:41:38 --> Session: Class initialized using 'CodeIgniter\Session\Handlers\DatabaseHandler' driver.
INFO - 2024-08-09 19:41:38 --> CSRF token verified.
INFO - 2024-08-09 16:41:39 --> Session: Class initialized using 'CodeIgniter\Session\Handlers\DatabaseHandler' driver.
INFO - 2024-08-09 19:41:39 --> CSRF token verified.
INFO - 2024-08-09 16:41:41 --> Session: Class initialized using 'CodeIgniter\Session\Handlers\DatabaseHandler' driver.
INFO - 2024-08-09 19:41:41 --> CSRF token verified.
INFO - 2024-08-09 16:41:42 --> Session: Class initialized using 'CodeIgniter\Session\Handlers\DatabaseHandler' driver.
INFO - 2024-08-09 19:41:42 --> CSRF token verified.
INFO - 2024-08-09 16:41:43 --> Session: Class initialized using 'CodeIgniter\Session\Handlers\DatabaseHandler' driver.
INFO - 2024-08-09 19:41:43 --> CSRF token verified.
INFO - 2024-08-09 16:41:43 --> Session: Class initialized using 'CodeIgniter\Session\Handlers\DatabaseHandler' driver.
INFO - 2024-08-09 19:41:43 --> CSRF token verified.
INFO - 2024-08-09 16:41:43 --> Session: Class initialized using 'CodeIgniter\Session\Handlers\DatabaseHandler' driver.
INFO - 2024-08-09 19:41:44 --> CSRF token verified.
INFO - 2024-08-09 16:41:44 --> Session: Class initialized using 'CodeIgniter\Session\Handlers\DatabaseHandler' driver.
INFO - 2024-08-09 19:41:44 --> CSRF token verified.
INFO - 2024-08-09 16:41:45 --> Session: Class initialized using 'CodeIgniter\Session\Handlers\DatabaseHandler' driver.
INFO - 2024-08-09 19:41:45 --> CSRF token verified.
INFO - 2024-08-09 16:44:37 --> Session: Class initialized using 'CodeIgniter\Session\Handlers\DatabaseHandler' driver.
INFO - 2024-08-09 19:44:37 --> CSRF token verified.
INFO - 2024-08-09 16:44:54 --> Session: Class initialized using 'CodeIgniter\Session\Handlers\DatabaseHandler' driver.
INFO - 2024-08-09 19:44:54 --> CSRF token verified.
INFO - 2024-08-09 16:45:41 --> Session: Class initialized using 'CodeIgniter\Session\Handlers\DatabaseHandler' driver.
INFO - 2024-08-09 19:45:41 --> CSRF token verified.
INFO - 2024-08-09 16:46:16 --> Session: Class initialized using 'CodeIgniter\Session\Handlers\DatabaseHandler' driver.
INFO - 2024-08-09 19:46:16 --> CSRF token verified.
INFO - 2024-08-09 16:46:23 --> Session: Class initialized using 'CodeIgniter\Session\Handlers\DatabaseHandler' driver.
INFO - 2024-08-09 19:46:23 --> CSRF token verified.
INFO - 2024-08-09 16:46:26 --> Session: Class initialized using 'CodeIgniter\Session\Handlers\DatabaseHandler' driver.
INFO - 2024-08-09 19:46:26 --> CSRF token verified.
INFO - 2024-08-09 16:46:32 --> Session: Class initialized using 'CodeIgniter\Session\Handlers\DatabaseHandler' driver.
INFO - 2024-08-09 19:46:32 --> CSRF token verified.
INFO - 2024-08-09 16:46:32 --> Session: Class initialized using 'CodeIgniter\Session\Handlers\DatabaseHandler' driver.
INFO - 2024-08-09 16:46:33 --> Session: Class initialized using 'CodeIgniter\Session\Handlers\DatabaseHandler' driver.
INFO - 2024-08-09 19:46:33 --> CSRF token verified.
INFO - 2024-08-09 16:46:40 --> Session: Class initialized using 'CodeIgniter\Session\Handlers\DatabaseHandler' driver.
INFO - 2024-08-09 16:46:40 --> Session: Class initialized using 'CodeIgniter\Session\Handlers\DatabaseHandler' driver.
INFO - 2024-08-09 19:46:40 --> CSRF token verified.
INFO - 2024-08-09 16:46:51 --> Session: Class initialized using 'CodeIgniter\Session\Handlers\DatabaseHandler' driver.
INFO - 2024-08-09 16:46:51 --> Session: Class initialized using 'CodeIgniter\Session\Handlers\DatabaseHandler' driver.
INFO - 2024-08-09 19:46:51 --> CSRF token verified.
INFO - 2024-08-09 16:46:59 --> Session: Class initialized using 'CodeIgniter\Session\Handlers\DatabaseHandler' driver.
INFO - 2024-08-09 16:47:01 --> Session: Class initialized using 'CodeIgniter\Session\Handlers\DatabaseHandler' driver.
INFO - 2024-08-09 19:47:01 --> CSRF token verified.
INFO - 2024-08-09 17:13:25 --> Session: Class initialized using 'CodeIgniter\Session\Handlers\DatabaseHandler' driver.
INFO - 2024-08-09 18:34:01 --> Session: Class initialized using 'CodeIgniter\Session\Handlers\DatabaseHandler' driver.
INFO - 2024-08-09 18:34:02 --> Session: Class initialized using 'CodeIgniter\Session\Handlers\DatabaseHandler' driver.
INFO - 2024-08-09 18:34:03 --> Session: Class initialized using 'CodeIgniter\Session\Handlers\DatabaseHandler' driver.
INFO - 2024-08-09 18:38:42 --> Session: Class initialized using 'CodeIgniter\Session\Handlers\DatabaseHandler' driver.
INFO - 2024-08-09 19:08:04 --> Session: Class initialized using 'CodeIgniter\Session\Handlers\DatabaseHandler' driver.
INFO - 2024-08-09 19:22:59 --> Session: Class initialized using 'CodeIgniter\Session\Handlers\DatabaseHandler' driver.
INFO - 2024-08-09 20:14:28 --> Session: Class initialized using 'CodeIgniter\Session\Handlers\DatabaseHandler' driver.
INFO - 2024-08-09 20:56:16 --> Session: Class initialized using 'CodeIgniter\Session\Handlers\DatabaseHandler' driver.
INFO - 2024-08-09 21:57:19 --> Session: Class initialized using 'CodeIgniter\Session\Handlers\DatabaseHandler' driver.
INFO - 2024-08-09 21:57:23 --> Session: Class initialized using 'CodeIgniter\Session\Handlers\DatabaseHandler' driver.
INFO - 2024-08-09 22:19:25 --> Session: Class initialized using 'CodeIgniter\Session\Handlers\DatabaseHandler' driver.
INFO - 2024-08-09 23:28:45 --> Session: Class initialized using 'CodeIgniter\Session\Handlers\DatabaseHandler' driver.
