INFO - 2024-07-27 00:09:09 --> CSRF token verified.
INFO - 2024-07-27 02:26:38 --> CSRF token verified.
INFO - 2024-07-27 00:10:27 --> Session: Class initialized using 'CodeIgniter\Session\Handlers\DatabaseHandler' driver.
INFO - 2024-07-27 01:45:43 --> Session: Class initialized using 'CodeIgniter\Session\Handlers\DatabaseHandler' driver.
INFO - 2024-07-27 02:19:26 --> Session: Class initialized using 'CodeIgniter\Session\Handlers\DatabaseHandler' driver.
INFO - 2024-07-27 02:56:19 --> Session: Class initialized using 'CodeIgniter\Session\Handlers\DatabaseHandler' driver.
INFO - 2024-07-27 04:10:32 --> Session: Class initialized using 'CodeIgniter\Session\Handlers\DatabaseHandler' driver.
INFO - 2024-07-27 04:17:13 --> Session: Class initialized using 'CodeIgniter\Session\Handlers\DatabaseHandler' driver.
INFO - 2024-07-27 04:48:19 --> Session: Class initialized using 'CodeIgniter\Session\Handlers\DatabaseHandler' driver.
INFO - 2024-07-27 04:55:05 --> Session: Class initialized using 'CodeIgniter\Session\Handlers\DatabaseHandler' driver.
INFO - 2024-07-27 05:39:07 --> Session: Class initialized using 'CodeIgniter\Session\Handlers\DatabaseHandler' driver.
INFO - 2024-07-27 06:30:06 --> Session: Class initialized using 'CodeIgniter\Session\Handlers\DatabaseHandler' driver.
INFO - 2024-07-27 06:40:10 --> Session: Class initialized using 'CodeIgniter\Session\Handlers\DatabaseHandler' driver.
INFO - 2024-07-27 06:56:07 --> Session: Class initialized using 'CodeIgniter\Session\Handlers\DatabaseHandler' driver.
INFO - 2024-07-27 07:04:27 --> Session: Class initialized using 'CodeIgniter\Session\Handlers\DatabaseHandler' driver.
INFO - 2024-07-27 07:21:01 --> Session: Class initialized using 'CodeIgniter\Session\Handlers\DatabaseHandler' driver.
INFO - 2024-07-27 07:48:11 --> Session: Class initialized using 'CodeIgniter\Session\Handlers\DatabaseHandler' driver.
INFO - 2024-07-27 07:48:17 --> Session: Class initialized using 'CodeIgniter\Session\Handlers\DatabaseHandler' driver.
INFO - 2024-07-27 10:48:17 --> CSRF token verified.
INFO - 2024-07-27 08:31:20 --> Session: Class initialized using 'CodeIgniter\Session\Handlers\DatabaseHandler' driver.
INFO - 2024-07-27 09:10:26 --> Session: Class initialized using 'CodeIgniter\Session\Handlers\DatabaseHandler' driver.
INFO - 2024-07-27 09:28:43 --> Session: Class initialized using 'CodeIgniter\Session\Handlers\DatabaseHandler' driver.
INFO - 2024-07-27 09:29:58 --> Session: Class initialized using 'CodeIgniter\Session\Handlers\DatabaseHandler' driver.
INFO - 2024-07-27 09:33:26 --> Session: Class initialized using 'CodeIgniter\Session\Handlers\DatabaseHandler' driver.
INFO - 2024-07-27 09:47:22 --> Session: Class initialized using 'CodeIgniter\Session\Handlers\DatabaseHandler' driver.
INFO - 2024-07-27 09:52:43 --> Session: Class initialized using 'CodeIgniter\Session\Handlers\DatabaseHandler' driver.
INFO - 2024-07-27 09:53:36 --> Session: Class initialized using 'CodeIgniter\Session\Handlers\DatabaseHandler' driver.
INFO - 2024-07-27 12:53:36 --> CSRF token verified.
INFO - 2024-07-27 10:22:01 --> Session: Class initialized using 'CodeIgniter\Session\Handlers\DatabaseHandler' driver.
INFO - 2024-07-27 10:25:39 --> Session: Class initialized using 'CodeIgniter\Session\Handlers\DatabaseHandler' driver.
INFO - 2024-07-27 10:31:58 --> Session: Class initialized using 'CodeIgniter\Session\Handlers\DatabaseHandler' driver.
INFO - 2024-07-27 10:42:29 --> Session: Class initialized using 'CodeIgniter\Session\Handlers\DatabaseHandler' driver.
INFO - 2024-07-27 11:12:56 --> Session: Class initialized using 'CodeIgniter\Session\Handlers\DatabaseHandler' driver.
INFO - 2024-07-27 11:12:57 --> Session: Class initialized using 'CodeIgniter\Session\Handlers\DatabaseHandler' driver.
INFO - 2024-07-27 14:12:57 --> CSRF token verified.
INFO - 2024-07-27 11:42:05 --> Session: Class initialized using 'CodeIgniter\Session\Handlers\DatabaseHandler' driver.
INFO - 2024-07-27 11:58:09 --> Session: Class initialized using 'CodeIgniter\Session\Handlers\DatabaseHandler' driver.
INFO - 2024-07-27 12:00:30 --> Session: Class initialized using 'CodeIgniter\Session\Handlers\DatabaseHandler' driver.
INFO - 2024-07-27 12:07:46 --> Session: Class initialized using 'CodeIgniter\Session\Handlers\DatabaseHandler' driver.
INFO - 2024-07-27 12:08:28 --> Session: Class initialized using 'CodeIgniter\Session\Handlers\DatabaseHandler' driver.
INFO - 2024-07-27 12:10:07 --> Session: Class initialized using 'CodeIgniter\Session\Handlers\DatabaseHandler' driver.
INFO - 2024-07-27 12:11:16 --> Session: Class initialized using 'CodeIgniter\Session\Handlers\DatabaseHandler' driver.
INFO - 2024-07-27 12:11:18 --> Session: Class initialized using 'CodeIgniter\Session\Handlers\DatabaseHandler' driver.
INFO - 2024-07-27 15:11:18 --> CSRF token verified.
INFO - 2024-07-27 12:20:20 --> Session: Class initialized using 'CodeIgniter\Session\Handlers\DatabaseHandler' driver.
INFO - 2024-07-27 12:25:53 --> Session: Class initialized using 'CodeIgniter\Session\Handlers\DatabaseHandler' driver.
INFO - 2024-07-27 12:40:00 --> Session: Class initialized using 'CodeIgniter\Session\Handlers\DatabaseHandler' driver.
INFO - 2024-07-27 12:40:31 --> Session: Class initialized using 'CodeIgniter\Session\Handlers\DatabaseHandler' driver.
INFO - 2024-07-27 12:45:21 --> Session: Class initialized using 'CodeIgniter\Session\Handlers\DatabaseHandler' driver.
INFO - 2024-07-27 12:52:21 --> Session: Class initialized using 'CodeIgniter\Session\Handlers\DatabaseHandler' driver.
INFO - 2024-07-27 12:52:26 --> Session: Class initialized using 'CodeIgniter\Session\Handlers\DatabaseHandler' driver.
INFO - 2024-07-27 12:57:16 --> Session: Class initialized using 'CodeIgniter\Session\Handlers\DatabaseHandler' driver.
INFO - 2024-07-27 13:01:52 --> Session: Class initialized using 'CodeIgniter\Session\Handlers\DatabaseHandler' driver.
INFO - 2024-07-27 13:12:02 --> Session: Class initialized using 'CodeIgniter\Session\Handlers\DatabaseHandler' driver.
INFO - 2024-07-27 13:17:25 --> Session: Class initialized using 'CodeIgniter\Session\Handlers\DatabaseHandler' driver.
INFO - 2024-07-27 13:28:19 --> Session: Class initialized using 'CodeIgniter\Session\Handlers\DatabaseHandler' driver.
INFO - 2024-07-27 13:33:56 --> Session: Class initialized using 'CodeIgniter\Session\Handlers\DatabaseHandler' driver.
INFO - 2024-07-27 13:43:37 --> Session: Class initialized using 'CodeIgniter\Session\Handlers\DatabaseHandler' driver.
INFO - 2024-07-27 13:45:17 --> Session: Class initialized using 'CodeIgniter\Session\Handlers\DatabaseHandler' driver.
INFO - 2024-07-27 13:45:30 --> Session: Class initialized using 'CodeIgniter\Session\Handlers\DatabaseHandler' driver.
INFO - 2024-07-27 14:38:31 --> Session: Class initialized using 'CodeIgniter\Session\Handlers\DatabaseHandler' driver.
INFO - 2024-07-27 14:43:20 --> Session: Class initialized using 'CodeIgniter\Session\Handlers\DatabaseHandler' driver.
INFO - 2024-07-27 14:44:13 --> Session: Class initialized using 'CodeIgniter\Session\Handlers\DatabaseHandler' driver.
INFO - 2024-07-27 14:46:21 --> Session: Class initialized using 'CodeIgniter\Session\Handlers\DatabaseHandler' driver.
INFO - 2024-07-27 14:51:44 --> Session: Class initialized using 'CodeIgniter\Session\Handlers\DatabaseHandler' driver.
INFO - 2024-07-27 14:54:22 --> Session: Class initialized using 'CodeIgniter\Session\Handlers\DatabaseHandler' driver.
INFO - 2024-07-27 14:55:08 --> Session: Class initialized using 'CodeIgniter\Session\Handlers\DatabaseHandler' driver.
INFO - 2024-07-27 14:55:09 --> Session: Class initialized using 'CodeIgniter\Session\Handlers\DatabaseHandler' driver.
INFO - 2024-07-27 14:56:43 --> Session: Class initialized using 'CodeIgniter\Session\Handlers\DatabaseHandler' driver.
INFO - 2024-07-27 15:02:32 --> Session: Class initialized using 'CodeIgniter\Session\Handlers\DatabaseHandler' driver.
INFO - 2024-07-27 15:03:32 --> Session: Class initialized using 'CodeIgniter\Session\Handlers\DatabaseHandler' driver.
INFO - 2024-07-27 15:13:21 --> Session: Class initialized using 'CodeIgniter\Session\Handlers\DatabaseHandler' driver.
INFO - 2024-07-27 15:13:22 --> Session: Class initialized using 'CodeIgniter\Session\Handlers\DatabaseHandler' driver.
INFO - 2024-07-27 18:13:22 --> CSRF token verified.
INFO - 2024-07-27 15:14:28 --> Session: Class initialized using 'CodeIgniter\Session\Handlers\DatabaseHandler' driver.
INFO - 2024-07-27 15:14:29 --> Session: Class initialized using 'CodeIgniter\Session\Handlers\DatabaseHandler' driver.
INFO - 2024-07-27 18:14:29 --> CSRF token verified.
INFO - 2024-07-27 15:16:09 --> Session: Class initialized using 'CodeIgniter\Session\Handlers\DatabaseHandler' driver.
INFO - 2024-07-27 18:16:09 --> CSRF token verified.
INFO - 2024-07-27 15:16:09 --> Session: Class initialized using 'CodeIgniter\Session\Handlers\DatabaseHandler' driver.
INFO - 2024-07-27 18:16:09 --> CSRF token verified.
INFO - 2024-07-27 15:16:21 --> Session: Class initialized using 'CodeIgniter\Session\Handlers\DatabaseHandler' driver.
INFO - 2024-07-27 15:16:39 --> Session: Class initialized using 'CodeIgniter\Session\Handlers\DatabaseHandler' driver.
INFO - 2024-07-27 18:16:39 --> CSRF token verified.
INFO - 2024-07-27 15:17:51 --> Session: Class initialized using 'CodeIgniter\Session\Handlers\DatabaseHandler' driver.
INFO - 2024-07-27 18:17:51 --> CSRF token verified.
INFO - 2024-07-27 15:17:54 --> Session: Class initialized using 'CodeIgniter\Session\Handlers\DatabaseHandler' driver.
INFO - 2024-07-27 18:17:54 --> CSRF token verified.
INFO - 2024-07-27 15:17:55 --> Session: Class initialized using 'CodeIgniter\Session\Handlers\DatabaseHandler' driver.
INFO - 2024-07-27 18:17:55 --> CSRF token verified.
INFO - 2024-07-27 15:19:11 --> Session: Class initialized using 'CodeIgniter\Session\Handlers\DatabaseHandler' driver.
INFO - 2024-07-27 18:19:11 --> CSRF token verified.
INFO - 2024-07-27 15:21:17 --> Session: Class initialized using 'CodeIgniter\Session\Handlers\DatabaseHandler' driver.
INFO - 2024-07-27 18:21:17 --> CSRF token verified.
INFO - 2024-07-27 15:21:44 --> Session: Class initialized using 'CodeIgniter\Session\Handlers\DatabaseHandler' driver.
INFO - 2024-07-27 18:21:44 --> CSRF token verified.
INFO - 2024-07-27 15:21:44 --> Session: Class initialized using 'CodeIgniter\Session\Handlers\DatabaseHandler' driver.
INFO - 2024-07-27 18:21:44 --> CSRF token verified.
INFO - 2024-07-27 15:21:44 --> Session: Class initialized using 'CodeIgniter\Session\Handlers\DatabaseHandler' driver.
INFO - 2024-07-27 18:21:44 --> CSRF token verified.
INFO - 2024-07-27 15:21:45 --> Session: Class initialized using 'CodeIgniter\Session\Handlers\DatabaseHandler' driver.
INFO - 2024-07-27 18:21:45 --> CSRF token verified.
INFO - 2024-07-27 15:21:45 --> Session: Class initialized using 'CodeIgniter\Session\Handlers\DatabaseHandler' driver.
INFO - 2024-07-27 18:21:45 --> CSRF token verified.
INFO - 2024-07-27 15:21:51 --> Session: Class initialized using 'CodeIgniter\Session\Handlers\DatabaseHandler' driver.
INFO - 2024-07-27 18:21:51 --> CSRF token verified.
INFO - 2024-07-27 15:21:52 --> Session: Class initialized using 'CodeIgniter\Session\Handlers\DatabaseHandler' driver.
INFO - 2024-07-27 18:21:52 --> CSRF token verified.
INFO - 2024-07-27 15:21:54 --> Session: Class initialized using 'CodeIgniter\Session\Handlers\DatabaseHandler' driver.
INFO - 2024-07-27 18:21:54 --> CSRF token verified.
INFO - 2024-07-27 15:21:54 --> Session: Class initialized using 'CodeIgniter\Session\Handlers\DatabaseHandler' driver.
INFO - 2024-07-27 18:21:54 --> CSRF token verified.
INFO - 2024-07-27 15:21:55 --> Session: Class initialized using 'CodeIgniter\Session\Handlers\DatabaseHandler' driver.
INFO - 2024-07-27 18:21:55 --> CSRF token verified.
INFO - 2024-07-27 15:21:56 --> Session: Class initialized using 'CodeIgniter\Session\Handlers\DatabaseHandler' driver.
INFO - 2024-07-27 18:21:56 --> CSRF token verified.
INFO - 2024-07-27 15:21:56 --> Session: Class initialized using 'CodeIgniter\Session\Handlers\DatabaseHandler' driver.
INFO - 2024-07-27 18:21:56 --> CSRF token verified.
INFO - 2024-07-27 15:21:57 --> Session: Class initialized using 'CodeIgniter\Session\Handlers\DatabaseHandler' driver.
INFO - 2024-07-27 18:21:57 --> CSRF token verified.
INFO - 2024-07-27 15:21:57 --> Session: Class initialized using 'CodeIgniter\Session\Handlers\DatabaseHandler' driver.
INFO - 2024-07-27 18:21:57 --> CSRF token verified.
INFO - 2024-07-27 15:21:58 --> Session: Class initialized using 'CodeIgniter\Session\Handlers\DatabaseHandler' driver.
INFO - 2024-07-27 18:21:58 --> CSRF token verified.
INFO - 2024-07-27 15:21:58 --> Session: Class initialized using 'CodeIgniter\Session\Handlers\DatabaseHandler' driver.
INFO - 2024-07-27 18:21:58 --> CSRF token verified.
INFO - 2024-07-27 15:21:58 --> Session: Class initialized using 'CodeIgniter\Session\Handlers\DatabaseHandler' driver.
INFO - 2024-07-27 18:21:58 --> CSRF token verified.
INFO - 2024-07-27 15:21:59 --> Session: Class initialized using 'CodeIgniter\Session\Handlers\DatabaseHandler' driver.
INFO - 2024-07-27 18:21:59 --> CSRF token verified.
INFO - 2024-07-27 15:21:59 --> Session: Class initialized using 'CodeIgniter\Session\Handlers\DatabaseHandler' driver.
INFO - 2024-07-27 18:21:59 --> CSRF token verified.
INFO - 2024-07-27 15:22:00 --> Session: Class initialized using 'CodeIgniter\Session\Handlers\DatabaseHandler' driver.
INFO - 2024-07-27 18:22:00 --> CSRF token verified.
INFO - 2024-07-27 15:22:22 --> Session: Class initialized using 'CodeIgniter\Session\Handlers\DatabaseHandler' driver.
INFO - 2024-07-27 18:22:22 --> CSRF token verified.
INFO - 2024-07-27 15:22:34 --> Session: Class initialized using 'CodeIgniter\Session\Handlers\DatabaseHandler' driver.
INFO - 2024-07-27 18:22:34 --> CSRF token verified.
INFO - 2024-07-27 15:22:45 --> Session: Class initialized using 'CodeIgniter\Session\Handlers\DatabaseHandler' driver.
INFO - 2024-07-27 18:22:45 --> CSRF token verified.
INFO - 2024-07-27 15:22:57 --> Session: Class initialized using 'CodeIgniter\Session\Handlers\DatabaseHandler' driver.
INFO - 2024-07-27 18:22:57 --> CSRF token verified.
INFO - 2024-07-27 15:23:27 --> Session: Class initialized using 'CodeIgniter\Session\Handlers\DatabaseHandler' driver.
INFO - 2024-07-27 18:23:27 --> CSRF token verified.
INFO - 2024-07-27 15:23:45 --> Session: Class initialized using 'CodeIgniter\Session\Handlers\DatabaseHandler' driver.
INFO - 2024-07-27 18:23:45 --> CSRF token verified.
INFO - 2024-07-27 15:24:01 --> Session: Class initialized using 'CodeIgniter\Session\Handlers\DatabaseHandler' driver.
INFO - 2024-07-27 18:24:01 --> CSRF token verified.
INFO - 2024-07-27 15:24:40 --> Session: Class initialized using 'CodeIgniter\Session\Handlers\DatabaseHandler' driver.
INFO - 2024-07-27 18:24:40 --> CSRF token verified.
INFO - 2024-07-27 15:24:40 --> Session: Class initialized using 'CodeIgniter\Session\Handlers\DatabaseHandler' driver.
INFO - 2024-07-27 18:24:40 --> CSRF token verified.
INFO - 2024-07-27 15:25:03 --> Session: Class initialized using 'CodeIgniter\Session\Handlers\DatabaseHandler' driver.
INFO - 2024-07-27 18:25:03 --> CSRF token verified.
INFO - 2024-07-27 15:25:03 --> Session: Class initialized using 'CodeIgniter\Session\Handlers\DatabaseHandler' driver.
INFO - 2024-07-27 18:25:03 --> CSRF token verified.
INFO - 2024-07-27 15:25:04 --> Session: Class initialized using 'CodeIgniter\Session\Handlers\DatabaseHandler' driver.
INFO - 2024-07-27 18:25:04 --> CSRF token verified.
INFO - 2024-07-27 15:25:04 --> Session: Class initialized using 'CodeIgniter\Session\Handlers\DatabaseHandler' driver.
INFO - 2024-07-27 18:25:04 --> CSRF token verified.
INFO - 2024-07-27 15:25:08 --> Session: Class initialized using 'CodeIgniter\Session\Handlers\DatabaseHandler' driver.
INFO - 2024-07-27 18:25:08 --> CSRF token verified.
INFO - 2024-07-27 15:25:08 --> Session: Class initialized using 'CodeIgniter\Session\Handlers\DatabaseHandler' driver.
INFO - 2024-07-27 15:25:10 --> Session: Class initialized using 'CodeIgniter\Session\Handlers\DatabaseHandler' driver.
INFO - 2024-07-27 18:25:10 --> CSRF token verified.
INFO - 2024-07-27 15:28:03 --> Session: Class initialized using 'CodeIgniter\Session\Handlers\DatabaseHandler' driver.
INFO - 2024-07-27 18:28:03 --> CSRF token verified.
INFO - 2024-07-27 15:28:12 --> Session: Class initialized using 'CodeIgniter\Session\Handlers\DatabaseHandler' driver.
INFO - 2024-07-27 18:28:12 --> CSRF token verified.
INFO - 2024-07-27 15:28:14 --> Session: Class initialized using 'CodeIgniter\Session\Handlers\DatabaseHandler' driver.
INFO - 2024-07-27 18:28:14 --> CSRF token verified.
INFO - 2024-07-27 15:28:50 --> Session: Class initialized using 'CodeIgniter\Session\Handlers\DatabaseHandler' driver.
INFO - 2024-07-27 18:28:50 --> CSRF token verified.
INFO - 2024-07-27 15:28:51 --> Session: Class initialized using 'CodeIgniter\Session\Handlers\DatabaseHandler' driver.
INFO - 2024-07-27 18:28:51 --> CSRF token verified.
INFO - 2024-07-27 15:28:51 --> Session: Class initialized using 'CodeIgniter\Session\Handlers\DatabaseHandler' driver.
INFO - 2024-07-27 18:28:51 --> CSRF token verified.
INFO - 2024-07-27 15:28:52 --> Session: Class initialized using 'CodeIgniter\Session\Handlers\DatabaseHandler' driver.
INFO - 2024-07-27 18:28:52 --> CSRF token verified.
INFO - 2024-07-27 15:28:52 --> Session: Class initialized using 'CodeIgniter\Session\Handlers\DatabaseHandler' driver.
INFO - 2024-07-27 18:28:52 --> CSRF token verified.
INFO - 2024-07-27 15:28:52 --> Session: Class initialized using 'CodeIgniter\Session\Handlers\DatabaseHandler' driver.
INFO - 2024-07-27 18:28:52 --> CSRF token verified.
INFO - 2024-07-27 15:28:52 --> Session: Class initialized using 'CodeIgniter\Session\Handlers\DatabaseHandler' driver.
INFO - 2024-07-27 18:28:52 --> CSRF token verified.
INFO - 2024-07-27 15:28:56 --> Session: Class initialized using 'CodeIgniter\Session\Handlers\DatabaseHandler' driver.
INFO - 2024-07-27 18:28:56 --> CSRF token verified.
INFO - 2024-07-27 15:29:24 --> Session: Class initialized using 'CodeIgniter\Session\Handlers\DatabaseHandler' driver.
INFO - 2024-07-27 18:29:24 --> CSRF token verified.
INFO - 2024-07-27 15:29:24 --> Session: Class initialized using 'CodeIgniter\Session\Handlers\DatabaseHandler' driver.
INFO - 2024-07-27 18:29:24 --> CSRF token verified.
INFO - 2024-07-27 15:29:25 --> Session: Class initialized using 'CodeIgniter\Session\Handlers\DatabaseHandler' driver.
INFO - 2024-07-27 18:29:25 --> CSRF token verified.
INFO - 2024-07-27 15:29:25 --> Session: Class initialized using 'CodeIgniter\Session\Handlers\DatabaseHandler' driver.
INFO - 2024-07-27 18:29:25 --> CSRF token verified.
INFO - 2024-07-27 15:29:25 --> Session: Class initialized using 'CodeIgniter\Session\Handlers\DatabaseHandler' driver.
INFO - 2024-07-27 18:29:25 --> CSRF token verified.
INFO - 2024-07-27 15:29:26 --> Session: Class initialized using 'CodeIgniter\Session\Handlers\DatabaseHandler' driver.
INFO - 2024-07-27 18:29:26 --> CSRF token verified.
INFO - 2024-07-27 15:29:26 --> Session: Class initialized using 'CodeIgniter\Session\Handlers\DatabaseHandler' driver.
INFO - 2024-07-27 18:29:26 --> CSRF token verified.
INFO - 2024-07-27 15:29:32 --> Session: Class initialized using 'CodeIgniter\Session\Handlers\DatabaseHandler' driver.
INFO - 2024-07-27 18:29:32 --> CSRF token verified.
INFO - 2024-07-27 15:29:56 --> Session: Class initialized using 'CodeIgniter\Session\Handlers\DatabaseHandler' driver.
INFO - 2024-07-27 18:29:56 --> CSRF token verified.
INFO - 2024-07-27 15:29:57 --> Session: Class initialized using 'CodeIgniter\Session\Handlers\DatabaseHandler' driver.
INFO - 2024-07-27 18:29:57 --> CSRF token verified.
INFO - 2024-07-27 15:29:57 --> Session: Class initialized using 'CodeIgniter\Session\Handlers\DatabaseHandler' driver.
INFO - 2024-07-27 18:29:57 --> CSRF token verified.
INFO - 2024-07-27 15:29:58 --> Session: Class initialized using 'CodeIgniter\Session\Handlers\DatabaseHandler' driver.
INFO - 2024-07-27 18:29:58 --> CSRF token verified.
INFO - 2024-07-27 15:29:58 --> Session: Class initialized using 'CodeIgniter\Session\Handlers\DatabaseHandler' driver.
INFO - 2024-07-27 18:29:58 --> CSRF token verified.
INFO - 2024-07-27 15:29:59 --> Session: Class initialized using 'CodeIgniter\Session\Handlers\DatabaseHandler' driver.
INFO - 2024-07-27 18:29:59 --> CSRF token verified.
INFO - 2024-07-27 15:29:59 --> Session: Class initialized using 'CodeIgniter\Session\Handlers\DatabaseHandler' driver.
INFO - 2024-07-27 18:29:59 --> CSRF token verified.
INFO - 2024-07-27 15:29:59 --> Session: Class initialized using 'CodeIgniter\Session\Handlers\DatabaseHandler' driver.
INFO - 2024-07-27 18:29:59 --> CSRF token verified.
INFO - 2024-07-27 15:30:00 --> Session: Class initialized using 'CodeIgniter\Session\Handlers\DatabaseHandler' driver.
INFO - 2024-07-27 18:30:00 --> CSRF token verified.
INFO - 2024-07-27 15:30:04 --> Session: Class initialized using 'CodeIgniter\Session\Handlers\DatabaseHandler' driver.
INFO - 2024-07-27 18:30:04 --> CSRF token verified.
INFO - 2024-07-27 15:30:11 --> Session: Class initialized using 'CodeIgniter\Session\Handlers\DatabaseHandler' driver.
INFO - 2024-07-27 18:30:11 --> CSRF token verified.
INFO - 2024-07-27 15:30:22 --> Session: Class initialized using 'CodeIgniter\Session\Handlers\DatabaseHandler' driver.
INFO - 2024-07-27 18:30:22 --> CSRF token verified.
INFO - 2024-07-27 15:30:29 --> Session: Class initialized using 'CodeIgniter\Session\Handlers\DatabaseHandler' driver.
INFO - 2024-07-27 18:30:29 --> CSRF token verified.
INFO - 2024-07-27 15:30:35 --> Session: Class initialized using 'CodeIgniter\Session\Handlers\DatabaseHandler' driver.
INFO - 2024-07-27 18:30:35 --> CSRF token verified.
INFO - 2024-07-27 15:30:55 --> Session: Class initialized using 'CodeIgniter\Session\Handlers\DatabaseHandler' driver.
INFO - 2024-07-27 15:31:08 --> Session: Class initialized using 'CodeIgniter\Session\Handlers\DatabaseHandler' driver.
INFO - 2024-07-27 18:31:08 --> CSRF token verified.
INFO - 2024-07-27 15:31:18 --> Session: Class initialized using 'CodeIgniter\Session\Handlers\DatabaseHandler' driver.
INFO - 2024-07-27 18:31:18 --> CSRF token verified.
INFO - 2024-07-27 15:31:20 --> Session: Class initialized using 'CodeIgniter\Session\Handlers\DatabaseHandler' driver.
INFO - 2024-07-27 18:31:20 --> CSRF token verified.
INFO - 2024-07-27 15:31:23 --> Session: Class initialized using 'CodeIgniter\Session\Handlers\DatabaseHandler' driver.
INFO - 2024-07-27 18:31:23 --> CSRF token verified.
INFO - 2024-07-27 15:31:23 --> Session: Class initialized using 'CodeIgniter\Session\Handlers\DatabaseHandler' driver.
INFO - 2024-07-27 15:31:24 --> Session: Class initialized using 'CodeIgniter\Session\Handlers\DatabaseHandler' driver.
INFO - 2024-07-27 18:31:24 --> CSRF token verified.
INFO - 2024-07-27 15:31:51 --> Session: Class initialized using 'CodeIgniter\Session\Handlers\DatabaseHandler' driver.
INFO - 2024-07-27 18:31:51 --> CSRF token verified.
INFO - 2024-07-27 15:31:52 --> Session: Class initialized using 'CodeIgniter\Session\Handlers\DatabaseHandler' driver.
INFO - 2024-07-27 18:31:52 --> CSRF token verified.
INFO - 2024-07-27 15:31:52 --> Session: Class initialized using 'CodeIgniter\Session\Handlers\DatabaseHandler' driver.
INFO - 2024-07-27 18:31:52 --> CSRF token verified.
INFO - 2024-07-27 15:31:53 --> Session: Class initialized using 'CodeIgniter\Session\Handlers\DatabaseHandler' driver.
INFO - 2024-07-27 18:31:53 --> CSRF token verified.
INFO - 2024-07-27 15:31:54 --> Session: Class initialized using 'CodeIgniter\Session\Handlers\DatabaseHandler' driver.
INFO - 2024-07-27 18:31:54 --> CSRF token verified.
INFO - 2024-07-27 15:31:54 --> Session: Class initialized using 'CodeIgniter\Session\Handlers\DatabaseHandler' driver.
INFO - 2024-07-27 18:31:54 --> CSRF token verified.
INFO - 2024-07-27 15:35:58 --> Session: Class initialized using 'CodeIgniter\Session\Handlers\DatabaseHandler' driver.
INFO - 2024-07-27 18:35:58 --> CSRF token verified.
INFO - 2024-07-27 15:37:22 --> Session: Class initialized using 'CodeIgniter\Session\Handlers\DatabaseHandler' driver.
INFO - 2024-07-27 18:37:22 --> CSRF token verified.
INFO - 2024-07-27 15:51:24 --> Session: Class initialized using 'CodeIgniter\Session\Handlers\DatabaseHandler' driver.
INFO - 2024-07-27 15:51:31 --> Session: Class initialized using 'CodeIgniter\Session\Handlers\DatabaseHandler' driver.
INFO - 2024-07-27 18:51:31 --> CSRF token verified.
INFO - 2024-07-27 15:57:12 --> Session: Class initialized using 'CodeIgniter\Session\Handlers\DatabaseHandler' driver.
CRITICAL - 2024-07-27 18:57:12 --> The action you requested is not allowed.
in SYSTEMPATH/Security/Security.php on line 298.
 1 SYSTEMPATH/Security/Security.php(298): CodeIgniter\Security\Exceptions\SecurityException::forDisallowedAction()
 2 SYSTEMPATH/Filters/CSRF.php(55): CodeIgniter\Security\Security->verify()
 3 SYSTEMPATH/Filters/Filters.php(180): CodeIgniter\Filters\CSRF->before()
 4 SYSTEMPATH/CodeIgniter.php(465): CodeIgniter\Filters\Filters->run()
 5 SYSTEMPATH/CodeIgniter.php(352): CodeIgniter\CodeIgniter->handleRequest()
 6 FCPATH/index.php(95): CodeIgniter\CodeIgniter->run()
INFO - 2024-07-27 15:57:22 --> Session: Class initialized using 'CodeIgniter\Session\Handlers\DatabaseHandler' driver.
CRITICAL - 2024-07-27 18:57:22 --> The action you requested is not allowed.
in SYSTEMPATH/Security/Security.php on line 298.
 1 SYSTEMPATH/Security/Security.php(298): CodeIgniter\Security\Exceptions\SecurityException::forDisallowedAction()
 2 SYSTEMPATH/Filters/CSRF.php(55): CodeIgniter\Security\Security->verify()
 3 SYSTEMPATH/Filters/Filters.php(180): CodeIgniter\Filters\CSRF->before()
 4 SYSTEMPATH/CodeIgniter.php(465): CodeIgniter\Filters\Filters->run()
 5 SYSTEMPATH/CodeIgniter.php(352): CodeIgniter\CodeIgniter->handleRequest()
 6 FCPATH/index.php(95): CodeIgniter\CodeIgniter->run()
INFO - 2024-07-27 15:57:46 --> Session: Class initialized using 'CodeIgniter\Session\Handlers\DatabaseHandler' driver.
CRITICAL - 2024-07-27 18:57:46 --> The action you requested is not allowed.
in SYSTEMPATH/Security/Security.php on line 298.
 1 SYSTEMPATH/Security/Security.php(298): CodeIgniter\Security\Exceptions\SecurityException::forDisallowedAction()
 2 SYSTEMPATH/Filters/CSRF.php(55): CodeIgniter\Security\Security->verify()
 3 SYSTEMPATH/Filters/Filters.php(180): CodeIgniter\Filters\CSRF->before()
 4 SYSTEMPATH/CodeIgniter.php(465): CodeIgniter\Filters\Filters->run()
 5 SYSTEMPATH/CodeIgniter.php(352): CodeIgniter\CodeIgniter->handleRequest()
 6 FCPATH/index.php(95): CodeIgniter\CodeIgniter->run()
INFO - 2024-07-27 15:57:46 --> Session: Class initialized using 'CodeIgniter\Session\Handlers\DatabaseHandler' driver.
CRITICAL - 2024-07-27 18:57:46 --> The action you requested is not allowed.
in SYSTEMPATH/Security/Security.php on line 298.
 1 SYSTEMPATH/Security/Security.php(298): CodeIgniter\Security\Exceptions\SecurityException::forDisallowedAction()
 2 SYSTEMPATH/Filters/CSRF.php(55): CodeIgniter\Security\Security->verify()
 3 SYSTEMPATH/Filters/Filters.php(180): CodeIgniter\Filters\CSRF->before()
 4 SYSTEMPATH/CodeIgniter.php(465): CodeIgniter\Filters\Filters->run()
 5 SYSTEMPATH/CodeIgniter.php(352): CodeIgniter\CodeIgniter->handleRequest()
 6 FCPATH/index.php(95): CodeIgniter\CodeIgniter->run()
INFO - 2024-07-27 15:57:47 --> Session: Class initialized using 'CodeIgniter\Session\Handlers\DatabaseHandler' driver.
CRITICAL - 2024-07-27 18:57:47 --> The action you requested is not allowed.
in SYSTEMPATH/Security/Security.php on line 298.
 1 SYSTEMPATH/Security/Security.php(298): CodeIgniter\Security\Exceptions\SecurityException::forDisallowedAction()
 2 SYSTEMPATH/Filters/CSRF.php(55): CodeIgniter\Security\Security->verify()
 3 SYSTEMPATH/Filters/Filters.php(180): CodeIgniter\Filters\CSRF->before()
 4 SYSTEMPATH/CodeIgniter.php(465): CodeIgniter\Filters\Filters->run()
 5 SYSTEMPATH/CodeIgniter.php(352): CodeIgniter\CodeIgniter->handleRequest()
 6 FCPATH/index.php(95): CodeIgniter\CodeIgniter->run()
INFO - 2024-07-27 15:57:48 --> Session: Class initialized using 'CodeIgniter\Session\Handlers\DatabaseHandler' driver.
CRITICAL - 2024-07-27 18:57:48 --> The action you requested is not allowed.
in SYSTEMPATH/Security/Security.php on line 298.
 1 SYSTEMPATH/Security/Security.php(298): CodeIgniter\Security\Exceptions\SecurityException::forDisallowedAction()
 2 SYSTEMPATH/Filters/CSRF.php(55): CodeIgniter\Security\Security->verify()
 3 SYSTEMPATH/Filters/Filters.php(180): CodeIgniter\Filters\CSRF->before()
 4 SYSTEMPATH/CodeIgniter.php(465): CodeIgniter\Filters\Filters->run()
 5 SYSTEMPATH/CodeIgniter.php(352): CodeIgniter\CodeIgniter->handleRequest()
 6 FCPATH/index.php(95): CodeIgniter\CodeIgniter->run()
INFO - 2024-07-27 15:57:48 --> Session: Class initialized using 'CodeIgniter\Session\Handlers\DatabaseHandler' driver.
CRITICAL - 2024-07-27 18:57:48 --> The action you requested is not allowed.
in SYSTEMPATH/Security/Security.php on line 298.
 1 SYSTEMPATH/Security/Security.php(298): CodeIgniter\Security\Exceptions\SecurityException::forDisallowedAction()
 2 SYSTEMPATH/Filters/CSRF.php(55): CodeIgniter\Security\Security->verify()
 3 SYSTEMPATH/Filters/Filters.php(180): CodeIgniter\Filters\CSRF->before()
 4 SYSTEMPATH/CodeIgniter.php(465): CodeIgniter\Filters\Filters->run()
 5 SYSTEMPATH/CodeIgniter.php(352): CodeIgniter\CodeIgniter->handleRequest()
 6 FCPATH/index.php(95): CodeIgniter\CodeIgniter->run()
INFO - 2024-07-27 15:57:49 --> Session: Class initialized using 'CodeIgniter\Session\Handlers\DatabaseHandler' driver.
CRITICAL - 2024-07-27 18:57:49 --> The action you requested is not allowed.
in SYSTEMPATH/Security/Security.php on line 298.
 1 SYSTEMPATH/Security/Security.php(298): CodeIgniter\Security\Exceptions\SecurityException::forDisallowedAction()
 2 SYSTEMPATH/Filters/CSRF.php(55): CodeIgniter\Security\Security->verify()
 3 SYSTEMPATH/Filters/Filters.php(180): CodeIgniter\Filters\CSRF->before()
 4 SYSTEMPATH/CodeIgniter.php(465): CodeIgniter\Filters\Filters->run()
 5 SYSTEMPATH/CodeIgniter.php(352): CodeIgniter\CodeIgniter->handleRequest()
 6 FCPATH/index.php(95): CodeIgniter\CodeIgniter->run()
INFO - 2024-07-27 15:57:50 --> Session: Class initialized using 'CodeIgniter\Session\Handlers\DatabaseHandler' driver.
CRITICAL - 2024-07-27 18:57:50 --> The action you requested is not allowed.
in SYSTEMPATH/Security/Security.php on line 298.
 1 SYSTEMPATH/Security/Security.php(298): CodeIgniter\Security\Exceptions\SecurityException::forDisallowedAction()
 2 SYSTEMPATH/Filters/CSRF.php(55): CodeIgniter\Security\Security->verify()
 3 SYSTEMPATH/Filters/Filters.php(180): CodeIgniter\Filters\CSRF->before()
 4 SYSTEMPATH/CodeIgniter.php(465): CodeIgniter\Filters\Filters->run()
 5 SYSTEMPATH/CodeIgniter.php(352): CodeIgniter\CodeIgniter->handleRequest()
 6 FCPATH/index.php(95): CodeIgniter\CodeIgniter->run()
INFO - 2024-07-27 15:57:51 --> Session: Class initialized using 'CodeIgniter\Session\Handlers\DatabaseHandler' driver.
CRITICAL - 2024-07-27 18:57:51 --> The action you requested is not allowed.
in SYSTEMPATH/Security/Security.php on line 298.
 1 SYSTEMPATH/Security/Security.php(298): CodeIgniter\Security\Exceptions\SecurityException::forDisallowedAction()
 2 SYSTEMPATH/Filters/CSRF.php(55): CodeIgniter\Security\Security->verify()
 3 SYSTEMPATH/Filters/Filters.php(180): CodeIgniter\Filters\CSRF->before()
 4 SYSTEMPATH/CodeIgniter.php(465): CodeIgniter\Filters\Filters->run()
 5 SYSTEMPATH/CodeIgniter.php(352): CodeIgniter\CodeIgniter->handleRequest()
 6 FCPATH/index.php(95): CodeIgniter\CodeIgniter->run()
INFO - 2024-07-27 16:02:28 --> Session: Class initialized using 'CodeIgniter\Session\Handlers\DatabaseHandler' driver.
CRITICAL - 2024-07-27 19:02:28 --> The action you requested is not allowed.
in SYSTEMPATH/Security/Security.php on line 298.
 1 SYSTEMPATH/Security/Security.php(298): CodeIgniter\Security\Exceptions\SecurityException::forDisallowedAction()
 2 SYSTEMPATH/Filters/CSRF.php(55): CodeIgniter\Security\Security->verify()
 3 SYSTEMPATH/Filters/Filters.php(180): CodeIgniter\Filters\CSRF->before()
 4 SYSTEMPATH/CodeIgniter.php(465): CodeIgniter\Filters\Filters->run()
 5 SYSTEMPATH/CodeIgniter.php(352): CodeIgniter\CodeIgniter->handleRequest()
 6 FCPATH/index.php(95): CodeIgniter\CodeIgniter->run()
INFO - 2024-07-27 16:02:29 --> Session: Class initialized using 'CodeIgniter\Session\Handlers\DatabaseHandler' driver.
CRITICAL - 2024-07-27 19:02:29 --> The action you requested is not allowed.
in SYSTEMPATH/Security/Security.php on line 298.
 1 SYSTEMPATH/Security/Security.php(298): CodeIgniter\Security\Exceptions\SecurityException::forDisallowedAction()
 2 SYSTEMPATH/Filters/CSRF.php(55): CodeIgniter\Security\Security->verify()
 3 SYSTEMPATH/Filters/Filters.php(180): CodeIgniter\Filters\CSRF->before()
 4 SYSTEMPATH/CodeIgniter.php(465): CodeIgniter\Filters\Filters->run()
 5 SYSTEMPATH/CodeIgniter.php(352): CodeIgniter\CodeIgniter->handleRequest()
 6 FCPATH/index.php(95): CodeIgniter\CodeIgniter->run()
INFO - 2024-07-27 16:02:29 --> Session: Class initialized using 'CodeIgniter\Session\Handlers\DatabaseHandler' driver.
CRITICAL - 2024-07-27 19:02:29 --> The action you requested is not allowed.
in SYSTEMPATH/Security/Security.php on line 298.
 1 SYSTEMPATH/Security/Security.php(298): CodeIgniter\Security\Exceptions\SecurityException::forDisallowedAction()
 2 SYSTEMPATH/Filters/CSRF.php(55): CodeIgniter\Security\Security->verify()
 3 SYSTEMPATH/Filters/Filters.php(180): CodeIgniter\Filters\CSRF->before()
 4 SYSTEMPATH/CodeIgniter.php(465): CodeIgniter\Filters\Filters->run()
 5 SYSTEMPATH/CodeIgniter.php(352): CodeIgniter\CodeIgniter->handleRequest()
 6 FCPATH/index.php(95): CodeIgniter\CodeIgniter->run()
INFO - 2024-07-27 16:02:30 --> Session: Class initialized using 'CodeIgniter\Session\Handlers\DatabaseHandler' driver.
CRITICAL - 2024-07-27 19:02:30 --> The action you requested is not allowed.
in SYSTEMPATH/Security/Security.php on line 298.
 1 SYSTEMPATH/Security/Security.php(298): CodeIgniter\Security\Exceptions\SecurityException::forDisallowedAction()
 2 SYSTEMPATH/Filters/CSRF.php(55): CodeIgniter\Security\Security->verify()
 3 SYSTEMPATH/Filters/Filters.php(180): CodeIgniter\Filters\CSRF->before()
 4 SYSTEMPATH/CodeIgniter.php(465): CodeIgniter\Filters\Filters->run()
 5 SYSTEMPATH/CodeIgniter.php(352): CodeIgniter\CodeIgniter->handleRequest()
 6 FCPATH/index.php(95): CodeIgniter\CodeIgniter->run()
INFO - 2024-07-27 16:02:30 --> Session: Class initialized using 'CodeIgniter\Session\Handlers\DatabaseHandler' driver.
CRITICAL - 2024-07-27 19:02:30 --> The action you requested is not allowed.
in SYSTEMPATH/Security/Security.php on line 298.
 1 SYSTEMPATH/Security/Security.php(298): CodeIgniter\Security\Exceptions\SecurityException::forDisallowedAction()
 2 SYSTEMPATH/Filters/CSRF.php(55): CodeIgniter\Security\Security->verify()
 3 SYSTEMPATH/Filters/Filters.php(180): CodeIgniter\Filters\CSRF->before()
 4 SYSTEMPATH/CodeIgniter.php(465): CodeIgniter\Filters\Filters->run()
 5 SYSTEMPATH/CodeIgniter.php(352): CodeIgniter\CodeIgniter->handleRequest()
 6 FCPATH/index.php(95): CodeIgniter\CodeIgniter->run()
INFO - 2024-07-27 16:02:31 --> Session: Class initialized using 'CodeIgniter\Session\Handlers\DatabaseHandler' driver.
CRITICAL - 2024-07-27 19:02:31 --> The action you requested is not allowed.
in SYSTEMPATH/Security/Security.php on line 298.
 1 SYSTEMPATH/Security/Security.php(298): CodeIgniter\Security\Exceptions\SecurityException::forDisallowedAction()
 2 SYSTEMPATH/Filters/CSRF.php(55): CodeIgniter\Security\Security->verify()
 3 SYSTEMPATH/Filters/Filters.php(180): CodeIgniter\Filters\CSRF->before()
 4 SYSTEMPATH/CodeIgniter.php(465): CodeIgniter\Filters\Filters->run()
 5 SYSTEMPATH/CodeIgniter.php(352): CodeIgniter\CodeIgniter->handleRequest()
 6 FCPATH/index.php(95): CodeIgniter\CodeIgniter->run()
INFO - 2024-07-27 16:02:31 --> Session: Class initialized using 'CodeIgniter\Session\Handlers\DatabaseHandler' driver.
CRITICAL - 2024-07-27 19:02:31 --> The action you requested is not allowed.
in SYSTEMPATH/Security/Security.php on line 298.
 1 SYSTEMPATH/Security/Security.php(298): CodeIgniter\Security\Exceptions\SecurityException::forDisallowedAction()
 2 SYSTEMPATH/Filters/CSRF.php(55): CodeIgniter\Security\Security->verify()
 3 SYSTEMPATH/Filters/Filters.php(180): CodeIgniter\Filters\CSRF->before()
 4 SYSTEMPATH/CodeIgniter.php(465): CodeIgniter\Filters\Filters->run()
 5 SYSTEMPATH/CodeIgniter.php(352): CodeIgniter\CodeIgniter->handleRequest()
 6 FCPATH/index.php(95): CodeIgniter\CodeIgniter->run()
INFO - 2024-07-27 16:02:31 --> Session: Class initialized using 'CodeIgniter\Session\Handlers\DatabaseHandler' driver.
CRITICAL - 2024-07-27 19:02:31 --> The action you requested is not allowed.
in SYSTEMPATH/Security/Security.php on line 298.
 1 SYSTEMPATH/Security/Security.php(298): CodeIgniter\Security\Exceptions\SecurityException::forDisallowedAction()
 2 SYSTEMPATH/Filters/CSRF.php(55): CodeIgniter\Security\Security->verify()
 3 SYSTEMPATH/Filters/Filters.php(180): CodeIgniter\Filters\CSRF->before()
 4 SYSTEMPATH/CodeIgniter.php(465): CodeIgniter\Filters\Filters->run()
 5 SYSTEMPATH/CodeIgniter.php(352): CodeIgniter\CodeIgniter->handleRequest()
 6 FCPATH/index.php(95): CodeIgniter\CodeIgniter->run()
INFO - 2024-07-27 16:05:56 --> Session: Class initialized using 'CodeIgniter\Session\Handlers\DatabaseHandler' driver.
INFO - 2024-07-27 16:05:57 --> Session: Class initialized using 'CodeIgniter\Session\Handlers\DatabaseHandler' driver.
INFO - 2024-07-27 19:05:57 --> CSRF token verified.
INFO - 2024-07-27 16:06:05 --> Session: Class initialized using 'CodeIgniter\Session\Handlers\DatabaseHandler' driver.
INFO - 2024-07-27 19:06:05 --> CSRF token verified.
INFO - 2024-07-27 16:06:08 --> Session: Class initialized using 'CodeIgniter\Session\Handlers\DatabaseHandler' driver.
INFO - 2024-07-27 19:06:08 --> CSRF token verified.
INFO - 2024-07-27 16:06:14 --> Session: Class initialized using 'CodeIgniter\Session\Handlers\DatabaseHandler' driver.
INFO - 2024-07-27 19:06:14 --> CSRF token verified.
INFO - 2024-07-27 16:06:45 --> Session: Class initialized using 'CodeIgniter\Session\Handlers\DatabaseHandler' driver.
INFO - 2024-07-27 19:06:45 --> CSRF token verified.
INFO - 2024-07-27 16:07:11 --> Session: Class initialized using 'CodeIgniter\Session\Handlers\DatabaseHandler' driver.
INFO - 2024-07-27 19:07:11 --> CSRF token verified.
INFO - 2024-07-27 16:07:11 --> Session: Class initialized using 'CodeIgniter\Session\Handlers\DatabaseHandler' driver.
INFO - 2024-07-27 19:07:11 --> CSRF token verified.
INFO - 2024-07-27 16:07:11 --> Session: Class initialized using 'CodeIgniter\Session\Handlers\DatabaseHandler' driver.
INFO - 2024-07-27 19:07:11 --> CSRF token verified.
INFO - 2024-07-27 16:07:12 --> Session: Class initialized using 'CodeIgniter\Session\Handlers\DatabaseHandler' driver.
INFO - 2024-07-27 19:07:12 --> CSRF token verified.
INFO - 2024-07-27 16:07:12 --> Session: Class initialized using 'CodeIgniter\Session\Handlers\DatabaseHandler' driver.
INFO - 2024-07-27 19:07:12 --> CSRF token verified.
INFO - 2024-07-27 16:07:12 --> Session: Class initialized using 'CodeIgniter\Session\Handlers\DatabaseHandler' driver.
INFO - 2024-07-27 19:07:12 --> CSRF token verified.
INFO - 2024-07-27 16:07:12 --> Session: Class initialized using 'CodeIgniter\Session\Handlers\DatabaseHandler' driver.
INFO - 2024-07-27 19:07:12 --> CSRF token verified.
INFO - 2024-07-27 16:07:13 --> Session: Class initialized using 'CodeIgniter\Session\Handlers\DatabaseHandler' driver.
INFO - 2024-07-27 19:07:13 --> CSRF token verified.
INFO - 2024-07-27 16:07:13 --> Session: Class initialized using 'CodeIgniter\Session\Handlers\DatabaseHandler' driver.
INFO - 2024-07-27 19:07:13 --> CSRF token verified.
INFO - 2024-07-27 16:07:14 --> Session: Class initialized using 'CodeIgniter\Session\Handlers\DatabaseHandler' driver.
INFO - 2024-07-27 19:07:14 --> CSRF token verified.
INFO - 2024-07-27 16:07:14 --> Session: Class initialized using 'CodeIgniter\Session\Handlers\DatabaseHandler' driver.
INFO - 2024-07-27 19:07:14 --> CSRF token verified.
INFO - 2024-07-27 16:07:14 --> Session: Class initialized using 'CodeIgniter\Session\Handlers\DatabaseHandler' driver.
INFO - 2024-07-27 19:07:14 --> CSRF token verified.
INFO - 2024-07-27 16:07:15 --> Session: Class initialized using 'CodeIgniter\Session\Handlers\DatabaseHandler' driver.
INFO - 2024-07-27 19:07:15 --> CSRF token verified.
INFO - 2024-07-27 16:07:15 --> Session: Class initialized using 'CodeIgniter\Session\Handlers\DatabaseHandler' driver.
INFO - 2024-07-27 19:07:15 --> CSRF token verified.
INFO - 2024-07-27 16:07:15 --> Session: Class initialized using 'CodeIgniter\Session\Handlers\DatabaseHandler' driver.
INFO - 2024-07-27 19:07:15 --> CSRF token verified.
INFO - 2024-07-27 16:07:16 --> Session: Class initialized using 'CodeIgniter\Session\Handlers\DatabaseHandler' driver.
INFO - 2024-07-27 19:07:16 --> CSRF token verified.
INFO - 2024-07-27 16:07:46 --> Session: Class initialized using 'CodeIgniter\Session\Handlers\DatabaseHandler' driver.
INFO - 2024-07-27 19:07:46 --> CSRF token verified.
INFO - 2024-07-27 16:08:01 --> Session: Class initialized using 'CodeIgniter\Session\Handlers\DatabaseHandler' driver.
INFO - 2024-07-27 19:08:01 --> CSRF token verified.
INFO - 2024-07-27 16:08:16 --> Session: Class initialized using 'CodeIgniter\Session\Handlers\DatabaseHandler' driver.
INFO - 2024-07-27 19:08:16 --> CSRF token verified.
INFO - 2024-07-27 16:08:28 --> Session: Class initialized using 'CodeIgniter\Session\Handlers\DatabaseHandler' driver.
INFO - 2024-07-27 19:08:28 --> CSRF token verified.
INFO - 2024-07-27 16:08:41 --> Session: Class initialized using 'CodeIgniter\Session\Handlers\DatabaseHandler' driver.
INFO - 2024-07-27 19:08:41 --> CSRF token verified.
INFO - 2024-07-27 16:08:58 --> Session: Class initialized using 'CodeIgniter\Session\Handlers\DatabaseHandler' driver.
INFO - 2024-07-27 19:08:58 --> CSRF token verified.
INFO - 2024-07-27 16:09:23 --> Session: Class initialized using 'CodeIgniter\Session\Handlers\DatabaseHandler' driver.
INFO - 2024-07-27 19:09:23 --> CSRF token verified.
INFO - 2024-07-27 16:09:47 --> Session: Class initialized using 'CodeIgniter\Session\Handlers\DatabaseHandler' driver.
INFO - 2024-07-27 19:09:47 --> CSRF token verified.
INFO - 2024-07-27 16:09:47 --> Session: Class initialized using 'CodeIgniter\Session\Handlers\DatabaseHandler' driver.
INFO - 2024-07-27 16:09:48 --> Session: Class initialized using 'CodeIgniter\Session\Handlers\DatabaseHandler' driver.
INFO - 2024-07-27 19:09:48 --> CSRF token verified.
INFO - 2024-07-27 16:12:01 --> Session: Class initialized using 'CodeIgniter\Session\Handlers\DatabaseHandler' driver.
INFO - 2024-07-27 19:12:01 --> CSRF token verified.
INFO - 2024-07-27 16:12:09 --> Session: Class initialized using 'CodeIgniter\Session\Handlers\DatabaseHandler' driver.
INFO - 2024-07-27 19:12:09 --> CSRF token verified.
INFO - 2024-07-27 16:14:22 --> Session: Class initialized using 'CodeIgniter\Session\Handlers\DatabaseHandler' driver.
INFO - 2024-07-27 16:15:25 --> Session: Class initialized using 'CodeIgniter\Session\Handlers\DatabaseHandler' driver.
INFO - 2024-07-27 19:15:25 --> CSRF token verified.
INFO - 2024-07-27 16:15:59 --> Session: Class initialized using 'CodeIgniter\Session\Handlers\DatabaseHandler' driver.
INFO - 2024-07-27 19:15:59 --> CSRF token verified.
INFO - 2024-07-27 16:15:59 --> Session: Class initialized using 'CodeIgniter\Session\Handlers\DatabaseHandler' driver.
INFO - 2024-07-27 19:15:59 --> CSRF token verified.
INFO - 2024-07-27 16:15:59 --> Session: Class initialized using 'CodeIgniter\Session\Handlers\DatabaseHandler' driver.
INFO - 2024-07-27 19:15:59 --> CSRF token verified.
INFO - 2024-07-27 16:16:00 --> Session: Class initialized using 'CodeIgniter\Session\Handlers\DatabaseHandler' driver.
INFO - 2024-07-27 19:16:00 --> CSRF token verified.
INFO - 2024-07-27 16:16:00 --> Session: Class initialized using 'CodeIgniter\Session\Handlers\DatabaseHandler' driver.
INFO - 2024-07-27 19:16:00 --> CSRF token verified.
INFO - 2024-07-27 16:16:29 --> Session: Class initialized using 'CodeIgniter\Session\Handlers\DatabaseHandler' driver.
INFO - 2024-07-27 19:16:29 --> CSRF token verified.
INFO - 2024-07-27 16:16:44 --> Session: Class initialized using 'CodeIgniter\Session\Handlers\DatabaseHandler' driver.
INFO - 2024-07-27 19:16:44 --> CSRF token verified.
INFO - 2024-07-27 16:16:44 --> Session: Class initialized using 'CodeIgniter\Session\Handlers\DatabaseHandler' driver.
INFO - 2024-07-27 19:16:44 --> CSRF token verified.
INFO - 2024-07-27 16:16:44 --> Session: Class initialized using 'CodeIgniter\Session\Handlers\DatabaseHandler' driver.
INFO - 2024-07-27 19:16:44 --> CSRF token verified.
INFO - 2024-07-27 16:16:45 --> Session: Class initialized using 'CodeIgniter\Session\Handlers\DatabaseHandler' driver.
INFO - 2024-07-27 19:16:45 --> CSRF token verified.
INFO - 2024-07-27 16:16:45 --> Session: Class initialized using 'CodeIgniter\Session\Handlers\DatabaseHandler' driver.
INFO - 2024-07-27 19:16:45 --> CSRF token verified.
INFO - 2024-07-27 16:16:46 --> Session: Class initialized using 'CodeIgniter\Session\Handlers\DatabaseHandler' driver.
INFO - 2024-07-27 19:16:46 --> CSRF token verified.
INFO - 2024-07-27 16:16:54 --> Session: Class initialized using 'CodeIgniter\Session\Handlers\DatabaseHandler' driver.
INFO - 2024-07-27 19:16:54 --> CSRF token verified.
INFO - 2024-07-27 16:16:56 --> Session: Class initialized using 'CodeIgniter\Session\Handlers\DatabaseHandler' driver.
INFO - 2024-07-27 19:16:56 --> CSRF token verified.
INFO - 2024-07-27 16:17:13 --> Session: Class initialized using 'CodeIgniter\Session\Handlers\DatabaseHandler' driver.
INFO - 2024-07-27 19:17:13 --> CSRF token verified.
INFO - 2024-07-27 16:17:13 --> Session: Class initialized using 'CodeIgniter\Session\Handlers\DatabaseHandler' driver.
INFO - 2024-07-27 19:17:13 --> CSRF token verified.
INFO - 2024-07-27 16:17:13 --> Session: Class initialized using 'CodeIgniter\Session\Handlers\DatabaseHandler' driver.
INFO - 2024-07-27 19:17:13 --> CSRF token verified.
INFO - 2024-07-27 16:17:14 --> Session: Class initialized using 'CodeIgniter\Session\Handlers\DatabaseHandler' driver.
INFO - 2024-07-27 19:17:14 --> CSRF token verified.
INFO - 2024-07-27 16:17:14 --> Session: Class initialized using 'CodeIgniter\Session\Handlers\DatabaseHandler' driver.
INFO - 2024-07-27 19:17:14 --> CSRF token verified.
INFO - 2024-07-27 16:17:15 --> Session: Class initialized using 'CodeIgniter\Session\Handlers\DatabaseHandler' driver.
INFO - 2024-07-27 19:17:15 --> CSRF token verified.
INFO - 2024-07-27 16:17:20 --> Session: Class initialized using 'CodeIgniter\Session\Handlers\DatabaseHandler' driver.
INFO - 2024-07-27 19:17:20 --> CSRF token verified.
INFO - 2024-07-27 16:17:34 --> Session: Class initialized using 'CodeIgniter\Session\Handlers\DatabaseHandler' driver.
INFO - 2024-07-27 19:17:34 --> CSRF token verified.
INFO - 2024-07-27 16:17:50 --> Session: Class initialized using 'CodeIgniter\Session\Handlers\DatabaseHandler' driver.
INFO - 2024-07-27 19:17:50 --> CSRF token verified.
INFO - 2024-07-27 16:18:00 --> Session: Class initialized using 'CodeIgniter\Session\Handlers\DatabaseHandler' driver.
INFO - 2024-07-27 19:18:00 --> CSRF token verified.
INFO - 2024-07-27 16:18:07 --> Session: Class initialized using 'CodeIgniter\Session\Handlers\DatabaseHandler' driver.
INFO - 2024-07-27 19:18:07 --> CSRF token verified.
INFO - 2024-07-27 16:18:08 --> Session: Class initialized using 'CodeIgniter\Session\Handlers\DatabaseHandler' driver.
INFO - 2024-07-27 19:18:08 --> CSRF token verified.
INFO - 2024-07-27 16:18:11 --> Session: Class initialized using 'CodeIgniter\Session\Handlers\DatabaseHandler' driver.
INFO - 2024-07-27 19:18:11 --> CSRF token verified.
INFO - 2024-07-27 16:18:11 --> Session: Class initialized using 'CodeIgniter\Session\Handlers\DatabaseHandler' driver.
INFO - 2024-07-27 16:18:12 --> Session: Class initialized using 'CodeIgniter\Session\Handlers\DatabaseHandler' driver.
INFO - 2024-07-27 19:18:12 --> CSRF token verified.
INFO - 2024-07-27 16:19:00 --> Session: Class initialized using 'CodeIgniter\Session\Handlers\DatabaseHandler' driver.
INFO - 2024-07-27 19:19:00 --> CSRF token verified.
INFO - 2024-07-27 16:19:00 --> Session: Class initialized using 'CodeIgniter\Session\Handlers\DatabaseHandler' driver.
INFO - 2024-07-27 19:19:00 --> CSRF token verified.
INFO - 2024-07-27 16:19:00 --> Session: Class initialized using 'CodeIgniter\Session\Handlers\DatabaseHandler' driver.
INFO - 2024-07-27 19:19:00 --> CSRF token verified.
INFO - 2024-07-27 16:19:01 --> Session: Class initialized using 'CodeIgniter\Session\Handlers\DatabaseHandler' driver.
INFO - 2024-07-27 19:19:01 --> CSRF token verified.
INFO - 2024-07-27 16:19:01 --> Session: Class initialized using 'CodeIgniter\Session\Handlers\DatabaseHandler' driver.
INFO - 2024-07-27 19:19:01 --> CSRF token verified.
INFO - 2024-07-27 16:19:02 --> Session: Class initialized using 'CodeIgniter\Session\Handlers\DatabaseHandler' driver.
INFO - 2024-07-27 19:19:02 --> CSRF token verified.
INFO - 2024-07-27 16:19:02 --> Session: Class initialized using 'CodeIgniter\Session\Handlers\DatabaseHandler' driver.
INFO - 2024-07-27 19:19:02 --> CSRF token verified.
INFO - 2024-07-27 16:19:08 --> Session: Class initialized using 'CodeIgniter\Session\Handlers\DatabaseHandler' driver.
INFO - 2024-07-27 19:19:08 --> CSRF token verified.
INFO - 2024-07-27 16:27:33 --> Session: Class initialized using 'CodeIgniter\Session\Handlers\DatabaseHandler' driver.
INFO - 2024-07-27 16:28:18 --> Session: Class initialized using 'CodeIgniter\Session\Handlers\DatabaseHandler' driver.
INFO - 2024-07-27 19:28:18 --> CSRF token verified.
INFO - 2024-07-27 16:28:38 --> Session: Class initialized using 'CodeIgniter\Session\Handlers\DatabaseHandler' driver.
INFO - 2024-07-27 19:28:38 --> CSRF token verified.
INFO - 2024-07-27 16:28:39 --> Session: Class initialized using 'CodeIgniter\Session\Handlers\DatabaseHandler' driver.
INFO - 2024-07-27 19:28:39 --> CSRF token verified.
INFO - 2024-07-27 16:28:39 --> Session: Class initialized using 'CodeIgniter\Session\Handlers\DatabaseHandler' driver.
INFO - 2024-07-27 19:28:39 --> CSRF token verified.
INFO - 2024-07-27 16:28:40 --> Session: Class initialized using 'CodeIgniter\Session\Handlers\DatabaseHandler' driver.
INFO - 2024-07-27 19:28:40 --> CSRF token verified.
INFO - 2024-07-27 16:28:40 --> Session: Class initialized using 'CodeIgniter\Session\Handlers\DatabaseHandler' driver.
INFO - 2024-07-27 19:28:40 --> CSRF token verified.
INFO - 2024-07-27 16:28:40 --> Session: Class initialized using 'CodeIgniter\Session\Handlers\DatabaseHandler' driver.
INFO - 2024-07-27 19:28:40 --> CSRF token verified.
INFO - 2024-07-27 16:28:41 --> Session: Class initialized using 'CodeIgniter\Session\Handlers\DatabaseHandler' driver.
INFO - 2024-07-27 19:28:41 --> CSRF token verified.
INFO - 2024-07-27 16:28:41 --> Session: Class initialized using 'CodeIgniter\Session\Handlers\DatabaseHandler' driver.
INFO - 2024-07-27 19:28:41 --> CSRF token verified.
INFO - 2024-07-27 16:28:41 --> Session: Class initialized using 'CodeIgniter\Session\Handlers\DatabaseHandler' driver.
INFO - 2024-07-27 19:28:41 --> CSRF token verified.
INFO - 2024-07-27 16:28:42 --> Session: Class initialized using 'CodeIgniter\Session\Handlers\DatabaseHandler' driver.
INFO - 2024-07-27 19:28:42 --> CSRF token verified.
INFO - 2024-07-27 16:28:42 --> Session: Class initialized using 'CodeIgniter\Session\Handlers\DatabaseHandler' driver.
INFO - 2024-07-27 19:28:42 --> CSRF token verified.
INFO - 2024-07-27 16:28:43 --> Session: Class initialized using 'CodeIgniter\Session\Handlers\DatabaseHandler' driver.
INFO - 2024-07-27 19:28:43 --> CSRF token verified.
INFO - 2024-07-27 16:28:43 --> Session: Class initialized using 'CodeIgniter\Session\Handlers\DatabaseHandler' driver.
INFO - 2024-07-27 19:28:43 --> CSRF token verified.
INFO - 2024-07-27 16:28:44 --> Session: Class initialized using 'CodeIgniter\Session\Handlers\DatabaseHandler' driver.
INFO - 2024-07-27 19:28:44 --> CSRF token verified.
INFO - 2024-07-27 16:28:44 --> Session: Class initialized using 'CodeIgniter\Session\Handlers\DatabaseHandler' driver.
INFO - 2024-07-27 19:28:44 --> CSRF token verified.
INFO - 2024-07-27 16:28:45 --> Session: Class initialized using 'CodeIgniter\Session\Handlers\DatabaseHandler' driver.
INFO - 2024-07-27 19:28:45 --> CSRF token verified.
INFO - 2024-07-27 16:28:45 --> Session: Class initialized using 'CodeIgniter\Session\Handlers\DatabaseHandler' driver.
INFO - 2024-07-27 19:28:45 --> CSRF token verified.
INFO - 2024-07-27 16:28:45 --> Session: Class initialized using 'CodeIgniter\Session\Handlers\DatabaseHandler' driver.
INFO - 2024-07-27 19:28:45 --> CSRF token verified.
INFO - 2024-07-27 16:39:38 --> Session: Class initialized using 'CodeIgniter\Session\Handlers\DatabaseHandler' driver.
INFO - 2024-07-27 19:39:39 --> CSRF token verified.
INFO - 2024-07-27 16:39:49 --> Session: Class initialized using 'CodeIgniter\Session\Handlers\DatabaseHandler' driver.
INFO - 2024-07-27 19:39:49 --> CSRF token verified.
INFO - 2024-07-27 16:41:17 --> Session: Class initialized using 'CodeIgniter\Session\Handlers\DatabaseHandler' driver.
INFO - 2024-07-27 19:41:17 --> CSRF token verified.
INFO - 2024-07-27 16:41:31 --> Session: Class initialized using 'CodeIgniter\Session\Handlers\DatabaseHandler' driver.
INFO - 2024-07-27 19:41:31 --> CSRF token verified.
INFO - 2024-07-27 16:41:48 --> Session: Class initialized using 'CodeIgniter\Session\Handlers\DatabaseHandler' driver.
INFO - 2024-07-27 19:41:48 --> CSRF token verified.
INFO - 2024-07-27 16:42:02 --> Session: Class initialized using 'CodeIgniter\Session\Handlers\DatabaseHandler' driver.
INFO - 2024-07-27 19:42:02 --> CSRF token verified.
INFO - 2024-07-27 16:42:13 --> Session: Class initialized using 'CodeIgniter\Session\Handlers\DatabaseHandler' driver.
INFO - 2024-07-27 19:42:13 --> CSRF token verified.
INFO - 2024-07-27 16:42:28 --> Session: Class initialized using 'CodeIgniter\Session\Handlers\DatabaseHandler' driver.
INFO - 2024-07-27 19:42:28 --> CSRF token verified.
INFO - 2024-07-27 16:42:47 --> Session: Class initialized using 'CodeIgniter\Session\Handlers\DatabaseHandler' driver.
INFO - 2024-07-27 19:42:47 --> CSRF token verified.
INFO - 2024-07-27 16:42:47 --> Session: Class initialized using 'CodeIgniter\Session\Handlers\DatabaseHandler' driver.
INFO - 2024-07-27 16:42:48 --> Session: Class initialized using 'CodeIgniter\Session\Handlers\DatabaseHandler' driver.
INFO - 2024-07-27 19:42:48 --> CSRF token verified.
INFO - 2024-07-27 16:43:02 --> Session: Class initialized using 'CodeIgniter\Session\Handlers\DatabaseHandler' driver.
INFO - 2024-07-27 16:44:28 --> Session: Class initialized using 'CodeIgniter\Session\Handlers\DatabaseHandler' driver.
INFO - 2024-07-27 19:44:28 --> CSRF token verified.
INFO - 2024-07-27 16:44:37 --> Session: Class initialized using 'CodeIgniter\Session\Handlers\DatabaseHandler' driver.
INFO - 2024-07-27 19:44:37 --> CSRF token verified.
INFO - 2024-07-27 16:44:40 --> Session: Class initialized using 'CodeIgniter\Session\Handlers\DatabaseHandler' driver.
INFO - 2024-07-27 19:44:40 --> CSRF token verified.
INFO - 2024-07-27 16:44:57 --> Session: Class initialized using 'CodeIgniter\Session\Handlers\DatabaseHandler' driver.
INFO - 2024-07-27 19:44:57 --> CSRF token verified.
INFO - 2024-07-27 16:44:58 --> Session: Class initialized using 'CodeIgniter\Session\Handlers\DatabaseHandler' driver.
INFO - 2024-07-27 19:44:58 --> CSRF token verified.
INFO - 2024-07-27 16:44:58 --> Session: Class initialized using 'CodeIgniter\Session\Handlers\DatabaseHandler' driver.
INFO - 2024-07-27 19:44:58 --> CSRF token verified.
INFO - 2024-07-27 16:44:58 --> Session: Class initialized using 'CodeIgniter\Session\Handlers\DatabaseHandler' driver.
INFO - 2024-07-27 19:44:58 --> CSRF token verified.
INFO - 2024-07-27 16:44:59 --> Session: Class initialized using 'CodeIgniter\Session\Handlers\DatabaseHandler' driver.
INFO - 2024-07-27 19:44:59 --> CSRF token verified.
INFO - 2024-07-27 16:44:59 --> Session: Class initialized using 'CodeIgniter\Session\Handlers\DatabaseHandler' driver.
INFO - 2024-07-27 19:44:59 --> CSRF token verified.
INFO - 2024-07-27 16:45:11 --> Session: Class initialized using 'CodeIgniter\Session\Handlers\DatabaseHandler' driver.
INFO - 2024-07-27 19:45:11 --> CSRF token verified.
INFO - 2024-07-27 16:45:25 --> Session: Class initialized using 'CodeIgniter\Session\Handlers\DatabaseHandler' driver.
INFO - 2024-07-27 19:45:25 --> CSRF token verified.
INFO - 2024-07-27 16:45:25 --> Session: Class initialized using 'CodeIgniter\Session\Handlers\DatabaseHandler' driver.
INFO - 2024-07-27 19:45:25 --> CSRF token verified.
INFO - 2024-07-27 16:45:26 --> Session: Class initialized using 'CodeIgniter\Session\Handlers\DatabaseHandler' driver.
INFO - 2024-07-27 19:45:26 --> CSRF token verified.
INFO - 2024-07-27 16:45:27 --> Session: Class initialized using 'CodeIgniter\Session\Handlers\DatabaseHandler' driver.
INFO - 2024-07-27 19:45:27 --> CSRF token verified.
INFO - 2024-07-27 16:45:27 --> Session: Class initialized using 'CodeIgniter\Session\Handlers\DatabaseHandler' driver.
INFO - 2024-07-27 19:45:27 --> CSRF token verified.
INFO - 2024-07-27 16:45:27 --> Session: Class initialized using 'CodeIgniter\Session\Handlers\DatabaseHandler' driver.
INFO - 2024-07-27 19:45:27 --> CSRF token verified.
INFO - 2024-07-27 16:45:28 --> Session: Class initialized using 'CodeIgniter\Session\Handlers\DatabaseHandler' driver.
INFO - 2024-07-27 19:45:28 --> CSRF token verified.
INFO - 2024-07-27 16:45:40 --> Session: Class initialized using 'CodeIgniter\Session\Handlers\DatabaseHandler' driver.
INFO - 2024-07-27 19:45:40 --> CSRF token verified.
INFO - 2024-07-27 16:47:48 --> Session: Class initialized using 'CodeIgniter\Session\Handlers\DatabaseHandler' driver.
INFO - 2024-07-27 19:47:48 --> CSRF token verified.
INFO - 2024-07-27 16:47:48 --> Session: Class initialized using 'CodeIgniter\Session\Handlers\DatabaseHandler' driver.
INFO - 2024-07-27 19:47:48 --> CSRF token verified.
INFO - 2024-07-27 16:47:49 --> Session: Class initialized using 'CodeIgniter\Session\Handlers\DatabaseHandler' driver.
INFO - 2024-07-27 19:47:49 --> CSRF token verified.
INFO - 2024-07-27 16:47:49 --> Session: Class initialized using 'CodeIgniter\Session\Handlers\DatabaseHandler' driver.
INFO - 2024-07-27 19:47:49 --> CSRF token verified.
INFO - 2024-07-27 16:47:49 --> Session: Class initialized using 'CodeIgniter\Session\Handlers\DatabaseHandler' driver.
INFO - 2024-07-27 19:47:49 --> CSRF token verified.
INFO - 2024-07-27 16:47:51 --> Session: Class initialized using 'CodeIgniter\Session\Handlers\DatabaseHandler' driver.
INFO - 2024-07-27 19:47:51 --> CSRF token verified.
INFO - 2024-07-27 16:47:52 --> Session: Class initialized using 'CodeIgniter\Session\Handlers\DatabaseHandler' driver.
INFO - 2024-07-27 19:47:52 --> CSRF token verified.
INFO - 2024-07-27 16:47:54 --> Session: Class initialized using 'CodeIgniter\Session\Handlers\DatabaseHandler' driver.
INFO - 2024-07-27 19:47:54 --> CSRF token verified.
INFO - 2024-07-27 16:47:59 --> Session: Class initialized using 'CodeIgniter\Session\Handlers\DatabaseHandler' driver.
INFO - 2024-07-27 19:47:59 --> CSRF token verified.
INFO - 2024-07-27 16:48:32 --> Session: Class initialized using 'CodeIgniter\Session\Handlers\DatabaseHandler' driver.
INFO - 2024-07-27 19:48:32 --> CSRF token verified.
INFO - 2024-07-27 16:48:58 --> Session: Class initialized using 'CodeIgniter\Session\Handlers\DatabaseHandler' driver.
INFO - 2024-07-27 19:48:58 --> CSRF token verified.
INFO - 2024-07-27 16:49:04 --> Session: Class initialized using 'CodeIgniter\Session\Handlers\DatabaseHandler' driver.
INFO - 2024-07-27 19:49:04 --> CSRF token verified.
INFO - 2024-07-27 16:49:07 --> Session: Class initialized using 'CodeIgniter\Session\Handlers\DatabaseHandler' driver.
INFO - 2024-07-27 19:49:07 --> CSRF token verified.
INFO - 2024-07-27 16:49:10 --> Session: Class initialized using 'CodeIgniter\Session\Handlers\DatabaseHandler' driver.
INFO - 2024-07-27 19:49:10 --> CSRF token verified.
INFO - 2024-07-27 16:49:10 --> Session: Class initialized using 'CodeIgniter\Session\Handlers\DatabaseHandler' driver.
INFO - 2024-07-27 16:49:11 --> Session: Class initialized using 'CodeIgniter\Session\Handlers\DatabaseHandler' driver.
INFO - 2024-07-27 19:49:11 --> CSRF token verified.
INFO - 2024-07-27 16:49:16 --> Session: Class initialized using 'CodeIgniter\Session\Handlers\DatabaseHandler' driver.
INFO - 2024-07-27 16:49:17 --> Session: Class initialized using 'CodeIgniter\Session\Handlers\DatabaseHandler' driver.
INFO - 2024-07-27 19:49:17 --> CSRF token verified.
INFO - 2024-07-27 16:49:20 --> Session: Class initialized using 'CodeIgniter\Session\Handlers\DatabaseHandler' driver.
INFO - 2024-07-27 16:49:21 --> Session: Class initialized using 'CodeIgniter\Session\Handlers\DatabaseHandler' driver.
INFO - 2024-07-27 19:49:21 --> CSRF token verified.
INFO - 2024-07-27 16:50:46 --> Session: Class initialized using 'CodeIgniter\Session\Handlers\DatabaseHandler' driver.
INFO - 2024-07-27 19:50:46 --> CSRF token verified.
INFO - 2024-07-27 16:50:47 --> Session: Class initialized using 'CodeIgniter\Session\Handlers\DatabaseHandler' driver.
INFO - 2024-07-27 19:50:47 --> CSRF token verified.
INFO - 2024-07-27 16:50:47 --> Session: Class initialized using 'CodeIgniter\Session\Handlers\DatabaseHandler' driver.
INFO - 2024-07-27 19:50:47 --> CSRF token verified.
INFO - 2024-07-27 16:50:48 --> Session: Class initialized using 'CodeIgniter\Session\Handlers\DatabaseHandler' driver.
INFO - 2024-07-27 19:50:48 --> CSRF token verified.
INFO - 2024-07-27 16:50:50 --> Session: Class initialized using 'CodeIgniter\Session\Handlers\DatabaseHandler' driver.
INFO - 2024-07-27 19:50:50 --> CSRF token verified.
INFO - 2024-07-27 16:50:53 --> Session: Class initialized using 'CodeIgniter\Session\Handlers\DatabaseHandler' driver.
INFO - 2024-07-27 19:50:53 --> CSRF token verified.
INFO - 2024-07-27 16:51:14 --> Session: Class initialized using 'CodeIgniter\Session\Handlers\DatabaseHandler' driver.
INFO - 2024-07-27 19:51:14 --> CSRF token verified.
INFO - 2024-07-27 16:51:15 --> Session: Class initialized using 'CodeIgniter\Session\Handlers\DatabaseHandler' driver.
INFO - 2024-07-27 19:51:15 --> CSRF token verified.
INFO - 2024-07-27 16:51:16 --> Session: Class initialized using 'CodeIgniter\Session\Handlers\DatabaseHandler' driver.
INFO - 2024-07-27 19:51:16 --> CSRF token verified.
INFO - 2024-07-27 16:51:27 --> Session: Class initialized using 'CodeIgniter\Session\Handlers\DatabaseHandler' driver.
INFO - 2024-07-27 19:51:27 --> CSRF token verified.
INFO - 2024-07-27 16:51:34 --> Session: Class initialized using 'CodeIgniter\Session\Handlers\DatabaseHandler' driver.
INFO - 2024-07-27 19:51:34 --> CSRF token verified.
INFO - 2024-07-27 16:51:36 --> Session: Class initialized using 'CodeIgniter\Session\Handlers\DatabaseHandler' driver.
INFO - 2024-07-27 19:51:36 --> CSRF token verified.
INFO - 2024-07-27 16:54:26 --> Session: Class initialized using 'CodeIgniter\Session\Handlers\DatabaseHandler' driver.
INFO - 2024-07-27 19:54:26 --> CSRF token verified.
INFO - 2024-07-27 16:55:10 --> Session: Class initialized using 'CodeIgniter\Session\Handlers\DatabaseHandler' driver.
INFO - 2024-07-27 19:55:10 --> CSRF token verified.
INFO - 2024-07-27 16:55:11 --> Session: Class initialized using 'CodeIgniter\Session\Handlers\DatabaseHandler' driver.
INFO - 2024-07-27 19:55:11 --> CSRF token verified.
INFO - 2024-07-27 16:55:11 --> Session: Class initialized using 'CodeIgniter\Session\Handlers\DatabaseHandler' driver.
INFO - 2024-07-27 19:55:11 --> CSRF token verified.
INFO - 2024-07-27 16:55:12 --> Session: Class initialized using 'CodeIgniter\Session\Handlers\DatabaseHandler' driver.
INFO - 2024-07-27 19:55:12 --> CSRF token verified.
INFO - 2024-07-27 16:55:12 --> Session: Class initialized using 'CodeIgniter\Session\Handlers\DatabaseHandler' driver.
INFO - 2024-07-27 19:55:12 --> CSRF token verified.
INFO - 2024-07-27 16:55:13 --> Session: Class initialized using 'CodeIgniter\Session\Handlers\DatabaseHandler' driver.
INFO - 2024-07-27 19:55:13 --> CSRF token verified.
INFO - 2024-07-27 16:55:13 --> Session: Class initialized using 'CodeIgniter\Session\Handlers\DatabaseHandler' driver.
INFO - 2024-07-27 19:55:13 --> CSRF token verified.
INFO - 2024-07-27 16:55:14 --> Session: Class initialized using 'CodeIgniter\Session\Handlers\DatabaseHandler' driver.
INFO - 2024-07-27 19:55:14 --> CSRF token verified.
INFO - 2024-07-27 16:55:14 --> Session: Class initialized using 'CodeIgniter\Session\Handlers\DatabaseHandler' driver.
INFO - 2024-07-27 19:55:14 --> CSRF token verified.
INFO - 2024-07-27 16:55:14 --> Session: Class initialized using 'CodeIgniter\Session\Handlers\DatabaseHandler' driver.
INFO - 2024-07-27 19:55:14 --> CSRF token verified.
INFO - 2024-07-27 16:55:15 --> Session: Class initialized using 'CodeIgniter\Session\Handlers\DatabaseHandler' driver.
INFO - 2024-07-27 19:55:15 --> CSRF token verified.
INFO - 2024-07-27 16:55:16 --> Session: Class initialized using 'CodeIgniter\Session\Handlers\DatabaseHandler' driver.
INFO - 2024-07-27 19:55:16 --> CSRF token verified.
INFO - 2024-07-27 16:55:16 --> Session: Class initialized using 'CodeIgniter\Session\Handlers\DatabaseHandler' driver.
INFO - 2024-07-27 19:55:16 --> CSRF token verified.
INFO - 2024-07-27 16:55:16 --> Session: Class initialized using 'CodeIgniter\Session\Handlers\DatabaseHandler' driver.
INFO - 2024-07-27 19:55:16 --> CSRF token verified.
INFO - 2024-07-27 16:55:20 --> Session: Class initialized using 'CodeIgniter\Session\Handlers\DatabaseHandler' driver.
INFO - 2024-07-27 19:55:20 --> CSRF token verified.
INFO - 2024-07-27 16:55:34 --> Session: Class initialized using 'CodeIgniter\Session\Handlers\DatabaseHandler' driver.
INFO - 2024-07-27 19:55:34 --> CSRF token verified.
INFO - 2024-07-27 16:55:46 --> Session: Class initialized using 'CodeIgniter\Session\Handlers\DatabaseHandler' driver.
INFO - 2024-07-27 19:55:46 --> CSRF token verified.
INFO - 2024-07-27 16:55:58 --> Session: Class initialized using 'CodeIgniter\Session\Handlers\DatabaseHandler' driver.
INFO - 2024-07-27 19:55:58 --> CSRF token verified.
INFO - 2024-07-27 16:56:12 --> Session: Class initialized using 'CodeIgniter\Session\Handlers\DatabaseHandler' driver.
INFO - 2024-07-27 19:56:12 --> CSRF token verified.
INFO - 2024-07-27 16:56:27 --> Session: Class initialized using 'CodeIgniter\Session\Handlers\DatabaseHandler' driver.
INFO - 2024-07-27 19:56:27 --> CSRF token verified.
INFO - 2024-07-27 16:56:27 --> Session: Class initialized using 'CodeIgniter\Session\Handlers\DatabaseHandler' driver.
INFO - 2024-07-27 16:56:28 --> Session: Class initialized using 'CodeIgniter\Session\Handlers\DatabaseHandler' driver.
INFO - 2024-07-27 19:56:28 --> CSRF token verified.
INFO - 2024-07-27 16:58:12 --> Session: Class initialized using 'CodeIgniter\Session\Handlers\DatabaseHandler' driver.
INFO - 2024-07-27 19:58:12 --> CSRF token verified.
INFO - 2024-07-27 16:58:25 --> Session: Class initialized using 'CodeIgniter\Session\Handlers\DatabaseHandler' driver.
INFO - 2024-07-27 19:58:25 --> CSRF token verified.
INFO - 2024-07-27 16:58:28 --> Session: Class initialized using 'CodeIgniter\Session\Handlers\DatabaseHandler' driver.
INFO - 2024-07-27 19:58:28 --> CSRF token verified.
INFO - 2024-07-27 16:59:14 --> Session: Class initialized using 'CodeIgniter\Session\Handlers\DatabaseHandler' driver.
INFO - 2024-07-27 16:59:55 --> Session: Class initialized using 'CodeIgniter\Session\Handlers\DatabaseHandler' driver.
INFO - 2024-07-27 19:59:55 --> CSRF token verified.
INFO - 2024-07-27 16:59:55 --> Session: Class initialized using 'CodeIgniter\Session\Handlers\DatabaseHandler' driver.
INFO - 2024-07-27 19:59:55 --> CSRF token verified.
INFO - 2024-07-27 16:59:55 --> Session: Class initialized using 'CodeIgniter\Session\Handlers\DatabaseHandler' driver.
INFO - 2024-07-27 19:59:55 --> CSRF token verified.
INFO - 2024-07-27 16:59:56 --> Session: Class initialized using 'CodeIgniter\Session\Handlers\DatabaseHandler' driver.
INFO - 2024-07-27 19:59:56 --> CSRF token verified.
INFO - 2024-07-27 16:59:56 --> Session: Class initialized using 'CodeIgniter\Session\Handlers\DatabaseHandler' driver.
INFO - 2024-07-27 19:59:56 --> CSRF token verified.
INFO - 2024-07-27 16:59:57 --> Session: Class initialized using 'CodeIgniter\Session\Handlers\DatabaseHandler' driver.
INFO - 2024-07-27 19:59:57 --> CSRF token verified.
INFO - 2024-07-27 16:59:57 --> Session: Class initialized using 'CodeIgniter\Session\Handlers\DatabaseHandler' driver.
INFO - 2024-07-27 19:59:57 --> CSRF token verified.
INFO - 2024-07-27 16:59:58 --> Session: Class initialized using 'CodeIgniter\Session\Handlers\DatabaseHandler' driver.
INFO - 2024-07-27 19:59:58 --> CSRF token verified.
INFO - 2024-07-27 16:59:58 --> Session: Class initialized using 'CodeIgniter\Session\Handlers\DatabaseHandler' driver.
INFO - 2024-07-27 19:59:58 --> CSRF token verified.
INFO - 2024-07-27 16:59:59 --> Session: Class initialized using 'CodeIgniter\Session\Handlers\DatabaseHandler' driver.
INFO - 2024-07-27 19:59:59 --> CSRF token verified.
INFO - 2024-07-27 16:59:59 --> Session: Class initialized using 'CodeIgniter\Session\Handlers\DatabaseHandler' driver.
INFO - 2024-07-27 19:59:59 --> CSRF token verified.
INFO - 2024-07-27 16:59:59 --> Session: Class initialized using 'CodeIgniter\Session\Handlers\DatabaseHandler' driver.
INFO - 2024-07-27 19:59:59 --> CSRF token verified.
INFO - 2024-07-27 16:59:59 --> Session: Class initialized using 'CodeIgniter\Session\Handlers\DatabaseHandler' driver.
INFO - 2024-07-27 19:59:59 --> CSRF token verified.
INFO - 2024-07-27 17:00:00 --> Session: Class initialized using 'CodeIgniter\Session\Handlers\DatabaseHandler' driver.
INFO - 2024-07-27 20:00:00 --> CSRF token verified.
INFO - 2024-07-27 17:00:00 --> Session: Class initialized using 'CodeIgniter\Session\Handlers\DatabaseHandler' driver.
INFO - 2024-07-27 17:00:00 --> Session: Class initialized using 'CodeIgniter\Session\Handlers\DatabaseHandler' driver.
INFO - 2024-07-27 20:00:00 --> CSRF token verified.
INFO - 2024-07-27 17:00:01 --> Session: Class initialized using 'CodeIgniter\Session\Handlers\DatabaseHandler' driver.
INFO - 2024-07-27 20:00:01 --> CSRF token verified.
INFO - 2024-07-27 17:00:06 --> Session: Class initialized using 'CodeIgniter\Session\Handlers\DatabaseHandler' driver.
INFO - 2024-07-27 20:00:06 --> CSRF token verified.
INFO - 2024-07-27 17:00:23 --> Session: Class initialized using 'CodeIgniter\Session\Handlers\DatabaseHandler' driver.
INFO - 2024-07-27 20:00:23 --> CSRF token verified.
INFO - 2024-07-27 17:00:43 --> Session: Class initialized using 'CodeIgniter\Session\Handlers\DatabaseHandler' driver.
INFO - 2024-07-27 20:00:43 --> CSRF token verified.
INFO - 2024-07-27 17:01:45 --> Session: Class initialized using 'CodeIgniter\Session\Handlers\DatabaseHandler' driver.
INFO - 2024-07-27 20:01:45 --> CSRF token verified.
INFO - 2024-07-27 17:02:07 --> Session: Class initialized using 'CodeIgniter\Session\Handlers\DatabaseHandler' driver.
INFO - 2024-07-27 20:02:07 --> CSRF token verified.
INFO - 2024-07-27 17:02:44 --> Session: Class initialized using 'CodeIgniter\Session\Handlers\DatabaseHandler' driver.
INFO - 2024-07-27 20:02:44 --> CSRF token verified.
INFO - 2024-07-27 17:03:23 --> Session: Class initialized using 'CodeIgniter\Session\Handlers\DatabaseHandler' driver.
INFO - 2024-07-27 20:03:23 --> CSRF token verified.
INFO - 2024-07-27 17:03:41 --> Session: Class initialized using 'CodeIgniter\Session\Handlers\DatabaseHandler' driver.
INFO - 2024-07-27 20:03:41 --> CSRF token verified.
INFO - 2024-07-27 17:03:43 --> Session: Class initialized using 'CodeIgniter\Session\Handlers\DatabaseHandler' driver.
INFO - 2024-07-27 20:03:43 --> CSRF token verified.
INFO - 2024-07-27 17:03:46 --> Session: Class initialized using 'CodeIgniter\Session\Handlers\DatabaseHandler' driver.
INFO - 2024-07-27 20:03:46 --> CSRF token verified.
INFO - 2024-07-27 17:03:46 --> Session: Class initialized using 'CodeIgniter\Session\Handlers\DatabaseHandler' driver.
INFO - 2024-07-27 17:03:47 --> Session: Class initialized using 'CodeIgniter\Session\Handlers\DatabaseHandler' driver.
INFO - 2024-07-27 20:03:47 --> CSRF token verified.
INFO - 2024-07-27 17:03:50 --> Session: Class initialized using 'CodeIgniter\Session\Handlers\DatabaseHandler' driver.
INFO - 2024-07-27 17:03:51 --> Session: Class initialized using 'CodeIgniter\Session\Handlers\DatabaseHandler' driver.
INFO - 2024-07-27 20:03:51 --> CSRF token verified.
INFO - 2024-07-27 17:05:11 --> Session: Class initialized using 'CodeIgniter\Session\Handlers\DatabaseHandler' driver.
INFO - 2024-07-27 17:05:24 --> Session: Class initialized using 'CodeIgniter\Session\Handlers\DatabaseHandler' driver.
INFO - 2024-07-27 17:05:27 --> Session: Class initialized using 'CodeIgniter\Session\Handlers\DatabaseHandler' driver.
INFO - 2024-07-27 20:05:27 --> CSRF token verified.
INFO - 2024-07-27 17:05:28 --> Session: Class initialized using 'CodeIgniter\Session\Handlers\DatabaseHandler' driver.
INFO - 2024-07-27 20:05:28 --> CSRF token verified.
INFO - 2024-07-27 17:05:30 --> Session: Class initialized using 'CodeIgniter\Session\Handlers\DatabaseHandler' driver.
INFO - 2024-07-27 20:05:30 --> CSRF token verified.
INFO - 2024-07-27 17:05:31 --> Session: Class initialized using 'CodeIgniter\Session\Handlers\DatabaseHandler' driver.
INFO - 2024-07-27 20:05:31 --> CSRF token verified.
INFO - 2024-07-27 17:05:34 --> Session: Class initialized using 'CodeIgniter\Session\Handlers\DatabaseHandler' driver.
INFO - 2024-07-27 20:05:34 --> CSRF token verified.
INFO - 2024-07-27 17:05:35 --> Session: Class initialized using 'CodeIgniter\Session\Handlers\DatabaseHandler' driver.
INFO - 2024-07-27 20:05:35 --> CSRF token verified.
INFO - 2024-07-27 17:05:36 --> Session: Class initialized using 'CodeIgniter\Session\Handlers\DatabaseHandler' driver.
INFO - 2024-07-27 20:05:36 --> CSRF token verified.
INFO - 2024-07-27 17:05:37 --> Session: Class initialized using 'CodeIgniter\Session\Handlers\DatabaseHandler' driver.
INFO - 2024-07-27 20:05:37 --> CSRF token verified.
INFO - 2024-07-27 17:05:48 --> Session: Class initialized using 'CodeIgniter\Session\Handlers\DatabaseHandler' driver.
INFO - 2024-07-27 17:05:49 --> Session: Class initialized using 'CodeIgniter\Session\Handlers\DatabaseHandler' driver.
INFO - 2024-07-27 20:05:49 --> CSRF token verified.
INFO - 2024-07-27 17:06:25 --> Session: Class initialized using 'CodeIgniter\Session\Handlers\DatabaseHandler' driver.
INFO - 2024-07-27 17:06:42 --> Session: Class initialized using 'CodeIgniter\Session\Handlers\DatabaseHandler' driver.
INFO - 2024-07-27 20:06:42 --> CSRF token verified.
INFO - 2024-07-27 17:06:43 --> Session: Class initialized using 'CodeIgniter\Session\Handlers\DatabaseHandler' driver.
INFO - 2024-07-27 20:06:43 --> CSRF token verified.
INFO - 2024-07-27 17:06:43 --> Session: Class initialized using 'CodeIgniter\Session\Handlers\DatabaseHandler' driver.
INFO - 2024-07-27 20:06:43 --> CSRF token verified.
INFO - 2024-07-27 17:06:44 --> Session: Class initialized using 'CodeIgniter\Session\Handlers\DatabaseHandler' driver.
INFO - 2024-07-27 20:06:44 --> CSRF token verified.
INFO - 2024-07-27 17:06:46 --> Session: Class initialized using 'CodeIgniter\Session\Handlers\DatabaseHandler' driver.
INFO - 2024-07-27 20:06:46 --> CSRF token verified.
INFO - 2024-07-27 17:06:47 --> Session: Class initialized using 'CodeIgniter\Session\Handlers\DatabaseHandler' driver.
INFO - 2024-07-27 20:06:47 --> CSRF token verified.
INFO - 2024-07-27 17:06:52 --> Session: Class initialized using 'CodeIgniter\Session\Handlers\DatabaseHandler' driver.
INFO - 2024-07-27 20:06:52 --> CSRF token verified.
INFO - 2024-07-27 17:08:06 --> Session: Class initialized using 'CodeIgniter\Session\Handlers\DatabaseHandler' driver.
INFO - 2024-07-27 17:10:18 --> Session: Class initialized using 'CodeIgniter\Session\Handlers\DatabaseHandler' driver.
INFO - 2024-07-27 20:10:18 --> CSRF token verified.
INFO - 2024-07-27 17:11:40 --> Session: Class initialized using 'CodeIgniter\Session\Handlers\DatabaseHandler' driver.
INFO - 2024-07-27 20:11:40 --> CSRF token verified.
INFO - 2024-07-27 17:11:40 --> Session: Class initialized using 'CodeIgniter\Session\Handlers\DatabaseHandler' driver.
INFO - 2024-07-27 20:11:40 --> CSRF token verified.
INFO - 2024-07-27 17:11:41 --> Session: Class initialized using 'CodeIgniter\Session\Handlers\DatabaseHandler' driver.
INFO - 2024-07-27 20:11:41 --> CSRF token verified.
INFO - 2024-07-27 17:11:41 --> Session: Class initialized using 'CodeIgniter\Session\Handlers\DatabaseHandler' driver.
INFO - 2024-07-27 20:11:41 --> CSRF token verified.
INFO - 2024-07-27 17:11:41 --> Session: Class initialized using 'CodeIgniter\Session\Handlers\DatabaseHandler' driver.
INFO - 2024-07-27 20:11:41 --> CSRF token verified.
INFO - 2024-07-27 17:11:42 --> Session: Class initialized using 'CodeIgniter\Session\Handlers\DatabaseHandler' driver.
INFO - 2024-07-27 20:11:42 --> CSRF token verified.
INFO - 2024-07-27 17:11:46 --> Session: Class initialized using 'CodeIgniter\Session\Handlers\DatabaseHandler' driver.
INFO - 2024-07-27 20:11:46 --> CSRF token verified.
INFO - 2024-07-27 17:11:46 --> Session: Class initialized using 'CodeIgniter\Session\Handlers\DatabaseHandler' driver.
INFO - 2024-07-27 20:11:46 --> CSRF token verified.
INFO - 2024-07-27 17:12:08 --> Session: Class initialized using 'CodeIgniter\Session\Handlers\DatabaseHandler' driver.
INFO - 2024-07-27 20:12:08 --> CSRF token verified.
INFO - 2024-07-27 17:12:18 --> Session: Class initialized using 'CodeIgniter\Session\Handlers\DatabaseHandler' driver.
INFO - 2024-07-27 17:12:22 --> Session: Class initialized using 'CodeIgniter\Session\Handlers\DatabaseHandler' driver.
INFO - 2024-07-27 20:12:22 --> CSRF token verified.
INFO - 2024-07-27 17:12:40 --> Session: Class initialized using 'CodeIgniter\Session\Handlers\DatabaseHandler' driver.
INFO - 2024-07-27 20:12:40 --> CSRF token verified.
INFO - 2024-07-27 17:12:40 --> Session: Class initialized using 'CodeIgniter\Session\Handlers\DatabaseHandler' driver.
INFO - 2024-07-27 17:12:41 --> Session: Class initialized using 'CodeIgniter\Session\Handlers\DatabaseHandler' driver.
INFO - 2024-07-27 20:12:41 --> CSRF token verified.
INFO - 2024-07-27 17:13:30 --> Session: Class initialized using 'CodeIgniter\Session\Handlers\DatabaseHandler' driver.
INFO - 2024-07-27 17:14:34 --> Session: Class initialized using 'CodeIgniter\Session\Handlers\DatabaseHandler' driver.
INFO - 2024-07-27 20:14:34 --> CSRF token verified.
INFO - 2024-07-27 17:14:50 --> Session: Class initialized using 'CodeIgniter\Session\Handlers\DatabaseHandler' driver.
INFO - 2024-07-27 20:14:50 --> CSRF token verified.
INFO - 2024-07-27 17:14:52 --> Session: Class initialized using 'CodeIgniter\Session\Handlers\DatabaseHandler' driver.
INFO - 2024-07-27 20:14:52 --> CSRF token verified.
INFO - 2024-07-27 17:16:00 --> Session: Class initialized using 'CodeIgniter\Session\Handlers\DatabaseHandler' driver.
INFO - 2024-07-27 20:16:00 --> CSRF token verified.
INFO - 2024-07-27 17:16:00 --> Session: Class initialized using 'CodeIgniter\Session\Handlers\DatabaseHandler' driver.
INFO - 2024-07-27 20:16:00 --> CSRF token verified.
INFO - 2024-07-27 17:16:01 --> Session: Class initialized using 'CodeIgniter\Session\Handlers\DatabaseHandler' driver.
INFO - 2024-07-27 20:16:01 --> CSRF token verified.
INFO - 2024-07-27 17:16:02 --> Session: Class initialized using 'CodeIgniter\Session\Handlers\DatabaseHandler' driver.
INFO - 2024-07-27 20:16:02 --> CSRF token verified.
INFO - 2024-07-27 17:16:02 --> Session: Class initialized using 'CodeIgniter\Session\Handlers\DatabaseHandler' driver.
INFO - 2024-07-27 20:16:02 --> CSRF token verified.
INFO - 2024-07-27 17:16:02 --> Session: Class initialized using 'CodeIgniter\Session\Handlers\DatabaseHandler' driver.
INFO - 2024-07-27 20:16:03 --> CSRF token verified.
INFO - 2024-07-27 17:16:03 --> Session: Class initialized using 'CodeIgniter\Session\Handlers\DatabaseHandler' driver.
INFO - 2024-07-27 20:16:03 --> CSRF token verified.
INFO - 2024-07-27 17:16:03 --> Session: Class initialized using 'CodeIgniter\Session\Handlers\DatabaseHandler' driver.
INFO - 2024-07-27 20:16:03 --> CSRF token verified.
INFO - 2024-07-27 17:16:03 --> Session: Class initialized using 'CodeIgniter\Session\Handlers\DatabaseHandler' driver.
INFO - 2024-07-27 20:16:03 --> CSRF token verified.
INFO - 2024-07-27 17:16:04 --> Session: Class initialized using 'CodeIgniter\Session\Handlers\DatabaseHandler' driver.
INFO - 2024-07-27 20:16:04 --> CSRF token verified.
INFO - 2024-07-27 17:16:04 --> Session: Class initialized using 'CodeIgniter\Session\Handlers\DatabaseHandler' driver.
INFO - 2024-07-27 20:16:04 --> CSRF token verified.
INFO - 2024-07-27 17:16:06 --> Session: Class initialized using 'CodeIgniter\Session\Handlers\DatabaseHandler' driver.
INFO - 2024-07-27 20:16:06 --> CSRF token verified.
INFO - 2024-07-27 17:16:10 --> Session: Class initialized using 'CodeIgniter\Session\Handlers\DatabaseHandler' driver.
INFO - 2024-07-27 20:16:10 --> CSRF token verified.
INFO - 2024-07-27 17:16:20 --> Session: Class initialized using 'CodeIgniter\Session\Handlers\DatabaseHandler' driver.
INFO - 2024-07-27 20:16:20 --> CSRF token verified.
INFO - 2024-07-27 17:16:33 --> Session: Class initialized using 'CodeIgniter\Session\Handlers\DatabaseHandler' driver.
INFO - 2024-07-27 20:16:33 --> CSRF token verified.
INFO - 2024-07-27 17:16:35 --> Session: Class initialized using 'CodeIgniter\Session\Handlers\DatabaseHandler' driver.
INFO - 2024-07-27 20:16:35 --> CSRF token verified.
INFO - 2024-07-27 17:16:39 --> Session: Class initialized using 'CodeIgniter\Session\Handlers\DatabaseHandler' driver.
INFO - 2024-07-27 20:16:39 --> CSRF token verified.
INFO - 2024-07-27 17:16:39 --> Session: Class initialized using 'CodeIgniter\Session\Handlers\DatabaseHandler' driver.
INFO - 2024-07-27 17:16:41 --> Session: Class initialized using 'CodeIgniter\Session\Handlers\DatabaseHandler' driver.
INFO - 2024-07-27 20:16:41 --> CSRF token verified.
INFO - 2024-07-27 17:16:44 --> Session: Class initialized using 'CodeIgniter\Session\Handlers\DatabaseHandler' driver.
INFO - 2024-07-27 17:16:44 --> Session: Class initialized using 'CodeIgniter\Session\Handlers\DatabaseHandler' driver.
INFO - 2024-07-27 20:16:44 --> CSRF token verified.
INFO - 2024-07-27 17:16:46 --> Session: Class initialized using 'CodeIgniter\Session\Handlers\DatabaseHandler' driver.
INFO - 2024-07-27 17:16:47 --> Session: Class initialized using 'CodeIgniter\Session\Handlers\DatabaseHandler' driver.
INFO - 2024-07-27 20:16:47 --> CSRF token verified.
INFO - 2024-07-27 17:16:49 --> Session: Class initialized using 'CodeIgniter\Session\Handlers\DatabaseHandler' driver.
INFO - 2024-07-27 20:16:49 --> CSRF token verified.
INFO - 2024-07-27 17:16:50 --> Session: Class initialized using 'CodeIgniter\Session\Handlers\DatabaseHandler' driver.
INFO - 2024-07-27 20:16:50 --> CSRF token verified.
INFO - 2024-07-27 17:17:04 --> Session: Class initialized using 'CodeIgniter\Session\Handlers\DatabaseHandler' driver.
INFO - 2024-07-27 17:17:05 --> Session: Class initialized using 'CodeIgniter\Session\Handlers\DatabaseHandler' driver.
INFO - 2024-07-27 20:17:05 --> CSRF token verified.
INFO - 2024-07-27 17:17:26 --> Session: Class initialized using 'CodeIgniter\Session\Handlers\DatabaseHandler' driver.
INFO - 2024-07-27 20:17:26 --> CSRF token verified.
INFO - 2024-07-27 17:17:26 --> Session: Class initialized using 'CodeIgniter\Session\Handlers\DatabaseHandler' driver.
INFO - 2024-07-27 17:17:27 --> Session: Class initialized using 'CodeIgniter\Session\Handlers\DatabaseHandler' driver.
INFO - 2024-07-27 20:17:27 --> CSRF token verified.
INFO - 2024-07-27 17:17:31 --> Session: Class initialized using 'CodeIgniter\Session\Handlers\DatabaseHandler' driver.
INFO - 2024-07-27 17:17:31 --> Session: Class initialized using 'CodeIgniter\Session\Handlers\DatabaseHandler' driver.
INFO - 2024-07-27 20:17:31 --> CSRF token verified.
INFO - 2024-07-27 17:17:35 --> Session: Class initialized using 'CodeIgniter\Session\Handlers\DatabaseHandler' driver.
INFO - 2024-07-27 20:17:35 --> CSRF token verified.
INFO - 2024-07-27 17:17:35 --> Session: Class initialized using 'CodeIgniter\Session\Handlers\DatabaseHandler' driver.
INFO - 2024-07-27 17:17:36 --> Session: Class initialized using 'CodeIgniter\Session\Handlers\DatabaseHandler' driver.
INFO - 2024-07-27 20:17:36 --> CSRF token verified.
INFO - 2024-07-27 17:18:35 --> Session: Class initialized using 'CodeIgniter\Session\Handlers\DatabaseHandler' driver.
INFO - 2024-07-27 17:18:37 --> Session: Class initialized using 'CodeIgniter\Session\Handlers\DatabaseHandler' driver.
INFO - 2024-07-27 20:18:37 --> CSRF token verified.
INFO - 2024-07-27 17:22:22 --> Session: Class initialized using 'CodeIgniter\Session\Handlers\DatabaseHandler' driver.
INFO - 2024-07-27 17:22:22 --> Session: Class initialized using 'CodeIgniter\Session\Handlers\DatabaseHandler' driver.
INFO - 2024-07-27 17:26:12 --> Session: Class initialized using 'CodeIgniter\Session\Handlers\DatabaseHandler' driver.
INFO - 2024-07-27 17:38:17 --> Session: Class initialized using 'CodeIgniter\Session\Handlers\DatabaseHandler' driver.
INFO - 2024-07-27 17:47:53 --> Session: Class initialized using 'CodeIgniter\Session\Handlers\DatabaseHandler' driver.
INFO - 2024-07-27 17:51:28 --> Session: Class initialized using 'CodeIgniter\Session\Handlers\DatabaseHandler' driver.
INFO - 2024-07-27 17:51:30 --> Session: Class initialized using 'CodeIgniter\Session\Handlers\DatabaseHandler' driver.
INFO - 2024-07-27 20:51:30 --> CSRF token verified.
INFO - 2024-07-27 18:03:05 --> Session: Class initialized using 'CodeIgniter\Session\Handlers\DatabaseHandler' driver.
INFO - 2024-07-27 18:16:12 --> Session: Class initialized using 'CodeIgniter\Session\Handlers\DatabaseHandler' driver.
INFO - 2024-07-27 18:25:12 --> Session: Class initialized using 'CodeIgniter\Session\Handlers\DatabaseHandler' driver.
INFO - 2024-07-27 18:30:13 --> Session: Class initialized using 'CodeIgniter\Session\Handlers\DatabaseHandler' driver.
INFO - 2024-07-27 18:36:28 --> Session: Class initialized using 'CodeIgniter\Session\Handlers\DatabaseHandler' driver.
INFO - 2024-07-27 18:48:34 --> Session: Class initialized using 'CodeIgniter\Session\Handlers\DatabaseHandler' driver.
INFO - 2024-07-27 18:48:44 --> Session: Class initialized using 'CodeIgniter\Session\Handlers\DatabaseHandler' driver.
INFO - 2024-07-27 18:51:55 --> Session: Class initialized using 'CodeIgniter\Session\Handlers\DatabaseHandler' driver.
INFO - 2024-07-27 19:06:07 --> Session: Class initialized using 'CodeIgniter\Session\Handlers\DatabaseHandler' driver.
INFO - 2024-07-27 19:13:47 --> Session: Class initialized using 'CodeIgniter\Session\Handlers\DatabaseHandler' driver.
INFO - 2024-07-27 19:34:54 --> Session: Class initialized using 'CodeIgniter\Session\Handlers\DatabaseHandler' driver.
INFO - 2024-07-27 19:39:28 --> Session: Class initialized using 'CodeIgniter\Session\Handlers\DatabaseHandler' driver.
INFO - 2024-07-27 19:39:34 --> Session: Class initialized using 'CodeIgniter\Session\Handlers\DatabaseHandler' driver.
INFO - 2024-07-27 22:39:34 --> CSRF token verified.
INFO - 2024-07-27 19:47:56 --> Session: Class initialized using 'CodeIgniter\Session\Handlers\DatabaseHandler' driver.
INFO - 2024-07-27 19:47:57 --> Session: Class initialized using 'CodeIgniter\Session\Handlers\DatabaseHandler' driver.
INFO - 2024-07-27 20:04:36 --> Session: Class initialized using 'CodeIgniter\Session\Handlers\DatabaseHandler' driver.
INFO - 2024-07-27 20:56:59 --> Session: Class initialized using 'CodeIgniter\Session\Handlers\DatabaseHandler' driver.
INFO - 2024-07-27 22:47:49 --> Session: Class initialized using 'CodeIgniter\Session\Handlers\DatabaseHandler' driver.
INFO - 2024-07-27 23:05:38 --> Session: Class initialized using 'CodeIgniter\Session\Handlers\DatabaseHandler' driver.
INFO - 2024-07-27 23:17:55 --> Session: Class initialized using 'CodeIgniter\Session\Handlers\DatabaseHandler' driver.
INFO - 2024-07-27 23:39:23 --> Session: Class initialized using 'CodeIgniter\Session\Handlers\DatabaseHandler' driver.
