INFO - 2024-06-05 12:53:40 --> Session: Class initialized using 'CodeIgniter\Session\Handlers\DatabaseHandler' driver.
INFO - 2024-06-05 12:53:40 --> Session: Class initialized using 'CodeIgniter\Session\Handlers\DatabaseHandler' driver.
INFO - 2024-06-05 12:53:41 --> Session: Class initialized using 'CodeIgniter\Session\Handlers\DatabaseHandler' driver.
INFO - 2024-06-05 15:53:41 --> CSRF token verified.
INFO - 2024-06-05 12:53:54 --> Session: Class initialized using 'CodeIgniter\Session\Handlers\DatabaseHandler' driver.
INFO - 2024-06-05 12:53:55 --> Session: Class initialized using 'CodeIgniter\Session\Handlers\DatabaseHandler' driver.
INFO - 2024-06-05 15:53:55 --> CSRF token verified.
INFO - 2024-06-05 12:54:39 --> Session: Class initialized using 'CodeIgniter\Session\Handlers\DatabaseHandler' driver.
INFO - 2024-06-05 12:54:39 --> Session: Class initialized using 'CodeIgniter\Session\Handlers\DatabaseHandler' driver.
INFO - 2024-06-05 12:54:46 --> Session: Class initialized using 'CodeIgniter\Session\Handlers\DatabaseHandler' driver.
INFO - 2024-06-05 12:54:51 --> Session: Class initialized using 'CodeIgniter\Session\Handlers\DatabaseHandler' driver.
INFO - 2024-06-05 12:54:55 --> Session: Class initialized using 'CodeIgniter\Session\Handlers\DatabaseHandler' driver.
INFO - 2024-06-05 12:55:07 --> Session: Class initialized using 'CodeIgniter\Session\Handlers\DatabaseHandler' driver.
INFO - 2024-06-05 12:55:07 --> Session: Class initialized using 'CodeIgniter\Session\Handlers\DatabaseHandler' driver.
INFO - 2024-06-05 12:55:08 --> Session: Class initialized using 'CodeIgniter\Session\Handlers\DatabaseHandler' driver.
INFO - 2024-06-05 15:55:08 --> CSRF token verified.
INFO - 2024-06-05 13:03:54 --> Session: Class initialized using 'CodeIgniter\Session\Handlers\DatabaseHandler' driver.
INFO - 2024-06-05 16:03:54 --> CSRF token verified.
INFO - 2024-06-05 13:03:55 --> Session: Class initialized using 'CodeIgniter\Session\Handlers\DatabaseHandler' driver.
INFO - 2024-06-05 13:03:57 --> Session: Class initialized using 'CodeIgniter\Session\Handlers\DatabaseHandler' driver.
INFO - 2024-06-05 16:03:57 --> CSRF token verified.
INFO - 2024-06-05 13:06:22 --> Session: Class initialized using 'CodeIgniter\Session\Handlers\DatabaseHandler' driver.
INFO - 2024-06-05 13:06:23 --> Session: Class initialized using 'CodeIgniter\Session\Handlers\DatabaseHandler' driver.
INFO - 2024-06-05 16:06:23 --> CSRF token verified.
INFO - 2024-06-05 13:07:28 --> Session: Class initialized using 'CodeIgniter\Session\Handlers\DatabaseHandler' driver.
INFO - 2024-06-05 16:07:28 --> CSRF token verified.
INFO - 2024-06-05 13:07:29 --> Session: Class initialized using 'CodeIgniter\Session\Handlers\DatabaseHandler' driver.
INFO - 2024-06-05 16:07:29 --> CSRF token verified.
INFO - 2024-06-05 13:07:29 --> Session: Class initialized using 'CodeIgniter\Session\Handlers\DatabaseHandler' driver.
INFO - 2024-06-05 16:07:29 --> CSRF token verified.
INFO - 2024-06-05 13:07:30 --> Session: Class initialized using 'CodeIgniter\Session\Handlers\DatabaseHandler' driver.
INFO - 2024-06-05 16:07:30 --> CSRF token verified.
INFO - 2024-06-05 13:07:30 --> Session: Class initialized using 'CodeIgniter\Session\Handlers\DatabaseHandler' driver.
INFO - 2024-06-05 16:07:30 --> CSRF token verified.
INFO - 2024-06-05 13:07:31 --> Session: Class initialized using 'CodeIgniter\Session\Handlers\DatabaseHandler' driver.
INFO - 2024-06-05 16:07:31 --> CSRF token verified.
INFO - 2024-06-05 13:08:32 --> Session: Class initialized using 'CodeIgniter\Session\Handlers\DatabaseHandler' driver.
INFO - 2024-06-05 16:08:32 --> CSRF token verified.
INFO - 2024-06-05 13:08:46 --> Session: Class initialized using 'CodeIgniter\Session\Handlers\DatabaseHandler' driver.
INFO - 2024-06-05 16:08:46 --> CSRF token verified.
INFO - 2024-06-05 13:09:04 --> Session: Class initialized using 'CodeIgniter\Session\Handlers\DatabaseHandler' driver.
INFO - 2024-06-05 16:09:04 --> CSRF token verified.
INFO - 2024-06-05 13:12:20 --> Session: Class initialized using 'CodeIgniter\Session\Handlers\DatabaseHandler' driver.
INFO - 2024-06-05 16:12:20 --> CSRF token verified.
INFO - 2024-06-05 13:15:48 --> Session: Class initialized using 'CodeIgniter\Session\Handlers\DatabaseHandler' driver.
INFO - 2024-06-05 16:15:48 --> CSRF token verified.
INFO - 2024-06-05 13:16:10 --> Session: Class initialized using 'CodeIgniter\Session\Handlers\DatabaseHandler' driver.
INFO - 2024-06-05 16:16:10 --> CSRF token verified.
INFO - 2024-06-05 13:16:10 --> Session: Class initialized using 'CodeIgniter\Session\Handlers\DatabaseHandler' driver.
INFO - 2024-06-05 16:16:10 --> CSRF token verified.
INFO - 2024-06-05 13:16:17 --> Session: Class initialized using 'CodeIgniter\Session\Handlers\DatabaseHandler' driver.
INFO - 2024-06-05 16:16:17 --> CSRF token verified.
INFO - 2024-06-05 13:16:17 --> Session: Class initialized using 'CodeIgniter\Session\Handlers\DatabaseHandler' driver.
INFO - 2024-06-05 16:16:17 --> CSRF token verified.
INFO - 2024-06-05 13:16:24 --> Session: Class initialized using 'CodeIgniter\Session\Handlers\DatabaseHandler' driver.
INFO - 2024-06-05 16:16:24 --> CSRF token verified.
INFO - 2024-06-05 13:16:24 --> Session: Class initialized using 'CodeIgniter\Session\Handlers\DatabaseHandler' driver.
INFO - 2024-06-05 16:16:24 --> CSRF token verified.
INFO - 2024-06-05 13:17:33 --> Session: Class initialized using 'CodeIgniter\Session\Handlers\DatabaseHandler' driver.
INFO - 2024-06-05 16:17:33 --> CSRF token verified.
INFO - 2024-06-05 13:18:16 --> Session: Class initialized using 'CodeIgniter\Session\Handlers\DatabaseHandler' driver.
INFO - 2024-06-05 16:18:16 --> CSRF token verified.
INFO - 2024-06-05 13:18:41 --> Session: Class initialized using 'CodeIgniter\Session\Handlers\DatabaseHandler' driver.
INFO - 2024-06-05 16:18:41 --> CSRF token verified.
INFO - 2024-06-05 13:18:47 --> Session: Class initialized using 'CodeIgniter\Session\Handlers\DatabaseHandler' driver.
INFO - 2024-06-05 16:18:47 --> CSRF token verified.
INFO - 2024-06-05 13:20:04 --> Session: Class initialized using 'CodeIgniter\Session\Handlers\DatabaseHandler' driver.
INFO - 2024-06-05 16:20:04 --> CSRF token verified.
INFO - 2024-06-05 13:20:04 --> Session: Class initialized using 'CodeIgniter\Session\Handlers\DatabaseHandler' driver.
INFO - 2024-06-05 13:20:05 --> Session: Class initialized using 'CodeIgniter\Session\Handlers\DatabaseHandler' driver.
INFO - 2024-06-05 16:20:05 --> CSRF token verified.
INFO - 2024-06-05 13:28:26 --> Session: Class initialized using 'CodeIgniter\Session\Handlers\DatabaseHandler' driver.
INFO - 2024-06-05 16:28:26 --> CSRF token verified.
INFO - 2024-06-05 13:28:52 --> Session: Class initialized using 'CodeIgniter\Session\Handlers\DatabaseHandler' driver.
INFO - 2024-06-05 16:28:52 --> CSRF token verified.
INFO - 2024-06-05 13:30:36 --> Session: Class initialized using 'CodeIgniter\Session\Handlers\DatabaseHandler' driver.
INFO - 2024-06-05 16:30:36 --> CSRF token verified.
INFO - 2024-06-05 13:31:05 --> Session: Class initialized using 'CodeIgniter\Session\Handlers\DatabaseHandler' driver.
INFO - 2024-06-05 16:31:05 --> CSRF token verified.
INFO - 2024-06-05 13:32:37 --> Session: Class initialized using 'CodeIgniter\Session\Handlers\DatabaseHandler' driver.
INFO - 2024-06-05 16:32:37 --> CSRF token verified.
INFO - 2024-06-05 13:32:38 --> Session: Class initialized using 'CodeIgniter\Session\Handlers\DatabaseHandler' driver.
INFO - 2024-06-05 16:32:38 --> CSRF token verified.
INFO - 2024-06-05 13:32:38 --> Session: Class initialized using 'CodeIgniter\Session\Handlers\DatabaseHandler' driver.
INFO - 2024-06-05 16:32:38 --> CSRF token verified.
INFO - 2024-06-05 13:32:39 --> Session: Class initialized using 'CodeIgniter\Session\Handlers\DatabaseHandler' driver.
INFO - 2024-06-05 16:32:39 --> CSRF token verified.
INFO - 2024-06-05 13:36:13 --> Session: Class initialized using 'CodeIgniter\Session\Handlers\DatabaseHandler' driver.
INFO - 2024-06-05 16:36:13 --> CSRF token verified.
INFO - 2024-06-05 13:36:50 --> Session: Class initialized using 'CodeIgniter\Session\Handlers\DatabaseHandler' driver.
INFO - 2024-06-05 16:36:50 --> CSRF token verified.
INFO - 2024-06-05 13:36:51 --> Session: Class initialized using 'CodeIgniter\Session\Handlers\DatabaseHandler' driver.
INFO - 2024-06-05 16:36:51 --> CSRF token verified.
INFO - 2024-06-05 13:36:51 --> Session: Class initialized using 'CodeIgniter\Session\Handlers\DatabaseHandler' driver.
INFO - 2024-06-05 16:36:51 --> CSRF token verified.
INFO - 2024-06-05 13:36:52 --> Session: Class initialized using 'CodeIgniter\Session\Handlers\DatabaseHandler' driver.
INFO - 2024-06-05 16:36:52 --> CSRF token verified.
INFO - 2024-06-05 13:36:55 --> Session: Class initialized using 'CodeIgniter\Session\Handlers\DatabaseHandler' driver.
INFO - 2024-06-05 16:36:55 --> CSRF token verified.
INFO - 2024-06-05 13:37:02 --> Session: Class initialized using 'CodeIgniter\Session\Handlers\DatabaseHandler' driver.
INFO - 2024-06-05 16:37:02 --> CSRF token verified.
INFO - 2024-06-05 13:37:36 --> Session: Class initialized using 'CodeIgniter\Session\Handlers\DatabaseHandler' driver.
INFO - 2024-06-05 16:37:36 --> CSRF token verified.
INFO - 2024-06-05 13:37:36 --> Session: Class initialized using 'CodeIgniter\Session\Handlers\DatabaseHandler' driver.
INFO - 2024-06-05 16:37:36 --> CSRF token verified.
INFO - 2024-06-05 13:37:36 --> Session: Class initialized using 'CodeIgniter\Session\Handlers\DatabaseHandler' driver.
INFO - 2024-06-05 16:37:36 --> CSRF token verified.
INFO - 2024-06-05 13:37:37 --> Session: Class initialized using 'CodeIgniter\Session\Handlers\DatabaseHandler' driver.
INFO - 2024-06-05 16:37:37 --> CSRF token verified.
INFO - 2024-06-05 13:37:39 --> Session: Class initialized using 'CodeIgniter\Session\Handlers\DatabaseHandler' driver.
INFO - 2024-06-05 16:37:39 --> CSRF token verified.
INFO - 2024-06-05 13:37:44 --> Session: Class initialized using 'CodeIgniter\Session\Handlers\DatabaseHandler' driver.
INFO - 2024-06-05 16:37:44 --> CSRF token verified.
INFO - 2024-06-05 13:38:03 --> Session: Class initialized using 'CodeIgniter\Session\Handlers\DatabaseHandler' driver.
INFO - 2024-06-05 16:38:03 --> CSRF token verified.
INFO - 2024-06-05 13:38:39 --> Session: Class initialized using 'CodeIgniter\Session\Handlers\DatabaseHandler' driver.
INFO - 2024-06-05 16:38:39 --> CSRF token verified.
INFO - 2024-06-05 13:39:21 --> Session: Class initialized using 'CodeIgniter\Session\Handlers\DatabaseHandler' driver.
INFO - 2024-06-05 16:39:21 --> CSRF token verified.
INFO - 2024-06-05 13:39:35 --> Session: Class initialized using 'CodeIgniter\Session\Handlers\DatabaseHandler' driver.
INFO - 2024-06-05 16:39:35 --> CSRF token verified.
INFO - 2024-06-05 13:40:06 --> Session: Class initialized using 'CodeIgniter\Session\Handlers\DatabaseHandler' driver.
INFO - 2024-06-05 16:40:06 --> CSRF token verified.
INFO - 2024-06-05 13:40:14 --> Session: Class initialized using 'CodeIgniter\Session\Handlers\DatabaseHandler' driver.
INFO - 2024-06-05 16:40:14 --> CSRF token verified.
INFO - 2024-06-05 13:40:40 --> Session: Class initialized using 'CodeIgniter\Session\Handlers\DatabaseHandler' driver.
INFO - 2024-06-05 16:40:40 --> CSRF token verified.
INFO - 2024-06-05 13:40:50 --> Session: Class initialized using 'CodeIgniter\Session\Handlers\DatabaseHandler' driver.
INFO - 2024-06-05 16:40:50 --> CSRF token verified.
INFO - 2024-06-05 13:41:15 --> Session: Class initialized using 'CodeIgniter\Session\Handlers\DatabaseHandler' driver.
INFO - 2024-06-05 16:41:15 --> CSRF token verified.
INFO - 2024-06-05 13:41:16 --> Session: Class initialized using 'CodeIgniter\Session\Handlers\DatabaseHandler' driver.
INFO - 2024-06-05 13:41:16 --> Session: Class initialized using 'CodeIgniter\Session\Handlers\DatabaseHandler' driver.
INFO - 2024-06-05 16:41:16 --> CSRF token verified.
INFO - 2024-06-05 13:41:18 --> Session: Class initialized using 'CodeIgniter\Session\Handlers\DatabaseHandler' driver.
INFO - 2024-06-05 13:41:20 --> Session: Class initialized using 'CodeIgniter\Session\Handlers\DatabaseHandler' driver.
CRITICAL - 2024-06-05 16:41:20 --> The action you requested is not allowed.
in SYSTEMPATH/Security/Security.php on line 298.
 1 SYSTEMPATH/Security/Security.php(298): CodeIgniter\Security\Exceptions\SecurityException::forDisallowedAction()
 2 SYSTEMPATH/Filters/CSRF.php(55): CodeIgniter\Security\Security->verify()
 3 SYSTEMPATH/Filters/Filters.php(180): CodeIgniter\Filters\CSRF->before()
 4 SYSTEMPATH/CodeIgniter.php(465): CodeIgniter\Filters\Filters->run()
 5 SYSTEMPATH/CodeIgniter.php(352): CodeIgniter\CodeIgniter->handleRequest()
 6 FCPATH/index.php(95): CodeIgniter\CodeIgniter->run()
INFO - 2024-06-05 13:41:31 --> Session: Class initialized using 'CodeIgniter\Session\Handlers\DatabaseHandler' driver.
INFO - 2024-06-05 13:41:33 --> Session: Class initialized using 'CodeIgniter\Session\Handlers\DatabaseHandler' driver.
INFO - 2024-06-05 16:41:33 --> CSRF token verified.
INFO - 2024-06-05 13:41:42 --> Session: Class initialized using 'CodeIgniter\Session\Handlers\DatabaseHandler' driver.
INFO - 2024-06-05 16:41:42 --> CSRF token verified.
INFO - 2024-06-05 13:41:46 --> Session: Class initialized using 'CodeIgniter\Session\Handlers\DatabaseHandler' driver.
INFO - 2024-06-05 16:41:46 --> CSRF token verified.
INFO - 2024-06-05 13:41:49 --> Session: Class initialized using 'CodeIgniter\Session\Handlers\DatabaseHandler' driver.
INFO - 2024-06-05 16:41:49 --> CSRF token verified.
INFO - 2024-06-05 13:41:57 --> Session: Class initialized using 'CodeIgniter\Session\Handlers\DatabaseHandler' driver.
INFO - 2024-06-05 16:41:57 --> CSRF token verified.
INFO - 2024-06-05 13:41:58 --> Session: Class initialized using 'CodeIgniter\Session\Handlers\DatabaseHandler' driver.
INFO - 2024-06-05 16:41:58 --> CSRF token verified.
INFO - 2024-06-05 13:41:59 --> Session: Class initialized using 'CodeIgniter\Session\Handlers\DatabaseHandler' driver.
INFO - 2024-06-05 16:41:59 --> CSRF token verified.
INFO - 2024-06-05 13:42:52 --> Session: Class initialized using 'CodeIgniter\Session\Handlers\DatabaseHandler' driver.
INFO - 2024-06-05 13:42:53 --> Session: Class initialized using 'CodeIgniter\Session\Handlers\DatabaseHandler' driver.
INFO - 2024-06-05 16:42:53 --> CSRF token verified.
INFO - 2024-06-05 13:43:00 --> Session: Class initialized using 'CodeIgniter\Session\Handlers\DatabaseHandler' driver.
INFO - 2024-06-05 13:43:01 --> Session: Class initialized using 'CodeIgniter\Session\Handlers\DatabaseHandler' driver.
INFO - 2024-06-05 16:43:01 --> CSRF token verified.
