INFO - 2024-05-04 02:10:11 --> Session: Class initialized using 'CodeIgniter\Session\Handlers\DatabaseHandler' driver.
INFO - 2024-05-04 02:10:12 --> Session: Class initialized using 'CodeIgniter\Session\Handlers\DatabaseHandler' driver.
INFO - 2024-05-04 05:10:12 --> CSRF token verified.
INFO - 2024-05-04 02:10:21 --> Session: Class initialized using 'CodeIgniter\Session\Handlers\DatabaseHandler' driver.
INFO - 2024-05-04 02:10:21 --> Session: Class initialized using 'CodeIgniter\Session\Handlers\DatabaseHandler' driver.
INFO - 2024-05-04 05:10:21 --> CSRF token verified.
INFO - 2024-05-04 02:10:29 --> Session: Class initialized using 'CodeIgniter\Session\Handlers\DatabaseHandler' driver.
INFO - 2024-05-04 05:10:29 --> CSRF token verified.
INFO - 2024-05-04 02:10:47 --> Session: Class initialized using 'CodeIgniter\Session\Handlers\DatabaseHandler' driver.
INFO - 2024-05-04 02:10:47 --> Session: Class initialized using 'CodeIgniter\Session\Handlers\DatabaseHandler' driver.
INFO - 2024-05-04 05:10:47 --> CSRF token verified.
INFO - 2024-05-04 02:10:50 --> Session: Class initialized using 'CodeIgniter\Session\Handlers\DatabaseHandler' driver.
INFO - 2024-05-04 02:10:51 --> Session: Class initialized using 'CodeIgniter\Session\Handlers\DatabaseHandler' driver.
INFO - 2024-05-04 05:10:51 --> CSRF token verified.
INFO - 2024-05-04 02:11:02 --> Session: Class initialized using 'CodeIgniter\Session\Handlers\DatabaseHandler' driver.
INFO - 2024-05-04 02:11:03 --> Session: Class initialized using 'CodeIgniter\Session\Handlers\DatabaseHandler' driver.
INFO - 2024-05-04 05:11:03 --> CSRF token verified.
INFO - 2024-05-04 02:11:13 --> Session: Class initialized using 'CodeIgniter\Session\Handlers\DatabaseHandler' driver.
INFO - 2024-05-04 02:11:13 --> Session: Class initialized using 'CodeIgniter\Session\Handlers\DatabaseHandler' driver.
INFO - 2024-05-04 05:11:13 --> CSRF token verified.
INFO - 2024-05-04 02:11:19 --> Session: Class initialized using 'CodeIgniter\Session\Handlers\DatabaseHandler' driver.
INFO - 2024-05-04 02:11:19 --> Session: Class initialized using 'CodeIgniter\Session\Handlers\DatabaseHandler' driver.
INFO - 2024-05-04 05:11:19 --> CSRF token verified.
INFO - 2024-05-04 02:12:53 --> Session: Class initialized using 'CodeIgniter\Session\Handlers\DatabaseHandler' driver.
INFO - 2024-05-04 05:12:53 --> CSRF token verified.
INFO - 2024-05-04 02:12:54 --> Session: Class initialized using 'CodeIgniter\Session\Handlers\DatabaseHandler' driver.
INFO - 2024-05-04 05:12:54 --> CSRF token verified.
INFO - 2024-05-04 02:12:54 --> Session: Class initialized using 'CodeIgniter\Session\Handlers\DatabaseHandler' driver.
INFO - 2024-05-04 05:12:54 --> CSRF token verified.
INFO - 2024-05-04 02:12:54 --> Session: Class initialized using 'CodeIgniter\Session\Handlers\DatabaseHandler' driver.
INFO - 2024-05-04 05:12:54 --> CSRF token verified.
INFO - 2024-05-04 02:12:54 --> Session: Class initialized using 'CodeIgniter\Session\Handlers\DatabaseHandler' driver.
INFO - 2024-05-04 05:12:54 --> CSRF token verified.
INFO - 2024-05-04 02:12:55 --> Session: Class initialized using 'CodeIgniter\Session\Handlers\DatabaseHandler' driver.
INFO - 2024-05-04 05:12:55 --> CSRF token verified.
INFO - 2024-05-04 02:12:55 --> Session: Class initialized using 'CodeIgniter\Session\Handlers\DatabaseHandler' driver.
INFO - 2024-05-04 05:12:55 --> CSRF token verified.
INFO - 2024-05-04 02:12:56 --> Session: Class initialized using 'CodeIgniter\Session\Handlers\DatabaseHandler' driver.
INFO - 2024-05-04 05:12:56 --> CSRF token verified.
INFO - 2024-05-04 02:12:56 --> Session: Class initialized using 'CodeIgniter\Session\Handlers\DatabaseHandler' driver.
INFO - 2024-05-04 05:12:56 --> CSRF token verified.
INFO - 2024-05-04 02:12:56 --> Session: Class initialized using 'CodeIgniter\Session\Handlers\DatabaseHandler' driver.
INFO - 2024-05-04 05:12:57 --> CSRF token verified.
INFO - 2024-05-04 02:12:57 --> Session: Class initialized using 'CodeIgniter\Session\Handlers\DatabaseHandler' driver.
INFO - 2024-05-04 05:12:57 --> CSRF token verified.
INFO - 2024-05-04 02:12:57 --> Session: Class initialized using 'CodeIgniter\Session\Handlers\DatabaseHandler' driver.
INFO - 2024-05-04 05:12:57 --> CSRF token verified.
INFO - 2024-05-04 02:13:01 --> Session: Class initialized using 'CodeIgniter\Session\Handlers\DatabaseHandler' driver.
INFO - 2024-05-04 05:13:01 --> CSRF token verified.
INFO - 2024-05-04 02:13:20 --> Session: Class initialized using 'CodeIgniter\Session\Handlers\DatabaseHandler' driver.
INFO - 2024-05-04 05:13:20 --> CSRF token verified.
INFO - 2024-05-04 02:14:08 --> Session: Class initialized using 'CodeIgniter\Session\Handlers\DatabaseHandler' driver.
INFO - 2024-05-04 05:14:08 --> CSRF token verified.
INFO - 2024-05-04 02:16:16 --> Session: Class initialized using 'CodeIgniter\Session\Handlers\DatabaseHandler' driver.
INFO - 2024-05-04 05:16:16 --> CSRF token verified.
INFO - 2024-05-04 02:16:19 --> Session: Class initialized using 'CodeIgniter\Session\Handlers\DatabaseHandler' driver.
INFO - 2024-05-04 05:16:19 --> CSRF token verified.
INFO - 2024-05-04 02:16:46 --> Session: Class initialized using 'CodeIgniter\Session\Handlers\DatabaseHandler' driver.
INFO - 2024-05-04 05:16:46 --> CSRF token verified.
INFO - 2024-05-04 02:16:46 --> Session: Class initialized using 'CodeIgniter\Session\Handlers\DatabaseHandler' driver.
INFO - 2024-05-04 02:16:47 --> Session: Class initialized using 'CodeIgniter\Session\Handlers\DatabaseHandler' driver.
INFO - 2024-05-04 05:16:47 --> CSRF token verified.
INFO - 2024-05-04 02:21:50 --> Session: Class initialized using 'CodeIgniter\Session\Handlers\DatabaseHandler' driver.
INFO - 2024-05-04 05:21:50 --> CSRF token verified.
INFO - 2024-05-04 02:21:54 --> Session: Class initialized using 'CodeIgniter\Session\Handlers\DatabaseHandler' driver.
INFO - 2024-05-04 05:21:54 --> CSRF token verified.
INFO - 2024-05-04 02:22:33 --> Session: Class initialized using 'CodeIgniter\Session\Handlers\DatabaseHandler' driver.
INFO - 2024-05-04 05:22:33 --> CSRF token verified.
INFO - 2024-05-04 02:22:37 --> Session: Class initialized using 'CodeIgniter\Session\Handlers\DatabaseHandler' driver.
INFO - 2024-05-04 05:22:37 --> CSRF token verified.
INFO - 2024-05-04 02:23:59 --> Session: Class initialized using 'CodeIgniter\Session\Handlers\DatabaseHandler' driver.
INFO - 2024-05-04 05:23:59 --> CSRF token verified.
INFO - 2024-05-04 02:24:00 --> Session: Class initialized using 'CodeIgniter\Session\Handlers\DatabaseHandler' driver.
INFO - 2024-05-04 05:24:00 --> CSRF token verified.
INFO - 2024-05-04 02:24:00 --> Session: Class initialized using 'CodeIgniter\Session\Handlers\DatabaseHandler' driver.
INFO - 2024-05-04 05:24:00 --> CSRF token verified.
INFO - 2024-05-04 02:24:00 --> Session: Class initialized using 'CodeIgniter\Session\Handlers\DatabaseHandler' driver.
INFO - 2024-05-04 05:24:00 --> CSRF token verified.
INFO - 2024-05-04 02:24:02 --> Session: Class initialized using 'CodeIgniter\Session\Handlers\DatabaseHandler' driver.
INFO - 2024-05-04 05:24:02 --> CSRF token verified.
INFO - 2024-05-04 02:24:59 --> Session: Class initialized using 'CodeIgniter\Session\Handlers\DatabaseHandler' driver.
INFO - 2024-05-04 05:24:59 --> CSRF token verified.
INFO - 2024-05-04 02:25:00 --> Session: Class initialized using 'CodeIgniter\Session\Handlers\DatabaseHandler' driver.
INFO - 2024-05-04 05:25:00 --> CSRF token verified.
INFO - 2024-05-04 02:25:03 --> Session: Class initialized using 'CodeIgniter\Session\Handlers\DatabaseHandler' driver.
INFO - 2024-05-04 05:25:03 --> CSRF token verified.
INFO - 2024-05-04 02:25:55 --> Session: Class initialized using 'CodeIgniter\Session\Handlers\DatabaseHandler' driver.
INFO - 2024-05-04 05:25:55 --> CSRF token verified.
INFO - 2024-05-04 02:25:56 --> Session: Class initialized using 'CodeIgniter\Session\Handlers\DatabaseHandler' driver.
INFO - 2024-05-04 05:25:56 --> CSRF token verified.
INFO - 2024-05-04 02:25:56 --> Session: Class initialized using 'CodeIgniter\Session\Handlers\DatabaseHandler' driver.
INFO - 2024-05-04 05:25:56 --> CSRF token verified.
INFO - 2024-05-04 02:25:57 --> Session: Class initialized using 'CodeIgniter\Session\Handlers\DatabaseHandler' driver.
INFO - 2024-05-04 05:25:57 --> CSRF token verified.
INFO - 2024-05-04 02:25:57 --> Session: Class initialized using 'CodeIgniter\Session\Handlers\DatabaseHandler' driver.
INFO - 2024-05-04 05:25:57 --> CSRF token verified.
INFO - 2024-05-04 02:25:57 --> Session: Class initialized using 'CodeIgniter\Session\Handlers\DatabaseHandler' driver.
INFO - 2024-05-04 05:25:57 --> CSRF token verified.
INFO - 2024-05-04 02:26:00 --> Session: Class initialized using 'CodeIgniter\Session\Handlers\DatabaseHandler' driver.
INFO - 2024-05-04 05:26:00 --> CSRF token verified.
INFO - 2024-05-04 02:26:05 --> Session: Class initialized using 'CodeIgniter\Session\Handlers\DatabaseHandler' driver.
INFO - 2024-05-04 05:26:05 --> CSRF token verified.
INFO - 2024-05-04 02:26:50 --> Session: Class initialized using 'CodeIgniter\Session\Handlers\DatabaseHandler' driver.
INFO - 2024-05-04 05:26:50 --> CSRF token verified.
INFO - 2024-05-04 02:26:51 --> Session: Class initialized using 'CodeIgniter\Session\Handlers\DatabaseHandler' driver.
INFO - 2024-05-04 05:26:51 --> CSRF token verified.
INFO - 2024-05-04 02:26:51 --> Session: Class initialized using 'CodeIgniter\Session\Handlers\DatabaseHandler' driver.
INFO - 2024-05-04 05:26:51 --> CSRF token verified.
INFO - 2024-05-04 02:26:52 --> Session: Class initialized using 'CodeIgniter\Session\Handlers\DatabaseHandler' driver.
INFO - 2024-05-04 05:26:52 --> CSRF token verified.
INFO - 2024-05-04 02:26:52 --> Session: Class initialized using 'CodeIgniter\Session\Handlers\DatabaseHandler' driver.
INFO - 2024-05-04 05:26:52 --> CSRF token verified.
INFO - 2024-05-04 02:26:52 --> Session: Class initialized using 'CodeIgniter\Session\Handlers\DatabaseHandler' driver.
INFO - 2024-05-04 05:26:52 --> CSRF token verified.
INFO - 2024-05-04 02:26:55 --> Session: Class initialized using 'CodeIgniter\Session\Handlers\DatabaseHandler' driver.
INFO - 2024-05-04 05:26:55 --> CSRF token verified.
INFO - 2024-05-04 02:26:58 --> Session: Class initialized using 'CodeIgniter\Session\Handlers\DatabaseHandler' driver.
INFO - 2024-05-04 05:26:58 --> CSRF token verified.
INFO - 2024-05-04 02:27:49 --> Session: Class initialized using 'CodeIgniter\Session\Handlers\DatabaseHandler' driver.
INFO - 2024-05-04 05:27:49 --> CSRF token verified.
INFO - 2024-05-04 02:27:50 --> Session: Class initialized using 'CodeIgniter\Session\Handlers\DatabaseHandler' driver.
INFO - 2024-05-04 05:27:50 --> CSRF token verified.
INFO - 2024-05-04 02:28:07 --> Session: Class initialized using 'CodeIgniter\Session\Handlers\DatabaseHandler' driver.
INFO - 2024-05-04 05:28:07 --> CSRF token verified.
INFO - 2024-05-04 02:28:07 --> Session: Class initialized using 'CodeIgniter\Session\Handlers\DatabaseHandler' driver.
INFO - 2024-05-04 05:28:07 --> CSRF token verified.
INFO - 2024-05-04 02:28:08 --> Session: Class initialized using 'CodeIgniter\Session\Handlers\DatabaseHandler' driver.
INFO - 2024-05-04 05:28:08 --> CSRF token verified.
INFO - 2024-05-04 02:28:08 --> Session: Class initialized using 'CodeIgniter\Session\Handlers\DatabaseHandler' driver.
INFO - 2024-05-04 05:28:08 --> CSRF token verified.
INFO - 2024-05-04 02:28:13 --> Session: Class initialized using 'CodeIgniter\Session\Handlers\DatabaseHandler' driver.
INFO - 2024-05-04 05:28:13 --> CSRF token verified.
INFO - 2024-05-04 02:28:18 --> Session: Class initialized using 'CodeIgniter\Session\Handlers\DatabaseHandler' driver.
INFO - 2024-05-04 05:28:18 --> CSRF token verified.
INFO - 2024-05-04 02:28:55 --> Session: Class initialized using 'CodeIgniter\Session\Handlers\DatabaseHandler' driver.
INFO - 2024-05-04 05:28:55 --> CSRF token verified.
INFO - 2024-05-04 02:28:55 --> Session: Class initialized using 'CodeIgniter\Session\Handlers\DatabaseHandler' driver.
INFO - 2024-05-04 05:28:55 --> CSRF token verified.
INFO - 2024-05-04 02:28:56 --> Session: Class initialized using 'CodeIgniter\Session\Handlers\DatabaseHandler' driver.
INFO - 2024-05-04 05:28:56 --> CSRF token verified.
INFO - 2024-05-04 02:28:56 --> Session: Class initialized using 'CodeIgniter\Session\Handlers\DatabaseHandler' driver.
INFO - 2024-05-04 05:28:56 --> CSRF token verified.
INFO - 2024-05-04 02:28:57 --> Session: Class initialized using 'CodeIgniter\Session\Handlers\DatabaseHandler' driver.
INFO - 2024-05-04 05:28:57 --> CSRF token verified.
INFO - 2024-05-04 02:28:57 --> Session: Class initialized using 'CodeIgniter\Session\Handlers\DatabaseHandler' driver.
INFO - 2024-05-04 05:28:57 --> CSRF token verified.
INFO - 2024-05-04 02:28:58 --> Session: Class initialized using 'CodeIgniter\Session\Handlers\DatabaseHandler' driver.
INFO - 2024-05-04 05:28:58 --> CSRF token verified.
INFO - 2024-05-04 02:29:01 --> Session: Class initialized using 'CodeIgniter\Session\Handlers\DatabaseHandler' driver.
INFO - 2024-05-04 05:29:01 --> CSRF token verified.
INFO - 2024-05-04 02:29:10 --> Session: Class initialized using 'CodeIgniter\Session\Handlers\DatabaseHandler' driver.
INFO - 2024-05-04 05:29:10 --> CSRF token verified.
INFO - 2024-05-04 02:29:26 --> Session: Class initialized using 'CodeIgniter\Session\Handlers\DatabaseHandler' driver.
INFO - 2024-05-04 05:29:26 --> CSRF token verified.
INFO - 2024-05-04 02:31:18 --> Session: Class initialized using 'CodeIgniter\Session\Handlers\DatabaseHandler' driver.
INFO - 2024-05-04 05:31:18 --> CSRF token verified.
INFO - 2024-05-04 02:32:26 --> Session: Class initialized using 'CodeIgniter\Session\Handlers\DatabaseHandler' driver.
INFO - 2024-05-04 05:32:26 --> CSRF token verified.
INFO - 2024-05-04 02:32:48 --> Session: Class initialized using 'CodeIgniter\Session\Handlers\DatabaseHandler' driver.
INFO - 2024-05-04 05:32:48 --> CSRF token verified.
INFO - 2024-05-04 02:32:55 --> Session: Class initialized using 'CodeIgniter\Session\Handlers\DatabaseHandler' driver.
INFO - 2024-05-04 05:32:55 --> CSRF token verified.
INFO - 2024-05-04 02:33:39 --> Session: Class initialized using 'CodeIgniter\Session\Handlers\DatabaseHandler' driver.
INFO - 2024-05-04 05:33:39 --> CSRF token verified.
INFO - 2024-05-04 02:33:43 --> Session: Class initialized using 'CodeIgniter\Session\Handlers\DatabaseHandler' driver.
INFO - 2024-05-04 05:33:43 --> CSRF token verified.
INFO - 2024-05-04 02:33:58 --> Session: Class initialized using 'CodeIgniter\Session\Handlers\DatabaseHandler' driver.
INFO - 2024-05-04 05:33:58 --> CSRF token verified.
INFO - 2024-05-04 02:34:06 --> Session: Class initialized using 'CodeIgniter\Session\Handlers\DatabaseHandler' driver.
INFO - 2024-05-04 05:34:06 --> CSRF token verified.
INFO - 2024-05-04 02:34:37 --> Session: Class initialized using 'CodeIgniter\Session\Handlers\DatabaseHandler' driver.
INFO - 2024-05-04 05:34:37 --> CSRF token verified.
INFO - 2024-05-04 02:34:42 --> Session: Class initialized using 'CodeIgniter\Session\Handlers\DatabaseHandler' driver.
INFO - 2024-05-04 05:34:42 --> CSRF token verified.
INFO - 2024-05-04 02:34:52 --> Session: Class initialized using 'CodeIgniter\Session\Handlers\DatabaseHandler' driver.
INFO - 2024-05-04 05:34:52 --> CSRF token verified.
INFO - 2024-05-04 02:34:52 --> Session: Class initialized using 'CodeIgniter\Session\Handlers\DatabaseHandler' driver.
INFO - 2024-05-04 02:34:52 --> Session: Class initialized using 'CodeIgniter\Session\Handlers\DatabaseHandler' driver.
INFO - 2024-05-04 05:34:52 --> CSRF token verified.
INFO - 2024-05-04 02:34:55 --> Session: Class initialized using 'CodeIgniter\Session\Handlers\DatabaseHandler' driver.
INFO - 2024-05-04 02:34:55 --> Session: Class initialized using 'CodeIgniter\Session\Handlers\DatabaseHandler' driver.
INFO - 2024-05-04 05:34:55 --> CSRF token verified.
INFO - 2024-05-04 02:35:07 --> Session: Class initialized using 'CodeIgniter\Session\Handlers\DatabaseHandler' driver.
INFO - 2024-05-04 05:35:07 --> CSRF token verified.
INFO - 2024-05-04 02:35:11 --> Session: Class initialized using 'CodeIgniter\Session\Handlers\DatabaseHandler' driver.
INFO - 2024-05-04 05:35:11 --> CSRF token verified.
INFO - 2024-05-04 02:35:13 --> Session: Class initialized using 'CodeIgniter\Session\Handlers\DatabaseHandler' driver.
INFO - 2024-05-04 05:35:13 --> CSRF token verified.
INFO - 2024-05-04 02:35:15 --> Session: Class initialized using 'CodeIgniter\Session\Handlers\DatabaseHandler' driver.
INFO - 2024-05-04 05:35:15 --> CSRF token verified.
INFO - 2024-05-04 02:35:17 --> Session: Class initialized using 'CodeIgniter\Session\Handlers\DatabaseHandler' driver.
INFO - 2024-05-04 05:35:17 --> CSRF token verified.
INFO - 2024-05-04 02:35:18 --> Session: Class initialized using 'CodeIgniter\Session\Handlers\DatabaseHandler' driver.
INFO - 2024-05-04 05:35:18 --> CSRF token verified.
INFO - 2024-05-04 02:35:20 --> Session: Class initialized using 'CodeIgniter\Session\Handlers\DatabaseHandler' driver.
INFO - 2024-05-04 05:35:20 --> CSRF token verified.
INFO - 2024-05-04 02:35:21 --> Session: Class initialized using 'CodeIgniter\Session\Handlers\DatabaseHandler' driver.
INFO - 2024-05-04 05:35:21 --> CSRF token verified.
INFO - 2024-05-04 02:35:25 --> Session: Class initialized using 'CodeIgniter\Session\Handlers\DatabaseHandler' driver.
INFO - 2024-05-04 05:35:25 --> CSRF token verified.
INFO - 2024-05-04 02:35:29 --> Session: Class initialized using 'CodeIgniter\Session\Handlers\DatabaseHandler' driver.
INFO - 2024-05-04 05:35:29 --> CSRF token verified.
INFO - 2024-05-04 02:35:31 --> Session: Class initialized using 'CodeIgniter\Session\Handlers\DatabaseHandler' driver.
INFO - 2024-05-04 05:35:31 --> CSRF token verified.
INFO - 2024-05-04 03:32:09 --> Session: Class initialized using 'CodeIgniter\Session\Handlers\DatabaseHandler' driver.
INFO - 2024-05-04 03:32:10 --> Session: Class initialized using 'CodeIgniter\Session\Handlers\DatabaseHandler' driver.
INFO - 2024-05-04 06:32:10 --> CSRF token verified.
INFO - 2024-05-04 03:32:13 --> Session: Class initialized using 'CodeIgniter\Session\Handlers\DatabaseHandler' driver.
INFO - 2024-05-04 03:32:14 --> Session: Class initialized using 'CodeIgniter\Session\Handlers\DatabaseHandler' driver.
INFO - 2024-05-04 06:32:14 --> CSRF token verified.
INFO - 2024-05-04 03:32:17 --> Session: Class initialized using 'CodeIgniter\Session\Handlers\DatabaseHandler' driver.
INFO - 2024-05-04 03:32:18 --> Session: Class initialized using 'CodeIgniter\Session\Handlers\DatabaseHandler' driver.
INFO - 2024-05-04 06:32:18 --> CSRF token verified.
INFO - 2024-05-04 03:32:22 --> Session: Class initialized using 'CodeIgniter\Session\Handlers\DatabaseHandler' driver.
INFO - 2024-05-04 03:32:23 --> Session: Class initialized using 'CodeIgniter\Session\Handlers\DatabaseHandler' driver.
INFO - 2024-05-04 06:32:23 --> CSRF token verified.
INFO - 2024-05-04 03:32:31 --> Session: Class initialized using 'CodeIgniter\Session\Handlers\DatabaseHandler' driver.
INFO - 2024-05-04 06:32:31 --> CSRF token verified.
INFO - 2024-05-04 03:32:31 --> Session: Class initialized using 'CodeIgniter\Session\Handlers\DatabaseHandler' driver.
INFO - 2024-05-04 03:32:32 --> Session: Class initialized using 'CodeIgniter\Session\Handlers\DatabaseHandler' driver.
INFO - 2024-05-04 06:32:32 --> CSRF token verified.
INFO - 2024-05-04 03:32:45 --> Session: Class initialized using 'CodeIgniter\Session\Handlers\DatabaseHandler' driver.
INFO - 2024-05-04 03:32:46 --> Session: Class initialized using 'CodeIgniter\Session\Handlers\DatabaseHandler' driver.
INFO - 2024-05-04 06:32:46 --> CSRF token verified.
INFO - 2024-05-04 03:32:48 --> Session: Class initialized using 'CodeIgniter\Session\Handlers\DatabaseHandler' driver.
INFO - 2024-05-04 03:32:48 --> Session: Class initialized using 'CodeIgniter\Session\Handlers\DatabaseHandler' driver.
INFO - 2024-05-04 06:32:48 --> CSRF token verified.
INFO - 2024-05-04 03:32:52 --> Session: Class initialized using 'CodeIgniter\Session\Handlers\DatabaseHandler' driver.
INFO - 2024-05-04 03:32:53 --> Session: Class initialized using 'CodeIgniter\Session\Handlers\DatabaseHandler' driver.
INFO - 2024-05-04 06:32:53 --> CSRF token verified.
INFO - 2024-05-04 03:33:20 --> Session: Class initialized using 'CodeIgniter\Session\Handlers\DatabaseHandler' driver.
INFO - 2024-05-04 03:33:21 --> Session: Class initialized using 'CodeIgniter\Session\Handlers\DatabaseHandler' driver.
INFO - 2024-05-04 06:33:21 --> CSRF token verified.
INFO - 2024-05-04 03:38:31 --> Session: Class initialized using 'CodeIgniter\Session\Handlers\DatabaseHandler' driver.
INFO - 2024-05-04 03:38:31 --> Session: Class initialized using 'CodeIgniter\Session\Handlers\DatabaseHandler' driver.
INFO - 2024-05-04 03:38:36 --> Session: Class initialized using 'CodeIgniter\Session\Handlers\DatabaseHandler' driver.
INFO - 2024-05-04 03:38:42 --> Session: Class initialized using 'CodeIgniter\Session\Handlers\DatabaseHandler' driver.
INFO - 2024-05-04 03:38:59 --> Session: Class initialized using 'CodeIgniter\Session\Handlers\DatabaseHandler' driver.
INFO - 2024-05-04 06:38:59 --> CSRF token verified.
INFO - 2024-05-04 03:39:00 --> Session: Class initialized using 'CodeIgniter\Session\Handlers\DatabaseHandler' driver.
INFO - 2024-05-04 03:39:00 --> Session: Class initialized using 'CodeIgniter\Session\Handlers\DatabaseHandler' driver.
INFO - 2024-05-04 06:39:00 --> CSRF token verified.
INFO - 2024-05-04 03:39:01 --> Session: Class initialized using 'CodeIgniter\Session\Handlers\DatabaseHandler' driver.
INFO - 2024-05-04 03:39:03 --> Session: Class initialized using 'CodeIgniter\Session\Handlers\DatabaseHandler' driver.
CRITICAL - 2024-05-04 06:39:03 --> The action you requested is not allowed.
in SYSTEMPATH/Security/Security.php on line 298.
 1 SYSTEMPATH/Security/Security.php(298): CodeIgniter\Security\Exceptions\SecurityException::forDisallowedAction()
 2 SYSTEMPATH/Filters/CSRF.php(55): CodeIgniter\Security\Security->verify()
 3 SYSTEMPATH/Filters/Filters.php(180): CodeIgniter\Filters\CSRF->before()
 4 SYSTEMPATH/CodeIgniter.php(465): CodeIgniter\Filters\Filters->run()
 5 SYSTEMPATH/CodeIgniter.php(352): CodeIgniter\CodeIgniter->handleRequest()
 6 FCPATH/index.php(95): CodeIgniter\CodeIgniter->run()
INFO - 2024-05-04 03:39:07 --> Session: Class initialized using 'CodeIgniter\Session\Handlers\DatabaseHandler' driver.
INFO - 2024-05-04 03:39:07 --> Session: Class initialized using 'CodeIgniter\Session\Handlers\DatabaseHandler' driver.
INFO - 2024-05-04 06:39:07 --> CSRF token verified.
INFO - 2024-05-04 03:39:50 --> Session: Class initialized using 'CodeIgniter\Session\Handlers\DatabaseHandler' driver.
INFO - 2024-05-04 06:39:50 --> CSRF token verified.
INFO - 2024-05-04 03:40:07 --> Session: Class initialized using 'CodeIgniter\Session\Handlers\DatabaseHandler' driver.
INFO - 2024-05-04 06:40:07 --> CSRF token verified.
INFO - 2024-05-04 03:40:09 --> Session: Class initialized using 'CodeIgniter\Session\Handlers\DatabaseHandler' driver.
INFO - 2024-05-04 06:40:09 --> CSRF token verified.
INFO - 2024-05-04 03:40:11 --> Session: Class initialized using 'CodeIgniter\Session\Handlers\DatabaseHandler' driver.
INFO - 2024-05-04 06:40:11 --> CSRF token verified.
INFO - 2024-05-04 03:40:12 --> Session: Class initialized using 'CodeIgniter\Session\Handlers\DatabaseHandler' driver.
INFO - 2024-05-04 06:40:12 --> CSRF token verified.
INFO - 2024-05-04 03:40:15 --> Session: Class initialized using 'CodeIgniter\Session\Handlers\DatabaseHandler' driver.
INFO - 2024-05-04 03:40:15 --> Session: Class initialized using 'CodeIgniter\Session\Handlers\DatabaseHandler' driver.
INFO - 2024-05-04 06:40:15 --> CSRF token verified.
INFO - 2024-05-04 03:40:21 --> Session: Class initialized using 'CodeIgniter\Session\Handlers\DatabaseHandler' driver.
INFO - 2024-05-04 03:40:21 --> Session: Class initialized using 'CodeIgniter\Session\Handlers\DatabaseHandler' driver.
INFO - 2024-05-04 06:40:21 --> CSRF token verified.
INFO - 2024-05-04 03:41:13 --> Session: Class initialized using 'CodeIgniter\Session\Handlers\DatabaseHandler' driver.
INFO - 2024-05-04 06:41:13 --> CSRF token verified.
INFO - 2024-05-04 03:41:31 --> Session: Class initialized using 'CodeIgniter\Session\Handlers\DatabaseHandler' driver.
INFO - 2024-05-04 06:41:31 --> CSRF token verified.
INFO - 2024-05-04 03:41:31 --> Session: Class initialized using 'CodeIgniter\Session\Handlers\DatabaseHandler' driver.
INFO - 2024-05-04 03:41:32 --> Session: Class initialized using 'CodeIgniter\Session\Handlers\DatabaseHandler' driver.
INFO - 2024-05-04 06:41:32 --> CSRF token verified.
INFO - 2024-05-04 03:41:55 --> Session: Class initialized using 'CodeIgniter\Session\Handlers\DatabaseHandler' driver.
INFO - 2024-05-04 03:41:56 --> Session: Class initialized using 'CodeIgniter\Session\Handlers\DatabaseHandler' driver.
INFO - 2024-05-04 06:41:56 --> CSRF token verified.
INFO - 2024-05-04 03:42:05 --> Session: Class initialized using 'CodeIgniter\Session\Handlers\DatabaseHandler' driver.
INFO - 2024-05-04 03:42:05 --> Session: Class initialized using 'CodeIgniter\Session\Handlers\DatabaseHandler' driver.
INFO - 2024-05-04 06:42:05 --> CSRF token verified.
INFO - 2024-05-04 03:42:12 --> Session: Class initialized using 'CodeIgniter\Session\Handlers\DatabaseHandler' driver.
INFO - 2024-05-04 03:42:13 --> Session: Class initialized using 'CodeIgniter\Session\Handlers\DatabaseHandler' driver.
INFO - 2024-05-04 06:42:13 --> CSRF token verified.
INFO - 2024-05-04 03:42:30 --> Session: Class initialized using 'CodeIgniter\Session\Handlers\DatabaseHandler' driver.
INFO - 2024-05-04 03:42:30 --> Session: Class initialized using 'CodeIgniter\Session\Handlers\DatabaseHandler' driver.
INFO - 2024-05-04 06:42:30 --> CSRF token verified.
INFO - 2024-05-04 03:42:48 --> Session: Class initialized using 'CodeIgniter\Session\Handlers\DatabaseHandler' driver.
INFO - 2024-05-04 03:42:49 --> Session: Class initialized using 'CodeIgniter\Session\Handlers\DatabaseHandler' driver.
INFO - 2024-05-04 06:42:49 --> CSRF token verified.
INFO - 2024-05-04 03:42:58 --> Session: Class initialized using 'CodeIgniter\Session\Handlers\DatabaseHandler' driver.
INFO - 2024-05-04 03:42:58 --> Session: Class initialized using 'CodeIgniter\Session\Handlers\DatabaseHandler' driver.
INFO - 2024-05-04 06:42:58 --> CSRF token verified.
INFO - 2024-05-04 03:43:05 --> Session: Class initialized using 'CodeIgniter\Session\Handlers\DatabaseHandler' driver.
INFO - 2024-05-04 03:43:06 --> Session: Class initialized using 'CodeIgniter\Session\Handlers\DatabaseHandler' driver.
INFO - 2024-05-04 06:43:06 --> CSRF token verified.
INFO - 2024-05-04 03:43:31 --> Session: Class initialized using 'CodeIgniter\Session\Handlers\DatabaseHandler' driver.
INFO - 2024-05-04 03:43:31 --> Session: Class initialized using 'CodeIgniter\Session\Handlers\DatabaseHandler' driver.
INFO - 2024-05-04 06:43:31 --> CSRF token verified.
INFO - 2024-05-04 03:43:45 --> Session: Class initialized using 'CodeIgniter\Session\Handlers\DatabaseHandler' driver.
INFO - 2024-05-04 03:43:45 --> Session: Class initialized using 'CodeIgniter\Session\Handlers\DatabaseHandler' driver.
INFO - 2024-05-04 06:43:45 --> CSRF token verified.
INFO - 2024-05-04 03:43:56 --> Session: Class initialized using 'CodeIgniter\Session\Handlers\DatabaseHandler' driver.
INFO - 2024-05-04 03:43:56 --> Session: Class initialized using 'CodeIgniter\Session\Handlers\DatabaseHandler' driver.
INFO - 2024-05-04 06:43:56 --> CSRF token verified.
INFO - 2024-05-04 03:43:59 --> Session: Class initialized using 'CodeIgniter\Session\Handlers\DatabaseHandler' driver.
INFO - 2024-05-04 03:44:00 --> Session: Class initialized using 'CodeIgniter\Session\Handlers\DatabaseHandler' driver.
INFO - 2024-05-04 06:44:00 --> CSRF token verified.
INFO - 2024-05-04 03:44:16 --> Session: Class initialized using 'CodeIgniter\Session\Handlers\DatabaseHandler' driver.
INFO - 2024-05-04 06:44:16 --> CSRF token verified.
INFO - 2024-05-04 03:44:16 --> Session: Class initialized using 'CodeIgniter\Session\Handlers\DatabaseHandler' driver.
INFO - 2024-05-04 03:44:16 --> Session: Class initialized using 'CodeIgniter\Session\Handlers\DatabaseHandler' driver.
INFO - 2024-05-04 06:44:16 --> CSRF token verified.
INFO - 2024-05-04 03:44:24 --> Session: Class initialized using 'CodeIgniter\Session\Handlers\DatabaseHandler' driver.
INFO - 2024-05-04 03:44:25 --> Session: Class initialized using 'CodeIgniter\Session\Handlers\DatabaseHandler' driver.
INFO - 2024-05-04 06:44:25 --> CSRF token verified.
INFO - 2024-05-04 03:44:32 --> Session: Class initialized using 'CodeIgniter\Session\Handlers\DatabaseHandler' driver.
INFO - 2024-05-04 03:44:32 --> Session: Class initialized using 'CodeIgniter\Session\Handlers\DatabaseHandler' driver.
INFO - 2024-05-04 06:44:32 --> CSRF token verified.
INFO - 2024-05-04 03:44:50 --> Session: Class initialized using 'CodeIgniter\Session\Handlers\DatabaseHandler' driver.
INFO - 2024-05-04 06:44:50 --> CSRF token verified.
INFO - 2024-05-04 03:44:50 --> Session: Class initialized using 'CodeIgniter\Session\Handlers\DatabaseHandler' driver.
INFO - 2024-05-04 03:44:51 --> Session: Class initialized using 'CodeIgniter\Session\Handlers\DatabaseHandler' driver.
INFO - 2024-05-04 06:44:51 --> CSRF token verified.
INFO - 2024-05-04 03:44:58 --> Session: Class initialized using 'CodeIgniter\Session\Handlers\DatabaseHandler' driver.
INFO - 2024-05-04 03:45:06 --> Session: Class initialized using 'CodeIgniter\Session\Handlers\DatabaseHandler' driver.
INFO - 2024-05-04 06:45:06 --> CSRF token verified.
INFO - 2024-05-04 03:45:10 --> Session: Class initialized using 'CodeIgniter\Session\Handlers\DatabaseHandler' driver.
INFO - 2024-05-04 03:45:11 --> Session: Class initialized using 'CodeIgniter\Session\Handlers\DatabaseHandler' driver.
INFO - 2024-05-04 06:45:11 --> CSRF token verified.
INFO - 2024-05-04 03:45:22 --> Session: Class initialized using 'CodeIgniter\Session\Handlers\DatabaseHandler' driver.
INFO - 2024-05-04 06:45:22 --> CSRF token verified.
INFO - 2024-05-04 03:45:32 --> Session: Class initialized using 'CodeIgniter\Session\Handlers\DatabaseHandler' driver.
INFO - 2024-05-04 06:45:32 --> CSRF token verified.
INFO - 2024-05-04 03:45:32 --> Session: Class initialized using 'CodeIgniter\Session\Handlers\DatabaseHandler' driver.
INFO - 2024-05-04 03:45:33 --> Session: Class initialized using 'CodeIgniter\Session\Handlers\DatabaseHandler' driver.
INFO - 2024-05-04 06:45:33 --> CSRF token verified.
INFO - 2024-05-04 03:45:42 --> Session: Class initialized using 'CodeIgniter\Session\Handlers\DatabaseHandler' driver.
INFO - 2024-05-04 03:45:43 --> Session: Class initialized using 'CodeIgniter\Session\Handlers\DatabaseHandler' driver.
INFO - 2024-05-04 06:45:43 --> CSRF token verified.
INFO - 2024-05-04 03:45:59 --> Session: Class initialized using 'CodeIgniter\Session\Handlers\DatabaseHandler' driver.
INFO - 2024-05-04 03:45:59 --> Session: Class initialized using 'CodeIgniter\Session\Handlers\DatabaseHandler' driver.
INFO - 2024-05-04 06:46:00 --> CSRF token verified.
INFO - 2024-05-04 03:46:03 --> Session: Class initialized using 'CodeIgniter\Session\Handlers\DatabaseHandler' driver.
INFO - 2024-05-04 03:46:04 --> Session: Class initialized using 'CodeIgniter\Session\Handlers\DatabaseHandler' driver.
INFO - 2024-05-04 06:46:04 --> CSRF token verified.
INFO - 2024-05-04 03:46:12 --> Session: Class initialized using 'CodeIgniter\Session\Handlers\DatabaseHandler' driver.
INFO - 2024-05-04 03:46:13 --> Session: Class initialized using 'CodeIgniter\Session\Handlers\DatabaseHandler' driver.
INFO - 2024-05-04 03:46:13 --> Session: Class initialized using 'CodeIgniter\Session\Handlers\DatabaseHandler' driver.
INFO - 2024-05-04 06:46:13 --> CSRF token verified.
INFO - 2024-05-04 03:46:24 --> Session: Class initialized using 'CodeIgniter\Session\Handlers\DatabaseHandler' driver.
INFO - 2024-05-04 06:46:24 --> CSRF token verified.
INFO - 2024-05-04 03:46:24 --> Session: Class initialized using 'CodeIgniter\Session\Handlers\DatabaseHandler' driver.
INFO - 2024-05-04 03:46:24 --> Session: Class initialized using 'CodeIgniter\Session\Handlers\DatabaseHandler' driver.
INFO - 2024-05-04 03:46:25 --> Session: Class initialized using 'CodeIgniter\Session\Handlers\DatabaseHandler' driver.
INFO - 2024-05-04 06:46:25 --> CSRF token verified.
INFO - 2024-05-04 03:46:30 --> Session: Class initialized using 'CodeIgniter\Session\Handlers\DatabaseHandler' driver.
INFO - 2024-05-04 06:46:30 --> CSRF token verified.
INFO - 2024-05-04 03:46:30 --> Session: Class initialized using 'CodeIgniter\Session\Handlers\DatabaseHandler' driver.
INFO - 2024-05-04 03:46:31 --> Session: Class initialized using 'CodeIgniter\Session\Handlers\DatabaseHandler' driver.
INFO - 2024-05-04 03:46:31 --> Session: Class initialized using 'CodeIgniter\Session\Handlers\DatabaseHandler' driver.
INFO - 2024-05-04 06:46:31 --> CSRF token verified.
INFO - 2024-05-04 03:46:35 --> Session: Class initialized using 'CodeIgniter\Session\Handlers\DatabaseHandler' driver.
INFO - 2024-05-04 06:46:35 --> CSRF token verified.
INFO - 2024-05-04 03:46:35 --> Session: Class initialized using 'CodeIgniter\Session\Handlers\DatabaseHandler' driver.
INFO - 2024-05-04 03:46:35 --> Session: Class initialized using 'CodeIgniter\Session\Handlers\DatabaseHandler' driver.
INFO - 2024-05-04 03:46:36 --> Session: Class initialized using 'CodeIgniter\Session\Handlers\DatabaseHandler' driver.
INFO - 2024-05-04 06:46:36 --> CSRF token verified.
INFO - 2024-05-04 03:46:49 --> Session: Class initialized using 'CodeIgniter\Session\Handlers\DatabaseHandler' driver.
INFO - 2024-05-04 03:46:50 --> Session: Class initialized using 'CodeIgniter\Session\Handlers\DatabaseHandler' driver.
INFO - 2024-05-04 06:46:50 --> CSRF token verified.
INFO - 2024-05-04 03:47:00 --> Session: Class initialized using 'CodeIgniter\Session\Handlers\DatabaseHandler' driver.
INFO - 2024-05-04 03:47:01 --> Session: Class initialized using 'CodeIgniter\Session\Handlers\DatabaseHandler' driver.
INFO - 2024-05-04 06:47:01 --> CSRF token verified.
INFO - 2024-05-04 03:47:34 --> Session: Class initialized using 'CodeIgniter\Session\Handlers\DatabaseHandler' driver.
INFO - 2024-05-04 03:47:34 --> Session: Class initialized using 'CodeIgniter\Session\Handlers\DatabaseHandler' driver.
INFO - 2024-05-04 06:47:34 --> CSRF token verified.
INFO - 2024-05-04 03:47:39 --> Session: Class initialized using 'CodeIgniter\Session\Handlers\DatabaseHandler' driver.
INFO - 2024-05-04 03:47:43 --> Session: Class initialized using 'CodeIgniter\Session\Handlers\DatabaseHandler' driver.
INFO - 2024-05-04 06:47:43 --> CSRF token verified.
INFO - 2024-05-04 03:47:57 --> Session: Class initialized using 'CodeIgniter\Session\Handlers\DatabaseHandler' driver.
INFO - 2024-05-04 06:47:57 --> CSRF token verified.
INFO - 2024-05-04 03:47:57 --> Session: Class initialized using 'CodeIgniter\Session\Handlers\DatabaseHandler' driver.
INFO - 2024-05-04 03:47:58 --> Session: Class initialized using 'CodeIgniter\Session\Handlers\DatabaseHandler' driver.
INFO - 2024-05-04 06:47:58 --> CSRF token verified.
INFO - 2024-05-04 03:48:02 --> Session: Class initialized using 'CodeIgniter\Session\Handlers\DatabaseHandler' driver.
INFO - 2024-05-04 03:48:03 --> Session: Class initialized using 'CodeIgniter\Session\Handlers\DatabaseHandler' driver.
INFO - 2024-05-04 06:48:03 --> CSRF token verified.
INFO - 2024-05-04 03:48:14 --> Session: Class initialized using 'CodeIgniter\Session\Handlers\DatabaseHandler' driver.
INFO - 2024-05-04 06:48:14 --> CSRF token verified.
INFO - 2024-05-04 03:48:18 --> Session: Class initialized using 'CodeIgniter\Session\Handlers\DatabaseHandler' driver.
INFO - 2024-05-04 06:48:18 --> CSRF token verified.
INFO - 2024-05-04 03:48:33 --> Session: Class initialized using 'CodeIgniter\Session\Handlers\DatabaseHandler' driver.
INFO - 2024-05-04 06:48:33 --> CSRF token verified.
INFO - 2024-05-04 03:48:34 --> Session: Class initialized using 'CodeIgniter\Session\Handlers\DatabaseHandler' driver.
INFO - 2024-05-04 03:48:34 --> Session: Class initialized using 'CodeIgniter\Session\Handlers\DatabaseHandler' driver.
INFO - 2024-05-04 06:48:34 --> CSRF token verified.
INFO - 2024-05-04 03:48:46 --> Session: Class initialized using 'CodeIgniter\Session\Handlers\DatabaseHandler' driver.
INFO - 2024-05-04 03:48:46 --> Session: Class initialized using 'CodeIgniter\Session\Handlers\DatabaseHandler' driver.
INFO - 2024-05-04 06:48:46 --> CSRF token verified.
INFO - 2024-05-04 03:48:52 --> Session: Class initialized using 'CodeIgniter\Session\Handlers\DatabaseHandler' driver.
INFO - 2024-05-04 03:48:52 --> Session: Class initialized using 'CodeIgniter\Session\Handlers\DatabaseHandler' driver.
INFO - 2024-05-04 06:48:52 --> CSRF token verified.
INFO - 2024-05-04 03:48:57 --> Session: Class initialized using 'CodeIgniter\Session\Handlers\DatabaseHandler' driver.
INFO - 2024-05-04 03:48:58 --> Session: Class initialized using 'CodeIgniter\Session\Handlers\DatabaseHandler' driver.
INFO - 2024-05-04 06:48:58 --> CSRF token verified.
INFO - 2024-05-04 03:49:12 --> Session: Class initialized using 'CodeIgniter\Session\Handlers\DatabaseHandler' driver.
INFO - 2024-05-04 06:49:12 --> CSRF token verified.
INFO - 2024-05-04 03:49:34 --> Session: Class initialized using 'CodeIgniter\Session\Handlers\DatabaseHandler' driver.
INFO - 2024-05-04 06:49:34 --> CSRF token verified.
INFO - 2024-05-04 03:49:34 --> Session: Class initialized using 'CodeIgniter\Session\Handlers\DatabaseHandler' driver.
INFO - 2024-05-04 03:50:04 --> Session: Class initialized using 'CodeIgniter\Session\Handlers\DatabaseHandler' driver.
INFO - 2024-05-04 03:50:05 --> Session: Class initialized using 'CodeIgniter\Session\Handlers\DatabaseHandler' driver.
INFO - 2024-05-04 06:50:05 --> CSRF token verified.
INFO - 2024-05-04 03:50:11 --> Session: Class initialized using 'CodeIgniter\Session\Handlers\DatabaseHandler' driver.
INFO - 2024-05-04 03:50:12 --> Session: Class initialized using 'CodeIgniter\Session\Handlers\DatabaseHandler' driver.
INFO - 2024-05-04 06:50:12 --> CSRF token verified.
INFO - 2024-05-04 03:50:27 --> Session: Class initialized using 'CodeIgniter\Session\Handlers\DatabaseHandler' driver.
INFO - 2024-05-04 06:50:27 --> CSRF token verified.
INFO - 2024-05-04 03:50:28 --> Session: Class initialized using 'CodeIgniter\Session\Handlers\DatabaseHandler' driver.
INFO - 2024-05-04 03:50:28 --> Session: Class initialized using 'CodeIgniter\Session\Handlers\DatabaseHandler' driver.
INFO - 2024-05-04 06:50:28 --> CSRF token verified.
INFO - 2024-05-04 03:50:44 --> Session: Class initialized using 'CodeIgniter\Session\Handlers\DatabaseHandler' driver.
INFO - 2024-05-04 06:50:44 --> CSRF token verified.
INFO - 2024-05-04 03:50:44 --> Session: Class initialized using 'CodeIgniter\Session\Handlers\DatabaseHandler' driver.
INFO - 2024-05-04 03:50:45 --> Session: Class initialized using 'CodeIgniter\Session\Handlers\DatabaseHandler' driver.
INFO - 2024-05-04 03:50:46 --> Session: Class initialized using 'CodeIgniter\Session\Handlers\DatabaseHandler' driver.
INFO - 2024-05-04 06:50:46 --> CSRF token verified.
INFO - 2024-05-04 03:50:50 --> Session: Class initialized using 'CodeIgniter\Session\Handlers\DatabaseHandler' driver.
INFO - 2024-05-04 03:50:51 --> Session: Class initialized using 'CodeIgniter\Session\Handlers\DatabaseHandler' driver.
INFO - 2024-05-04 06:50:51 --> CSRF token verified.
INFO - 2024-05-04 03:50:55 --> Session: Class initialized using 'CodeIgniter\Session\Handlers\DatabaseHandler' driver.
INFO - 2024-05-04 03:50:56 --> Session: Class initialized using 'CodeIgniter\Session\Handlers\DatabaseHandler' driver.
INFO - 2024-05-04 06:50:56 --> CSRF token verified.
INFO - 2024-05-04 03:51:03 --> Session: Class initialized using 'CodeIgniter\Session\Handlers\DatabaseHandler' driver.
INFO - 2024-05-04 06:51:03 --> CSRF token verified.
INFO - 2024-05-04 03:51:04 --> Session: Class initialized using 'CodeIgniter\Session\Handlers\DatabaseHandler' driver.
INFO - 2024-05-04 06:51:04 --> CSRF token verified.
INFO - 2024-05-04 03:51:10 --> Session: Class initialized using 'CodeIgniter\Session\Handlers\DatabaseHandler' driver.
INFO - 2024-05-04 06:51:10 --> CSRF token verified.
INFO - 2024-05-04 03:51:11 --> Session: Class initialized using 'CodeIgniter\Session\Handlers\DatabaseHandler' driver.
INFO - 2024-05-04 06:51:11 --> CSRF token verified.
INFO - 2024-05-04 03:51:17 --> Session: Class initialized using 'CodeIgniter\Session\Handlers\DatabaseHandler' driver.
INFO - 2024-05-04 03:51:17 --> Session: Class initialized using 'CodeIgniter\Session\Handlers\DatabaseHandler' driver.
INFO - 2024-05-04 06:51:17 --> CSRF token verified.
INFO - 2024-05-04 03:51:20 --> Session: Class initialized using 'CodeIgniter\Session\Handlers\DatabaseHandler' driver.
INFO - 2024-05-04 03:51:21 --> Session: Class initialized using 'CodeIgniter\Session\Handlers\DatabaseHandler' driver.
INFO - 2024-05-04 06:51:21 --> CSRF token verified.
INFO - 2024-05-04 03:51:29 --> Session: Class initialized using 'CodeIgniter\Session\Handlers\DatabaseHandler' driver.
INFO - 2024-05-04 06:51:29 --> CSRF token verified.
INFO - 2024-05-04 03:51:29 --> Session: Class initialized using 'CodeIgniter\Session\Handlers\DatabaseHandler' driver.
INFO - 2024-05-04 03:51:30 --> Session: Class initialized using 'CodeIgniter\Session\Handlers\DatabaseHandler' driver.
INFO - 2024-05-04 06:51:30 --> CSRF token verified.
INFO - 2024-05-04 03:52:08 --> Session: Class initialized using 'CodeIgniter\Session\Handlers\DatabaseHandler' driver.
INFO - 2024-05-04 06:52:08 --> CSRF token verified.
INFO - 2024-05-04 03:52:29 --> Session: Class initialized using 'CodeIgniter\Session\Handlers\DatabaseHandler' driver.
INFO - 2024-05-04 06:52:29 --> CSRF token verified.
INFO - 2024-05-04 03:52:30 --> Session: Class initialized using 'CodeIgniter\Session\Handlers\DatabaseHandler' driver.
INFO - 2024-05-04 03:52:31 --> Session: Class initialized using 'CodeIgniter\Session\Handlers\DatabaseHandler' driver.
INFO - 2024-05-04 06:52:31 --> CSRF token verified.
INFO - 2024-05-04 03:52:55 --> Session: Class initialized using 'CodeIgniter\Session\Handlers\DatabaseHandler' driver.
INFO - 2024-05-04 06:52:55 --> CSRF token verified.
INFO - 2024-05-04 03:52:55 --> Session: Class initialized using 'CodeIgniter\Session\Handlers\DatabaseHandler' driver.
INFO - 2024-05-04 03:52:56 --> Session: Class initialized using 'CodeIgniter\Session\Handlers\DatabaseHandler' driver.
INFO - 2024-05-04 06:52:56 --> CSRF token verified.
INFO - 2024-05-04 03:54:39 --> Session: Class initialized using 'CodeIgniter\Session\Handlers\DatabaseHandler' driver.
INFO - 2024-05-04 03:54:39 --> Session: Class initialized using 'CodeIgniter\Session\Handlers\DatabaseHandler' driver.
INFO - 2024-05-04 06:54:39 --> CSRF token verified.
INFO - 2024-05-04 03:55:18 --> Session: Class initialized using 'CodeIgniter\Session\Handlers\DatabaseHandler' driver.
INFO - 2024-05-04 03:55:19 --> Session: Class initialized using 'CodeIgniter\Session\Handlers\DatabaseHandler' driver.
INFO - 2024-05-04 06:55:19 --> CSRF token verified.
INFO - 2024-05-04 03:55:25 --> Session: Class initialized using 'CodeIgniter\Session\Handlers\DatabaseHandler' driver.
INFO - 2024-05-04 03:55:26 --> Session: Class initialized using 'CodeIgniter\Session\Handlers\DatabaseHandler' driver.
INFO - 2024-05-04 06:55:26 --> CSRF token verified.
INFO - 2024-05-04 03:56:36 --> Session: Class initialized using 'CodeIgniter\Session\Handlers\DatabaseHandler' driver.
INFO - 2024-05-04 06:56:36 --> CSRF token verified.
INFO - 2024-05-04 03:56:36 --> Session: Class initialized using 'CodeIgniter\Session\Handlers\DatabaseHandler' driver.
INFO - 2024-05-04 03:56:37 --> Session: Class initialized using 'CodeIgniter\Session\Handlers\DatabaseHandler' driver.
INFO - 2024-05-04 06:56:37 --> CSRF token verified.
INFO - 2024-05-04 03:56:55 --> Session: Class initialized using 'CodeIgniter\Session\Handlers\DatabaseHandler' driver.
INFO - 2024-05-04 03:56:56 --> Session: Class initialized using 'CodeIgniter\Session\Handlers\DatabaseHandler' driver.
INFO - 2024-05-04 06:56:56 --> CSRF token verified.
INFO - 2024-05-04 03:57:02 --> Session: Class initialized using 'CodeIgniter\Session\Handlers\DatabaseHandler' driver.
INFO - 2024-05-04 06:57:02 --> CSRF token verified.
INFO - 2024-05-04 03:57:02 --> Session: Class initialized using 'CodeIgniter\Session\Handlers\DatabaseHandler' driver.
INFO - 2024-05-04 03:57:03 --> Session: Class initialized using 'CodeIgniter\Session\Handlers\DatabaseHandler' driver.
INFO - 2024-05-04 06:57:03 --> CSRF token verified.
INFO - 2024-05-04 03:57:23 --> Session: Class initialized using 'CodeIgniter\Session\Handlers\DatabaseHandler' driver.
INFO - 2024-05-04 06:57:23 --> CSRF token verified.
INFO - 2024-05-04 03:57:23 --> Session: Class initialized using 'CodeIgniter\Session\Handlers\DatabaseHandler' driver.
INFO - 2024-05-04 03:57:24 --> Session: Class initialized using 'CodeIgniter\Session\Handlers\DatabaseHandler' driver.
INFO - 2024-05-04 06:57:24 --> CSRF token verified.
INFO - 2024-05-04 03:57:37 --> Session: Class initialized using 'CodeIgniter\Session\Handlers\DatabaseHandler' driver.
INFO - 2024-05-04 03:57:38 --> Session: Class initialized using 'CodeIgniter\Session\Handlers\DatabaseHandler' driver.
INFO - 2024-05-04 06:57:38 --> CSRF token verified.
INFO - 2024-05-04 03:57:46 --> Session: Class initialized using 'CodeIgniter\Session\Handlers\DatabaseHandler' driver.
INFO - 2024-05-04 03:57:47 --> Session: Class initialized using 'CodeIgniter\Session\Handlers\DatabaseHandler' driver.
INFO - 2024-05-04 06:57:47 --> CSRF token verified.
INFO - 2024-05-04 03:58:02 --> Session: Class initialized using 'CodeIgniter\Session\Handlers\DatabaseHandler' driver.
INFO - 2024-05-04 03:58:02 --> Session: Class initialized using 'CodeIgniter\Session\Handlers\DatabaseHandler' driver.
INFO - 2024-05-04 06:58:02 --> CSRF token verified.
INFO - 2024-05-04 03:58:10 --> Session: Class initialized using 'CodeIgniter\Session\Handlers\DatabaseHandler' driver.
INFO - 2024-05-04 03:58:11 --> Session: Class initialized using 'CodeIgniter\Session\Handlers\DatabaseHandler' driver.
INFO - 2024-05-04 06:58:11 --> CSRF token verified.
INFO - 2024-05-04 03:58:38 --> Session: Class initialized using 'CodeIgniter\Session\Handlers\DatabaseHandler' driver.
INFO - 2024-05-04 06:58:38 --> CSRF token verified.
INFO - 2024-05-04 03:58:47 --> Session: Class initialized using 'CodeIgniter\Session\Handlers\DatabaseHandler' driver.
INFO - 2024-05-04 03:58:48 --> Session: Class initialized using 'CodeIgniter\Session\Handlers\DatabaseHandler' driver.
INFO - 2024-05-04 06:58:48 --> CSRF token verified.
INFO - 2024-05-04 03:59:06 --> Session: Class initialized using 'CodeIgniter\Session\Handlers\DatabaseHandler' driver.
INFO - 2024-05-04 03:59:07 --> Session: Class initialized using 'CodeIgniter\Session\Handlers\DatabaseHandler' driver.
INFO - 2024-05-04 06:59:07 --> CSRF token verified.
INFO - 2024-05-04 03:59:12 --> Session: Class initialized using 'CodeIgniter\Session\Handlers\DatabaseHandler' driver.
INFO - 2024-05-04 03:59:13 --> Session: Class initialized using 'CodeIgniter\Session\Handlers\DatabaseHandler' driver.
INFO - 2024-05-04 06:59:13 --> CSRF token verified.
INFO - 2024-05-04 03:59:44 --> Session: Class initialized using 'CodeIgniter\Session\Handlers\DatabaseHandler' driver.
INFO - 2024-05-04 03:59:44 --> Session: Class initialized using 'CodeIgniter\Session\Handlers\DatabaseHandler' driver.
INFO - 2024-05-04 06:59:44 --> CSRF token verified.
INFO - 2024-05-04 03:59:51 --> Session: Class initialized using 'CodeIgniter\Session\Handlers\DatabaseHandler' driver.
INFO - 2024-05-04 06:59:51 --> CSRF token verified.
INFO - 2024-05-04 03:59:51 --> Session: Class initialized using 'CodeIgniter\Session\Handlers\DatabaseHandler' driver.
INFO - 2024-05-04 03:59:52 --> Session: Class initialized using 'CodeIgniter\Session\Handlers\DatabaseHandler' driver.
INFO - 2024-05-04 06:59:52 --> CSRF token verified.
INFO - 2024-05-04 03:59:59 --> Session: Class initialized using 'CodeIgniter\Session\Handlers\DatabaseHandler' driver.
INFO - 2024-05-04 04:00:00 --> Session: Class initialized using 'CodeIgniter\Session\Handlers\DatabaseHandler' driver.
INFO - 2024-05-04 07:00:00 --> CSRF token verified.
INFO - 2024-05-04 05:34:12 --> Session: Class initialized using 'CodeIgniter\Session\Handlers\DatabaseHandler' driver.
INFO - 2024-05-04 05:34:14 --> Session: Class initialized using 'CodeIgniter\Session\Handlers\DatabaseHandler' driver.
INFO - 2024-05-04 17:08:24 --> Session: Class initialized using 'CodeIgniter\Session\Handlers\DatabaseHandler' driver.
INFO - 2024-05-04 17:08:25 --> Session: Class initialized using 'CodeIgniter\Session\Handlers\DatabaseHandler' driver.
INFO - 2024-05-04 17:08:27 --> Session: Class initialized using 'CodeIgniter\Session\Handlers\DatabaseHandler' driver.
INFO - 2024-05-04 20:08:27 --> CSRF token verified.
INFO - 2024-05-04 17:08:27 --> Session: Class initialized using 'CodeIgniter\Session\Handlers\DatabaseHandler' driver.
INFO - 2024-05-04 20:08:27 --> CSRF token verified.
INFO - 2024-05-04 17:08:27 --> Session: Class initialized using 'CodeIgniter\Session\Handlers\DatabaseHandler' driver.
INFO - 2024-05-04 17:08:29 --> Session: Class initialized using 'CodeIgniter\Session\Handlers\DatabaseHandler' driver.
INFO - 2024-05-04 17:08:29 --> Session: Class initialized using 'CodeIgniter\Session\Handlers\DatabaseHandler' driver.
INFO - 2024-05-04 20:08:29 --> CSRF token verified.
INFO - 2024-05-04 17:08:30 --> Session: Class initialized using 'CodeIgniter\Session\Handlers\DatabaseHandler' driver.
INFO - 2024-05-04 20:08:30 --> CSRF token verified.
